Looking for git in: git
Using git 2.23.0 from git
> git rev-parse --show-toplevel
> git rev-parse --git-dir
> git config --get commit.template
Open repository: /home/tblain/Document/cours/M1/multimif/m1if10
> git status -z -u
> git symbolic-ref --short HEAD
> git rev-parse develop
> git rev-parse --symbolic-full-name develop@{u}
> git rev-list --left-right develop...refs/remotes/origin/develop
> git for-each-ref --format %(refname) %(objectname) --sort -committerdate
> git remote --verbose
> git check-ignore -v -z --stdin
> git status -z -u
> git symbolic-ref --short HEAD
> git rev-parse feature/Connexion
> git rev-parse --symbolic-full-name feature/Connexion@{u}
> git rev-list --left-right feature/Connexion...refs/remotes/origin/feature/Connexion
> git for-each-ref --format %(refname) %(objectname) --sort -committerdate
> git remote --verbose
> git status -z -u
> git symbolic-ref --short HEAD
> git rev-parse feature/Connexion
> git rev-parse --symbolic-full-name feature/Connexion@{u}
> git rev-list --left-right feature/Connexion...refs/remotes/origin/feature/Connexion
> git for-each-ref --format %(refname) %(objectname) --sort -committerdate
> git remote --verbose
> git check-ignore -v -z --stdin
> git status -z -u
> git symbolic-ref --short HEAD
> git rev-parse feature/Connexion
> git rev-parse --symbolic-full-name feature/Connexion@{u}
> git rev-list --left-right feature/Connexion...refs/remotes/origin/feature/Connexion
> git for-each-ref --format %(refname) %(objectname) --sort -committerdate
> git remote --verbose
> git add -A -- .
> git status -z -u
> git symbolic-ref --short HEAD
> git rev-parse feature/Connexion
> git rev-parse --symbolic-full-name feature/Connexion@{u}
> git rev-list --left-right feature/Connexion...refs/remotes/origin/feature/Connexion
> git for-each-ref --format %(refname) %(objectname) --sort -committerdate
> git remote --verbose
> git status -z -u
> git symbolic-ref --short HEAD
> git rev-parse feature/Connexion
> git rev-parse --symbolic-full-name feature/Connexion@{u}
> git rev-list --left-right feature/Connexion...refs/remotes/origin/feature/Connexion
> git for-each-ref --format %(refname) %(objectname) --sort -committerdate
> git remote --verbose
> git show :webapp/src/main/java/univ/m1if10/classes/Metier/Question.java
> git show :webapp/src/main/java/univ/m1if10/classes/Metier/Choix.java
> git status -z -u
> git symbolic-ref --short HEAD
> git rev-parse feature/Connexion
> git rev-parse --symbolic-full-name feature/Connexion@{u}
> git rev-list --left-right feature/Connexion...refs/remotes/origin/feature/Connexion
> git for-each-ref --format %(refname) %(objectname) --sort -committerdate
> git remote --verbose
> git status -z -u
> git symbolic-ref --short HEAD
> git rev-parse feature/Connexion
> git rev-parse --symbolic-full-name feature/Connexion@{u}
> git rev-list --left-right feature/Connexion...refs/remotes/origin/feature/Connexion
> git for-each-ref --format %(refname) %(objectname) --sort -committerdate
> git remote --verbose
> git show :webapp/src/main/java/univ/m1if10/classes/Metier/Question.java
> git show :webapp/src/main/java/univ/m1if10/classes/Metier/Choix.java
> git status -z -u
> git symbolic-ref --short HEAD
> git rev-parse feature/Connexion
> git rev-parse --symbolic-full-name feature/Connexion@{u}
> git rev-list --left-right feature/Connexion...refs/remotes/origin/feature/Connexion
> git for-each-ref --format %(refname) %(objectname) --sort -committerdate
> git remote --verbose
> git status -z -u
> git symbolic-ref --short HEAD
> git rev-parse feature/Connexion
> git rev-parse --symbolic-full-name feature/Connexion@{u}
> git rev-list --left-right feature/Connexion...refs/remotes/origin/feature/Connexion
> git for-each-ref --format %(refname) %(objectname) --sort -committerdate
> git remote --verbose
> git status -z -u
> git symbolic-ref --short HEAD
> git rev-parse feature/Connexion
> git rev-parse --symbolic-full-name feature/Connexion@{u}
> git rev-list --left-right feature/Connexion...refs/remotes/origin/feature/Connexion
> git for-each-ref --format %(refname) %(objectname) --sort -committerdate
> git remote --verbose
> git status -z -u
> git symbolic-ref --short HEAD
> git rev-parse feature/Connexion
> git rev-parse --symbolic-full-name feature/Connexion@{u}
> git rev-list --left-right feature/Connexion...refs/remotes/origin/feature/Connexion
> git for-each-ref --format %(refname) %(objectname) --sort -committerdate
> git remote --verbose
> git status -z -u
> git symbolic-ref --short HEAD
> git rev-parse feature/Connexion
> git rev-parse --symbolic-full-name feature/Connexion@{u}
> git rev-list --left-right feature/Connexion...refs/remotes/origin/feature/Connexion
> git for-each-ref --format %(refname) %(objectname) --sort -committerdate
> git remote --verbose
> git status -z -u
> git symbolic-ref --short HEAD
> git rev-parse feature/Connexion
> git rev-parse --symbolic-full-name feature/Connexion@{u}
> git rev-list --left-right feature/Connexion...refs/remotes/origin/feature/Connexion
> git for-each-ref --format %(refname) %(objectname) --sort -committerdate
> git remote --verbose
> git status -z -u
> git symbolic-ref --short HEAD
> git rev-parse feature/Connexion
> git rev-parse --symbolic-full-name feature/Connexion@{u}
> git rev-list --left-right feature/Connexion...refs/remotes/origin/feature/Connexion
> git for-each-ref --format %(refname) %(objectname) --sort -committerdate
> git remote --verbose
> git status -z -u
> git symbolic-ref --short HEAD
> git rev-parse feature/Connexion
> git rev-parse --symbolic-full-name feature/Connexion@{u}
> git rev-list --left-right feature/Connexion...refs/remotes/origin/feature/Connexion
> git for-each-ref --format %(refname) %(objectname) --sort -committerdate
> git remote --verbose
> git status -z -u
> git symbolic-ref --short HEAD
> git rev-parse feature/Connexion
> git rev-parse --symbolic-full-name feature/Connexion@{u}
> git rev-list --left-right feature/Connexion...refs/remotes/origin/feature/Connexion
> git for-each-ref --format %(refname) %(objectname) --sort -committerdate
> git remote --verbose
> git status -z -u
> git symbolic-ref --short HEAD
> git rev-parse feature/Connexion
> git rev-parse --symbolic-full-name feature/Connexion@{u}
> git rev-list --left-right feature/Connexion...refs/remotes/origin/feature/Connexion
> git for-each-ref --format %(refname) %(objectname) --sort -committerdate
> git remote --verbose
> git status -z -u
> git symbolic-ref --short HEAD
> git rev-parse feature/Connexion
> git rev-parse --symbolic-full-name feature/Connexion@{u}
> git rev-list --left-right feature/Connexion...refs/remotes/origin/feature/Connexion
> git for-each-ref --format %(refname) %(objectname) --sort -committerdate
> git remote --verbose
> git status -z -u
> git symbolic-ref --short HEAD
> git rev-parse feature/Connexion
> git rev-parse --symbolic-full-name feature/Connexion@{u}
> git rev-list --left-right feature/Connexion...refs/remotes/origin/feature/Connexion
> git for-each-ref --format %(refname) %(objectname) --sort -committerdate
> git remote --verbose
> git status -z -u
> git symbolic-ref --short HEAD
> git rev-parse feature/Connexion
> git rev-parse --symbolic-full-name feature/Connexion@{u}
> git rev-list --left-right feature/Connexion...refs/remotes/origin/feature/Connexion
> git for-each-ref --format %(refname) %(objectname) --sort -committerdate
> git remote --verbose
> git status -z -u
> git symbolic-ref --short HEAD
> git rev-parse feature/Connexion
> git rev-parse --symbolic-full-name feature/Connexion@{u}
> git rev-list --left-right feature/Connexion...refs/remotes/origin/feature/Connexion
> git for-each-ref --format %(refname) %(objectname) --sort -committerdate
> git remote --verbose
> git show :webapp/src/main/java/univ/m1if10/classes/Metier/Reponse.java
> git status -z -u
> git symbolic-ref --short HEAD
> git rev-parse feature/Connexion
> git rev-parse --symbolic-full-name feature/Connexion@{u}
> git rev-list --left-right feature/Connexion...refs/remotes/origin/feature/Connexion
> git for-each-ref --format %(refname) %(objectname) --sort -committerdate
> git remote --verbose
> git status -z -u
> git symbolic-ref --short HEAD
> git rev-parse feature/Connexion
> git rev-parse --symbolic-full-name feature/Connexion@{u}
> git rev-list --left-right feature/Connexion...refs/remotes/origin/feature/Connexion
> git for-each-ref --format %(refname) %(objectname) --sort -committerdate
> git remote --verbose
> git status -z -u
> git symbolic-ref --short HEAD
> git rev-parse feature/Connexion
> git rev-parse --symbolic-full-name feature/Connexion@{u}
> git rev-list --left-right feature/Connexion...refs/remotes/origin/feature/Connexion
> git for-each-ref --format %(refname) %(objectname) --sort -committerdate
> git remote --verbose
> git status -z -u
> git symbolic-ref --short HEAD
> git rev-parse feature/Connexion
> git rev-parse --symbolic-full-name feature/Connexion@{u}
> git rev-list --left-right feature/Connexion...refs/remotes/origin/feature/Connexion
> git for-each-ref --format %(refname) %(objectname) --sort -committerdate
> git remote --verbose
> git status -z -u
> git symbolic-ref --short HEAD
> git rev-parse feature/Connexion
> git rev-parse --symbolic-full-name feature/Connexion@{u}
> git rev-list --left-right feature/Connexion...refs/remotes/origin/feature/Connexion
> git for-each-ref --format %(refname) %(objectname) --sort -committerdate
> git remote --verbose
> git status -z -u
> git symbolic-ref --short HEAD
> git rev-parse feature/Connexion
> git rev-parse --symbolic-full-name feature/Connexion@{u}
> git rev-list --left-right feature/Connexion...refs/remotes/origin/feature/Connexion
> git for-each-ref --format %(refname) %(objectname) --sort -committerdate
> git remote --verbose
> git status -z -u
> git symbolic-ref --short HEAD
> git rev-parse feature/Connexion
> git rev-parse --symbolic-full-name feature/Connexion@{u}
> git rev-list --left-right feature/Connexion...refs/remotes/origin/feature/Connexion
> git for-each-ref --format %(refname) %(objectname) --sort -committerdate
> git remote --verbose
> git status -z -u
> git symbolic-ref --short HEAD
> git rev-parse feature/Connexion
> git rev-parse --symbolic-full-name feature/Connexion@{u}
> git rev-list --left-right feature/Connexion...refs/remotes/origin/feature/Connexion
> git for-each-ref --format %(refname) %(objectname) --sort -committerdate
> git remote --verbose
> git status -z -u
> git symbolic-ref --short HEAD
> git rev-parse feature/Connexion
> git rev-parse --symbolic-full-name feature/Connexion@{u}
> git rev-list --left-right feature/Connexion...refs/remotes/origin/feature/Connexion
> git for-each-ref --format %(refname) %(objectname) --sort -committerdate
> git remote --verbose
> git show :webapp/src/main/java/univ/m1if10/classes/Metier/Reponse.java
> git show :webapp/src/main/java/univ/m1if10/classes/Metier/Choix.java
> git show :webapp/src/main/java/univ/m1if10/classes/Metier/Utilisateur.java
> git show :webapp/src/main/java/univ/m1if10/classes/Metier/Reponse.java
> git show :webapp/src/main/java/univ/m1if10/classes/Metier/Questionnaire.java
> git show :webapp/src/main/java/univ/m1if10/classes/Metier/Choix.java
> git add -A -- .
> git status -z -u
> git symbolic-ref --short HEAD
> git rev-parse feature/Connexion
> git rev-parse --symbolic-full-name feature/Connexion@{u}
> git rev-list --left-right feature/Connexion...refs/remotes/origin/feature/Connexion
> git for-each-ref --format %(refname) %(objectname) --sort -committerdate
> git remote --verbose
> git show :webapp/src/main/java/univ/m1if10/classes/Metier/Question.java
> git show :webapp/src/main/java/univ/m1if10/classes/Metier/Choix.java
> git show :webapp/src/main/java/univ/m1if10/classes/Metier/Questionnaire.java
> git status -z -u
> git symbolic-ref --short HEAD
> git rev-parse feature/Connexion
> git rev-parse --symbolic-full-name feature/Connexion@{u}
> git rev-list --left-right feature/Connexion...refs/remotes/origin/feature/Connexion
> git for-each-ref --format %(refname) %(objectname) --sort -committerdate
> git remote --verbose
> git show :webapp/src/main/java/univ/m1if10/classes/Metier/Choix.java
> git status -z -u
> git symbolic-ref --short HEAD
> git rev-parse feature/Connexion
> git rev-parse --symbolic-full-name feature/Connexion@{u}
> git rev-list --left-right feature/Connexion...refs/remotes/origin/feature/Connexion
> git for-each-ref --format %(refname) %(objectname) --sort -committerdate
> git remote --verbose
> git status -z -u
> git symbolic-ref --short HEAD
> git rev-parse feature/Connexion
> git rev-parse --symbolic-full-name feature/Connexion@{u}
> git rev-list --left-right feature/Connexion...refs/remotes/origin/feature/Connexion
> git for-each-ref --format %(refname) %(objectname) --sort -committerdate
> git remote --verbose
> git show :webapp/src/main/java/univ/m1if10/classes/Metier/Questionnaire.java
> git show :webapp/src/main/java/univ/m1if10/classes/Metier/Reponse.java
> git status -z -u
> git symbolic-ref --short HEAD
> git rev-parse feature/Connexion
> git rev-parse --symbolic-full-name feature/Connexion@{u}
> git rev-list --left-right feature/Connexion...refs/remotes/origin/feature/Connexion
> git for-each-ref --format %(refname) %(objectname) --sort -committerdate
> git remote --verbose
> git add -A -- .
> git status -z -u
> git symbolic-ref --short HEAD
> git rev-parse feature/Connexion
> git rev-parse --symbolic-full-name feature/Connexion@{u}
> git rev-list --left-right feature/Connexion...refs/remotes/origin/feature/Connexion
> git for-each-ref --format %(refname) %(objectname) --sort -committerdate
> git remote --verbose
> git show :webapp/src/main/java/univ/m1if10/classes/Metier/Question.java
> git show :webapp/src/main/java/univ/m1if10/classes/Metier/Reponse.java
> git status -z -u
> git symbolic-ref --short HEAD
> git rev-parse feature/Connexion
> git rev-parse --symbolic-full-name feature/Connexion@{u}
> git rev-list --left-right feature/Connexion...refs/remotes/origin/feature/Connexion
> git for-each-ref --format %(refname) %(objectname) --sort -committerdate
> git remote --verbose
> git show :webapp/src/main/java/univ/m1if10/classes/Metier/Question.java
> git show :webapp/src/main/java/univ/m1if10/classes/Metier/Reponse.java
> git status -z -u
> git symbolic-ref --short HEAD
> git rev-parse feature/Connexion
> git rev-parse --symbolic-full-name feature/Connexion@{u}
> git rev-list --left-right feature/Connexion...refs/remotes/origin/feature/Connexion
> git for-each-ref --format %(refname) %(objectname) --sort -committerdate
> git remote --verbose
> git status -z -u
> git symbolic-ref --short HEAD
> git rev-parse feature/Connexion
> git rev-parse --symbolic-full-name feature/Connexion@{u}
> git rev-list --left-right feature/Connexion...refs/remotes/origin/feature/Connexion
> git for-each-ref --format %(refname) %(objectname) --sort -committerdate
> git remote --verbose
> git show :webapp/src/main/java/univ/m1if10/classes/Metier/Question.java
> git show :webapp/src/main/java/univ/m1if10/classes/Metier/Reponse.java
> git status -z -u
> git symbolic-ref --short HEAD
> git rev-parse feature/Connexion
> git rev-parse --symbolic-full-name feature/Connexion@{u}
> git rev-list --left-right feature/Connexion...refs/remotes/origin/feature/Connexion
> git for-each-ref --format %(refname) %(objectname) --sort -committerdate
> git remote --verbose
> git show :webapp/src/main/java/univ/m1if10/classes/Metier/Question.java
> git show :webapp/src/main/java/univ/m1if10/classes/Metier/Reponse.java
> git status -z -u
> git rev-parse --show-toplevel
fatal: not a git repository (or any parent up to mount point /)
Stopping at filesystem boundary (GIT_DISCOVERY_ACROSS_FILESYSTEM not set).
> git rev-parse --show-toplevel
fatal: not a git repository (or any parent up to mount point /)
Stopping at filesystem boundary (GIT_DISCOVERY_ACROSS_FILESYSTEM not set).
> git rev-parse --show-toplevel
fatal: not a git repository (or any parent up to mount point /)
Stopping at filesystem boundary (GIT_DISCOVERY_ACROSS_FILESYSTEM not set).
> git rev-parse --show-toplevel
fatal: not a git repository (or any parent up to mount point /)
Stopping at filesystem boundary (GIT_DISCOVERY_ACROSS_FILESYSTEM not set).
> git rev-parse --show-toplevel
fatal: not a git repository (or any parent up to mount point /)
Stopping at filesystem boundary (GIT_DISCOVERY_ACROSS_FILESYSTEM not set).
> git rev-parse --show-toplevel
fatal: not a git repository (or any parent up to mount point /)
Stopping at filesystem boundary (GIT_DISCOVERY_ACROSS_FILESYSTEM not set).
> git rev-parse --show-toplevel
fatal: not a git repository (or any parent up to mount point /)
Stopping at filesystem boundary (GIT_DISCOVERY_ACROSS_FILESYSTEM not set).
> git rev-parse --show-toplevel
fatal: not a git repository (or any parent up to mount point /)
Stopping at filesystem boundary (GIT_DISCOVERY_ACROSS_FILESYSTEM not set).
> git rev-parse --show-toplevel
fatal: not a git repository (or any parent up to mount point /)
Stopping at filesystem boundary (GIT_DISCOVERY_ACROSS_FILESYSTEM not set).
> git rev-parse --show-toplevel
fatal: not a git repository (or any parent up to mount point /)
Stopping at filesystem boundary (GIT_DISCOVERY_ACROSS_FILESYSTEM not set).
