Looking for git in: git
Using git 2.23.0 from git
> git rev-parse --show-toplevel
> git rev-parse --git-dir
> git config --get commit.template
Open repository: /home/tblain/Document/cours/M1/multimif/m1if10
> git status -z -u
> git symbolic-ref --short HEAD
> git rev-parse master
> git rev-parse --symbolic-full-name master@{u}
> git rev-list --left-right master...refs/remotes/origin/master
> git for-each-ref --format %(refname) %(objectname) --sort -committerdate
> git remote --verbose
Failed to watch ref '/home/tblain/Document/cours/M1/multimif/m1if10/.git/refs/remotes/origin/master', is most likely packed.
Error: ENOENT: no such file or directory, watch '/home/tblain/Document/cours/M1/multimif/m1if10/.git/refs/remotes/origin/master'
	at FSWatcher.start (internal/fs/watchers.js:164:26)
	at Object.watch (fs.js:1232:11)
	at Object.t.watch (/usr/share/vscodium-bin/resources/app/extensions/git/dist/main.js:1:594401)
	at T.updateTransientWatchers (/usr/share/vscodium-bin/resources/app/extensions/git/dist/main.js:1:98291)
	at l.fire (/usr/share/vscodium-bin/resources/app/out/vs/workbench/services/extensions/node/extensionHostProcess.js:50:539)
	at k.updateModelState (/usr/share/vscodium-bin/resources/app/extensions/git/dist/main.js:1:115979)
> git check-ignore -v -z --stdin
> git check-ignore -v -z --stdin
> git status -z -u
> git symbolic-ref --short HEAD
> git rev-parse master
> git rev-parse --symbolic-full-name master@{u}
> git rev-list --left-right master...refs/remotes/origin/master
> git for-each-ref --format %(refname) %(objectname) --sort -committerdate
> git remote --verbose
Failed to watch ref '/home/tblain/Document/cours/M1/multimif/m1if10/.git/refs/remotes/origin/master', is most likely packed.
Error: ENOENT: no such file or directory, watch '/home/tblain/Document/cours/M1/multimif/m1if10/.git/refs/remotes/origin/master'
	at FSWatcher.start (internal/fs/watchers.js:164:26)
	at Object.watch (fs.js:1232:11)
	at Object.t.watch (/usr/share/vscodium-bin/resources/app/extensions/git/dist/main.js:1:594401)
	at T.updateTransientWatchers (/usr/share/vscodium-bin/resources/app/extensions/git/dist/main.js:1:98291)
	at l.fire (/usr/share/vscodium-bin/resources/app/out/vs/workbench/services/extensions/node/extensionHostProcess.js:50:539)
	at k.updateModelState (/usr/share/vscodium-bin/resources/app/extensions/git/dist/main.js:1:115979)
> git check-ignore -v -z --stdin
> git check-ignore -v -z --stdin
> git check-ignore -v -z --stdin
git.stage 1
git.stage.scmResources 1
> git add -A -- /home/tblain/Document/cours/M1/multimif/m1if10/m1if10/pom.xml
> git status -z -u
> git symbolic-ref --short HEAD
> git rev-parse master
> git rev-parse --symbolic-full-name master@{u}
> git rev-list --left-right master...refs/remotes/origin/master
> git for-each-ref --format %(refname) %(objectname) --sort -committerdate
> git remote --verbose
Failed to watch ref '/home/tblain/Document/cours/M1/multimif/m1if10/.git/refs/remotes/origin/master', is most likely packed.
Error: ENOENT: no such file or directory, watch '/home/tblain/Document/cours/M1/multimif/m1if10/.git/refs/remotes/origin/master'
	at FSWatcher.start (internal/fs/watchers.js:164:26)
	at Object.watch (fs.js:1232:11)
	at Object.t.watch (/usr/share/vscodium-bin/resources/app/extensions/git/dist/main.js:1:594401)
	at T.updateTransientWatchers (/usr/share/vscodium-bin/resources/app/extensions/git/dist/main.js:1:98291)
	at l.fire (/usr/share/vscodium-bin/resources/app/out/vs/workbench/services/extensions/node/extensionHostProcess.js:50:539)
	at k.updateModelState (/usr/share/vscodium-bin/resources/app/extensions/git/dist/main.js:1:115979)
> git add -A -- .
> git status -z -u
> git symbolic-ref --short HEAD
> git rev-parse master
> git rev-parse --symbolic-full-name master@{u}
> git rev-list --left-right master...refs/remotes/origin/master
> git for-each-ref --format %(refname) %(objectname) --sort -committerdate
> git remote --verbose
Failed to watch ref '/home/tblain/Document/cours/M1/multimif/m1if10/.git/refs/remotes/origin/master', is most likely packed.
Error: ENOENT: no such file or directory, watch '/home/tblain/Document/cours/M1/multimif/m1if10/.git/refs/remotes/origin/master'
	at FSWatcher.start (internal/fs/watchers.js:164:26)
	at Object.watch (fs.js:1232:11)
	at Object.t.watch (/usr/share/vscodium-bin/resources/app/extensions/git/dist/main.js:1:594401)
	at T.updateTransientWatchers (/usr/share/vscodium-bin/resources/app/extensions/git/dist/main.js:1:98291)
	at l.fire (/usr/share/vscodium-bin/resources/app/out/vs/workbench/services/extensions/node/extensionHostProcess.js:50:539)
	at k.updateModelState (/usr/share/vscodium-bin/resources/app/extensions/git/dist/main.js:1:115979)
> git status -z -u
> git symbolic-ref --short HEAD
> git rev-parse master
> git rev-parse --symbolic-full-name master@{u}
> git rev-list --left-right master...refs/remotes/origin/master
> git for-each-ref --format %(refname) %(objectname) --sort -committerdate
> git remote --verbose
Failed to watch ref '/home/tblain/Document/cours/M1/multimif/m1if10/.git/refs/remotes/origin/master', is most likely packed.
Error: ENOENT: no such file or directory, watch '/home/tblain/Document/cours/M1/multimif/m1if10/.git/refs/remotes/origin/master'
	at FSWatcher.start (internal/fs/watchers.js:164:26)
	at Object.watch (fs.js:1232:11)
	at Object.t.watch (/usr/share/vscodium-bin/resources/app/extensions/git/dist/main.js:1:594401)
	at T.updateTransientWatchers (/usr/share/vscodium-bin/resources/app/extensions/git/dist/main.js:1:98291)
	at l.fire (/usr/share/vscodium-bin/resources/app/out/vs/workbench/services/extensions/node/extensionHostProcess.js:50:539)
	at k.updateModelState (/usr/share/vscodium-bin/resources/app/extensions/git/dist/main.js:1:115979)
> git status -z -u
> git symbolic-ref --short HEAD
> git rev-parse develop
> git rev-parse --symbolic-full-name develop@{u}
> git rev-list --left-right develop...refs/remotes/origin/develop
> git for-each-ref --format %(refname) %(objectname) --sort -committerdate
> git remote --verbose
Failed to watch ref '/home/tblain/Document/cours/M1/multimif/m1if10/.git/refs/remotes/origin/develop', is most likely packed.
Error: ENOENT: no such file or directory, watch '/home/tblain/Document/cours/M1/multimif/m1if10/.git/refs/remotes/origin/develop'
	at FSWatcher.start (internal/fs/watchers.js:164:26)
	at Object.watch (fs.js:1232:11)
	at Object.t.watch (/usr/share/vscodium-bin/resources/app/extensions/git/dist/main.js:1:594401)
	at T.updateTransientWatchers (/usr/share/vscodium-bin/resources/app/extensions/git/dist/main.js:1:98291)
	at l.fire (/usr/share/vscodium-bin/resources/app/out/vs/workbench/services/extensions/node/extensionHostProcess.js:50:539)
	at k.updateModelState (/usr/share/vscodium-bin/resources/app/extensions/git/dist/main.js:1:115979)
> git check-ignore -v -z --stdin
git.stage 1
git.stage.scmResources 1
> git add -A -- /home/tblain/Document/cours/M1/multimif/m1if10/webapp/pom.xml
> git status -z -u
> git symbolic-ref --short HEAD
> git rev-parse develop
> git rev-parse --symbolic-full-name develop@{u}
> git rev-list --left-right develop...refs/remotes/origin/develop
> git for-each-ref --format %(refname) %(objectname) --sort -committerdate
> git remote --verbose
Failed to watch ref '/home/tblain/Document/cours/M1/multimif/m1if10/.git/refs/remotes/origin/develop', is most likely packed.
Error: ENOENT: no such file or directory, watch '/home/tblain/Document/cours/M1/multimif/m1if10/.git/refs/remotes/origin/develop'
	at FSWatcher.start (internal/fs/watchers.js:164:26)
	at Object.watch (fs.js:1232:11)
	at Object.t.watch (/usr/share/vscodium-bin/resources/app/extensions/git/dist/main.js:1:594401)
	at T.updateTransientWatchers (/usr/share/vscodium-bin/resources/app/extensions/git/dist/main.js:1:98291)
	at l.fire (/usr/share/vscodium-bin/resources/app/out/vs/workbench/services/extensions/node/extensionHostProcess.js:50:539)
	at k.updateModelState (/usr/share/vscodium-bin/resources/app/extensions/git/dist/main.js:1:115979)
git.stage 1
git.stage.scmResources 1
> git add -A -- /home/tblain/Document/cours/M1/multimif/m1if10/webapp/src/main/webapp/index.jsp
> git status -z -u
> git symbolic-ref --short HEAD
> git rev-parse develop
> git rev-parse --symbolic-full-name develop@{u}
> git rev-list --left-right develop...refs/remotes/origin/develop
> git for-each-ref --format %(refname) %(objectname) --sort -committerdate
> git remote --verbose
Failed to watch ref '/home/tblain/Document/cours/M1/multimif/m1if10/.git/refs/remotes/origin/develop', is most likely packed.
Error: ENOENT: no such file or directory, watch '/home/tblain/Document/cours/M1/multimif/m1if10/.git/refs/remotes/origin/develop'
	at FSWatcher.start (internal/fs/watchers.js:164:26)
	at Object.watch (fs.js:1232:11)
	at Object.t.watch (/usr/share/vscodium-bin/resources/app/extensions/git/dist/main.js:1:594401)
	at T.updateTransientWatchers (/usr/share/vscodium-bin/resources/app/extensions/git/dist/main.js:1:98291)
	at l.fire (/usr/share/vscodium-bin/resources/app/out/vs/workbench/services/extensions/node/extensionHostProcess.js:50:539)
	at k.updateModelState (/usr/share/vscodium-bin/resources/app/extensions/git/dist/main.js:1:115979)
> git status -z -u
> git symbolic-ref --short HEAD
> git rev-parse develop
> git rev-parse --symbolic-full-name develop@{u}
> git rev-list --left-right develop...refs/remotes/origin/develop
> git for-each-ref --format %(refname) %(objectname) --sort -committerdate
> git remote --verbose
Failed to watch ref '/home/tblain/Document/cours/M1/multimif/m1if10/.git/refs/remotes/origin/develop', is most likely packed.
Error: ENOENT: no such file or directory, watch '/home/tblain/Document/cours/M1/multimif/m1if10/.git/refs/remotes/origin/develop'
	at FSWatcher.start (internal/fs/watchers.js:164:26)
	at Object.watch (fs.js:1232:11)
	at Object.t.watch (/usr/share/vscodium-bin/resources/app/extensions/git/dist/main.js:1:594401)
	at T.updateTransientWatchers (/usr/share/vscodium-bin/resources/app/extensions/git/dist/main.js:1:98291)
	at l.fire (/usr/share/vscodium-bin/resources/app/out/vs/workbench/services/extensions/node/extensionHostProcess.js:50:539)
	at k.updateModelState (/usr/share/vscodium-bin/resources/app/extensions/git/dist/main.js:1:115979)
git.stage 1
git.stage.scmResources 1
> git add -A -- /home/tblain/Document/cours/M1/multimif/m1if10/webapp/src/main/webapp/WEB-INF/web.xml
> git status -z -u
> git symbolic-ref --short HEAD
> git rev-parse develop
> git rev-parse --symbolic-full-name develop@{u}
> git rev-list --left-right develop...refs/remotes/origin/develop
> git for-each-ref --format %(refname) %(objectname) --sort -committerdate
> git remote --verbose
Failed to watch ref '/home/tblain/Document/cours/M1/multimif/m1if10/.git/refs/remotes/origin/develop', is most likely packed.
Error: ENOENT: no such file or directory, watch '/home/tblain/Document/cours/M1/multimif/m1if10/.git/refs/remotes/origin/develop'
	at FSWatcher.start (internal/fs/watchers.js:164:26)
	at Object.watch (fs.js:1232:11)
	at Object.t.watch (/usr/share/vscodium-bin/resources/app/extensions/git/dist/main.js:1:594401)
	at T.updateTransientWatchers (/usr/share/vscodium-bin/resources/app/extensions/git/dist/main.js:1:98291)
	at l.fire (/usr/share/vscodium-bin/resources/app/out/vs/workbench/services/extensions/node/extensionHostProcess.js:50:539)
	at k.updateModelState (/usr/share/vscodium-bin/resources/app/extensions/git/dist/main.js:1:115979)
> git status -z -u
> git symbolic-ref --short HEAD
> git rev-parse develop
> git rev-parse --symbolic-full-name develop@{u}
> git rev-list --left-right develop...refs/remotes/origin/develop
> git for-each-ref --format %(refname) %(objectname) --sort -committerdate
> git remote --verbose
Failed to watch ref '/home/tblain/Document/cours/M1/multimif/m1if10/.git/refs/remotes/origin/develop', is most likely packed.
Error: ENOENT: no such file or directory, watch '/home/tblain/Document/cours/M1/multimif/m1if10/.git/refs/remotes/origin/develop'
	at FSWatcher.start (internal/fs/watchers.js:164:26)
	at Object.watch (fs.js:1232:11)
	at Object.t.watch (/usr/share/vscodium-bin/resources/app/extensions/git/dist/main.js:1:594401)
	at T.updateTransientWatchers (/usr/share/vscodium-bin/resources/app/extensions/git/dist/main.js:1:98291)
	at l.fire (/usr/share/vscodium-bin/resources/app/out/vs/workbench/services/extensions/node/extensionHostProcess.js:50:539)
	at k.updateModelState (/usr/share/vscodium-bin/resources/app/extensions/git/dist/main.js:1:115979)
> git status -z -u
> git symbolic-ref --short HEAD
> git rev-parse develop
> git rev-parse --symbolic-full-name develop@{u}
> git rev-list --left-right develop...refs/remotes/origin/develop
> git for-each-ref --format %(refname) %(objectname) --sort -committerdate
> git remote --verbose
Failed to watch ref '/home/tblain/Document/cours/M1/multimif/m1if10/.git/refs/remotes/origin/develop', is most likely packed.
Error: ENOENT: no such file or directory, watch '/home/tblain/Document/cours/M1/multimif/m1if10/.git/refs/remotes/origin/develop'
	at FSWatcher.start (internal/fs/watchers.js:164:26)
	at Object.watch (fs.js:1232:11)
	at Object.t.watch (/usr/share/vscodium-bin/resources/app/extensions/git/dist/main.js:1:594401)
	at T.updateTransientWatchers (/usr/share/vscodium-bin/resources/app/extensions/git/dist/main.js:1:98291)
	at l.fire (/usr/share/vscodium-bin/resources/app/out/vs/workbench/services/extensions/node/extensionHostProcess.js:50:539)
	at k.updateModelState (/usr/share/vscodium-bin/resources/app/extensions/git/dist/main.js:1:115979)
> git status -z -u
> git symbolic-ref --short HEAD
> git rev-parse develop
> git rev-parse --symbolic-full-name develop@{u}
> git rev-list --left-right develop...refs/remotes/origin/develop
> git for-each-ref --format %(refname) %(objectname) --sort -committerdate
> git remote --verbose
Failed to watch ref '/home/tblain/Document/cours/M1/multimif/m1if10/.git/refs/remotes/origin/develop', is most likely packed.
Error: ENOENT: no such file or directory, watch '/home/tblain/Document/cours/M1/multimif/m1if10/.git/refs/remotes/origin/develop'
	at FSWatcher.start (internal/fs/watchers.js:164:26)
	at Object.watch (fs.js:1232:11)
	at Object.t.watch (/usr/share/vscodium-bin/resources/app/extensions/git/dist/main.js:1:594401)
	at T.updateTransientWatchers (/usr/share/vscodium-bin/resources/app/extensions/git/dist/main.js:1:98291)
	at l.fire (/usr/share/vscodium-bin/resources/app/out/vs/workbench/services/extensions/node/extensionHostProcess.js:50:539)
	at k.updateModelState (/usr/share/vscodium-bin/resources/app/extensions/git/dist/main.js:1:115979)
> git check-ignore -v -z --stdin
git.stage 1
git.stage.scmResources 1
> git add -A -- /home/tblain/Document/cours/M1/multimif/m1if10/webapp/src/main/java/univ/m1if10/classes/.gitkeep
> git status -z -u
> git symbolic-ref --short HEAD
> git rev-parse develop
> git rev-parse --symbolic-full-name develop@{u}
> git rev-list --left-right develop...refs/remotes/origin/develop
> git for-each-ref --format %(refname) %(objectname) --sort -committerdate
> git remote --verbose
Failed to watch ref '/home/tblain/Document/cours/M1/multimif/m1if10/.git/refs/remotes/origin/develop', is most likely packed.
Error: ENOENT: no such file or directory, watch '/home/tblain/Document/cours/M1/multimif/m1if10/.git/refs/remotes/origin/develop'
	at FSWatcher.start (internal/fs/watchers.js:164:26)
	at Object.watch (fs.js:1232:11)
	at Object.t.watch (/usr/share/vscodium-bin/resources/app/extensions/git/dist/main.js:1:594401)
	at T.updateTransientWatchers (/usr/share/vscodium-bin/resources/app/extensions/git/dist/main.js:1:98291)
	at l.fire (/usr/share/vscodium-bin/resources/app/out/vs/workbench/services/extensions/node/extensionHostProcess.js:50:539)
	at k.updateModelState (/usr/share/vscodium-bin/resources/app/extensions/git/dist/main.js:1:115979)
git.stage 1
git.stage.scmResources 1
> git add -A -- /home/tblain/Document/cours/M1/multimif/m1if10/webapp/src/main/java/univ/m1if10/servlet/.gitkeep
> git status -z -u
> git symbolic-ref --short HEAD
> git rev-parse develop
> git rev-parse --symbolic-full-name develop@{u}
> git rev-list --left-right develop...refs/remotes/origin/develop
> git for-each-ref --format %(refname) %(objectname) --sort -committerdate
> git remote --verbose
Failed to watch ref '/home/tblain/Document/cours/M1/multimif/m1if10/.git/refs/remotes/origin/develop', is most likely packed.
Error: ENOENT: no such file or directory, watch '/home/tblain/Document/cours/M1/multimif/m1if10/.git/refs/remotes/origin/develop'
	at FSWatcher.start (internal/fs/watchers.js:164:26)
	at Object.watch (fs.js:1232:11)
	at Object.t.watch (/usr/share/vscodium-bin/resources/app/extensions/git/dist/main.js:1:594401)
	at T.updateTransientWatchers (/usr/share/vscodium-bin/resources/app/extensions/git/dist/main.js:1:98291)
	at l.fire (/usr/share/vscodium-bin/resources/app/out/vs/workbench/services/extensions/node/extensionHostProcess.js:50:539)
	at k.updateModelState (/usr/share/vscodium-bin/resources/app/extensions/git/dist/main.js:1:115979)
> git status -z -u
> git symbolic-ref --short HEAD
> git rev-parse develop
> git rev-parse --symbolic-full-name develop@{u}
> git rev-list --left-right develop...refs/remotes/origin/develop
> git for-each-ref --format %(refname) %(objectname) --sort -committerdate
> git remote --verbose
Failed to watch ref '/home/tblain/Document/cours/M1/multimif/m1if10/.git/refs/remotes/origin/develop', is most likely packed.
Error: ENOENT: no such file or directory, watch '/home/tblain/Document/cours/M1/multimif/m1if10/.git/refs/remotes/origin/develop'
	at FSWatcher.start (internal/fs/watchers.js:164:26)
	at Object.watch (fs.js:1232:11)
	at Object.t.watch (/usr/share/vscodium-bin/resources/app/extensions/git/dist/main.js:1:594401)
	at T.updateTransientWatchers (/usr/share/vscodium-bin/resources/app/extensions/git/dist/main.js:1:98291)
	at l.fire (/usr/share/vscodium-bin/resources/app/out/vs/workbench/services/extensions/node/extensionHostProcess.js:50:539)
	at k.updateModelState (/usr/share/vscodium-bin/resources/app/extensions/git/dist/main.js:1:115979)
> git check-ignore -v -z --stdin
> git ls-tree -l HEAD -- /home/tblain/Document/cours/M1/multimif/m1if10/webapp/src/main/webapp/index.jsp
> git ls-files --stage -- /home/tblain/Document/cours/M1/multimif/m1if10/webapp/src/main/webapp/index.jsp
> git cat-file -s c38169bb958579c635a5c09ee2f379cc5956c0c2
> git show c38169bb958579c635a5c09ee2f379cc5956c0c2
> git show HEAD:webapp/src/main/webapp/index.jsp
> git show :webapp/src/main/webapp/index.jsp
> git ls-tree -l HEAD -- webapp/src/main/webapp/
> git check-ignore -v -z --stdin
> git show :cahier_des_charges.md
> git show :compte_rendu_2.md
> git check-ignore -v -z --stdin
> git check-ignore -v -z --stdin
> git show :webapp/src/main/webapp/index.jsp
> git status -z -u
> git symbolic-ref --short HEAD
> git rev-parse develop
> git rev-parse --symbolic-full-name develop@{u}
> git rev-list --left-right develop...refs/remotes/origin/develop
> git for-each-ref --format %(refname) %(objectname) --sort -committerdate
> git remote --verbose
Failed to watch ref '/home/tblain/Document/cours/M1/multimif/m1if10/.git/refs/remotes/origin/develop', is most likely packed.
Error: ENOENT: no such file or directory, watch '/home/tblain/Document/cours/M1/multimif/m1if10/.git/refs/remotes/origin/develop'
	at FSWatcher.start (internal/fs/watchers.js:164:26)
	at Object.watch (fs.js:1232:11)
	at Object.t.watch (/usr/share/vscodium-bin/resources/app/extensions/git/dist/main.js:1:594401)
	at T.updateTransientWatchers (/usr/share/vscodium-bin/resources/app/extensions/git/dist/main.js:1:98291)
	at l.fire (/usr/share/vscodium-bin/resources/app/out/vs/workbench/services/extensions/node/extensionHostProcess.js:50:539)
	at k.updateModelState (/usr/share/vscodium-bin/resources/app/extensions/git/dist/main.js:1:115979)
> git commit --quiet --allow-empty-message --file -
> git status -z -u
> git symbolic-ref --short HEAD
> git rev-parse develop
> git rev-parse --symbolic-full-name develop@{u}
> git rev-list --left-right develop...refs/remotes/origin/develop
> git for-each-ref --format %(refname) %(objectname) --sort -committerdate
> git remote --verbose
Failed to watch ref '/home/tblain/Document/cours/M1/multimif/m1if10/.git/refs/remotes/origin/develop', is most likely packed.
Error: ENOENT: no such file or directory, watch '/home/tblain/Document/cours/M1/multimif/m1if10/.git/refs/remotes/origin/develop'
	at FSWatcher.start (internal/fs/watchers.js:164:26)
	at Object.watch (fs.js:1232:11)
	at Object.t.watch (/usr/share/vscodium-bin/resources/app/extensions/git/dist/main.js:1:594401)
	at T.updateTransientWatchers (/usr/share/vscodium-bin/resources/app/extensions/git/dist/main.js:1:98291)
	at l.fire (/usr/share/vscodium-bin/resources/app/out/vs/workbench/services/extensions/node/extensionHostProcess.js:50:539)
	at k.updateModelState (/usr/share/vscodium-bin/resources/app/extensions/git/dist/main.js:1:115979)
> git config --get commit.template
> git show :webapp/src/main/webapp/index.jsp
> git check-ignore -v -z --stdin
> git show :webapp/src/main/java/univ/m1if10/classes/Utilisateur.java
> git ls-files --stage -- webapp/src/main/java/univ/m1if10/classes/
> git check-ignore -v -z --stdin
> git status -z -u
> git symbolic-ref --short HEAD
> git rev-parse develop
> git rev-parse --symbolic-full-name develop@{u}
> git rev-list --left-right develop...refs/remotes/origin/develop
> git for-each-ref --format %(refname) %(objectname) --sort -committerdate
> git remote --verbose
> git status -z -u
> git symbolic-ref --short HEAD
> git rev-parse develop
> git rev-parse --symbolic-full-name develop@{u}
> git rev-list --left-right develop...refs/remotes/origin/develop
> git for-each-ref --format %(refname) %(objectname) --sort -committerdate
> git remote --verbose
> git status -z -u
> git symbolic-ref --short HEAD
> git rev-parse develop
> git rev-parse --symbolic-full-name develop@{u}
> git rev-list --left-right develop...refs/remotes/origin/develop
> git for-each-ref --format %(refname) %(objectname) --sort -committerdate
> git remote --verbose
> git status -z -u
> git symbolic-ref --short HEAD
> git rev-parse develop
> git rev-parse --symbolic-full-name develop@{u}
> git rev-list --left-right develop...refs/remotes/origin/develop
> git for-each-ref --format %(refname) %(objectname) --sort -committerdate
> git remote --verbose
> git status -z -u
> git symbolic-ref --short HEAD
> git rev-parse develop
> git rev-parse --symbolic-full-name develop@{u}
> git rev-list --left-right develop...refs/remotes/origin/develop
> git for-each-ref --format %(refname) %(objectname) --sort -committerdate
> git remote --verbose
> git status -z -u
> git symbolic-ref --short HEAD
> git rev-parse develop
> git rev-parse --symbolic-full-name develop@{u}
> git rev-list --left-right develop...refs/remotes/origin/develop
> git for-each-ref --format %(refname) %(objectname) --sort -committerdate
> git remote --verbose
> git show :webapp/src/main/java/univ/m1if10/classes/Utilisateur.java
> git ls-files --stage -- webapp/src/main/java/univ/m1if10/classes/
> git check-ignore -v -z --stdin
> git status -z -u
> git symbolic-ref --short HEAD
> git rev-parse develop
> git rev-parse --symbolic-full-name develop@{u}
> git rev-list --left-right develop...refs/remotes/origin/develop
> git for-each-ref --format %(refname) %(objectname) --sort -committerdate
> git remote --verbose
> git check-ignore -v -z --stdin
> git status -z -u
> git symbolic-ref --short HEAD
> git rev-parse develop
> git rev-parse --symbolic-full-name develop@{u}
> git rev-list --left-right develop...refs/remotes/origin/develop
> git for-each-ref --format %(refname) %(objectname) --sort -committerdate
> git remote --verbose
> git show :.gitignore
> git check-ignore -v -z --stdin
> git status -z -u
> git symbolic-ref --short HEAD
> git rev-parse develop
> git rev-parse --symbolic-full-name develop@{u}
> git rev-list --left-right develop...refs/remotes/origin/develop
> git for-each-ref --format %(refname) %(objectname) --sort -committerdate
> git remote --verbose
> git check-ignore -v -z --stdin
> git check-ignore -v -z --stdin
> git status -z -u
> git symbolic-ref --short HEAD
> git rev-parse develop
> git rev-parse --symbolic-full-name develop@{u}
> git rev-list --left-right develop...refs/remotes/origin/develop
> git for-each-ref --format %(refname) %(objectname) --sort -committerdate
> git remote --verbose
> git show :webapp/src/main/java/univ/m1if10/classes/Utilisateur.java
> git ls-files --stage -- webapp/src/main/java/univ/m1if10/classes/
> git check-ignore -v -z --stdin
> git status -z -u
> git symbolic-ref --short HEAD
> git rev-parse develop
> git rev-parse --symbolic-full-name develop@{u}
> git rev-list --left-right develop...refs/remotes/origin/develop
> git for-each-ref --format %(refname) %(objectname) --sort -committerdate
> git remote --verbose
> git status -z -u
> git symbolic-ref --short HEAD
> git rev-parse develop
> git rev-parse --symbolic-full-name develop@{u}
> git rev-list --left-right develop...refs/remotes/origin/develop
> git for-each-ref --format %(refname) %(objectname) --sort -committerdate
> git remote --verbose
> git status -z -u
> git symbolic-ref --short HEAD
> git rev-parse develop
> git rev-parse --symbolic-full-name develop@{u}
> git rev-list --left-right develop...refs/remotes/origin/develop
> git for-each-ref --format %(refname) %(objectname) --sort -committerdate
> git remote --verbose
> git status -z -u
> git symbolic-ref --short HEAD
> git rev-parse develop
> git rev-parse --symbolic-full-name develop@{u}
> git rev-list --left-right develop...refs/remotes/origin/develop
> git for-each-ref --format %(refname) %(objectname) --sort -committerdate
> git remote --verbose
> git status -z -u
> git symbolic-ref --short HEAD
> git rev-parse develop
> git rev-parse --symbolic-full-name develop@{u}
> git rev-list --left-right develop...refs/remotes/origin/develop
> git for-each-ref --format %(refname) %(objectname) --sort -committerdate
> git remote --verbose
> git status -z -u
> git symbolic-ref --short HEAD
> git rev-parse develop
> git rev-parse --symbolic-full-name develop@{u}
> git rev-list --left-right develop...refs/remotes/origin/develop
> git for-each-ref --format %(refname) %(objectname) --sort -committerdate
> git remote --verbose
> git show :cahier_des_charges.md
> git check-ignore -v -z --stdin
> git status -z -u
> git symbolic-ref --short HEAD
> git rev-parse develop
> git rev-parse --symbolic-full-name develop@{u}
> git rev-list --left-right develop...refs/remotes/origin/develop
> git for-each-ref --format %(refname) %(objectname) --sort -committerdate
> git remote --verbose
> git show :webapp/src/main/java/univ/m1if10/classes/Utilisateur.java
> git ls-files --stage -- webapp/src/main/java/univ/m1if10/classes/
> git status -z -u
> git symbolic-ref --short HEAD
> git rev-parse develop
> git rev-parse --symbolic-full-name develop@{u}
> git rev-list --left-right develop...refs/remotes/origin/develop
> git for-each-ref --format %(refname) %(objectname) --sort -committerdate
> git remote --verbose
> git status -z -u
> git symbolic-ref --short HEAD
> git rev-parse develop
> git rev-parse --symbolic-full-name develop@{u}
> git rev-list --left-right develop...refs/remotes/origin/develop
> git for-each-ref --format %(refname) %(objectname) --sort -committerdate
> git remote --verbose
> git status -z -u
> git symbolic-ref --short HEAD
> git rev-parse develop
> git rev-parse --symbolic-full-name develop@{u}
> git rev-list --left-right develop...refs/remotes/origin/develop
> git for-each-ref --format %(refname) %(objectname) --sort -committerdate
> git remote --verbose
> git check-ignore -v -z --stdin
> git status -z -u
> git symbolic-ref --short HEAD
> git rev-parse develop
> git rev-parse --symbolic-full-name develop@{u}
> git rev-list --left-right develop...refs/remotes/origin/develop
> git for-each-ref --format %(refname) %(objectname) --sort -committerdate
> git remote --verbose
> git status -z -u
> git symbolic-ref --short HEAD
> git rev-parse develop
> git rev-parse --symbolic-full-name develop@{u}
> git rev-list --left-right develop...refs/remotes/origin/develop
> git for-each-ref --format %(refname) %(objectname) --sort -committerdate
> git remote --verbose
> git status -z -u
> git symbolic-ref --short HEAD
> git rev-parse develop
> git rev-parse --symbolic-full-name develop@{u}
> git rev-list --left-right develop...refs/remotes/origin/develop
> git for-each-ref --format %(refname) %(objectname) --sort -committerdate
> git remote --verbose
> git status -z -u
> git symbolic-ref --short HEAD
> git rev-parse develop
> git rev-parse --symbolic-full-name develop@{u}
> git rev-list --left-right develop...refs/remotes/origin/develop
> git for-each-ref --format %(refname) %(objectname) --sort -committerdate
> git remote --verbose
> git show :webapp/src/main/java/univ/m1if10/classes/Utilisateur.java
> git ls-files --stage -- webapp/src/main/java/univ/m1if10/classes/
> git status -z -u
> git symbolic-ref --short HEAD
> git rev-parse develop
> git rev-parse --symbolic-full-name develop@{u}
> git rev-list --left-right develop...refs/remotes/origin/develop
> git for-each-ref --format %(refname) %(objectname) --sort -committerdate
> git remote --verbose
> git show :webapp/src/main/java/univ/m1if10/classes/Utilisateur.java
> git ls-files --stage -- webapp/src/main/java/univ/m1if10/classes/
> git status -z -u
> git symbolic-ref --short HEAD
> git rev-parse develop
> git rev-parse --symbolic-full-name develop@{u}
> git rev-list --left-right develop...refs/remotes/origin/develop
> git for-each-ref --format %(refname) %(objectname) --sort -committerdate
> git remote --verbose
> git status -z -u
> git symbolic-ref --short HEAD
> git rev-parse develop
> git rev-parse --symbolic-full-name develop@{u}
> git rev-list --left-right develop...refs/remotes/origin/develop
> git for-each-ref --format %(refname) %(objectname) --sort -committerdate
> git remote --verbose
> git status -z -u
> git symbolic-ref --short HEAD
> git rev-parse develop
> git rev-parse --symbolic-full-name develop@{u}
> git rev-list --left-right develop...refs/remotes/origin/develop
> git for-each-ref --format %(refname) %(objectname) --sort -committerdate
> git remote --verbose
> git status -z -u
> git symbolic-ref --short HEAD
> git rev-parse develop
> git rev-parse --symbolic-full-name develop@{u}
> git rev-list --left-right develop...refs/remotes/origin/develop
> git for-each-ref --format %(refname) %(objectname) --sort -committerdate
> git remote --verbose
> git status -z -u
> git symbolic-ref --short HEAD
> git rev-parse develop
> git rev-parse --symbolic-full-name develop@{u}
> git rev-list --left-right develop...refs/remotes/origin/develop
> git for-each-ref --format %(refname) %(objectname) --sort -committerdate
> git remote --verbose
> git status -z -u
> git symbolic-ref --short HEAD
> git rev-parse develop
> git rev-parse --symbolic-full-name develop@{u}
> git rev-list --left-right develop...refs/remotes/origin/develop
> git for-each-ref --format %(refname) %(objectname) --sort -committerdate
> git remote --verbose
> git show :webapp/src/main/java/univ/m1if10/classes/Utilisateur.java
> git ls-files --stage -- webapp/src/main/java/univ/m1if10/classes/
> git show :webapp/src/main/java/univ/m1if10/classes/Utilisateur.java
> git ls-files --stage -- webapp/src/main/java/univ/m1if10/classes/
> git status -z -u
> git symbolic-ref --short HEAD
> git rev-parse develop
> git rev-parse --symbolic-full-name develop@{u}
> git rev-list --left-right develop...refs/remotes/origin/develop
> git for-each-ref --format %(refname) %(objectname) --sort -committerdate
> git remote --verbose
> git status -z -u
> git symbolic-ref --short HEAD
> git rev-parse develop
> git rev-parse --symbolic-full-name develop@{u}
> git rev-list --left-right develop...refs/remotes/origin/develop
> git for-each-ref --format %(refname) %(objectname) --sort -committerdate
> git remote --verbose
> git show :webapp/src/main/java/univ/m1if10/classes/Utilisateur.java
> git ls-files --stage -- webapp/src/main/java/univ/m1if10/classes/
> git status -z -u
> git symbolic-ref --short HEAD
> git rev-parse develop
> git rev-parse --symbolic-full-name develop@{u}
> git rev-list --left-right develop...refs/remotes/origin/develop
> git for-each-ref --format %(refname) %(objectname) --sort -committerdate
> git remote --verbose
> git status -z -u
> git symbolic-ref --short HEAD
> git rev-parse develop
> git rev-parse --symbolic-full-name develop@{u}
> git rev-list --left-right develop...refs/remotes/origin/develop
> git for-each-ref --format %(refname) %(objectname) --sort -committerdate
> git remote --verbose
> git status -z -u
> git symbolic-ref --short HEAD
> git rev-parse develop
> git rev-parse --symbolic-full-name develop@{u}
> git rev-list --left-right develop...refs/remotes/origin/develop
> git for-each-ref --format %(refname) %(objectname) --sort -committerdate
> git remote --verbose
> git status -z -u
> git symbolic-ref --short HEAD
> git rev-parse develop
> git rev-parse --symbolic-full-name develop@{u}
> git rev-list --left-right develop...refs/remotes/origin/develop
> git for-each-ref --format %(refname) %(objectname) --sort -committerdate
> git remote --verbose
> git show :webapp/src/main/java/univ/m1if10/classes/Questionnaire
> git ls-files --stage -- webapp/src/main/java/univ/m1if10/classes/
> git check-ignore -v -z --stdin
> git status -z -u
> git symbolic-ref --short HEAD
> git rev-parse develop
> git rev-parse --symbolic-full-name develop@{u}
> git rev-list --left-right develop...refs/remotes/origin/develop
> git for-each-ref --format %(refname) %(objectname) --sort -committerdate
> git remote --verbose
> git show :webapp/src/main/java/univ/m1if10/classes/Questionnaire.java
> git ls-files --stage -- webapp/src/main/java/univ/m1if10/classes/
> git check-ignore -v -z --stdin
> git status -z -u
> git symbolic-ref --short HEAD
> git rev-parse develop
> git rev-parse --symbolic-full-name develop@{u}
> git rev-list --left-right develop...refs/remotes/origin/develop
> git for-each-ref --format %(refname) %(objectname) --sort -committerdate
> git remote --verbose
> git status -z -u
> git symbolic-ref --short HEAD
> git rev-parse develop
> git rev-parse --symbolic-full-name develop@{u}
> git rev-list --left-right develop...refs/remotes/origin/develop
> git for-each-ref --format %(refname) %(objectname) --sort -committerdate
> git remote --verbose
> git status -z -u
> git symbolic-ref --short HEAD
> git rev-parse develop
> git rev-parse --symbolic-full-name develop@{u}
> git rev-list --left-right develop...refs/remotes/origin/develop
> git for-each-ref --format %(refname) %(objectname) --sort -committerdate
> git remote --verbose
> git status -z -u
> git symbolic-ref --short HEAD
> git rev-parse develop
> git rev-parse --symbolic-full-name develop@{u}
> git rev-list --left-right develop...refs/remotes/origin/develop
> git for-each-ref --format %(refname) %(objectname) --sort -committerdate
> git remote --verbose
> git status -z -u
> git symbolic-ref --short HEAD
> git rev-parse develop
> git rev-parse --symbolic-full-name develop@{u}
> git rev-list --left-right develop...refs/remotes/origin/develop
> git for-each-ref --format %(refname) %(objectname) --sort -committerdate
> git remote --verbose
> git status -z -u
> git symbolic-ref --short HEAD
> git rev-parse develop
> git rev-parse --symbolic-full-name develop@{u}
> git rev-list --left-right develop...refs/remotes/origin/develop
> git for-each-ref --format %(refname) %(objectname) --sort -committerdate
> git remote --verbose
> git status -z -u
> git symbolic-ref --short HEAD
> git rev-parse develop
> git rev-parse --symbolic-full-name develop@{u}
> git rev-list --left-right develop...refs/remotes/origin/develop
> git for-each-ref --format %(refname) %(objectname) --sort -committerdate
> git remote --verbose
> git status -z -u
> git symbolic-ref --short HEAD
> git rev-parse develop
> git rev-parse --symbolic-full-name develop@{u}
> git rev-list --left-right develop...refs/remotes/origin/develop
> git for-each-ref --format %(refname) %(objectname) --sort -committerdate
> git remote --verbose
> git status -z -u
> git symbolic-ref --short HEAD
> git rev-parse develop
> git rev-parse --symbolic-full-name develop@{u}
> git rev-list --left-right develop...refs/remotes/origin/develop
> git for-each-ref --format %(refname) %(objectname) --sort -committerdate
> git remote --verbose
> git status -z -u
> git symbolic-ref --short HEAD
> git rev-parse develop
> git rev-parse --symbolic-full-name develop@{u}
> git rev-list --left-right develop...refs/remotes/origin/develop
> git for-each-ref --format %(refname) %(objectname) --sort -committerdate
> git remote --verbose
> git show :webapp/src/main/java/univ/m1if10/classes/Question.java
> git ls-files --stage -- webapp/src/main/java/univ/m1if10/classes/
> git check-ignore -v -z --stdin
> git status -z -u
> git symbolic-ref --short HEAD
> git rev-parse develop
> git rev-parse --symbolic-full-name develop@{u}
> git rev-list --left-right develop...refs/remotes/origin/develop
> git for-each-ref --format %(refname) %(objectname) --sort -committerdate
> git remote --verbose
> git status -z -u
> git symbolic-ref --short HEAD
> git rev-parse develop
> git rev-parse --symbolic-full-name develop@{u}
> git rev-list --left-right develop...refs/remotes/origin/develop
> git for-each-ref --format %(refname) %(objectname) --sort -committerdate
> git remote --verbose
> git status -z -u
> git symbolic-ref --short HEAD
> git rev-parse develop
> git rev-parse --symbolic-full-name develop@{u}
> git rev-list --left-right develop...refs/remotes/origin/develop
> git for-each-ref --format %(refname) %(objectname) --sort -committerdate
> git remote --verbose
> git status -z -u
> git symbolic-ref --short HEAD
> git rev-parse develop
> git rev-parse --symbolic-full-name develop@{u}
> git rev-list --left-right develop...refs/remotes/origin/develop
> git for-each-ref --format %(refname) %(objectname) --sort -committerdate
> git remote --verbose
> git status -z -u
> git symbolic-ref --short HEAD
> git rev-parse develop
> git rev-parse --symbolic-full-name develop@{u}
> git rev-list --left-right develop...refs/remotes/origin/develop
> git for-each-ref --format %(refname) %(objectname) --sort -committerdate
> git remote --verbose
> git status -z -u
> git symbolic-ref --short HEAD
> git rev-parse develop
> git rev-parse --symbolic-full-name develop@{u}
> git rev-list --left-right develop...refs/remotes/origin/develop
> git for-each-ref --format %(refname) %(objectname) --sort -committerdate
> git remote --verbose
> git status -z -u
> git symbolic-ref --short HEAD
> git rev-parse develop
> git rev-parse --symbolic-full-name develop@{u}
> git rev-list --left-right develop...refs/remotes/origin/develop
> git for-each-ref --format %(refname) %(objectname) --sort -committerdate
> git remote --verbose
> git status -z -u
> git symbolic-ref --short HEAD
> git rev-parse develop
> git rev-parse --symbolic-full-name develop@{u}
> git rev-list --left-right develop...refs/remotes/origin/develop
> git for-each-ref --format %(refname) %(objectname) --sort -committerdate
> git remote --verbose
> git status -z -u
> git symbolic-ref --short HEAD
> git rev-parse develop
> git rev-parse --symbolic-full-name develop@{u}
> git rev-list --left-right develop...refs/remotes/origin/develop
> git for-each-ref --format %(refname) %(objectname) --sort -committerdate
> git remote --verbose
> git status -z -u
> git symbolic-ref --short HEAD
> git rev-parse develop
> git rev-parse --symbolic-full-name develop@{u}
> git rev-list --left-right develop...refs/remotes/origin/develop
> git for-each-ref --format %(refname) %(objectname) --sort -committerdate
> git remote --verbose
> git status -z -u
> git symbolic-ref --short HEAD
> git rev-parse develop
> git rev-parse --symbolic-full-name develop@{u}
> git rev-list --left-right develop...refs/remotes/origin/develop
> git for-each-ref --format %(refname) %(objectname) --sort -committerdate
> git remote --verbose
> git show :webapp/src/main/java/univ/m1if10/classes/Choix.java
> git ls-files --stage -- webapp/src/main/java/univ/m1if10/classes/
> git check-ignore -v -z --stdin
> git status -z -u
> git symbolic-ref --short HEAD
> git rev-parse develop
> git rev-parse --symbolic-full-name develop@{u}
> git rev-list --left-right develop...refs/remotes/origin/develop
> git for-each-ref --format %(refname) %(objectname) --sort -committerdate
> git remote --verbose
> git status -z -u
> git symbolic-ref --short HEAD
> git rev-parse develop
> git rev-parse --symbolic-full-name develop@{u}
> git rev-list --left-right develop...refs/remotes/origin/develop
> git for-each-ref --format %(refname) %(objectname) --sort -committerdate
> git remote --verbose
> git status -z -u
> git symbolic-ref --short HEAD
> git rev-parse develop
> git rev-parse --symbolic-full-name develop@{u}
> git rev-list --left-right develop...refs/remotes/origin/develop
> git for-each-ref --format %(refname) %(objectname) --sort -committerdate
> git remote --verbose
> git status -z -u
> git symbolic-ref --short HEAD
> git rev-parse develop
> git rev-parse --symbolic-full-name develop@{u}
> git rev-list --left-right develop...refs/remotes/origin/develop
> git for-each-ref --format %(refname) %(objectname) --sort -committerdate
> git remote --verbose
> git status -z -u
> git symbolic-ref --short HEAD
> git rev-parse develop
> git rev-parse --symbolic-full-name develop@{u}
> git rev-list --left-right develop...refs/remotes/origin/develop
> git for-each-ref --format %(refname) %(objectname) --sort -committerdate
> git remote --verbose
> git status -z -u
> git symbolic-ref --short HEAD
> git rev-parse develop
> git rev-parse --symbolic-full-name develop@{u}
> git rev-list --left-right develop...refs/remotes/origin/develop
> git for-each-ref --format %(refname) %(objectname) --sort -committerdate
> git remote --verbose
> git status -z -u
> git symbolic-ref --short HEAD
> git rev-parse develop
> git rev-parse --symbolic-full-name develop@{u}
> git rev-list --left-right develop...refs/remotes/origin/develop
> git for-each-ref --format %(refname) %(objectname) --sort -committerdate
> git remote --verbose
> git status -z -u
> git symbolic-ref --short HEAD
> git rev-parse develop
> git rev-parse --symbolic-full-name develop@{u}
> git rev-list --left-right develop...refs/remotes/origin/develop
> git for-each-ref --format %(refname) %(objectname) --sort -committerdate
> git remote --verbose
> git show :webapp/src/main/java/univ/m1if10/classes/Reponse.java
> git ls-files --stage -- webapp/src/main/java/univ/m1if10/classes/
> git check-ignore -v -z --stdin
> git status -z -u
> git symbolic-ref --short HEAD
> git rev-parse develop
> git rev-parse --symbolic-full-name develop@{u}
> git rev-list --left-right develop...refs/remotes/origin/develop
> git for-each-ref --format %(refname) %(objectname) --sort -committerdate
> git remote --verbose
> git status -z -u
> git symbolic-ref --short HEAD
> git rev-parse develop
> git rev-parse --symbolic-full-name develop@{u}
> git rev-list --left-right develop...refs/remotes/origin/develop
> git for-each-ref --format %(refname) %(objectname) --sort -committerdate
> git remote --verbose
> git status -z -u
> git symbolic-ref --short HEAD
> git rev-parse develop
> git rev-parse --symbolic-full-name develop@{u}
> git rev-list --left-right develop...refs/remotes/origin/develop
> git for-each-ref --format %(refname) %(objectname) --sort -committerdate
> git remote --verbose
> git status -z -u
> git symbolic-ref --short HEAD
> git rev-parse develop
> git rev-parse --symbolic-full-name develop@{u}
> git rev-list --left-right develop...refs/remotes/origin/develop
> git for-each-ref --format %(refname) %(objectname) --sort -committerdate
> git remote --verbose
> git status -z -u
> git symbolic-ref --short HEAD
> git rev-parse develop
> git rev-parse --symbolic-full-name develop@{u}
> git rev-list --left-right develop...refs/remotes/origin/develop
> git for-each-ref --format %(refname) %(objectname) --sort -committerdate
> git remote --verbose
> git status -z -u
> git symbolic-ref --short HEAD
> git rev-parse develop
> git rev-parse --symbolic-full-name develop@{u}
> git rev-list --left-right develop...refs/remotes/origin/develop
> git for-each-ref --format %(refname) %(objectname) --sort -committerdate
> git remote --verbose
> git status -z -u
> git symbolic-ref --short HEAD
> git rev-parse develop
> git rev-parse --symbolic-full-name develop@{u}
> git rev-list --left-right develop...refs/remotes/origin/develop
> git for-each-ref --format %(refname) %(objectname) --sort -committerdate
> git remote --verbose
> git status -z -u
> git symbolic-ref --short HEAD
> git rev-parse develop
> git rev-parse --symbolic-full-name develop@{u}
> git rev-list --left-right develop...refs/remotes/origin/develop
> git for-each-ref --format %(refname) %(objectname) --sort -committerdate
> git remote --verbose
> git status -z -u
> git symbolic-ref --short HEAD
> git rev-parse develop
> git rev-parse --symbolic-full-name develop@{u}
> git rev-list --left-right develop...refs/remotes/origin/develop
> git for-each-ref --format %(refname) %(objectname) --sort -committerdate
> git remote --verbose
> git status -z -u
> git symbolic-ref --short HEAD
> git rev-parse develop
> git rev-parse --symbolic-full-name develop@{u}
> git rev-list --left-right develop...refs/remotes/origin/develop
> git for-each-ref --format %(refname) %(objectname) --sort -committerdate
> git remote --verbose
> git status -z -u
> git symbolic-ref --short HEAD
> git rev-parse develop
> git rev-parse --symbolic-full-name develop@{u}
> git rev-list --left-right develop...refs/remotes/origin/develop
> git for-each-ref --format %(refname) %(objectname) --sort -committerdate
> git remote --verbose
> git check-ignore -v -z --stdin
> git status -z -u
> git symbolic-ref --short HEAD
> git rev-parse develop
> git rev-parse --symbolic-full-name develop@{u}
> git rev-list --left-right develop...refs/remotes/origin/develop
> git for-each-ref --format %(refname) %(objectname) --sort -committerdate
> git remote --verbose
> git show :webapp/src/main/java/univ/m1if10/classes/Choix.java
> git ls-files --stage -- webapp/src/main/java/univ/m1if10/classes/
> git check-ignore -v -z --stdin
> git show :webapp/src/main/java/univ/m1if10/classes/Model/Choix.java
> git ls-files --stage -- webapp/src/main/java/univ/m1if10/classes/Model/
> git status -z -u
> git symbolic-ref --short HEAD
> git rev-parse develop
> git rev-parse --symbolic-full-name develop@{u}
> git rev-list --left-right develop...refs/remotes/origin/develop
> git for-each-ref --format %(refname) %(objectname) --sort -committerdate
> git remote --verbose
> git show :webapp/src/main/java/univ/m1if10/classes/Model/Question.java
> git ls-files --stage -- webapp/src/main/java/univ/m1if10/classes/Model/
> git status -z -u
> git symbolic-ref --short HEAD
> git rev-parse develop
> git rev-parse --symbolic-full-name develop@{u}
> git rev-list --left-right develop...refs/remotes/origin/develop
> git for-each-ref --format %(refname) %(objectname) --sort -committerdate
> git remote --verbose
> git show :webapp/src/main/java/univ/m1if10/classes/Model/Choix.java
> git ls-files --stage -- webapp/src/main/java/univ/m1if10/classes/Model/
> git show :webapp/src/main/java/univ/m1if10/classes/Choix.java
> git ls-files --stage -- webapp/src/main/java/univ/m1if10/classes/
> git status -z -u
> git symbolic-ref --short HEAD
> git rev-parse develop
> git rev-parse --symbolic-full-name develop@{u}
> git rev-list --left-right develop...refs/remotes/origin/develop
> git for-each-ref --format %(refname) %(objectname) --sort -committerdate
> git remote --verbose
> git show :webapp/src/main/java/univ/m1if10/classes/Question.java
> git ls-files --stage -- webapp/src/main/java/univ/m1if10/classes/
> git show :webapp/src/main/java/univ/m1if10/classes/Choix.java
> git ls-files --stage -- webapp/src/main/java/univ/m1if10/classes/
> git status -z -u
> git symbolic-ref --short HEAD
> git rev-parse develop
> git rev-parse --symbolic-full-name develop@{u}
> git rev-list --left-right develop...refs/remotes/origin/develop
> git for-each-ref --format %(refname) %(objectname) --sort -committerdate
> git remote --verbose
> git status -z -u
> git symbolic-ref --short HEAD
> git rev-parse develop
> git rev-parse --symbolic-full-name develop@{u}
> git rev-list --left-right develop...refs/remotes/origin/develop
> git for-each-ref --format %(refname) %(objectname) --sort -committerdate
> git remote --verbose
> git status -z -u
> git symbolic-ref --short HEAD
> git rev-parse develop
> git rev-parse --symbolic-full-name develop@{u}
> git rev-list --left-right develop...refs/remotes/origin/develop
> git for-each-ref --format %(refname) %(objectname) --sort -committerdate
> git remote --verbose
> git status -z -u
> git symbolic-ref --short HEAD
> git rev-parse develop
> git rev-parse --symbolic-full-name develop@{u}
> git rev-list --left-right develop...refs/remotes/origin/develop
> git for-each-ref --format %(refname) %(objectname) --sort -committerdate
> git remote --verbose
> git status -z -u
> git symbolic-ref --short HEAD
> git rev-parse develop
> git rev-parse --symbolic-full-name develop@{u}
> git rev-list --left-right develop...refs/remotes/origin/develop
> git for-each-ref --format %(refname) %(objectname) --sort -committerdate
> git remote --verbose
> git status -z -u
> git symbolic-ref --short HEAD
> git rev-parse develop
> git rev-parse --symbolic-full-name develop@{u}
> git rev-list --left-right develop...refs/remotes/origin/develop
> git for-each-ref --format %(refname) %(objectname) --sort -committerdate
> git remote --verbose
> git status -z -u
> git symbolic-ref --short HEAD
> git rev-parse develop
> git rev-parse --symbolic-full-name develop@{u}
> git rev-list --left-right develop...refs/remotes/origin/develop
> git for-each-ref --format %(refname) %(objectname) --sort -committerdate
> git remote --verbose
> git status -z -u
> git symbolic-ref --short HEAD
> git rev-parse develop
> git rev-parse --symbolic-full-name develop@{u}
> git rev-list --left-right develop...refs/remotes/origin/develop
> git for-each-ref --format %(refname) %(objectname) --sort -committerdate
> git remote --verbose
> git status -z -u
> git symbolic-ref --short HEAD
> git rev-parse develop
> git rev-parse --symbolic-full-name develop@{u}
> git rev-list --left-right develop...refs/remotes/origin/develop
> git for-each-ref --format %(refname) %(objectname) --sort -committerdate
> git remote --verbose
> git status -z -u
> git symbolic-ref --short HEAD
> git rev-parse develop
> git rev-parse --symbolic-full-name develop@{u}
> git rev-list --left-right develop...refs/remotes/origin/develop
> git for-each-ref --format %(refname) %(objectname) --sort -committerdate
> git remote --verbose
> git status -z -u
> git symbolic-ref --short HEAD
> git rev-parse develop
> git rev-parse --symbolic-full-name develop@{u}
> git rev-list --left-right develop...refs/remotes/origin/develop
> git for-each-ref --format %(refname) %(objectname) --sort -committerdate
> git remote --verbose
> git status -z -u
> git symbolic-ref --short HEAD
> git rev-parse develop
> git rev-parse --symbolic-full-name develop@{u}
> git rev-list --left-right develop...refs/remotes/origin/develop
> git for-each-ref --format %(refname) %(objectname) --sort -committerdate
> git remote --verbose
> git status -z -u
> git symbolic-ref --short HEAD
> git rev-parse develop
> git rev-parse --symbolic-full-name develop@{u}
> git rev-list --left-right develop...refs/remotes/origin/develop
> git for-each-ref --format %(refname) %(objectname) --sort -committerdate
> git remote --verbose
> git status -z -u
> git symbolic-ref --short HEAD
> git rev-parse develop
> git rev-parse --symbolic-full-name develop@{u}
> git rev-list --left-right develop...refs/remotes/origin/develop
> git for-each-ref --format %(refname) %(objectname) --sort -committerdate
> git remote --verbose
> git status -z -u
> git symbolic-ref --short HEAD
> git rev-parse develop
> git rev-parse --symbolic-full-name develop@{u}
> git rev-list --left-right develop...refs/remotes/origin/develop
> git for-each-ref --format %(refname) %(objectname) --sort -committerdate
> git remote --verbose
> git status -z -u
> git symbolic-ref --short HEAD
> git rev-parse develop
> git rev-parse --symbolic-full-name develop@{u}
> git rev-list --left-right develop...refs/remotes/origin/develop
> git for-each-ref --format %(refname) %(objectname) --sort -committerdate
> git remote --verbose
> git status -z -u
> git symbolic-ref --short HEAD
> git rev-parse develop
> git rev-parse --symbolic-full-name develop@{u}
> git rev-list --left-right develop...refs/remotes/origin/develop
> git for-each-ref --format %(refname) %(objectname) --sort -committerdate
> git remote --verbose
> git show :webapp/src/main/java/univ/m1if10/classes/Model/Choix.java
> git ls-files --stage -- webapp/src/main/java/univ/m1if10/classes/Model/
> git status -z -u
> git symbolic-ref --short HEAD
> git rev-parse develop
> git rev-parse --symbolic-full-name develop@{u}
> git rev-list --left-right develop...refs/remotes/origin/develop
> git for-each-ref --format %(refname) %(objectname) --sort -committerdate
> git remote --verbose
> git show :webapp/src/main/java/univ/m1if10/classes/Question.java
> git ls-files --stage -- webapp/src/main/java/univ/m1if10/classes/
> git show :webapp/src/main/java/univ/m1if10/classes/Model/Question.java
> git ls-files --stage -- webapp/src/main/java/univ/m1if10/classes/Model/
> git status -z -u
> git symbolic-ref --short HEAD
> git rev-parse develop
> git rev-parse --symbolic-full-name develop@{u}
> git rev-list --left-right develop...refs/remotes/origin/develop
> git for-each-ref --format %(refname) %(objectname) --sort -committerdate
> git remote --verbose
> git show :webapp/src/main/java/univ/m1if10/classes/Questionnaire.java
> git ls-files --stage -- webapp/src/main/java/univ/m1if10/classes/
> git show :webapp/src/main/java/univ/m1if10/classes/Model/Questionnaire.java
> git ls-files --stage -- webapp/src/main/java/univ/m1if10/classes/Model/
> git show :webapp/src/main/java/univ/m1if10/classes/Reponse.java
> git ls-files --stage -- webapp/src/main/java/univ/m1if10/classes/
> git status -z -u
> git symbolic-ref --short HEAD
> git rev-parse develop
> git rev-parse --symbolic-full-name develop@{u}
> git rev-list --left-right develop...refs/remotes/origin/develop
> git for-each-ref --format %(refname) %(objectname) --sort -committerdate
> git remote --verbose
> git show :webapp/src/main/java/univ/m1if10/classes/Model/Reponse.java
> git ls-files --stage -- webapp/src/main/java/univ/m1if10/classes/Model/
> git show :webapp/src/main/java/univ/m1if10/classes/Utilisateur.java
> git ls-files --stage -- webapp/src/main/java/univ/m1if10/classes/
> git status -z -u
> git symbolic-ref --short HEAD
> git rev-parse develop
> git rev-parse --symbolic-full-name develop@{u}
> git rev-list --left-right develop...refs/remotes/origin/develop
> git for-each-ref --format %(refname) %(objectname) --sort -committerdate
> git remote --verbose
> git show :webapp/src/main/java/univ/m1if10/classes/Model/Utilisateur.java
> git ls-files --stage -- webapp/src/main/java/univ/m1if10/classes/Model/
> git status -z -u
> git symbolic-ref --short HEAD
> git rev-parse develop
> git rev-parse --symbolic-full-name develop@{u}
> git rev-list --left-right develop...refs/remotes/origin/develop
> git for-each-ref --format %(refname) %(objectname) --sort -committerdate
> git remote --verbose
> git status -z -u
> git symbolic-ref --short HEAD
> git rev-parse develop
> git rev-parse --symbolic-full-name develop@{u}
> git rev-list --left-right develop...refs/remotes/origin/develop
> git for-each-ref --format %(refname) %(objectname) --sort -committerdate
> git remote --verbose
> git status -z -u
> git symbolic-ref --short HEAD
> git rev-parse develop
> git rev-parse --symbolic-full-name develop@{u}
> git rev-list --left-right develop...refs/remotes/origin/develop
> git for-each-ref --format %(refname) %(objectname) --sort -committerdate
> git remote --verbose
> git show :webapp/src/main/java/univ/m1if10/classes/Model/Questionnaire.java
> git ls-files --stage -- webapp/src/main/java/univ/m1if10/classes/Model/
> git status -z -u
> git symbolic-ref --short HEAD
> git rev-parse develop
> git rev-parse --symbolic-full-name develop@{u}
> git rev-list --left-right develop...refs/remotes/origin/develop
> git for-each-ref --format %(refname) %(objectname) --sort -committerdate
> git remote --verbose
> git status -z -u
> git symbolic-ref --short HEAD
> git rev-parse develop
> git rev-parse --symbolic-full-name develop@{u}
> git rev-list --left-right develop...refs/remotes/origin/develop
> git for-each-ref --format %(refname) %(objectname) --sort -committerdate
> git remote --verbose
> git status -z -u
> git symbolic-ref --short HEAD
> git rev-parse develop
> git rev-parse --symbolic-full-name develop@{u}
> git rev-list --left-right develop...refs/remotes/origin/develop
> git for-each-ref --format %(refname) %(objectname) --sort -committerdate
> git remote --verbose
> git status -z -u
> git symbolic-ref --short HEAD
> git rev-parse develop
> git rev-parse --symbolic-full-name develop@{u}
> git rev-list --left-right develop...refs/remotes/origin/develop
> git for-each-ref --format %(refname) %(objectname) --sort -committerdate
> git remote --verbose
> git status -z -u
> git symbolic-ref --short HEAD
> git rev-parse develop
> git rev-parse --symbolic-full-name develop@{u}
> git rev-list --left-right develop...refs/remotes/origin/develop
> git for-each-ref --format %(refname) %(objectname) --sort -committerdate
> git remote --verbose
> git status -z -u
> git symbolic-ref --short HEAD
> git rev-parse develop
> git rev-parse --symbolic-full-name develop@{u}
> git rev-list --left-right develop...refs/remotes/origin/develop
> git for-each-ref --format %(refname) %(objectname) --sort -committerdate
> git remote --verbose
> git status -z -u
> git symbolic-ref --short HEAD
> git rev-parse develop
> git rev-parse --symbolic-full-name develop@{u}
> git rev-list --left-right develop...refs/remotes/origin/develop
> git for-each-ref --format %(refname) %(objectname) --sort -committerdate
> git remote --verbose
