Looking for git in: git
Using git 2.23.0 from git
> git rev-parse --show-toplevel
> git rev-parse --git-dir
> git config --get commit.template
Open repository: /home/tblain/Document/cours/M1/multimif/m1if10
> git status -z -u
> git symbolic-ref --short HEAD
> git rev-parse feature/Connexion
> git rev-parse --symbolic-full-name feature/Connexion@{u}
> git rev-list --left-right feature/Connexion...refs/remotes/origin/feature/Connexion
> git for-each-ref --format %(refname) %(objectname) --sort -committerdate
> git remote --verbose
Failed to watch ref '/home/tblain/Document/cours/M1/multimif/m1if10/.git/refs/remotes/origin/feature/Connexion', is most likely packed.
Error: ENOENT: no such file or directory, watch '/home/tblain/Document/cours/M1/multimif/m1if10/.git/refs/remotes/origin/feature/Connexion'
	at FSWatcher.start (internal/fs/watchers.js:164:26)
	at Object.watch (fs.js:1232:11)
	at Object.t.watch (/usr/share/vscodium-bin/resources/app/extensions/git/dist/main.js:1:594401)
	at T.updateTransientWatchers (/usr/share/vscodium-bin/resources/app/extensions/git/dist/main.js:1:98291)
	at l.fire (/usr/share/vscodium-bin/resources/app/out/vs/workbench/services/extensions/node/extensionHostProcess.js:50:539)
	at k.updateModelState (/usr/share/vscodium-bin/resources/app/extensions/git/dist/main.js:1:115979)
> git check-ignore -v -z --stdin
> git check-ignore -v -z --stdin
> git status -z -u
> git symbolic-ref --short HEAD
> git rev-parse feature/Connexion
> git rev-parse --symbolic-full-name feature/Connexion@{u}
> git rev-list --left-right feature/Connexion...refs/remotes/origin/feature/Connexion
> git for-each-ref --format %(refname) %(objectname) --sort -committerdate
> git remote --verbose
> git check-ignore -v -z --stdin
Failed to watch ref '/home/tblain/Document/cours/M1/multimif/m1if10/.git/refs/remotes/origin/feature/Connexion', is most likely packed.
Error: ENOENT: no such file or directory, watch '/home/tblain/Document/cours/M1/multimif/m1if10/.git/refs/remotes/origin/feature/Connexion'
	at FSWatcher.start (internal/fs/watchers.js:164:26)
	at Object.watch (fs.js:1232:11)
	at Object.t (/home/tblain/.vscode-oss/extensions/vscjava.vscode-java-test-0.20.0/dist/extension.js:16:185768)
	at Object.watch (/home/tblain/.vscode-oss/extensions/vscjava.vscode-java-test-0.20.0/dist/extension.js:16:186129)
	at Object.t.watch (/usr/share/vscodium-bin/resources/app/extensions/git/dist/main.js:1:594401)
	at T.updateTransientWatchers (/usr/share/vscodium-bin/resources/app/extensions/git/dist/main.js:1:98291)
	at l.fire (/usr/share/vscodium-bin/resources/app/out/vs/workbench/services/extensions/node/extensionHostProcess.js:50:539)
	at k.updateModelState (/usr/share/vscodium-bin/resources/app/extensions/git/dist/main.js:1:115979)
> git check-ignore -v -z --stdin
> git check-ignore -v -z --stdin
> git status -z -u
> git check-ignore -v -z --stdin
> git symbolic-ref --short HEAD
> git show :webapp/src/main/java/univ/m1if10/servlet/Init.java
> git rev-parse feature/Connexion
> git ls-files --stage -- webapp/src/main/java/univ/m1if10/servlet/
> git rev-parse --symbolic-full-name feature/Connexion@{u}
> git rev-list --left-right feature/Connexion...refs/remotes/origin/feature/Connexion
> git for-each-ref --format %(refname) %(objectname) --sort -committerdate
> git remote --verbose
Failed to watch ref '/home/tblain/Document/cours/M1/multimif/m1if10/.git/refs/remotes/origin/feature/Connexion', is most likely packed.
Error: ENOENT: no such file or directory, watch '/home/tblain/Document/cours/M1/multimif/m1if10/.git/refs/remotes/origin/feature/Connexion'
	at FSWatcher.start (internal/fs/watchers.js:164:26)
	at Object.watch (fs.js:1232:11)
	at Object.t (/home/tblain/.vscode-oss/extensions/vscjava.vscode-java-test-0.20.0/dist/extension.js:16:185768)
	at Object.watch (/home/tblain/.vscode-oss/extensions/vscjava.vscode-java-test-0.20.0/dist/extension.js:16:186129)
	at Object.t.watch (/usr/share/vscodium-bin/resources/app/extensions/git/dist/main.js:1:594401)
	at T.updateTransientWatchers (/usr/share/vscodium-bin/resources/app/extensions/git/dist/main.js:1:98291)
	at l.fire (/usr/share/vscodium-bin/resources/app/out/vs/workbench/services/extensions/node/extensionHostProcess.js:50:539)
	at k.updateModelState (/usr/share/vscodium-bin/resources/app/extensions/git/dist/main.js:1:115979)
> git rev-parse --show-toplevel
> git rev-parse --git-dir
> git config --get commit.template
Open repository: /home/tblain/Document/cours/M1/web/conception_web
> git status -z -u
> git symbolic-ref --short HEAD
> git rev-parse 9-gestion-des-groupes
> git rev-parse --symbolic-full-name 9-gestion-des-groupes@{u}
> git rev-list --left-right 9-gestion-des-groupes...refs/remotes/origin/9-gestion-des-groupes
> git for-each-ref --format %(refname) %(objectname) --sort -committerdate
> git remote --verbose
> git show :TP3-MIF03/pom.xml
> git check-ignore -v -z --stdin
> git check-ignore -v -z --stdin
> git show :webapp/src/main/java/univ/m1if10/servlet/Init.java
> git ls-files --stage -- webapp/src/main/java/univ/m1if10/servlet/
> git show :TP3-MIF03/pom.xml
> git show :webapp/src/main/java/univ/m1if10/servlet/Init.java
> git ls-files --stage -- webapp/src/main/java/univ/m1if10/servlet/
> git show :TP3-MIF03/src/main/webapp/WEB-INF/web.xml
> git check-ignore -v -z --stdin
> git status -z -u
> git symbolic-ref --short HEAD
> git rev-parse 9-gestion-des-groupes
> git rev-parse --symbolic-full-name 9-gestion-des-groupes@{u}
> git rev-list --left-right 9-gestion-des-groupes...refs/remotes/origin/9-gestion-des-groupes
> git for-each-ref --format %(refname) %(objectname) --sort -committerdate
> git remote --verbose
