Looking for git in: git
Using git 2.23.0 from git
> git rev-parse --show-toplevel
> git rev-parse --git-dir
> git config --get commit.template
Open repository: /home/tblain/Document/cours/M1/multimif/m1if10
> git status -z -u
> git symbolic-ref --short HEAD
> git rev-parse feature/Connexion
> git rev-parse --symbolic-full-name feature/Connexion@{u}
> git rev-list --left-right feature/Connexion...refs/remotes/origin/feature/Connexion
> git for-each-ref --format %(refname) %(objectname) --sort -committerdate
> git remote --verbose
Failed to watch ref '/home/tblain/Document/cours/M1/multimif/m1if10/.git/refs/remotes/origin/feature/Connexion', is most likely packed.
Error: ENOENT: no such file or directory, watch '/home/tblain/Document/cours/M1/multimif/m1if10/.git/refs/remotes/origin/feature/Connexion'
	at FSWatcher.start (internal/fs/watchers.js:164:26)
	at Object.watch (fs.js:1232:11)
	at Object.t.watch (/usr/share/vscodium-bin/resources/app/extensions/git/dist/main.js:1:594401)
	at T.updateTransientWatchers (/usr/share/vscodium-bin/resources/app/extensions/git/dist/main.js:1:98291)
	at l.fire (/usr/share/vscodium-bin/resources/app/out/vs/workbench/services/extensions/node/extensionHostProcess.js:50:539)
	at k.updateModelState (/usr/share/vscodium-bin/resources/app/extensions/git/dist/main.js:1:115979)
> git check-ignore -v -z --stdin
> git check-ignore -v -z --stdin
> git add -A -- .
> git status -z -u
> git symbolic-ref --short HEAD
> git rev-parse feature/Connexion
> git rev-parse --symbolic-full-name feature/Connexion@{u}
> git rev-list --left-right feature/Connexion...refs/remotes/origin/feature/Connexion
> git for-each-ref --format %(refname) %(objectname) --sort -committerdate
> git remote --verbose
Failed to watch ref '/home/tblain/Document/cours/M1/multimif/m1if10/.git/refs/remotes/origin/feature/Connexion', is most likely packed.
Error: ENOENT: no such file or directory, watch '/home/tblain/Document/cours/M1/multimif/m1if10/.git/refs/remotes/origin/feature/Connexion'
	at FSWatcher.start (internal/fs/watchers.js:164:26)
	at Object.watch (fs.js:1232:11)
	at Object.t.watch (/usr/share/vscodium-bin/resources/app/extensions/git/dist/main.js:1:594401)
	at T.updateTransientWatchers (/usr/share/vscodium-bin/resources/app/extensions/git/dist/main.js:1:98291)
	at l.fire (/usr/share/vscodium-bin/resources/app/out/vs/workbench/services/extensions/node/extensionHostProcess.js:50:539)
	at k.updateModelState (/usr/share/vscodium-bin/resources/app/extensions/git/dist/main.js:1:115979)
> git status -z -u
> git symbolic-ref --short HEAD
> git rev-parse feature/Connexion
> git rev-parse --symbolic-full-name feature/Connexion@{u}
> git rev-list --left-right feature/Connexion...refs/remotes/origin/feature/Connexion
> git for-each-ref --format %(refname) %(objectname) --sort -committerdate
> git remote --verbose
Failed to watch ref '/home/tblain/Document/cours/M1/multimif/m1if10/.git/refs/remotes/origin/feature/Connexion', is most likely packed.
Error: ENOENT: no such file or directory, watch '/home/tblain/Document/cours/M1/multimif/m1if10/.git/refs/remotes/origin/feature/Connexion'
	at FSWatcher.start (internal/fs/watchers.js:164:26)
	at Object.watch (fs.js:1232:11)
	at Object.t.watch (/usr/share/vscodium-bin/resources/app/extensions/git/dist/main.js:1:594401)
	at T.updateTransientWatchers (/usr/share/vscodium-bin/resources/app/extensions/git/dist/main.js:1:98291)
	at l.fire (/usr/share/vscodium-bin/resources/app/out/vs/workbench/services/extensions/node/extensionHostProcess.js:50:539)
	at k.updateModelState (/usr/share/vscodium-bin/resources/app/extensions/git/dist/main.js:1:115979)
> git check-ignore -v -z --stdin
> git status -z -u
> git symbolic-ref --short HEAD
> git rev-parse feature/Connexion
> git rev-parse --symbolic-full-name feature/Connexion@{u}
> git rev-list --left-right feature/Connexion...refs/remotes/origin/feature/Connexion
> git for-each-ref --format %(refname) %(objectname) --sort -committerdate
> git remote --verbose
Failed to watch ref '/home/tblain/Document/cours/M1/multimif/m1if10/.git/refs/remotes/origin/feature/Connexion', is most likely packed.
Error: ENOENT: no such file or directory, watch '/home/tblain/Document/cours/M1/multimif/m1if10/.git/refs/remotes/origin/feature/Connexion'
	at FSWatcher.start (internal/fs/watchers.js:164:26)
	at Object.watch (fs.js:1232:11)
	at Object.t.watch (/usr/share/vscodium-bin/resources/app/extensions/git/dist/main.js:1:594401)
	at T.updateTransientWatchers (/usr/share/vscodium-bin/resources/app/extensions/git/dist/main.js:1:98291)
	at l.fire (/usr/share/vscodium-bin/resources/app/out/vs/workbench/services/extensions/node/extensionHostProcess.js:50:539)
	at k.updateModelState (/usr/share/vscodium-bin/resources/app/extensions/git/dist/main.js:1:115979)
> git check-ignore -v -z --stdin
> git status -z -u
> git symbolic-ref --short HEAD
> git rev-parse feature/Connexion
> git rev-parse --symbolic-full-name feature/Connexion@{u}
> git rev-list --left-right feature/Connexion...refs/remotes/origin/feature/Connexion
> git for-each-ref --format %(refname) %(objectname) --sort -committerdate
> git remote --verbose
Failed to watch ref '/home/tblain/Document/cours/M1/multimif/m1if10/.git/refs/remotes/origin/feature/Connexion', is most likely packed.
Error: ENOENT: no such file or directory, watch '/home/tblain/Document/cours/M1/multimif/m1if10/.git/refs/remotes/origin/feature/Connexion'
	at FSWatcher.start (internal/fs/watchers.js:164:26)
	at Object.watch (fs.js:1232:11)
	at Object.t.watch (/usr/share/vscodium-bin/resources/app/extensions/git/dist/main.js:1:594401)
	at T.updateTransientWatchers (/usr/share/vscodium-bin/resources/app/extensions/git/dist/main.js:1:98291)
	at l.fire (/usr/share/vscodium-bin/resources/app/out/vs/workbench/services/extensions/node/extensionHostProcess.js:50:539)
	at k.updateModelState (/usr/share/vscodium-bin/resources/app/extensions/git/dist/main.js:1:115979)
> git status -z -u
> git symbolic-ref --short HEAD
> git rev-parse feature/Connexion
> git rev-parse --symbolic-full-name feature/Connexion@{u}
> git rev-list --left-right feature/Connexion...refs/remotes/origin/feature/Connexion
> git for-each-ref --format %(refname) %(objectname) --sort -committerdate
> git remote --verbose
Failed to watch ref '/home/tblain/Document/cours/M1/multimif/m1if10/.git/refs/remotes/origin/feature/Connexion', is most likely packed.
Error: ENOENT: no such file or directory, watch '/home/tblain/Document/cours/M1/multimif/m1if10/.git/refs/remotes/origin/feature/Connexion'
	at FSWatcher.start (internal/fs/watchers.js:164:26)
	at Object.watch (fs.js:1232:11)
	at Object.t.watch (/usr/share/vscodium-bin/resources/app/extensions/git/dist/main.js:1:594401)
	at T.updateTransientWatchers (/usr/share/vscodium-bin/resources/app/extensions/git/dist/main.js:1:98291)
	at l.fire (/usr/share/vscodium-bin/resources/app/out/vs/workbench/services/extensions/node/extensionHostProcess.js:50:539)
	at k.updateModelState (/usr/share/vscodium-bin/resources/app/extensions/git/dist/main.js:1:115979)
> git check-ignore -v -z --stdin
> git status -z -u
> git symbolic-ref --short HEAD
> git rev-parse feature/Connexion
> git rev-parse --symbolic-full-name feature/Connexion@{u}
> git rev-list --left-right feature/Connexion...refs/remotes/origin/feature/Connexion
> git for-each-ref --format %(refname) %(objectname) --sort -committerdate
> git remote --verbose
Failed to watch ref '/home/tblain/Document/cours/M1/multimif/m1if10/.git/refs/remotes/origin/feature/Connexion', is most likely packed.
Error: ENOENT: no such file or directory, watch '/home/tblain/Document/cours/M1/multimif/m1if10/.git/refs/remotes/origin/feature/Connexion'
	at FSWatcher.start (internal/fs/watchers.js:164:26)
	at Object.watch (fs.js:1232:11)
	at Object.t.watch (/usr/share/vscodium-bin/resources/app/extensions/git/dist/main.js:1:594401)
	at T.updateTransientWatchers (/usr/share/vscodium-bin/resources/app/extensions/git/dist/main.js:1:98291)
	at l.fire (/usr/share/vscodium-bin/resources/app/out/vs/workbench/services/extensions/node/extensionHostProcess.js:50:539)
	at k.updateModelState (/usr/share/vscodium-bin/resources/app/extensions/git/dist/main.js:1:115979)
> git show :.gitignore
> git check-ignore -v -z --stdin
> git status -z -u
> git symbolic-ref --short HEAD
> git rev-parse feature/Connexion
> git rev-parse --symbolic-full-name feature/Connexion@{u}
> git rev-list --left-right feature/Connexion...refs/remotes/origin/feature/Connexion
> git for-each-ref --format %(refname) %(objectname) --sort -committerdate
> git remote --verbose
Failed to watch ref '/home/tblain/Document/cours/M1/multimif/m1if10/.git/refs/remotes/origin/feature/Connexion', is most likely packed.
Error: ENOENT: no such file or directory, watch '/home/tblain/Document/cours/M1/multimif/m1if10/.git/refs/remotes/origin/feature/Connexion'
	at FSWatcher.start (internal/fs/watchers.js:164:26)
	at Object.watch (fs.js:1232:11)
	at Object.t.watch (/usr/share/vscodium-bin/resources/app/extensions/git/dist/main.js:1:594401)
	at T.updateTransientWatchers (/usr/share/vscodium-bin/resources/app/extensions/git/dist/main.js:1:98291)
	at l.fire (/usr/share/vscodium-bin/resources/app/out/vs/workbench/services/extensions/node/extensionHostProcess.js:50:539)
	at k.updateModelState (/usr/share/vscodium-bin/resources/app/extensions/git/dist/main.js:1:115979)
> git check-ignore -v -z --stdin
> git branch
> git reset -q HEAD -- /home/tblain/Document/cours/M1/multimif/m1if10/webapp/.project
> git status -z -u
> git symbolic-ref --short HEAD
> git rev-parse feature/Connexion
> git rev-parse --symbolic-full-name feature/Connexion@{u}
> git rev-list --left-right feature/Connexion...refs/remotes/origin/feature/Connexion
> git for-each-ref --format %(refname) %(objectname) --sort -committerdate
> git remote --verbose
Failed to watch ref '/home/tblain/Document/cours/M1/multimif/m1if10/.git/refs/remotes/origin/feature/Connexion', is most likely packed.
Error: ENOENT: no such file or directory, watch '/home/tblain/Document/cours/M1/multimif/m1if10/.git/refs/remotes/origin/feature/Connexion'
	at FSWatcher.start (internal/fs/watchers.js:164:26)
	at Object.watch (fs.js:1232:11)
	at Object.t.watch (/usr/share/vscodium-bin/resources/app/extensions/git/dist/main.js:1:594401)
	at T.updateTransientWatchers (/usr/share/vscodium-bin/resources/app/extensions/git/dist/main.js:1:98291)
	at l.fire (/usr/share/vscodium-bin/resources/app/out/vs/workbench/services/extensions/node/extensionHostProcess.js:50:539)
	at k.updateModelState (/usr/share/vscodium-bin/resources/app/extensions/git/dist/main.js:1:115979)
> git show :.gitignore
> git status -z -u
> git symbolic-ref --short HEAD
> git rev-parse feature/Connexion
> git rev-parse --symbolic-full-name feature/Connexion@{u}
> git rev-list --left-right feature/Connexion...refs/remotes/origin/feature/Connexion
> git for-each-ref --format %(refname) %(objectname) --sort -committerdate
> git remote --verbose
Failed to watch ref '/home/tblain/Document/cours/M1/multimif/m1if10/.git/refs/remotes/origin/feature/Connexion', is most likely packed.
Error: ENOENT: no such file or directory, watch '/home/tblain/Document/cours/M1/multimif/m1if10/.git/refs/remotes/origin/feature/Connexion'
	at FSWatcher.start (internal/fs/watchers.js:164:26)
	at Object.watch (fs.js:1232:11)
	at Object.t.watch (/usr/share/vscodium-bin/resources/app/extensions/git/dist/main.js:1:594401)
	at T.updateTransientWatchers (/usr/share/vscodium-bin/resources/app/extensions/git/dist/main.js:1:98291)
	at l.fire (/usr/share/vscodium-bin/resources/app/out/vs/workbench/services/extensions/node/extensionHostProcess.js:50:539)
	at k.updateModelState (/usr/share/vscodium-bin/resources/app/extensions/git/dist/main.js:1:115979)
> git check-ignore -v -z --stdin
> git status -z -u
> git symbolic-ref --short HEAD
> git rev-parse feature/Connexion
> git rev-parse --symbolic-full-name feature/Connexion@{u}
> git rev-list --left-right feature/Connexion...refs/remotes/origin/feature/Connexion
> git for-each-ref --format %(refname) %(objectname) --sort -committerdate
> git remote --verbose
Failed to watch ref '/home/tblain/Document/cours/M1/multimif/m1if10/.git/refs/remotes/origin/feature/Connexion', is most likely packed.
Error: ENOENT: no such file or directory, watch '/home/tblain/Document/cours/M1/multimif/m1if10/.git/refs/remotes/origin/feature/Connexion'
	at FSWatcher.start (internal/fs/watchers.js:164:26)
	at Object.watch (fs.js:1232:11)
	at Object.t.watch (/usr/share/vscodium-bin/resources/app/extensions/git/dist/main.js:1:594401)
	at T.updateTransientWatchers (/usr/share/vscodium-bin/resources/app/extensions/git/dist/main.js:1:98291)
	at l.fire (/usr/share/vscodium-bin/resources/app/out/vs/workbench/services/extensions/node/extensionHostProcess.js:50:539)
	at k.updateModelState (/usr/share/vscodium-bin/resources/app/extensions/git/dist/main.js:1:115979)
> git check-ignore -v -z --stdin
> git status -z -u
> git symbolic-ref --short HEAD
> git rev-parse feature/Connexion
> git rev-parse --symbolic-full-name feature/Connexion@{u}
> git rev-list --left-right feature/Connexion...refs/remotes/origin/feature/Connexion
> git for-each-ref --format %(refname) %(objectname) --sort -committerdate
> git remote --verbose
Failed to watch ref '/home/tblain/Document/cours/M1/multimif/m1if10/.git/refs/remotes/origin/feature/Connexion', is most likely packed.
Error: ENOENT: no such file or directory, watch '/home/tblain/Document/cours/M1/multimif/m1if10/.git/refs/remotes/origin/feature/Connexion'
	at FSWatcher.start (internal/fs/watchers.js:164:26)
	at Object.watch (fs.js:1232:11)
	at Object.t.watch (/usr/share/vscodium-bin/resources/app/extensions/git/dist/main.js:1:594401)
	at T.updateTransientWatchers (/usr/share/vscodium-bin/resources/app/extensions/git/dist/main.js:1:98291)
	at l.fire (/usr/share/vscodium-bin/resources/app/out/vs/workbench/services/extensions/node/extensionHostProcess.js:50:539)
	at k.updateModelState (/usr/share/vscodium-bin/resources/app/extensions/git/dist/main.js:1:115979)
> git check-ignore -v -z --stdin
> git ls-tree -l HEAD -- /home/tblain/Document/cours/M1/multimif/m1if10/.gitignore
> git show HEAD:.gitignore
> git ls-tree -l HEAD -- ./
> git ls-tree -l HEAD -- /home/tblain/Document/cours/M1/multimif/m1if10/.gitignore
> git show :.gitignore
> git ls-tree -l HEAD -- /home/tblain/Document/cours/M1/multimif/m1if10/.gitignore
> git show HEAD:.gitignore
> git ls-tree -l HEAD -- ./
> git show :.gitignore
git.stage 1
git.stage.scmResources 1
> git add -A -- /home/tblain/Document/cours/M1/multimif/m1if10/.gitignore
> git status -z -u
> git symbolic-ref --short HEAD
> git rev-parse feature/Connexion
> git rev-parse --symbolic-full-name feature/Connexion@{u}
> git rev-list --left-right feature/Connexion...refs/remotes/origin/feature/Connexion
> git for-each-ref --format %(refname) %(objectname) --sort -committerdate
> git remote --verbose
Failed to watch ref '/home/tblain/Document/cours/M1/multimif/m1if10/.git/refs/remotes/origin/feature/Connexion', is most likely packed.
Error: ENOENT: no such file or directory, watch '/home/tblain/Document/cours/M1/multimif/m1if10/.git/refs/remotes/origin/feature/Connexion'
	at FSWatcher.start (internal/fs/watchers.js:164:26)
	at Object.watch (fs.js:1232:11)
	at Object.t.watch (/usr/share/vscodium-bin/resources/app/extensions/git/dist/main.js:1:594401)
	at T.updateTransientWatchers (/usr/share/vscodium-bin/resources/app/extensions/git/dist/main.js:1:98291)
	at l.fire (/usr/share/vscodium-bin/resources/app/out/vs/workbench/services/extensions/node/extensionHostProcess.js:50:539)
	at k.updateModelState (/usr/share/vscodium-bin/resources/app/extensions/git/dist/main.js:1:115979)
> git show :.gitignore
> git commit --quiet --allow-empty-message --file -
> git status -z -u
> git symbolic-ref --short HEAD
> git rev-parse feature/Connexion
> git rev-parse --symbolic-full-name feature/Connexion@{u}
> git rev-list --left-right feature/Connexion...refs/remotes/origin/feature/Connexion
> git for-each-ref --format %(refname) %(objectname) --sort -committerdate
> git remote --verbose
Failed to watch ref '/home/tblain/Document/cours/M1/multimif/m1if10/.git/refs/remotes/origin/feature/Connexion', is most likely packed.
Error: ENOENT: no such file or directory, watch '/home/tblain/Document/cours/M1/multimif/m1if10/.git/refs/remotes/origin/feature/Connexion'
	at FSWatcher.start (internal/fs/watchers.js:164:26)
	at Object.watch (fs.js:1232:11)
	at Object.t.watch (/usr/share/vscodium-bin/resources/app/extensions/git/dist/main.js:1:594401)
	at T.updateTransientWatchers (/usr/share/vscodium-bin/resources/app/extensions/git/dist/main.js:1:98291)
	at l.fire (/usr/share/vscodium-bin/resources/app/out/vs/workbench/services/extensions/node/extensionHostProcess.js:50:539)
	at k.updateModelState (/usr/share/vscodium-bin/resources/app/extensions/git/dist/main.js:1:115979)
> git config --get commit.template
