[Error - 4:20:21 PM] Request textDocument/codeAction failed.
  Message: Internal error.
  Code: -32603 
java.util.concurrent.CompletionException: java.lang.NullPointerException
	at java.base/java.util.concurrent.CompletableFuture.encodeThrowable(CompletableFuture.java:314)
	at java.base/java.util.concurrent.CompletableFuture.completeThrowable(CompletableFuture.java:319)
	at java.base/java.util.concurrent.CompletableFuture$UniApply.tryFire(CompletableFuture.java:645)
	at java.base/java.util.concurrent.CompletableFuture$Completion.exec(CompletableFuture.java:479)
	at java.base/java.util.concurrent.ForkJoinTask.doExec(ForkJoinTask.java:290)
	at java.base/java.util.concurrent.ForkJoinPool$WorkQueue.topLevelExec(ForkJoinPool.java:1020)
	at java.base/java.util.concurrent.ForkJoinPool.scan(ForkJoinPool.java:1656)
	at java.base/java.util.concurrent.ForkJoinPool.runWorker(ForkJoinPool.java:1594)
	at java.base/java.util.concurrent.ForkJoinWorkerThread.run(ForkJoinWorkerThread.java:177)
Caused by: java.lang.NullPointerException
	at org.eclipse.jdt.internal.corext.dom.ASTNodes.getParent(ASTNodes.java:1240)
	at org.eclipse.jdt.ls.core.internal.codemanipulation.GenerateGetterSetterOperation.createTextEdit(GenerateGetterSetterOperation.java:114)
	at org.eclipse.jdt.ls.core.internal.text.correction.SourceAssistProcessor.getGetterSetterAction(SourceAssistProcessor.java:215)
	at org.eclipse.jdt.ls.core.internal.text.correction.SourceAssistProcessor.getSourceActionCommands(SourceAssistProcessor.java:112)
	at org.eclipse.jdt.ls.core.internal.handlers.CodeActionHandler.getCodeActionCommands(CodeActionHandler.java:137)
	at org.eclipse.jdt.ls.core.internal.handlers.JDTLanguageServer.lambda$14(JDTLanguageServer.java:605)
	at org.eclipse.jdt.ls.core.internal.handlers.JDTLanguageServer.lambda$45(JDTLanguageServer.java:936)
	at java.base/java.util.concurrent.CompletableFuture$UniApply.tryFire(CompletableFuture.java:642)
	... 6 more

[Error - 4:20:53 PM] Oct 24, 2019, 4:20:53 PM 
null
org.eclipse.jface.text.BadLocationException
	at org.eclipse.jface.text.TreeLineTracker.fail(TreeLineTracker.java:1054)
	at org.eclipse.jface.text.TreeLineTracker.lineByOffset(TreeLineTracker.java:268)
	at org.eclipse.jface.text.TreeLineTracker.getLineNumberOfOffset(TreeLineTracker.java:1122)
	at org.eclipse.jface.text.AbstractLineTracker.getLineNumberOfOffset(AbstractLineTracker.java:155)
	at org.eclipse.jface.text.AbstractDocument.getLineOfOffset(AbstractDocument.java:871)
	at org.eclipse.core.internal.filebuffers.SynchronizableDocument.getLineOfOffset(SynchronizableDocument.java:334)
	at org.eclipse.jdt.ls.core.internal.handlers.JsonRpcHelpers.toLine(JsonRpcHelpers.java:83)
	at org.eclipse.jdt.ls.core.internal.handlers.JsonRpcHelpers.toLine(JsonRpcHelpers.java:71)
	at org.eclipse.jdt.ls.core.internal.JDTUtils.toRange(JDTUtils.java:563)
	at org.eclipse.jdt.ls.core.internal.TextEditConverter.visit(TextEditConverter.java:137)
	at org.eclipse.text.edits.MultiTextEdit.accept0(MultiTextEdit.java:146)
	at org.eclipse.text.edits.TextEdit.accept(TextEdit.java:641)
	at org.eclipse.jdt.ls.core.internal.TextEditConverter.convert(TextEditConverter.java:61)
	at org.eclipse.jdt.ls.core.internal.text.correction.SourceAssistProcessor.convertToWorkspaceEdit(SourceAssistProcessor.java:381)
	at org.eclipse.jdt.ls.core.internal.text.correction.SourceAssistProcessor.convertToWorkspaceEditAction(SourceAssistProcessor.java:346)
	at org.eclipse.jdt.ls.core.internal.text.correction.SourceAssistProcessor.getGetterSetterAction(SourceAssistProcessor.java:216)
	at org.eclipse.jdt.ls.core.internal.text.correction.SourceAssistProcessor.getSourceActionCommands(SourceAssistProcessor.java:112)
	at org.eclipse.jdt.ls.core.internal.handlers.CodeActionHandler.getCodeActionCommands(CodeActionHandler.java:137)
	at org.eclipse.jdt.ls.core.internal.handlers.JDTLanguageServer.lambda$14(JDTLanguageServer.java:605)
	at org.eclipse.jdt.ls.core.internal.handlers.JDTLanguageServer.lambda$45(JDTLanguageServer.java:936)
	at java.base/java.util.concurrent.CompletableFuture$UniApply.tryFire(CompletableFuture.java:642)
	at java.base/java.util.concurrent.CompletableFuture$Completion.exec(CompletableFuture.java:479)
	at java.base/java.util.concurrent.ForkJoinTask.doExec(ForkJoinTask.java:290)
	at java.base/java.util.concurrent.ForkJoinPool$WorkQueue.topLevelExec(ForkJoinPool.java:1020)
	at java.base/java.util.concurrent.ForkJoinPool.scan(ForkJoinPool.java:1656)
	at java.base/java.util.concurrent.ForkJoinPool.runWorker(ForkJoinPool.java:1594)
	at java.base/java.util.concurrent.ForkJoinWorkerThread.run(ForkJoinWorkerThread.java:177)

[Error - 4:20:53 PM] Oct 24, 2019, 4:20:53 PM 
null
org.eclipse.jface.text.BadLocationException
	at org.eclipse.jface.text.TreeLineTracker.fail(TreeLineTracker.java:1054)
	at org.eclipse.jface.text.TreeLineTracker.lineByOffset(TreeLineTracker.java:268)
	at org.eclipse.jface.text.TreeLineTracker.getLineNumberOfOffset(TreeLineTracker.java:1122)
	at org.eclipse.jface.text.AbstractLineTracker.getLineNumberOfOffset(AbstractLineTracker.java:155)
	at org.eclipse.jface.text.AbstractDocument.getLineOfOffset(AbstractDocument.java:871)
	at org.eclipse.core.internal.filebuffers.SynchronizableDocument.getLineOfOffset(SynchronizableDocument.java:334)
	at org.eclipse.jdt.ls.core.internal.handlers.JsonRpcHelpers.toLine(JsonRpcHelpers.java:83)
	at org.eclipse.jdt.ls.core.internal.handlers.JsonRpcHelpers.toLine(JsonRpcHelpers.java:71)
	at org.eclipse.jdt.ls.core.internal.JDTUtils.toRange(JDTUtils.java:564)
	at org.eclipse.jdt.ls.core.internal.TextEditConverter.visit(TextEditConverter.java:137)
	at org.eclipse.text.edits.MultiTextEdit.accept0(MultiTextEdit.java:146)
	at org.eclipse.text.edits.TextEdit.accept(TextEdit.java:641)
	at org.eclipse.jdt.ls.core.internal.TextEditConverter.convert(TextEditConverter.java:61)
	at org.eclipse.jdt.ls.core.internal.text.correction.SourceAssistProcessor.convertToWorkspaceEdit(SourceAssistProcessor.java:381)
	at org.eclipse.jdt.ls.core.internal.text.correction.SourceAssistProcessor.convertToWorkspaceEditAction(SourceAssistProcessor.java:346)
	at org.eclipse.jdt.ls.core.internal.text.correction.SourceAssistProcessor.getGetterSetterAction(SourceAssistProcessor.java:216)
	at org.eclipse.jdt.ls.core.internal.text.correction.SourceAssistProcessor.getSourceActionCommands(SourceAssistProcessor.java:112)
	at org.eclipse.jdt.ls.core.internal.handlers.CodeActionHandler.getCodeActionCommands(CodeActionHandler.java:137)
	at org.eclipse.jdt.ls.core.internal.handlers.JDTLanguageServer.lambda$14(JDTLanguageServer.java:605)
	at org.eclipse.jdt.ls.core.internal.handlers.JDTLanguageServer.lambda$45(JDTLanguageServer.java:936)
	at java.base/java.util.concurrent.CompletableFuture$UniApply.tryFire(CompletableFuture.java:642)
	at java.base/java.util.concurrent.CompletableFuture$Completion.exec(CompletableFuture.java:479)
	at java.base/java.util.concurrent.ForkJoinTask.doExec(ForkJoinTask.java:290)
	at java.base/java.util.concurrent.ForkJoinPool$WorkQueue.topLevelExec(ForkJoinPool.java:1020)
	at java.base/java.util.concurrent.ForkJoinPool.scan(ForkJoinPool.java:1656)
	at java.base/java.util.concurrent.ForkJoinPool.runWorker(ForkJoinPool.java:1594)
	at java.base/java.util.concurrent.ForkJoinWorkerThread.run(ForkJoinWorkerThread.java:177)

[Error - 4:20:53 PM] Oct 24, 2019, 4:20:53 PM Error converting TextEdits
End position lies outside document range
org.eclipse.text.edits.MalformedTreeException: End position lies outside document range
	at org.eclipse.text.edits.TextEditProcessor.checkIntegrityDo(TextEditProcessor.java:180)
	at org.eclipse.text.edits.TextEdit.dispatchCheckIntegrity(TextEdit.java:746)
	at org.eclipse.text.edits.TextEditProcessor.performEdits(TextEditProcessor.java:153)
	at org.eclipse.text.edits.TextEdit.apply(TextEdit.java:714)
	at org.eclipse.jdt.ls.core.internal.TextEditConverter.visit(TextEditConverter.java:139)
	at org.eclipse.text.edits.MultiTextEdit.accept0(MultiTextEdit.java:146)
	at org.eclipse.text.edits.TextEdit.accept(TextEdit.java:641)
	at org.eclipse.jdt.ls.core.internal.TextEditConverter.convert(TextEditConverter.java:61)
	at org.eclipse.jdt.ls.core.internal.text.correction.SourceAssistProcessor.convertToWorkspaceEdit(SourceAssistProcessor.java:381)
	at org.eclipse.jdt.ls.core.internal.text.correction.SourceAssistProcessor.convertToWorkspaceEditAction(SourceAssistProcessor.java:346)
	at org.eclipse.jdt.ls.core.internal.text.correction.SourceAssistProcessor.getGetterSetterAction(SourceAssistProcessor.java:216)
	at org.eclipse.jdt.ls.core.internal.text.correction.SourceAssistProcessor.getSourceActionCommands(SourceAssistProcessor.java:112)
	at org.eclipse.jdt.ls.core.internal.handlers.CodeActionHandler.getCodeActionCommands(CodeActionHandler.java:137)
	at org.eclipse.jdt.ls.core.internal.handlers.JDTLanguageServer.lambda$14(JDTLanguageServer.java:605)
	at org.eclipse.jdt.ls.core.internal.handlers.JDTLanguageServer.lambda$45(JDTLanguageServer.java:936)
	at java.base/java.util.concurrent.CompletableFuture$UniApply.tryFire(CompletableFuture.java:642)
	at java.base/java.util.concurrent.CompletableFuture$Completion.exec(CompletableFuture.java:479)
	at java.base/java.util.concurrent.ForkJoinTask.doExec(ForkJoinTask.java:290)
	at java.base/java.util.concurrent.ForkJoinPool$WorkQueue.topLevelExec(ForkJoinPool.java:1020)
	at java.base/java.util.concurrent.ForkJoinPool.scan(ForkJoinPool.java:1656)
	at java.base/java.util.concurrent.ForkJoinPool.runWorker(ForkJoinPool.java:1594)
	at java.base/java.util.concurrent.ForkJoinWorkerThread.run(ForkJoinWorkerThread.java:177)

