[Error - 7:57:17 PM] Oct 23, 2019, 7:57:17 PM Problem with folding range for /tp3/src/main/java/fr/univlyon1/m1if/m1if03/classes/Billet.java
Invalid_Character_Constant
org.eclipse.jdt.core.compiler.InvalidInputException: Invalid_Character_Constant
	at org.eclipse.jdt.internal.core.util.PublicScanner.getNextToken(PublicScanner.java:1347)
	at org.eclipse.jdt.ls.core.internal.handlers.FoldingRangeHandler.computeFoldingRanges(FoldingRangeHandler.java:110)
	at org.eclipse.jdt.ls.core.internal.handlers.FoldingRangeHandler.foldingRange(FoldingRangeHandler.java:61)
	at org.eclipse.jdt.ls.core.internal.handlers.JDTLanguageServer.lambda$26(JDTLanguageServer.java:790)
	at org.eclipse.jdt.ls.core.internal.handlers.JDTLanguageServer.lambda$46(JDTLanguageServer.java:942)
	at java.base/java.util.concurrent.CompletableFuture$UniApply.tryFire(CompletableFuture.java:642)
	at java.base/java.util.concurrent.CompletableFuture$Completion.exec(CompletableFuture.java:479)
	at java.base/java.util.concurrent.ForkJoinTask.doExec(ForkJoinTask.java:290)
	at java.base/java.util.concurrent.ForkJoinPool$WorkQueue.topLevelExec(ForkJoinPool.java:1020)
	at java.base/java.util.concurrent.ForkJoinPool.scan(ForkJoinPool.java:1656)
	at java.base/java.util.concurrent.ForkJoinPool.runWorker(ForkJoinPool.java:1594)
	at java.base/java.util.concurrent.ForkJoinWorkerThread.run(ForkJoinWorkerThread.java:177)

[Error - 7:57:17 PM] Oct 23, 2019, 7:57:17 PM Problem with folding range for /tp3/src/main/java/fr/univlyon1/m1if/m1if03/classes/Billet.java
Invalid_Character_Constant
org.eclipse.jdt.core.compiler.InvalidInputException: Invalid_Character_Constant
	at org.eclipse.jdt.internal.core.util.PublicScanner.getNextToken(PublicScanner.java:1347)
	at org.eclipse.jdt.ls.core.internal.handlers.FoldingRangeHandler.computeFoldingRanges(FoldingRangeHandler.java:110)
	at org.eclipse.jdt.ls.core.internal.handlers.FoldingRangeHandler.foldingRange(FoldingRangeHandler.java:61)
	at org.eclipse.jdt.ls.core.internal.handlers.JDTLanguageServer.lambda$26(JDTLanguageServer.java:790)
	at org.eclipse.jdt.ls.core.internal.handlers.JDTLanguageServer.lambda$46(JDTLanguageServer.java:942)
	at java.base/java.util.concurrent.CompletableFuture$UniApply.tryFire(CompletableFuture.java:642)
	at java.base/java.util.concurrent.CompletableFuture$Completion.exec(CompletableFuture.java:479)
	at java.base/java.util.concurrent.ForkJoinTask.doExec(ForkJoinTask.java:290)
	at java.base/java.util.concurrent.ForkJoinPool$WorkQueue.topLevelExec(ForkJoinPool.java:1020)
	at java.base/java.util.concurrent.ForkJoinPool.scan(ForkJoinPool.java:1656)
	at java.base/java.util.concurrent.ForkJoinPool.runWorker(ForkJoinPool.java:1594)
	at java.base/java.util.concurrent.ForkJoinWorkerThread.run(ForkJoinWorkerThread.java:177)

[Error - 7:57:17 PM] Oct 23, 2019, 7:57:17 PM Problem with folding range for /tp3/src/main/java/fr/univlyon1/m1if/m1if03/classes/Billet.java
Invalid_Character_Constant
org.eclipse.jdt.core.compiler.InvalidInputException: Invalid_Character_Constant
	at org.eclipse.jdt.internal.core.util.PublicScanner.getNextToken(PublicScanner.java:1347)
	at org.eclipse.jdt.ls.core.internal.handlers.FoldingRangeHandler.computeFoldingRanges(FoldingRangeHandler.java:110)
	at org.eclipse.jdt.ls.core.internal.handlers.FoldingRangeHandler.foldingRange(FoldingRangeHandler.java:61)
	at org.eclipse.jdt.ls.core.internal.handlers.JDTLanguageServer.lambda$26(JDTLanguageServer.java:790)
	at org.eclipse.jdt.ls.core.internal.handlers.JDTLanguageServer.lambda$46(JDTLanguageServer.java:942)
	at java.base/java.util.concurrent.CompletableFuture$UniApply.tryFire(CompletableFuture.java:642)
	at java.base/java.util.concurrent.CompletableFuture$Completion.exec(CompletableFuture.java:479)
	at java.base/java.util.concurrent.ForkJoinTask.doExec(ForkJoinTask.java:290)
	at java.base/java.util.concurrent.ForkJoinPool$WorkQueue.topLevelExec(ForkJoinPool.java:1020)
	at java.base/java.util.concurrent.ForkJoinPool.scan(ForkJoinPool.java:1656)
	at java.base/java.util.concurrent.ForkJoinPool.runWorker(ForkJoinPool.java:1594)
	at java.base/java.util.concurrent.ForkJoinWorkerThread.run(ForkJoinWorkerThread.java:177)

[Error - 7:57:17 PM] Oct 23, 2019, 7:57:17 PM Problem with folding range for /tp3/src/main/java/fr/univlyon1/m1if/m1if03/classes/Billet.java
Invalid_Character_Constant
org.eclipse.jdt.core.compiler.InvalidInputException: Invalid_Character_Constant
	at org.eclipse.jdt.internal.core.util.PublicScanner.getNextToken(PublicScanner.java:1347)
	at org.eclipse.jdt.ls.core.internal.handlers.FoldingRangeHandler.computeFoldingRanges(FoldingRangeHandler.java:110)
	at org.eclipse.jdt.ls.core.internal.handlers.FoldingRangeHandler.foldingRange(FoldingRangeHandler.java:61)
	at org.eclipse.jdt.ls.core.internal.handlers.JDTLanguageServer.lambda$26(JDTLanguageServer.java:790)
	at org.eclipse.jdt.ls.core.internal.handlers.JDTLanguageServer.lambda$46(JDTLanguageServer.java:942)
	at java.base/java.util.concurrent.CompletableFuture$UniApply.tryFire(CompletableFuture.java:642)
	at java.base/java.util.concurrent.CompletableFuture$Completion.exec(CompletableFuture.java:479)
	at java.base/java.util.concurrent.ForkJoinTask.doExec(ForkJoinTask.java:290)
	at java.base/java.util.concurrent.ForkJoinPool$WorkQueue.topLevelExec(ForkJoinPool.java:1020)
	at java.base/java.util.concurrent.ForkJoinPool.scan(ForkJoinPool.java:1656)
	at java.base/java.util.concurrent.ForkJoinPool.runWorker(ForkJoinPool.java:1594)
	at java.base/java.util.concurrent.ForkJoinWorkerThread.run(ForkJoinWorkerThread.java:177)

[Error - 7:57:33 PM] Oct 23, 2019, 7:57:33 PM Offset > length: 1690 > 1465
Offset > length: 1690 > 1465
org.eclipse.jface.text.BadLocationException: Offset > length: 1690 > 1465
	at org.eclipse.jface.text.ListLineTracker.getLineNumberOfOffset(ListLineTracker.java:141)
	at org.eclipse.jface.text.AbstractLineTracker.getLineNumberOfOffset(AbstractLineTracker.java:155)
	at org.eclipse.jface.text.AbstractDocument.getLineOfOffset(AbstractDocument.java:871)
	at org.eclipse.core.internal.filebuffers.SynchronizableDocument.getLineOfOffset(SynchronizableDocument.java:334)
	at org.eclipse.jdt.ls.core.internal.handlers.JsonRpcHelpers.toLine(JsonRpcHelpers.java:83)
	at org.eclipse.jdt.ls.core.internal.handlers.JsonRpcHelpers.toLine(JsonRpcHelpers.java:71)
	at org.eclipse.jdt.ls.core.internal.JDTUtils.toRange(JDTUtils.java:563)
	at org.eclipse.jdt.ls.core.internal.TextEditConverter.visit(TextEditConverter.java:137)
	at org.eclipse.text.edits.MultiTextEdit.accept0(MultiTextEdit.java:146)
	at org.eclipse.text.edits.TextEdit.accept(TextEdit.java:641)
	at org.eclipse.jdt.ls.core.internal.TextEditConverter.convert(TextEditConverter.java:61)
	at org.eclipse.jdt.ls.core.internal.text.correction.SourceAssistProcessor.convertToWorkspaceEdit(SourceAssistProcessor.java:381)
	at org.eclipse.jdt.ls.core.internal.text.correction.SourceAssistProcessor.convertToWorkspaceEditAction(SourceAssistProcessor.java:346)
	at org.eclipse.jdt.ls.core.internal.text.correction.SourceAssistProcessor.getGetterSetterAction(SourceAssistProcessor.java:216)
	at org.eclipse.jdt.ls.core.internal.text.correction.SourceAssistProcessor.getSourceActionCommands(SourceAssistProcessor.java:112)
	at org.eclipse.jdt.ls.core.internal.handlers.CodeActionHandler.getCodeActionCommands(CodeActionHandler.java:137)
	at org.eclipse.jdt.ls.core.internal.handlers.JDTLanguageServer.lambda$14(JDTLanguageServer.java:605)
	at org.eclipse.jdt.ls.core.internal.handlers.JDTLanguageServer.lambda$45(JDTLanguageServer.java:936)
	at java.base/java.util.concurrent.CompletableFuture$UniApply.tryFire(CompletableFuture.java:642)
	at java.base/java.util.concurrent.CompletableFuture$Completion.exec(CompletableFuture.java:479)
	at java.base/java.util.concurrent.ForkJoinTask.doExec(ForkJoinTask.java:290)
	at java.base/java.util.concurrent.ForkJoinPool$WorkQueue.topLevelExec(ForkJoinPool.java:1020)
	at java.base/java.util.concurrent.ForkJoinPool.scan(ForkJoinPool.java:1656)
	at java.base/java.util.concurrent.ForkJoinPool.runWorker(ForkJoinPool.java:1594)
	at java.base/java.util.concurrent.ForkJoinWorkerThread.run(ForkJoinWorkerThread.java:177)

[Error - 7:57:33 PM] Oct 23, 2019, 7:57:33 PM Offset > length: 1690 > 1465
Offset > length: 1690 > 1465
org.eclipse.jface.text.BadLocationException: Offset > length: 1690 > 1465
	at org.eclipse.jface.text.ListLineTracker.getLineNumberOfOffset(ListLineTracker.java:141)
	at org.eclipse.jface.text.AbstractLineTracker.getLineNumberOfOffset(AbstractLineTracker.java:155)
	at org.eclipse.jface.text.AbstractDocument.getLineOfOffset(AbstractDocument.java:871)
	at org.eclipse.core.internal.filebuffers.SynchronizableDocument.getLineOfOffset(SynchronizableDocument.java:334)
	at org.eclipse.jdt.ls.core.internal.handlers.JsonRpcHelpers.toLine(JsonRpcHelpers.java:83)
	at org.eclipse.jdt.ls.core.internal.handlers.JsonRpcHelpers.toLine(JsonRpcHelpers.java:71)
	at org.eclipse.jdt.ls.core.internal.JDTUtils.toRange(JDTUtils.java:564)
	at org.eclipse.jdt.ls.core.internal.TextEditConverter.visit(TextEditConverter.java:137)
	at org.eclipse.text.edits.MultiTextEdit.accept0(MultiTextEdit.java:146)
	at org.eclipse.text.edits.TextEdit.accept(TextEdit.java:641)
	at org.eclipse.jdt.ls.core.internal.TextEditConverter.convert(TextEditConverter.java:61)
	at org.eclipse.jdt.ls.core.internal.text.correction.SourceAssistProcessor.convertToWorkspaceEdit(SourceAssistProcessor.java:381)
	at org.eclipse.jdt.ls.core.internal.text.correction.SourceAssistProcessor.convertToWorkspaceEditAction(SourceAssistProcessor.java:346)
	at org.eclipse.jdt.ls.core.internal.text.correction.SourceAssistProcessor.getGetterSetterAction(SourceAssistProcessor.java:216)
	at org.eclipse.jdt.ls.core.internal.text.correction.SourceAssistProcessor.getSourceActionCommands(SourceAssistProcessor.java:112)
	at org.eclipse.jdt.ls.core.internal.handlers.CodeActionHandler.getCodeActionCommands(CodeActionHandler.java:137)
	at org.eclipse.jdt.ls.core.internal.handlers.JDTLanguageServer.lambda$14(JDTLanguageServer.java:605)
	at org.eclipse.jdt.ls.core.internal.handlers.JDTLanguageServer.lambda$45(JDTLanguageServer.java:936)
	at java.base/java.util.concurrent.CompletableFuture$UniApply.tryFire(CompletableFuture.java:642)
	at java.base/java.util.concurrent.CompletableFuture$Completion.exec(CompletableFuture.java:479)
	at java.base/java.util.concurrent.ForkJoinTask.doExec(ForkJoinTask.java:290)
	at java.base/java.util.concurrent.ForkJoinPool$WorkQueue.topLevelExec(ForkJoinPool.java:1020)
	at java.base/java.util.concurrent.ForkJoinPool.scan(ForkJoinPool.java:1656)
	at java.base/java.util.concurrent.ForkJoinPool.runWorker(ForkJoinPool.java:1594)
	at java.base/java.util.concurrent.ForkJoinWorkerThread.run(ForkJoinWorkerThread.java:177)

[Error - 7:57:33 PM] Oct 23, 2019, 7:57:33 PM Error converting TextEdits
End position lies outside document range
org.eclipse.text.edits.MalformedTreeException: End position lies outside document range
	at org.eclipse.text.edits.TextEditProcessor.checkIntegrityDo(TextEditProcessor.java:180)
	at org.eclipse.text.edits.TextEdit.dispatchCheckIntegrity(TextEdit.java:746)
	at org.eclipse.text.edits.TextEditProcessor.performEdits(TextEditProcessor.java:153)
	at org.eclipse.text.edits.TextEdit.apply(TextEdit.java:714)
	at org.eclipse.jdt.ls.core.internal.TextEditConverter.visit(TextEditConverter.java:139)
	at org.eclipse.text.edits.MultiTextEdit.accept0(MultiTextEdit.java:146)
	at org.eclipse.text.edits.TextEdit.accept(TextEdit.java:641)
	at org.eclipse.jdt.ls.core.internal.TextEditConverter.convert(TextEditConverter.java:61)
	at org.eclipse.jdt.ls.core.internal.text.correction.SourceAssistProcessor.convertToWorkspaceEdit(SourceAssistProcessor.java:381)
	at org.eclipse.jdt.ls.core.internal.text.correction.SourceAssistProcessor.convertToWorkspaceEditAction(SourceAssistProcessor.java:346)
	at org.eclipse.jdt.ls.core.internal.text.correction.SourceAssistProcessor.getGetterSetterAction(SourceAssistProcessor.java:216)
	at org.eclipse.jdt.ls.core.internal.text.correction.SourceAssistProcessor.getSourceActionCommands(SourceAssistProcessor.java:112)
	at org.eclipse.jdt.ls.core.internal.handlers.CodeActionHandler.getCodeActionCommands(CodeActionHandler.java:137)
	at org.eclipse.jdt.ls.core.internal.handlers.JDTLanguageServer.lambda$14(JDTLanguageServer.java:605)
	at org.eclipse.jdt.ls.core.internal.handlers.JDTLanguageServer.lambda$45(JDTLanguageServer.java:936)
	at java.base/java.util.concurrent.CompletableFuture$UniApply.tryFire(CompletableFuture.java:642)
	at java.base/java.util.concurrent.CompletableFuture$Completion.exec(CompletableFuture.java:479)
	at java.base/java.util.concurrent.ForkJoinTask.doExec(ForkJoinTask.java:290)
	at java.base/java.util.concurrent.ForkJoinPool$WorkQueue.topLevelExec(ForkJoinPool.java:1020)
	at java.base/java.util.concurrent.ForkJoinPool.scan(ForkJoinPool.java:1656)
	at java.base/java.util.concurrent.ForkJoinPool.runWorker(ForkJoinPool.java:1594)
	at java.base/java.util.concurrent.ForkJoinWorkerThread.run(ForkJoinWorkerThread.java:177)

[Error - 7:57:33 PM] Oct 23, 2019, 7:57:33 PM Offset > length: 1690 > 1465
Offset > length: 1690 > 1465
org.eclipse.jface.text.BadLocationException: Offset > length: 1690 > 1465
	at org.eclipse.jface.text.ListLineTracker.getLineNumberOfOffset(ListLineTracker.java:141)
	at org.eclipse.jface.text.AbstractLineTracker.getLineNumberOfOffset(AbstractLineTracker.java:155)
	at org.eclipse.jface.text.AbstractDocument.getLineOfOffset(AbstractDocument.java:871)
	at org.eclipse.core.internal.filebuffers.SynchronizableDocument.getLineOfOffset(SynchronizableDocument.java:334)
	at org.eclipse.jdt.ls.core.internal.handlers.JsonRpcHelpers.toLine(JsonRpcHelpers.java:83)
	at org.eclipse.jdt.ls.core.internal.handlers.JsonRpcHelpers.toLine(JsonRpcHelpers.java:71)
	at org.eclipse.jdt.ls.core.internal.JDTUtils.toRange(JDTUtils.java:563)
	at org.eclipse.jdt.ls.core.internal.TextEditConverter.visit(TextEditConverter.java:137)
	at org.eclipse.text.edits.MultiTextEdit.accept0(MultiTextEdit.java:146)
	at org.eclipse.text.edits.TextEdit.accept(TextEdit.java:641)
	at org.eclipse.jdt.ls.core.internal.TextEditConverter.convert(TextEditConverter.java:61)
	at org.eclipse.jdt.ls.core.internal.text.correction.SourceAssistProcessor.convertToWorkspaceEdit(SourceAssistProcessor.java:381)
	at org.eclipse.jdt.ls.core.internal.text.correction.SourceAssistProcessor.convertToWorkspaceEditAction(SourceAssistProcessor.java:346)
	at org.eclipse.jdt.ls.core.internal.text.correction.SourceAssistProcessor.getGetterSetterAction(SourceAssistProcessor.java:216)
	at org.eclipse.jdt.ls.core.internal.text.correction.SourceAssistProcessor.getSourceActionCommands(SourceAssistProcessor.java:112)
	at org.eclipse.jdt.ls.core.internal.handlers.CodeActionHandler.getCodeActionCommands(CodeActionHandler.java:137)
	at org.eclipse.jdt.ls.core.internal.handlers.JDTLanguageServer.lambda$14(JDTLanguageServer.java:605)
	at org.eclipse.jdt.ls.core.internal.handlers.JDTLanguageServer.lambda$45(JDTLanguageServer.java:936)
	at java.base/java.util.concurrent.CompletableFuture$UniApply.tryFire(CompletableFuture.java:642)
	at java.base/java.util.concurrent.CompletableFuture$Completion.exec(CompletableFuture.java:479)
	at java.base/java.util.concurrent.ForkJoinTask.doExec(ForkJoinTask.java:290)
	at java.base/java.util.concurrent.ForkJoinPool$WorkQueue.topLevelExec(ForkJoinPool.java:1020)
	at java.base/java.util.concurrent.ForkJoinPool.scan(ForkJoinPool.java:1656)
	at java.base/java.util.concurrent.ForkJoinPool.runWorker(ForkJoinPool.java:1594)
	at java.base/java.util.concurrent.ForkJoinWorkerThread.run(ForkJoinWorkerThread.java:177)

[Error - 7:57:33 PM] Oct 23, 2019, 7:57:33 PM Offset > length: 1690 > 1465
Offset > length: 1690 > 1465
org.eclipse.jface.text.BadLocationException: Offset > length: 1690 > 1465
	at org.eclipse.jface.text.ListLineTracker.getLineNumberOfOffset(ListLineTracker.java:141)
	at org.eclipse.jface.text.AbstractLineTracker.getLineNumberOfOffset(AbstractLineTracker.java:155)
	at org.eclipse.jface.text.AbstractDocument.getLineOfOffset(AbstractDocument.java:871)
	at org.eclipse.core.internal.filebuffers.SynchronizableDocument.getLineOfOffset(SynchronizableDocument.java:334)
	at org.eclipse.jdt.ls.core.internal.handlers.JsonRpcHelpers.toLine(JsonRpcHelpers.java:83)
	at org.eclipse.jdt.ls.core.internal.handlers.JsonRpcHelpers.toLine(JsonRpcHelpers.java:71)
	at org.eclipse.jdt.ls.core.internal.JDTUtils.toRange(JDTUtils.java:564)
	at org.eclipse.jdt.ls.core.internal.TextEditConverter.visit(TextEditConverter.java:137)
	at org.eclipse.text.edits.MultiTextEdit.accept0(MultiTextEdit.java:146)
	at org.eclipse.text.edits.TextEdit.accept(TextEdit.java:641)
	at org.eclipse.jdt.ls.core.internal.TextEditConverter.convert(TextEditConverter.java:61)
	at org.eclipse.jdt.ls.core.internal.text.correction.SourceAssistProcessor.convertToWorkspaceEdit(SourceAssistProcessor.java:381)
	at org.eclipse.jdt.ls.core.internal.text.correction.SourceAssistProcessor.convertToWorkspaceEditAction(SourceAssistProcessor.java:346)
	at org.eclipse.jdt.ls.core.internal.text.correction.SourceAssistProcessor.getGetterSetterAction(SourceAssistProcessor.java:216)
	at org.eclipse.jdt.ls.core.internal.text.correction.SourceAssistProcessor.getSourceActionCommands(SourceAssistProcessor.java:112)
	at org.eclipse.jdt.ls.core.internal.handlers.CodeActionHandler.getCodeActionCommands(CodeActionHandler.java:137)
	at org.eclipse.jdt.ls.core.internal.handlers.JDTLanguageServer.lambda$14(JDTLanguageServer.java:605)
	at org.eclipse.jdt.ls.core.internal.handlers.JDTLanguageServer.lambda$45(JDTLanguageServer.java:936)
	at java.base/java.util.concurrent.CompletableFuture$UniApply.tryFire(CompletableFuture.java:642)
	at java.base/java.util.concurrent.CompletableFuture$Completion.exec(CompletableFuture.java:479)
	at java.base/java.util.concurrent.ForkJoinTask.doExec(ForkJoinTask.java:290)
	at java.base/java.util.concurrent.ForkJoinPool$WorkQueue.topLevelExec(ForkJoinPool.java:1020)
	at java.base/java.util.concurrent.ForkJoinPool.scan(ForkJoinPool.java:1656)
	at java.base/java.util.concurrent.ForkJoinPool.runWorker(ForkJoinPool.java:1594)
	at java.base/java.util.concurrent.ForkJoinWorkerThread.run(ForkJoinWorkerThread.java:177)

[Error - 7:57:33 PM] Oct 23, 2019, 7:57:33 PM Error converting TextEdits
End position lies outside document range
org.eclipse.text.edits.MalformedTreeException: End position lies outside document range
	at org.eclipse.text.edits.TextEditProcessor.checkIntegrityDo(TextEditProcessor.java:180)
	at org.eclipse.text.edits.TextEdit.dispatchCheckIntegrity(TextEdit.java:746)
	at org.eclipse.text.edits.TextEditProcessor.performEdits(TextEditProcessor.java:153)
	at org.eclipse.text.edits.TextEdit.apply(TextEdit.java:714)
	at org.eclipse.jdt.ls.core.internal.TextEditConverter.visit(TextEditConverter.java:139)
	at org.eclipse.text.edits.MultiTextEdit.accept0(MultiTextEdit.java:146)
	at org.eclipse.text.edits.TextEdit.accept(TextEdit.java:641)
	at org.eclipse.jdt.ls.core.internal.TextEditConverter.convert(TextEditConverter.java:61)
	at org.eclipse.jdt.ls.core.internal.text.correction.SourceAssistProcessor.convertToWorkspaceEdit(SourceAssistProcessor.java:381)
	at org.eclipse.jdt.ls.core.internal.text.correction.SourceAssistProcessor.convertToWorkspaceEditAction(SourceAssistProcessor.java:346)
	at org.eclipse.jdt.ls.core.internal.text.correction.SourceAssistProcessor.getGetterSetterAction(SourceAssistProcessor.java:216)
	at org.eclipse.jdt.ls.core.internal.text.correction.SourceAssistProcessor.getSourceActionCommands(SourceAssistProcessor.java:112)
	at org.eclipse.jdt.ls.core.internal.handlers.CodeActionHandler.getCodeActionCommands(CodeActionHandler.java:137)
	at org.eclipse.jdt.ls.core.internal.handlers.JDTLanguageServer.lambda$14(JDTLanguageServer.java:605)
	at org.eclipse.jdt.ls.core.internal.handlers.JDTLanguageServer.lambda$45(JDTLanguageServer.java:936)
	at java.base/java.util.concurrent.CompletableFuture$UniApply.tryFire(CompletableFuture.java:642)
	at java.base/java.util.concurrent.CompletableFuture$Completion.exec(CompletableFuture.java:479)
	at java.base/java.util.concurrent.ForkJoinTask.doExec(ForkJoinTask.java:290)
	at java.base/java.util.concurrent.ForkJoinPool$WorkQueue.topLevelExec(ForkJoinPool.java:1020)
	at java.base/java.util.concurrent.ForkJoinPool.scan(ForkJoinPool.java:1656)
	at java.base/java.util.concurrent.ForkJoinPool.runWorker(ForkJoinPool.java:1594)
	at java.base/java.util.concurrent.ForkJoinWorkerThread.run(ForkJoinWorkerThread.java:177)

