[2019-10-22 20:06:47.999] [sharedprocess] [info] main {"machineId":"069735d40ac7d6ac7e62c12c182199d72e1838dadb060e383e95fb9849c9d0f1","windowId":2}
[2019-10-22 20:07:27.996] [sharedprocess] [info] Starting to clean up unused language packs.
[2019-10-22 20:57:44.988] [sharedprocess] [info] Installing extension: vscjava.vscode-maven
[2019-10-22 20:57:46.432] [sharedprocess] [info] Installing extension: vscjava.vscode-java-debug
[2019-10-22 20:57:51.514] [sharedprocess] [info] Installing extension: redhat.java
[2019-10-22 20:57:53.070] [sharedprocess] [info] Downloaded extension: vscjava.vscode-java-debug /tmp/041384b6-679f-4dba-9c54-4884b92e2622
[2019-10-22 20:57:53.532] [sharedprocess] [info] Extracted extension to /home/tblain/.vscode-oss/extensions/.vscjava.vscode-java-debug-0.22.0: vscjava.vscode-java-debug
[2019-10-22 20:57:53.535] [sharedprocess] [info] Renamed to /home/tblain/.vscode-oss/extensions/vscjava.vscode-java-debug-0.22.0
[2019-10-22 20:57:53.539] [sharedprocess] [info] Installation completed. vscjava.vscode-java-debug
[2019-10-22 20:57:53.566] [sharedprocess] [info] Extensions installed successfully: vscjava.vscode-java-debug
[2019-10-22 20:57:55.256] [sharedprocess] [info] Installing extension: vscjava.vscode-java-pack
[2019-10-22 20:57:58.773] [sharedprocess] [info] Downloaded extension: vscjava.vscode-java-pack /tmp/b9ca7925-c0f2-481c-ab37-2c56dba8cd7e
[2019-10-22 20:57:59.194] [sharedprocess] [info] Extracted extension to /home/tblain/.vscode-oss/extensions/.vscjava.vscode-java-pack-0.8.0: vscjava.vscode-java-pack
[2019-10-22 20:57:59.194] [sharedprocess] [info] Renamed to /home/tblain/.vscode-oss/extensions/vscjava.vscode-java-pack-0.8.0
[2019-10-22 20:57:59.205] [sharedprocess] [info] Installation completed. vscjava.vscode-java-pack
[2019-10-22 20:58:00.038] [sharedprocess] [info] Installing extension: vscjava.vscode-java-test
[2019-10-22 20:58:00.040] [sharedprocess] [info] Installing extension: visualstudioexptteam.vscodeintellicode
[2019-10-22 20:58:00.041] [sharedprocess] [info] Installing extension: vscjava.vscode-java-dependency
[2019-10-22 20:58:05.923] [sharedprocess] [info] Installing extension: adashen.vscode-tomcat
[2019-10-22 20:58:06.895] [sharedprocess] [info] Downloaded extension: visualstudioexptteam.vscodeintellicode /tmp/26c377d8-2c04-41ab-9bb4-e443b2deeef7
[2019-10-22 20:58:07.753] [sharedprocess] [info] Extracted extension to /home/tblain/.vscode-oss/extensions/.visualstudioexptteam.vscodeintellicode-1.2.0: visualstudioexptteam.vscodeintellicode
[2019-10-22 20:58:07.754] [sharedprocess] [info] Renamed to /home/tblain/.vscode-oss/extensions/visualstudioexptteam.vscodeintellicode-1.2.0
[2019-10-22 20:58:07.767] [sharedprocess] [info] Installation completed. visualstudioexptteam.vscodeintellicode
[2019-10-22 20:58:07.784] [sharedprocess] [info] Extensions installed successfully: visualstudioexptteam.vscodeintellicode
[2019-10-22 20:58:09.147] [sharedprocess] [info] Installing extension: shengchen.vscode-checkstyle
[2019-10-22 20:58:09.453] [sharedprocess] [info] Downloaded extension: vscjava.vscode-java-dependency /tmp/ccdc0991-dc95-48b0-b146-5620f147129b
[2019-10-22 20:58:10.455] [sharedprocess] [info] Extracted extension to /home/tblain/.vscode-oss/extensions/.vscjava.vscode-java-dependency-0.6.0: vscjava.vscode-java-dependency
[2019-10-22 20:58:10.456] [sharedprocess] [info] Renamed to /home/tblain/.vscode-oss/extensions/vscjava.vscode-java-dependency-0.6.0
[2019-10-22 20:58:10.460] [sharedprocess] [info] Installation completed. vscjava.vscode-java-dependency
[2019-10-22 20:58:11.199] [sharedprocess] [info] Downloaded extension: vscjava.vscode-maven /tmp/308c1026-adf8-4f42-a2a5-222dd7abd60b
[2019-10-22 20:58:12.961] [sharedprocess] [info] Extracted extension to /home/tblain/.vscode-oss/extensions/.vscjava.vscode-maven-0.19.1: vscjava.vscode-maven
[2019-10-22 20:58:12.961] [sharedprocess] [info] Renamed to /home/tblain/.vscode-oss/extensions/vscjava.vscode-maven-0.19.1
[2019-10-22 20:58:12.967] [sharedprocess] [info] Installation completed. vscjava.vscode-maven
[2019-10-22 20:58:13.194] [sharedprocess] [info] Extensions installed successfully: vscjava.vscode-maven
[2019-10-22 20:58:18.025] [sharedprocess] [info] Downloaded extension: vscjava.vscode-java-test /tmp/02ea2d60-36ba-4b05-9dcb-e0ec71debe90
[2019-10-22 20:58:18.839] [sharedprocess] [info] Extracted extension to /home/tblain/.vscode-oss/extensions/.vscjava.vscode-java-test-0.20.0: vscjava.vscode-java-test
[2019-10-22 20:58:18.839] [sharedprocess] [info] Renamed to /home/tblain/.vscode-oss/extensions/vscjava.vscode-java-test-0.20.0
[2019-10-22 20:58:18.844] [sharedprocess] [info] Installation completed. vscjava.vscode-java-test
[2019-10-22 20:58:31.701] [sharedprocess] [info] Downloaded extension: adashen.vscode-tomcat /tmp/5c9cf6c5-a6a3-4a35-bd94-1bd1db3cdfeb
[2019-10-22 20:58:39.574] [sharedprocess] [info] Downloaded extension: shengchen.vscode-checkstyle /tmp/d3ea9098-be7a-4b83-9bfb-57be8f05a0fe
[2019-10-22 20:58:41.311] [sharedprocess] [info] Extracted extension to /home/tblain/.vscode-oss/extensions/.shengchen.vscode-checkstyle-1.3.2: shengchen.vscode-checkstyle
[2019-10-22 20:58:41.313] [sharedprocess] [info] Renamed to /home/tblain/.vscode-oss/extensions/shengchen.vscode-checkstyle-1.3.2
[2019-10-22 20:58:41.317] [sharedprocess] [info] Installation completed. shengchen.vscode-checkstyle
[2019-10-22 20:58:45.699] [sharedprocess] [info] Extracted extension to /home/tblain/.vscode-oss/extensions/.adashen.vscode-tomcat-0.11.1: adashen.vscode-tomcat
[2019-10-22 20:58:45.700] [sharedprocess] [info] Renamed to /home/tblain/.vscode-oss/extensions/adashen.vscode-tomcat-0.11.1
[2019-10-22 20:58:45.703] [sharedprocess] [info] Installation completed. adashen.vscode-tomcat
[2019-10-22 20:58:45.732] [sharedprocess] [info] Extensions installed successfully: adashen.vscode-tomcat
[2019-10-22 20:59:03.374] [sharedprocess] [info] Downloaded extension: redhat.java /tmp/8fa72548-44bb-4a41-85ae-9e8b01eed609
[2019-10-22 20:59:04.109] [sharedprocess] [info] Installing extension: faustinoaq.javac-linter
[2019-10-22 20:59:06.045] [sharedprocess] [info] Downloaded extension: faustinoaq.javac-linter /tmp/37bf032d-c1e3-4235-86b4-ccf5b42ae634
[2019-10-22 20:59:06.234] [sharedprocess] [info] Extracted extension to /home/tblain/.vscode-oss/extensions/.faustinoaq.javac-linter-1.3.1: faustinoaq.javac-linter
[2019-10-22 20:59:06.235] [sharedprocess] [info] Renamed to /home/tblain/.vscode-oss/extensions/faustinoaq.javac-linter-1.3.1
[2019-10-22 20:59:06.237] [sharedprocess] [info] Installation completed. faustinoaq.javac-linter
[2019-10-22 20:59:06.569] [sharedprocess] [info] Extensions installed successfully: faustinoaq.javac-linter
[2019-10-22 20:59:06.740] [sharedprocess] [info] Extracted extension to /home/tblain/.vscode-oss/extensions/.redhat.java-0.51.0: redhat.java
[2019-10-22 20:59:06.740] [sharedprocess] [info] Renamed to /home/tblain/.vscode-oss/extensions/redhat.java-0.51.0
[2019-10-22 20:59:06.742] [sharedprocess] [info] Installation completed. redhat.java
[2019-10-22 20:59:07.204] [sharedprocess] [info] Extensions installed successfully: redhat.java
[2019-10-22 20:59:07.206] [sharedprocess] [info] Extensions installed successfully: vscjava.vscode-java-dependency
[2019-10-22 20:59:07.206] [sharedprocess] [info] Extensions installed successfully: vscjava.vscode-java-test
[2019-10-22 20:59:07.207] [sharedprocess] [info] Extensions installed successfully: shengchen.vscode-checkstyle
[2019-10-22 20:59:07.208] [sharedprocess] [info] Extensions installed successfully: vscjava.vscode-java-pack
[2019-10-22 21:12:45.611] [sharedprocess] [info] Installing extension: zhuangtongfa.material-theme
[2019-10-22 21:12:46.818] [sharedprocess] [info] Downloaded extension: zhuangtongfa.material-theme /tmp/6131359d-7697-444f-b451-8eb80fd8951f
[2019-10-22 21:12:46.865] [sharedprocess] [info] Extracted extension to /home/tblain/.vscode-oss/extensions/.zhuangtongfa.material-theme-2.28.2: zhuangtongfa.material-theme
[2019-10-22 21:12:46.865] [sharedprocess] [info] Renamed to /home/tblain/.vscode-oss/extensions/zhuangtongfa.material-theme-2.28.2
[2019-10-22 21:12:46.866] [sharedprocess] [info] Installation completed. zhuangtongfa.material-theme
[2019-10-22 21:12:46.874] [sharedprocess] [info] Extensions installed successfully: zhuangtongfa.material-theme
[2019-10-22 21:13:08.098] [sharedprocess] [info] Installing extension: dracula-theme.theme-dracula
[2019-10-22 21:13:08.942] [sharedprocess] [info] Downloaded extension: dracula-theme.theme-dracula /tmp/bf26ae74-aec8-47b3-ad5c-68c307d3af52
[2019-10-22 21:13:09.133] [sharedprocess] [info] Extracted extension to /home/tblain/.vscode-oss/extensions/.dracula-theme.theme-dracula-2.18.1: dracula-theme.theme-dracula
[2019-10-22 21:13:09.133] [sharedprocess] [info] Renamed to /home/tblain/.vscode-oss/extensions/dracula-theme.theme-dracula-2.18.1
[2019-10-22 21:13:09.139] [sharedprocess] [info] Installation completed. dracula-theme.theme-dracula
[2019-10-22 21:13:09.156] [sharedprocess] [info] Extensions installed successfully: dracula-theme.theme-dracula
[2019-10-22 21:13:14.689] [sharedprocess] [info] Installing extension: sdras.night-owl
[2019-10-22 21:13:15.959] [sharedprocess] [info] Downloaded extension: sdras.night-owl /tmp/bfabfa55-983c-4c0f-95f4-a47a99c63d8f
[2019-10-22 21:13:16.230] [sharedprocess] [info] Extracted extension to /home/tblain/.vscode-oss/extensions/.sdras.night-owl-1.1.3: sdras.night-owl
[2019-10-22 21:13:16.231] [sharedprocess] [info] Renamed to /home/tblain/.vscode-oss/extensions/sdras.night-owl-1.1.3
[2019-10-22 21:13:16.234] [sharedprocess] [info] Installation completed. sdras.night-owl
[2019-10-22 21:13:16.258] [sharedprocess] [info] Extensions installed successfully: sdras.night-owl
[2019-10-22 21:27:05.891] [sharedprocess] [info] Installing extension: youmaycallmev.vscode-java-saber
[2019-10-22 21:27:07.351] [sharedprocess] [info] Downloaded extension: youmaycallmev.vscode-java-saber /tmp/7994b49e-7d01-4496-a406-8f827c89a6f5
[2019-10-22 21:27:08.436] [sharedprocess] [info] Extracted extension to /home/tblain/.vscode-oss/extensions/.youmaycallmev.vscode-java-saber-0.1.0: youmaycallmev.vscode-java-saber
[2019-10-22 21:27:08.436] [sharedprocess] [info] Renamed to /home/tblain/.vscode-oss/extensions/youmaycallmev.vscode-java-saber-0.1.0
[2019-10-22 21:27:08.438] [sharedprocess] [info] Installation completed. youmaycallmev.vscode-java-saber
[2019-10-22 21:27:08.453] [sharedprocess] [info] Extensions installed successfully: youmaycallmev.vscode-java-saber
