[Info  - 8:59:15 PM] Registered 'java.actionsOnPaste.organizeImports' command.
[Error - 9:46:35 PM] Oct 22, 2019, 9:46:35 PM 
null
org.eclipse.jface.text.BadLocationException
	at org.eclipse.jface.text.TreeLineTracker.fail(TreeLineTracker.java:1054)
	at org.eclipse.jface.text.TreeLineTracker.lineByOffset(TreeLineTracker.java:268)
	at org.eclipse.jface.text.TreeLineTracker.getLineNumberOfOffset(TreeLineTracker.java:1122)
	at org.eclipse.jface.text.AbstractLineTracker.getLineNumberOfOffset(AbstractLineTracker.java:155)
	at org.eclipse.jface.text.AbstractDocument.getLineOfOffset(AbstractDocument.java:871)
	at org.eclipse.core.internal.filebuffers.SynchronizableDocument.getLineOfOffset(SynchronizableDocument.java:334)
	at org.eclipse.jdt.ls.core.internal.handlers.JsonRpcHelpers.toLine(JsonRpcHelpers.java:83)
	at org.eclipse.jdt.ls.core.internal.handlers.JsonRpcHelpers.toLine(JsonRpcHelpers.java:71)
	at org.eclipse.jdt.ls.core.internal.JDTUtils.toRange(JDTUtils.java:564)
	at org.eclipse.jdt.ls.core.internal.TextEditConverter.visit(TextEditConverter.java:137)
	at org.eclipse.text.edits.MultiTextEdit.accept0(MultiTextEdit.java:146)
	at org.eclipse.text.edits.TextEdit.accept(TextEdit.java:641)
	at org.eclipse.jdt.ls.core.internal.TextEditConverter.convert(TextEditConverter.java:61)
	at org.eclipse.jdt.ls.core.internal.ChangeUtil.convertTextEdit(ChangeUtil.java:284)
	at org.eclipse.jdt.ls.core.internal.ChangeUtil.convertTextChange(ChangeUtil.java:266)
	at org.eclipse.jdt.ls.core.internal.ChangeUtil.convertSingleChange(ChangeUtil.java:100)
	at org.eclipse.jdt.ls.core.internal.ChangeUtil.convertCompositeChange(ChangeUtil.java:112)
	at org.eclipse.jdt.ls.core.internal.ChangeUtil.convertToWorkspaceEdit(ChangeUtil.java:87)
	at org.eclipse.jdt.ls.core.internal.handlers.CodeActionHandler.getCodeActionFromProposal(CodeActionHandler.java:158)
	at org.eclipse.jdt.ls.core.internal.handlers.CodeActionHandler.getCodeActionCommands(CodeActionHandler.java:127)
	at org.eclipse.jdt.ls.core.internal.handlers.JDTLanguageServer.lambda$14(JDTLanguageServer.java:605)
	at org.eclipse.jdt.ls.core.internal.handlers.JDTLanguageServer.lambda$45(JDTLanguageServer.java:936)
	at java.base/java.util.concurrent.CompletableFuture$UniApply.tryFire(CompletableFuture.java:642)
	at java.base/java.util.concurrent.CompletableFuture$Completion.exec(CompletableFuture.java:479)
	at java.base/java.util.concurrent.ForkJoinTask.doExec(ForkJoinTask.java:290)
	at java.base/java.util.concurrent.ForkJoinPool$WorkQueue.topLevelExec(ForkJoinPool.java:1020)
	at java.base/java.util.concurrent.ForkJoinPool.scan(ForkJoinPool.java:1656)
	at java.base/java.util.concurrent.ForkJoinPool.runWorker(ForkJoinPool.java:1594)
	at java.base/java.util.concurrent.ForkJoinWorkerThread.run(ForkJoinWorkerThread.java:177)

[Error - 9:46:35 PM] Oct 22, 2019, 9:46:35 PM Error converting TextEdits
End position lies outside document range
org.eclipse.text.edits.MalformedTreeException: End position lies outside document range
	at org.eclipse.text.edits.TextEditProcessor.checkIntegrityDo(TextEditProcessor.java:180)
	at org.eclipse.text.edits.TextEdit.dispatchCheckIntegrity(TextEdit.java:746)
	at org.eclipse.text.edits.TextEditProcessor.performEdits(TextEditProcessor.java:153)
	at org.eclipse.text.edits.TextEdit.apply(TextEdit.java:714)
	at org.eclipse.jdt.ls.core.internal.TextEditConverter.visit(TextEditConverter.java:139)
	at org.eclipse.text.edits.MultiTextEdit.accept0(MultiTextEdit.java:146)
	at org.eclipse.text.edits.TextEdit.accept(TextEdit.java:641)
	at org.eclipse.jdt.ls.core.internal.TextEditConverter.convert(TextEditConverter.java:61)
	at org.eclipse.jdt.ls.core.internal.ChangeUtil.convertTextEdit(ChangeUtil.java:284)
	at org.eclipse.jdt.ls.core.internal.ChangeUtil.convertTextChange(ChangeUtil.java:266)
	at org.eclipse.jdt.ls.core.internal.ChangeUtil.convertSingleChange(ChangeUtil.java:100)
	at org.eclipse.jdt.ls.core.internal.ChangeUtil.convertCompositeChange(ChangeUtil.java:112)
	at org.eclipse.jdt.ls.core.internal.ChangeUtil.convertToWorkspaceEdit(ChangeUtil.java:87)
	at org.eclipse.jdt.ls.core.internal.handlers.CodeActionHandler.getCodeActionFromProposal(CodeActionHandler.java:158)
	at org.eclipse.jdt.ls.core.internal.handlers.CodeActionHandler.getCodeActionCommands(CodeActionHandler.java:127)
	at org.eclipse.jdt.ls.core.internal.handlers.JDTLanguageServer.lambda$14(JDTLanguageServer.java:605)
	at org.eclipse.jdt.ls.core.internal.handlers.JDTLanguageServer.lambda$45(JDTLanguageServer.java:936)
	at java.base/java.util.concurrent.CompletableFuture$UniApply.tryFire(CompletableFuture.java:642)
	at java.base/java.util.concurrent.CompletableFuture$Completion.exec(CompletableFuture.java:479)
	at java.base/java.util.concurrent.ForkJoinTask.doExec(ForkJoinTask.java:290)
	at java.base/java.util.concurrent.ForkJoinPool$WorkQueue.topLevelExec(ForkJoinPool.java:1020)
	at java.base/java.util.concurrent.ForkJoinPool.scan(ForkJoinPool.java:1656)
	at java.base/java.util.concurrent.ForkJoinPool.runWorker(ForkJoinPool.java:1594)
	at java.base/java.util.concurrent.ForkJoinWorkerThread.run(ForkJoinWorkerThread.java:177)

[Error - 9:46:35 PM] Oct 22, 2019, 9:46:35 PM 
null
org.eclipse.jface.text.BadLocationException
	at org.eclipse.jface.text.TreeLineTracker.fail(TreeLineTracker.java:1054)
	at org.eclipse.jface.text.TreeLineTracker.lineByOffset(TreeLineTracker.java:268)
	at org.eclipse.jface.text.TreeLineTracker.getLineNumberOfOffset(TreeLineTracker.java:1122)
	at org.eclipse.jface.text.AbstractLineTracker.getLineNumberOfOffset(AbstractLineTracker.java:155)
	at org.eclipse.jface.text.AbstractDocument.getLineOfOffset(AbstractDocument.java:871)
	at org.eclipse.core.internal.filebuffers.SynchronizableDocument.getLineOfOffset(SynchronizableDocument.java:334)
	at org.eclipse.jdt.ls.core.internal.handlers.JsonRpcHelpers.toLine(JsonRpcHelpers.java:83)
	at org.eclipse.jdt.ls.core.internal.handlers.JsonRpcHelpers.toLine(JsonRpcHelpers.java:71)
	at org.eclipse.jdt.ls.core.internal.JDTUtils.toRange(JDTUtils.java:563)
	at org.eclipse.jdt.ls.core.internal.TextEditConverter.visit(TextEditConverter.java:137)
	at org.eclipse.text.edits.MultiTextEdit.accept0(MultiTextEdit.java:146)
	at org.eclipse.text.edits.TextEdit.accept(TextEdit.java:641)
	at org.eclipse.jdt.ls.core.internal.TextEditConverter.convert(TextEditConverter.java:61)
	at org.eclipse.jdt.ls.core.internal.text.correction.SourceAssistProcessor.convertToWorkspaceEdit(SourceAssistProcessor.java:381)
	at org.eclipse.jdt.ls.core.internal.text.correction.SourceAssistProcessor.convertToWorkspaceEditAction(SourceAssistProcessor.java:346)
	at org.eclipse.jdt.ls.core.internal.text.correction.SourceAssistProcessor.getGetterSetterAction(SourceAssistProcessor.java:216)
	at org.eclipse.jdt.ls.core.internal.text.correction.SourceAssistProcessor.getSourceActionCommands(SourceAssistProcessor.java:112)
	at org.eclipse.jdt.ls.core.internal.handlers.CodeActionHandler.getCodeActionCommands(CodeActionHandler.java:137)
	at org.eclipse.jdt.ls.core.internal.handlers.JDTLanguageServer.lambda$14(JDTLanguageServer.java:605)
	at org.eclipse.jdt.ls.core.internal.handlers.JDTLanguageServer.lambda$45(JDTLanguageServer.java:936)
	at java.base/java.util.concurrent.CompletableFuture$UniApply.tryFire(CompletableFuture.java:642)
	at java.base/java.util.concurrent.CompletableFuture$Completion.exec(CompletableFuture.java:479)
	at java.base/java.util.concurrent.ForkJoinTask.doExec(ForkJoinTask.java:290)
	at java.base/java.util.concurrent.ForkJoinPool$WorkQueue.topLevelExec(ForkJoinPool.java:1020)
	at java.base/java.util.concurrent.ForkJoinPool.scan(ForkJoinPool.java:1656)
	at java.base/java.util.concurrent.ForkJoinPool.runWorker(ForkJoinPool.java:1594)
	at java.base/java.util.concurrent.ForkJoinWorkerThread.run(ForkJoinWorkerThread.java:177)

[Error - 9:46:35 PM] Oct 22, 2019, 9:46:35 PM 
null
org.eclipse.jface.text.BadLocationException
	at org.eclipse.jface.text.TreeLineTracker.fail(TreeLineTracker.java:1054)
	at org.eclipse.jface.text.TreeLineTracker.lineByOffset(TreeLineTracker.java:268)
	at org.eclipse.jface.text.TreeLineTracker.getLineNumberOfOffset(TreeLineTracker.java:1122)
	at org.eclipse.jface.text.AbstractLineTracker.getLineNumberOfOffset(AbstractLineTracker.java:155)
	at org.eclipse.jface.text.AbstractDocument.getLineOfOffset(AbstractDocument.java:871)
	at org.eclipse.core.internal.filebuffers.SynchronizableDocument.getLineOfOffset(SynchronizableDocument.java:334)
	at org.eclipse.jdt.ls.core.internal.handlers.JsonRpcHelpers.toLine(JsonRpcHelpers.java:83)
	at org.eclipse.jdt.ls.core.internal.handlers.JsonRpcHelpers.toLine(JsonRpcHelpers.java:71)
	at org.eclipse.jdt.ls.core.internal.JDTUtils.toRange(JDTUtils.java:564)
	at org.eclipse.jdt.ls.core.internal.TextEditConverter.visit(TextEditConverter.java:137)
	at org.eclipse.text.edits.MultiTextEdit.accept0(MultiTextEdit.java:146)
	at org.eclipse.text.edits.TextEdit.accept(TextEdit.java:641)
	at org.eclipse.jdt.ls.core.internal.TextEditConverter.convert(TextEditConverter.java:61)
	at org.eclipse.jdt.ls.core.internal.text.correction.SourceAssistProcessor.convertToWorkspaceEdit(SourceAssistProcessor.java:381)
	at org.eclipse.jdt.ls.core.internal.text.correction.SourceAssistProcessor.convertToWorkspaceEditAction(SourceAssistProcessor.java:346)
	at org.eclipse.jdt.ls.core.internal.text.correction.SourceAssistProcessor.getGetterSetterAction(SourceAssistProcessor.java:216)
	at org.eclipse.jdt.ls.core.internal.text.correction.SourceAssistProcessor.getSourceActionCommands(SourceAssistProcessor.java:112)
	at org.eclipse.jdt.ls.core.internal.handlers.CodeActionHandler.getCodeActionCommands(CodeActionHandler.java:137)
	at org.eclipse.jdt.ls.core.internal.handlers.JDTLanguageServer.lambda$14(JDTLanguageServer.java:605)
	at org.eclipse.jdt.ls.core.internal.handlers.JDTLanguageServer.lambda$45(JDTLanguageServer.java:936)
	at java.base/java.util.concurrent.CompletableFuture$UniApply.tryFire(CompletableFuture.java:642)
	at java.base/java.util.concurrent.CompletableFuture$Completion.exec(CompletableFuture.java:479)
	at java.base/java.util.concurrent.ForkJoinTask.doExec(ForkJoinTask.java:290)
	at java.base/java.util.concurrent.ForkJoinPool$WorkQueue.topLevelExec(ForkJoinPool.java:1020)
	at java.base/java.util.concurrent.ForkJoinPool.scan(ForkJoinPool.java:1656)
	at java.base/java.util.concurrent.ForkJoinPool.runWorker(ForkJoinPool.java:1594)
	at java.base/java.util.concurrent.ForkJoinWorkerThread.run(ForkJoinWorkerThread.java:177)

[Error - 9:46:35 PM] Oct 22, 2019, 9:46:35 PM Error converting TextEdits
End position lies outside document range
org.eclipse.text.edits.MalformedTreeException: End position lies outside document range
	at org.eclipse.text.edits.TextEditProcessor.checkIntegrityDo(TextEditProcessor.java:180)
	at org.eclipse.text.edits.TextEdit.dispatchCheckIntegrity(TextEdit.java:746)
	at org.eclipse.text.edits.TextEditProcessor.performEdits(TextEditProcessor.java:153)
	at org.eclipse.text.edits.TextEdit.apply(TextEdit.java:714)
	at org.eclipse.jdt.ls.core.internal.TextEditConverter.visit(TextEditConverter.java:139)
	at org.eclipse.text.edits.MultiTextEdit.accept0(MultiTextEdit.java:146)
	at org.eclipse.text.edits.TextEdit.accept(TextEdit.java:641)
	at org.eclipse.jdt.ls.core.internal.TextEditConverter.convert(TextEditConverter.java:61)
	at org.eclipse.jdt.ls.core.internal.text.correction.SourceAssistProcessor.convertToWorkspaceEdit(SourceAssistProcessor.java:381)
	at org.eclipse.jdt.ls.core.internal.text.correction.SourceAssistProcessor.convertToWorkspaceEditAction(SourceAssistProcessor.java:346)
	at org.eclipse.jdt.ls.core.internal.text.correction.SourceAssistProcessor.getGetterSetterAction(SourceAssistProcessor.java:216)
	at org.eclipse.jdt.ls.core.internal.text.correction.SourceAssistProcessor.getSourceActionCommands(SourceAssistProcessor.java:112)
	at org.eclipse.jdt.ls.core.internal.handlers.CodeActionHandler.getCodeActionCommands(CodeActionHandler.java:137)
	at org.eclipse.jdt.ls.core.internal.handlers.JDTLanguageServer.lambda$14(JDTLanguageServer.java:605)
	at org.eclipse.jdt.ls.core.internal.handlers.JDTLanguageServer.lambda$45(JDTLanguageServer.java:936)
	at java.base/java.util.concurrent.CompletableFuture$UniApply.tryFire(CompletableFuture.java:642)
	at java.base/java.util.concurrent.CompletableFuture$Completion.exec(CompletableFuture.java:479)
	at java.base/java.util.concurrent.ForkJoinTask.doExec(ForkJoinTask.java:290)
	at java.base/java.util.concurrent.ForkJoinPool$WorkQueue.topLevelExec(ForkJoinPool.java:1020)
	at java.base/java.util.concurrent.ForkJoinPool.scan(ForkJoinPool.java:1656)
	at java.base/java.util.concurrent.ForkJoinPool.runWorker(ForkJoinPool.java:1594)
	at java.base/java.util.concurrent.ForkJoinWorkerThread.run(ForkJoinWorkerThread.java:177)

[Error - 9:50:35 PM] Oct 22, 2019, 9:50:35 PM File not found: '/webapp/src/main/java/univ/m1if10/classes/Model/Questionnaire.java'
Resource '/webapp/src/main/java/univ/m1if10/classes/Model/Questionnaire.java' does not exist.
org.eclipse.core.internal.resources.ResourceException(/webapp/src/main/java/univ/m1if10/classes/Model/Questionnaire.java)[368]: java.lang.Exception: Resource '/webapp/src/main/java/univ/m1if10/classes/Model/Questionnaire.java' does not exist.
	at org.eclipse.core.internal.resources.ResourceException.provideStackTrace(ResourceException.java:42)
	at org.eclipse.core.internal.resources.ResourceException.<init>(ResourceException.java:38)
	at org.eclipse.core.internal.resources.Resource.checkExists(Resource.java:330)
	at org.eclipse.core.internal.resources.Resource.checkAccessible(Resource.java:204)
	at org.eclipse.core.internal.resources.File.getContents(File.java:273)
	at org.eclipse.jdt.internal.core.util.Util.getResourceContentsAsCharArray(Util.java:1201)
	at org.eclipse.jdt.internal.core.CompilationUnit.getContents(CompilationUnit.java:675)
	at org.eclipse.jdt.core.dom.ASTParser.internalCreateAST(ASTParser.java:1144)
	at org.eclipse.jdt.core.dom.ASTParser.createAST(ASTParser.java:832)
	at org.eclipse.jdt.internal.core.manipulation.dom.ASTResolving.createQuickFixAST(ASTResolving.java:1025)
	at org.eclipse.jdt.ls.core.internal.corrections.InnovationContext.getASTRoot(InnovationContext.java:66)
	at org.eclipse.jdt.ls.core.internal.corrections.InnovationContext.getCoveringNode(InnovationContext.java:82)
	at org.eclipse.jdt.ls.core.internal.text.correction.QuickAssistProcessor.getAssists(QuickAssistProcessor.java:175)
	at org.eclipse.jdt.ls.core.internal.handlers.CodeActionHandler.getCodeActionCommands(CodeActionHandler.java:99)
	at org.eclipse.jdt.ls.core.internal.handlers.JDTLanguageServer.lambda$14(JDTLanguageServer.java:605)
	at org.eclipse.jdt.ls.core.internal.handlers.JDTLanguageServer.lambda$45(JDTLanguageServer.java:936)
	at java.base/java.util.concurrent.CompletableFuture$UniApply.tryFire(CompletableFuture.java:642)
	at java.base/java.util.concurrent.CompletableFuture$Completion.exec(CompletableFuture.java:479)
	at java.base/java.util.concurrent.ForkJoinTask.doExec(ForkJoinTask.java:290)
	at java.base/java.util.concurrent.ForkJoinPool$WorkQueue.topLevelExec(ForkJoinPool.java:1020)
	at java.base/java.util.concurrent.ForkJoinPool.scan(ForkJoinPool.java:1656)
	at java.base/java.util.concurrent.ForkJoinPool.runWorker(ForkJoinPool.java:1594)
	at java.base/java.util.concurrent.ForkJoinWorkerThread.run(ForkJoinWorkerThread.java:177)

[Error - 9:50:35 PM] Oct 22, 2019, 9:50:35 PM Problem getting outline forQuestionnaire.java
Questionnaire.java [in univ.m1if10.classes.Model [in src/main/java [in webapp]]] does not exist
Java Model Exception: Java Model Status [Questionnaire.java [in univ.m1if10.classes.Model [in src/main/java [in webapp]]] does not exist]
	at org.eclipse.jdt.internal.core.JavaElement.newJavaModelException(JavaElement.java:583)
	at org.eclipse.jdt.internal.core.Openable.generateInfos(Openable.java:256)
	at org.eclipse.jdt.internal.core.JavaElement.openWhenClosed(JavaElement.java:596)
	at org.eclipse.jdt.internal.core.JavaElement.getElementInfo(JavaElement.java:326)
	at org.eclipse.jdt.internal.core.JavaElement.getElementInfo(JavaElement.java:312)
	at org.eclipse.jdt.internal.core.JavaElement.getChildren(JavaElement.java:267)
	at org.eclipse.jdt.ls.core.internal.handlers.DocumentSymbolHandler.getHierarchicalOutline(DocumentSymbolHandler.java:130)
	at org.eclipse.jdt.ls.core.internal.handlers.DocumentSymbolHandler.documentSymbol(DocumentSymbolHandler.java:75)
	at org.eclipse.jdt.ls.core.internal.handlers.JDTLanguageServer.lambda$13(JDTLanguageServer.java:592)
	at org.eclipse.jdt.ls.core.internal.handlers.JDTLanguageServer.lambda$45(JDTLanguageServer.java:936)
	at java.base/java.util.concurrent.CompletableFuture$UniApply.tryFire(CompletableFuture.java:642)
	at java.base/java.util.concurrent.CompletableFuture$Completion.exec(CompletableFuture.java:479)
	at java.base/java.util.concurrent.ForkJoinTask.doExec(ForkJoinTask.java:290)
	at java.base/java.util.concurrent.ForkJoinPool$WorkQueue.topLevelExec(ForkJoinPool.java:1020)
	at java.base/java.util.concurrent.ForkJoinPool.scan(ForkJoinPool.java:1656)
	at java.base/java.util.concurrent.ForkJoinPool.runWorker(ForkJoinPool.java:1594)
	at java.base/java.util.concurrent.ForkJoinWorkerThread.run(ForkJoinWorkerThread.java:177)

[Error - 9:50:35 PM] Oct 22, 2019, 9:50:35 PM Problem with folding range for /webapp/src/main/java/univ/m1if10/classes/Model/Questionnaire.java
Questionnaire.java [in univ.m1if10.classes.Model [in src/main/java [in webapp]]] does not exist
Java Model Exception: Java Model Status [Questionnaire.java [in univ.m1if10.classes.Model [in src/main/java [in webapp]]] does not exist]
	at org.eclipse.jdt.internal.core.JavaElement.newJavaModelException(JavaElement.java:583)
	at org.eclipse.jdt.internal.core.Openable.generateInfos(Openable.java:256)
	at org.eclipse.jdt.internal.core.JavaElement.openWhenClosed(JavaElement.java:596)
	at org.eclipse.jdt.internal.core.JavaElement.getElementInfo(JavaElement.java:326)
	at org.eclipse.jdt.internal.core.JavaElement.getElementInfo(JavaElement.java:312)
	at org.eclipse.jdt.internal.core.CompilationUnit.getSourceRange(CompilationUnit.java:951)
	at org.eclipse.jdt.ls.core.internal.handlers.FoldingRangeHandler.computeFoldingRanges(FoldingRangeHandler.java:67)
	at org.eclipse.jdt.ls.core.internal.handlers.FoldingRangeHandler.foldingRange(FoldingRangeHandler.java:61)
	at org.eclipse.jdt.ls.core.internal.handlers.JDTLanguageServer.lambda$26(JDTLanguageServer.java:790)
	at org.eclipse.jdt.ls.core.internal.handlers.JDTLanguageServer.lambda$46(JDTLanguageServer.java:942)
	at java.base/java.util.concurrent.CompletableFuture$UniApply.tryFire(CompletableFuture.java:642)
	at java.base/java.util.concurrent.CompletableFuture$Completion.exec(CompletableFuture.java:479)
	at java.base/java.util.concurrent.ForkJoinTask.doExec(ForkJoinTask.java:290)
	at java.base/java.util.concurrent.ForkJoinPool$WorkQueue.topLevelExec(ForkJoinPool.java:1020)
	at java.base/java.util.concurrent.ForkJoinPool.scan(ForkJoinPool.java:1656)
	at java.base/java.util.concurrent.ForkJoinPool.runWorker(ForkJoinPool.java:1594)
	at java.base/java.util.concurrent.ForkJoinWorkerThread.run(ForkJoinWorkerThread.java:177)

[Error - 9:50:42 PM] Oct 22, 2019, 9:50:42 PM Problem getting outline forReponse.java
Reponse.java [in univ.m1if10.classes.Model [in src/main/java [in webapp]]] does not exist
Java Model Exception: Java Model Status [Reponse.java [in univ.m1if10.classes.Model [in src/main/java [in webapp]]] does not exist]
	at org.eclipse.jdt.internal.core.JavaElement.newJavaModelException(JavaElement.java:583)
	at org.eclipse.jdt.internal.core.Openable.generateInfos(Openable.java:256)
	at org.eclipse.jdt.internal.core.JavaElement.openWhenClosed(JavaElement.java:596)
	at org.eclipse.jdt.internal.core.JavaElement.getElementInfo(JavaElement.java:326)
	at org.eclipse.jdt.internal.core.JavaElement.getElementInfo(JavaElement.java:312)
	at org.eclipse.jdt.internal.core.JavaElement.getChildren(JavaElement.java:267)
	at org.eclipse.jdt.ls.core.internal.handlers.DocumentSymbolHandler.getHierarchicalOutline(DocumentSymbolHandler.java:130)
	at org.eclipse.jdt.ls.core.internal.handlers.DocumentSymbolHandler.documentSymbol(DocumentSymbolHandler.java:75)
	at org.eclipse.jdt.ls.core.internal.handlers.JDTLanguageServer.lambda$13(JDTLanguageServer.java:592)
	at org.eclipse.jdt.ls.core.internal.handlers.JDTLanguageServer.lambda$45(JDTLanguageServer.java:936)
	at java.base/java.util.concurrent.CompletableFuture$UniApply.tryFire(CompletableFuture.java:642)
	at java.base/java.util.concurrent.CompletableFuture$Completion.exec(CompletableFuture.java:479)
	at java.base/java.util.concurrent.ForkJoinTask.doExec(ForkJoinTask.java:290)
	at java.base/java.util.concurrent.ForkJoinPool$WorkQueue.topLevelExec(ForkJoinPool.java:1020)
	at java.base/java.util.concurrent.ForkJoinPool.scan(ForkJoinPool.java:1656)
	at java.base/java.util.concurrent.ForkJoinPool.runWorker(ForkJoinPool.java:1594)
	at java.base/java.util.concurrent.ForkJoinWorkerThread.run(ForkJoinWorkerThread.java:177)

[Error - 9:50:42 PM] Oct 22, 2019, 9:50:42 PM File not found: '/webapp/src/main/java/univ/m1if10/classes/Model/Reponse.java'
Resource '/webapp/src/main/java/univ/m1if10/classes/Model/Reponse.java' does not exist.
org.eclipse.core.internal.resources.ResourceException(/webapp/src/main/java/univ/m1if10/classes/Model/Reponse.java)[368]: java.lang.Exception: Resource '/webapp/src/main/java/univ/m1if10/classes/Model/Reponse.java' does not exist.
	at org.eclipse.core.internal.resources.ResourceException.provideStackTrace(ResourceException.java:42)
	at org.eclipse.core.internal.resources.ResourceException.<init>(ResourceException.java:38)
	at org.eclipse.core.internal.resources.Resource.checkExists(Resource.java:330)
	at org.eclipse.core.internal.resources.Resource.checkAccessible(Resource.java:204)
	at org.eclipse.core.internal.resources.File.getContents(File.java:273)
	at org.eclipse.jdt.internal.core.util.Util.getResourceContentsAsCharArray(Util.java:1201)
	at org.eclipse.jdt.internal.core.CompilationUnit.getContents(CompilationUnit.java:675)
	at org.eclipse.jdt.core.dom.ASTParser.internalCreateAST(ASTParser.java:1144)
	at org.eclipse.jdt.core.dom.ASTParser.createAST(ASTParser.java:832)
	at org.eclipse.jdt.internal.core.manipulation.dom.ASTResolving.createQuickFixAST(ASTResolving.java:1025)
	at org.eclipse.jdt.ls.core.internal.corrections.InnovationContext.getASTRoot(InnovationContext.java:66)
	at org.eclipse.jdt.ls.core.internal.corrections.InnovationContext.getCoveringNode(InnovationContext.java:82)
	at org.eclipse.jdt.ls.core.internal.text.correction.QuickAssistProcessor.getAssists(QuickAssistProcessor.java:175)
	at org.eclipse.jdt.ls.core.internal.handlers.CodeActionHandler.getCodeActionCommands(CodeActionHandler.java:99)
	at org.eclipse.jdt.ls.core.internal.handlers.JDTLanguageServer.lambda$14(JDTLanguageServer.java:605)
	at org.eclipse.jdt.ls.core.internal.handlers.JDTLanguageServer.lambda$45(JDTLanguageServer.java:936)
	at java.base/java.util.concurrent.CompletableFuture$UniApply.tryFire(CompletableFuture.java:642)
	at java.base/java.util.concurrent.CompletableFuture$Completion.exec(CompletableFuture.java:479)
	at java.base/java.util.concurrent.ForkJoinTask.doExec(ForkJoinTask.java:290)
	at java.base/java.util.concurrent.ForkJoinPool$WorkQueue.topLevelExec(ForkJoinPool.java:1020)
	at java.base/java.util.concurrent.ForkJoinPool.scan(ForkJoinPool.java:1656)
	at java.base/java.util.concurrent.ForkJoinPool.runWorker(ForkJoinPool.java:1594)
	at java.base/java.util.concurrent.ForkJoinWorkerThread.run(ForkJoinWorkerThread.java:177)

[Error - 9:50:42 PM] Oct 22, 2019, 9:50:42 PM Problem with folding range for /webapp/src/main/java/univ/m1if10/classes/Model/Reponse.java
Reponse.java [in univ.m1if10.classes.Model [in src/main/java [in webapp]]] does not exist
Java Model Exception: Java Model Status [Reponse.java [in univ.m1if10.classes.Model [in src/main/java [in webapp]]] does not exist]
	at org.eclipse.jdt.internal.core.JavaElement.newJavaModelException(JavaElement.java:583)
	at org.eclipse.jdt.internal.core.Openable.generateInfos(Openable.java:256)
	at org.eclipse.jdt.internal.core.JavaElement.openWhenClosed(JavaElement.java:596)
	at org.eclipse.jdt.internal.core.JavaElement.getElementInfo(JavaElement.java:326)
	at org.eclipse.jdt.internal.core.JavaElement.getElementInfo(JavaElement.java:312)
	at org.eclipse.jdt.internal.core.CompilationUnit.getSourceRange(CompilationUnit.java:951)
	at org.eclipse.jdt.ls.core.internal.handlers.FoldingRangeHandler.computeFoldingRanges(FoldingRangeHandler.java:67)
	at org.eclipse.jdt.ls.core.internal.handlers.FoldingRangeHandler.foldingRange(FoldingRangeHandler.java:61)
	at org.eclipse.jdt.ls.core.internal.handlers.JDTLanguageServer.lambda$26(JDTLanguageServer.java:790)
	at org.eclipse.jdt.ls.core.internal.handlers.JDTLanguageServer.lambda$46(JDTLanguageServer.java:942)
	at java.base/java.util.concurrent.CompletableFuture$UniApply.tryFire(CompletableFuture.java:642)
	at java.base/java.util.concurrent.CompletableFuture$Completion.exec(CompletableFuture.java:479)
	at java.base/java.util.concurrent.ForkJoinTask.doExec(ForkJoinTask.java:290)
	at java.base/java.util.concurrent.ForkJoinPool$WorkQueue.topLevelExec(ForkJoinPool.java:1020)
	at java.base/java.util.concurrent.ForkJoinPool.scan(ForkJoinPool.java:1656)
	at java.base/java.util.concurrent.ForkJoinPool.runWorker(ForkJoinPool.java:1594)
	at java.base/java.util.concurrent.ForkJoinWorkerThread.run(ForkJoinWorkerThread.java:177)

