[2019-10-22 20:06:46.271] [exthost] [info] extension host started
[2019-10-22 20:06:46.308] [exthost] [info] ExtensionService#_doActivateExtension vscode.debug-auto-launch {"startup":true,"extensionId":{"value":"vscode.debug-auto-launch","_lower":"vscode.debug-auto-launch"},"activationEvent":"*"}
[2019-10-22 20:06:46.309] [exthost] [info] ExtensionService#loadCommonJSModule file:///usr/share/vscodium-bin/resources/app/extensions/debug-auto-launch/dist/extension
[2019-10-22 20:06:46.319] [exthost] [info] ExtensionService#_doActivateExtension vscode.emmet {"startup":true,"extensionId":{"value":"vscode.emmet","_lower":"vscode.emmet"},"activationEvent":"*"}
[2019-10-22 20:06:46.319] [exthost] [info] ExtensionService#loadCommonJSModule file:///usr/share/vscodium-bin/resources/app/extensions/emmet/dist/extension
[2019-10-22 20:06:46.378] [exthost] [info] ExtensionService#_doActivateExtension vscode.git {"startup":true,"extensionId":{"value":"vscode.git","_lower":"vscode.git"},"activationEvent":"*"}
[2019-10-22 20:06:46.378] [exthost] [info] ExtensionService#loadCommonJSModule file:///usr/share/vscodium-bin/resources/app/extensions/git/dist/main
[2019-10-22 20:06:46.454] [exthost] [info] ExtensionService#_doActivateExtension vscode.merge-conflict {"startup":true,"extensionId":{"value":"vscode.merge-conflict","_lower":"vscode.merge-conflict"},"activationEvent":"*"}
[2019-10-22 20:06:46.454] [exthost] [info] ExtensionService#loadCommonJSModule file:///usr/share/vscodium-bin/resources/app/extensions/merge-conflict/dist/extension
[2019-10-22 20:06:46.460] [exthost] [info] eager extensions activated
[2019-10-22 20:06:56.348] [exthost] [info] extension host started
[2019-10-22 20:06:56.432] [exthost] [info] ExtensionService#_doActivateExtension vscode.debug-auto-launch {"startup":true,"extensionId":{"value":"vscode.debug-auto-launch","_lower":"vscode.debug-auto-launch"},"activationEvent":"*"}
[2019-10-22 20:06:56.433] [exthost] [info] ExtensionService#loadCommonJSModule file:///usr/share/vscodium-bin/resources/app/extensions/debug-auto-launch/dist/extension
[2019-10-22 20:06:56.440] [exthost] [info] ExtensionService#_doActivateExtension vscode.emmet {"startup":true,"extensionId":{"value":"vscode.emmet","_lower":"vscode.emmet"},"activationEvent":"*"}
[2019-10-22 20:06:56.440] [exthost] [info] ExtensionService#loadCommonJSModule file:///usr/share/vscodium-bin/resources/app/extensions/emmet/dist/extension
[2019-10-22 20:06:56.487] [exthost] [info] ExtensionService#_doActivateExtension vscode.git {"startup":true,"extensionId":{"value":"vscode.git","_lower":"vscode.git"},"activationEvent":"*"}
[2019-10-22 20:06:56.488] [exthost] [info] ExtensionService#loadCommonJSModule file:///usr/share/vscodium-bin/resources/app/extensions/git/dist/main
[2019-10-22 20:06:56.571] [exthost] [info] ExtensionService#_doActivateExtension vscode.merge-conflict {"startup":true,"extensionId":{"value":"vscode.merge-conflict","_lower":"vscode.merge-conflict"},"activationEvent":"*"}
[2019-10-22 20:06:56.571] [exthost] [info] ExtensionService#loadCommonJSModule file:///usr/share/vscodium-bin/resources/app/extensions/merge-conflict/dist/extension
[2019-10-22 20:06:56.578] [exthost] [info] eager extensions activated
[2019-10-22 20:39:32.525] [exthost] [info] ExtensionService#_doActivateExtension vscode.configuration-editing {"startup":false,"extensionId":{"value":"vscode.configuration-editing","_lower":"vscode.configuration-editing"},"activationEvent":"onLanguage:jsonc"}
[2019-10-22 20:39:32.525] [exthost] [info] ExtensionService#loadCommonJSModule file:///usr/share/vscodium-bin/resources/app/extensions/configuration-editing/dist/extension
[2019-10-22 20:39:32.534] [exthost] [info] ExtensionService#_doActivateExtension vscode.json-language-features {"startup":false,"extensionId":{"value":"vscode.json-language-features","_lower":"vscode.json-language-features"},"activationEvent":"onLanguage:jsonc"}
[2019-10-22 20:39:32.534] [exthost] [info] ExtensionService#loadCommonJSModule file:///usr/share/vscodium-bin/resources/app/extensions/json-language-features/client/dist/jsonMain
[2019-10-22 20:39:32.596] [exthost] [info] ExtensionService#_doActivateExtension vscode.typescript-language-features {"startup":false,"extensionId":{"value":"vscode.typescript-language-features","_lower":"vscode.typescript-language-features"},"activationEvent":"onLanguage:jsonc"}
[2019-10-22 20:39:32.596] [exthost] [info] ExtensionService#loadCommonJSModule file:///usr/share/vscodium-bin/resources/app/extensions/typescript-language-features/dist/extension
[2019-10-22 20:39:36.478] [exthost] [info] ExtensionService#_doActivateExtension vscode.html-language-features {"startup":false,"extensionId":{"value":"vscode.html-language-features","_lower":"vscode.html-language-features"},"activationEvent":"onLanguage:html"}
[2019-10-22 20:39:36.479] [exthost] [info] ExtensionService#loadCommonJSModule file:///usr/share/vscodium-bin/resources/app/extensions/html-language-features/client/dist/htmlMain
[2019-10-22 20:39:44.475] [exthost] [info] ExtensionService#_doActivateExtension vscode.extension-editing {"startup":false,"extensionId":{"value":"vscode.extension-editing","_lower":"vscode.extension-editing"},"activationEvent":"onLanguage:markdown"}
[2019-10-22 20:39:44.475] [exthost] [info] ExtensionService#loadCommonJSModule file:///usr/share/vscodium-bin/resources/app/extensions/extension-editing/dist/extension
[2019-10-22 20:39:44.513] [exthost] [info] ExtensionService#_doActivateExtension vscode.markdown-language-features {"startup":false,"extensionId":{"value":"vscode.markdown-language-features","_lower":"vscode.markdown-language-features"},"activationEvent":"onLanguage:markdown"}
[2019-10-22 20:39:44.513] [exthost] [info] ExtensionService#loadCommonJSModule file:///usr/share/vscodium-bin/resources/app/extensions/markdown-language-features/dist/extension
[2019-10-22 20:57:45.095] [exthost] [info] ExtensionService#_doActivateExtension vscode.npm {"startup":false,"extensionId":{"value":"vscode.npm","_lower":"vscode.npm"},"activationEvent":"onLanguage:json"}
[2019-10-22 20:57:45.095] [exthost] [info] ExtensionService#loadCommonJSModule file:///usr/share/vscodium-bin/resources/app/extensions/npm/dist/main
[2019-10-22 20:57:53.818] [exthost] [info] ExtensionService#_doActivateExtension vscjava.vscode-java-debug {"startup":false,"extensionId":{"value":"vscjava.vscode-java-debug","_lower":"vscjava.vscode-java-debug"},"activationEvent":"onLanguage:java"}
[2019-10-22 20:57:53.818] [exthost] [info] ExtensionService#loadCommonJSModule file:///home/tblain/.vscode-oss/extensions/vscjava.vscode-java-debug-0.22.0/dist/extension
[2019-10-22 20:58:07.886] [exthost] [info] ExtensionService#_doActivateExtension VisualStudioExptTeam.vscodeintellicode {"startup":false,"extensionId":{"value":"VisualStudioExptTeam.vscodeintellicode","_lower":"visualstudioexptteam.vscodeintellicode"},"activationEvent":"onLanguage:java"}
[2019-10-22 20:58:07.887] [exthost] [info] ExtensionService#loadCommonJSModule file:///home/tblain/.vscode-oss/extensions/visualstudioexptteam.vscodeintellicode-1.2.0/dist/intellicode
[2019-10-22 20:58:13.452] [exthost] [info] ExtensionService#_doActivateExtension vscjava.vscode-maven {"startup":false,"extensionId":{"value":"vscjava.vscode-maven","_lower":"vscjava.vscode-maven"},"activationEvent":"workspaceContains:**/pom.xml"}
[2019-10-22 20:58:13.453] [exthost] [info] ExtensionService#loadCommonJSModule file:///home/tblain/.vscode-oss/extensions/vscjava.vscode-maven-0.19.1/dist/extension
[2019-10-22 20:59:06.691] [exthost] [info] ExtensionService#_doActivateExtension faustinoaq.javac-linter {"startup":false,"extensionId":{"value":"faustinoaq.javac-linter","_lower":"faustinoaq.javac-linter"},"activationEvent":"onLanguage:java"}
[2019-10-22 20:59:06.695] [exthost] [info] ExtensionService#loadCommonJSModule file:///home/tblain/.vscode-oss/extensions/faustinoaq.javac-linter-1.3.1/out/src/Main
[2019-10-22 20:59:07.468] [exthost] [info] ExtensionService#_doActivateExtension redhat.java {"startup":false,"extensionId":{"value":"redhat.java","_lower":"redhat.java"},"activationEvent":"onLanguage:java"}
[2019-10-22 20:59:07.468] [exthost] [info] ExtensionService#loadCommonJSModule file:///home/tblain/.vscode-oss/extensions/redhat.java-0.51.0/dist/extension
[2019-10-22 20:59:08.465] [exthost] [info] ExtensionService#_doActivateExtension vscjava.vscode-java-pack {"startup":false,"extensionId":{"value":"vscjava.vscode-java-pack","_lower":"vscjava.vscode-java-pack"},"activationEvent":"onLanguage:java"}
[2019-10-22 20:59:08.465] [exthost] [info] ExtensionService#loadCommonJSModule file:///home/tblain/.vscode-oss/extensions/vscjava.vscode-java-pack-0.8.0/out/extension
[2019-10-22 20:59:27.980] [exthost] [info] ExtensionService#_doActivateExtension vscjava.vscode-java-dependency {"startup":false,"extensionId":{"value":"vscjava.vscode-java-dependency","_lower":"vscjava.vscode-java-dependency"},"activationEvent":"onLanguage:java"}
[2019-10-22 20:59:27.981] [exthost] [info] ExtensionService#loadCommonJSModule file:///home/tblain/.vscode-oss/extensions/vscjava.vscode-java-dependency-0.6.0/dist/extension
[2019-10-22 20:59:28.382] [exthost] [info] ExtensionService#_doActivateExtension vscjava.vscode-java-test {"startup":false,"extensionId":{"value":"vscjava.vscode-java-test","_lower":"vscjava.vscode-java-test"},"activationEvent":"onLanguage:java"}
[2019-10-22 20:59:28.383] [exthost] [info] ExtensionService#loadCommonJSModule file:///home/tblain/.vscode-oss/extensions/vscjava.vscode-java-test-0.20.0/dist/extension
[2019-10-22 20:59:29.070] [exthost] [info] ExtensionService#_doActivateExtension shengchen.vscode-checkstyle {"startup":false,"extensionId":{"value":"shengchen.vscode-checkstyle","_lower":"shengchen.vscode-checkstyle"},"activationEvent":"onLanguage:java"}
[2019-10-22 20:59:29.070] [exthost] [info] ExtensionService#loadCommonJSModule file:///home/tblain/.vscode-oss/extensions/shengchen.vscode-checkstyle-1.3.2/dist/extension
[2019-10-22 21:01:29.261] [exthost] [error] [redhat.java] provider FAILED
[2019-10-22 21:01:29.265] [exthost] [error] Error: The request (id: 115, method: 'textDocument/hover') has been cancelled
	at /home/tblain/.vscode-oss/extensions/redhat.java-0.51.0/dist/extension.js:1:68555
	at /home/tblain/.vscode-oss/extensions/redhat.java-0.51.0/dist/extension.js:1:68849
	at Immediate.G.Y.size.setImmediate (/home/tblain/.vscode-oss/extensions/redhat.java-0.51.0/dist/extension.js:1:69210)
	at runCallback (timers.js:694:18)
	at tryOnImmediate (timers.js:665:5)
	at processImmediate (timers.js:647:5)
[2019-10-22 21:15:22.792] [exthost] [error] [VisualStudioExptTeam.vscodeintellicode] provider FAILED
[2019-10-22 21:15:22.798] [exthost] [error] Error: DisposableStore is missing...
	at T._convertCompletionItem (/usr/share/vscodium-bin/resources/app/out/vs/workbench/services/extensions/node/extensionHostProcess.js:560:618)
	at o.asPromise.then.e (/usr/share/vscodium-bin/resources/app/out/vs/workbench/services/extensions/node/extensionHostProcess.js:560:248)
	at i (/home/tblain/.vscode-oss/extensions/vscjava.vscode-java-test-0.20.0/dist/extension.js:16:188376)
	at /home/tblain/.vscode-oss/extensions/vscjava.vscode-java-test-0.20.0/dist/extension.js:16:188870
[2019-10-22 21:15:22.957] [exthost] [error] [VisualStudioExptTeam.vscodeintellicode] provider FAILED
[2019-10-22 21:15:22.958] [exthost] [error] Error: DisposableStore is missing...
	at T._convertCompletionItem (/usr/share/vscodium-bin/resources/app/out/vs/workbench/services/extensions/node/extensionHostProcess.js:560:618)
	at o.asPromise.then.e (/usr/share/vscodium-bin/resources/app/out/vs/workbench/services/extensions/node/extensionHostProcess.js:560:248)
	at i (/home/tblain/.vscode-oss/extensions/vscjava.vscode-java-test-0.20.0/dist/extension.js:16:188376)
	at /home/tblain/.vscode-oss/extensions/vscjava.vscode-java-test-0.20.0/dist/extension.js:16:188870
[2019-10-22 21:20:30.249] [exthost] [error] [redhat.java] provider FAILED
[2019-10-22 21:20:30.249] [exthost] [error] Error: The request (id: 825, method: 'textDocument/hover') has been cancelled
	at /home/tblain/.vscode-oss/extensions/redhat.java-0.51.0/dist/extension.js:1:68555
	at /home/tblain/.vscode-oss/extensions/redhat.java-0.51.0/dist/extension.js:1:68849
	at Immediate.G.Y.size.setImmediate (/home/tblain/.vscode-oss/extensions/redhat.java-0.51.0/dist/extension.js:1:69210)
	at runCallback (timers.js:694:18)
	at tryOnImmediate (timers.js:665:5)
	at processImmediate (timers.js:647:5)
[2019-10-22 21:27:08.709] [exthost] [info] ExtensionService#_doActivateExtension YouMayCallMeV.vscode-java-saber {"startup":false,"extensionId":{"value":"YouMayCallMeV.vscode-java-saber","_lower":"youmaycallmev.vscode-java-saber"},"activationEvent":"*"}
[2019-10-22 21:27:08.709] [exthost] [info] ExtensionService#loadCommonJSModule file:///home/tblain/.vscode-oss/extensions/youmaycallmev.vscode-java-saber-0.1.0/extension
[2019-10-22 21:29:16.616] [exthost] [error] [redhat.java] provider FAILED
[2019-10-22 21:29:16.617] [exthost] [error] Error: The request (id: 937, method: 'textDocument/hover') has been cancelled
	at /home/tblain/.vscode-oss/extensions/redhat.java-0.51.0/dist/extension.js:1:68555
	at /home/tblain/.vscode-oss/extensions/redhat.java-0.51.0/dist/extension.js:1:68849
	at Immediate.G.Y.size.setImmediate (/home/tblain/.vscode-oss/extensions/redhat.java-0.51.0/dist/extension.js:1:69210)
	at runCallback (timers.js:694:18)
	at tryOnImmediate (timers.js:665:5)
	at processImmediate (timers.js:647:5)
[2019-10-22 21:36:42.260] [exthost] [error] [redhat.java] provider FAILED
[2019-10-22 21:36:42.260] [exthost] [error] Error: The request (id: 2155, method: 'textDocument/hover') has been cancelled
	at /home/tblain/.vscode-oss/extensions/redhat.java-0.51.0/dist/extension.js:1:68555
	at /home/tblain/.vscode-oss/extensions/redhat.java-0.51.0/dist/extension.js:1:68849
	at Immediate.G.Y.size.setImmediate (/home/tblain/.vscode-oss/extensions/redhat.java-0.51.0/dist/extension.js:1:69210)
	at runCallback (timers.js:694:18)
	at tryOnImmediate (timers.js:665:5)
	at processImmediate (timers.js:647:5)
[2019-10-22 21:56:16.861] [exthost] [error] [redhat.java] provider FAILED
[2019-10-22 21:56:16.862] [exthost] [error] Error: The request (id: 3518, method: 'textDocument/hover') has been cancelled
	at /home/tblain/.vscode-oss/extensions/redhat.java-0.51.0/dist/extension.js:1:68555
	at /home/tblain/.vscode-oss/extensions/redhat.java-0.51.0/dist/extension.js:1:68849
	at Immediate.G.Y.size.setImmediate (/home/tblain/.vscode-oss/extensions/redhat.java-0.51.0/dist/extension.js:1:69210)
	at runCallback (timers.js:694:18)
	at tryOnImmediate (timers.js:665:5)
	at processImmediate (timers.js:647:5)
[2019-10-22 22:54:04.344] [exthost] [info] extension host started
[2019-10-22 22:54:04.383] [exthost] [info] ExtensionService#_doActivateExtension vscode.debug-auto-launch {"startup":true,"extensionId":{"value":"vscode.debug-auto-launch","_lower":"vscode.debug-auto-launch"},"activationEvent":"*"}
[2019-10-22 22:54:04.384] [exthost] [info] ExtensionService#loadCommonJSModule file:///usr/share/vscodium-bin/resources/app/extensions/debug-auto-launch/dist/extension
[2019-10-22 22:54:04.391] [exthost] [info] ExtensionService#_doActivateExtension vscode.emmet {"startup":true,"extensionId":{"value":"vscode.emmet","_lower":"vscode.emmet"},"activationEvent":"*"}
[2019-10-22 22:54:04.391] [exthost] [info] ExtensionService#loadCommonJSModule file:///usr/share/vscodium-bin/resources/app/extensions/emmet/dist/extension
[2019-10-22 22:54:04.424] [exthost] [info] ExtensionService#_doActivateExtension vscode.git {"startup":true,"extensionId":{"value":"vscode.git","_lower":"vscode.git"},"activationEvent":"*"}
[2019-10-22 22:54:04.424] [exthost] [info] ExtensionService#loadCommonJSModule file:///usr/share/vscodium-bin/resources/app/extensions/git/dist/main
[2019-10-22 22:54:04.503] [exthost] [info] ExtensionService#_doActivateExtension vscode.merge-conflict {"startup":true,"extensionId":{"value":"vscode.merge-conflict","_lower":"vscode.merge-conflict"},"activationEvent":"*"}
[2019-10-22 22:54:04.503] [exthost] [info] ExtensionService#loadCommonJSModule file:///usr/share/vscodium-bin/resources/app/extensions/merge-conflict/dist/extension
[2019-10-22 22:54:04.509] [exthost] [info] ExtensionService#_doActivateExtension YouMayCallMeV.vscode-java-saber {"startup":true,"extensionId":{"value":"YouMayCallMeV.vscode-java-saber","_lower":"youmaycallmev.vscode-java-saber"},"activationEvent":"*"}
[2019-10-22 22:54:04.509] [exthost] [info] ExtensionService#loadCommonJSModule file:///home/tblain/.vscode-oss/extensions/youmaycallmev.vscode-java-saber-0.1.0/extension
[2019-10-22 22:54:04.890] [exthost] [info] eager extensions activated
[2019-10-22 22:54:31.735] [exthost] [info] ExtensionService#_doActivateExtension faustinoaq.javac-linter {"startup":false,"extensionId":{"value":"faustinoaq.javac-linter","_lower":"faustinoaq.javac-linter"},"activationEvent":"onLanguage:java"}
[2019-10-22 22:54:31.735] [exthost] [info] ExtensionService#loadCommonJSModule file:///home/tblain/.vscode-oss/extensions/faustinoaq.javac-linter-1.3.1/out/src/Main
[2019-10-22 22:54:31.738] [exthost] [info] ExtensionService#_doActivateExtension redhat.java {"startup":false,"extensionId":{"value":"vscjava.vscode-java-test","_lower":"vscjava.vscode-java-test"},"activationEvent":"onLanguage:java"}
[2019-10-22 22:54:31.738] [exthost] [info] ExtensionService#loadCommonJSModule file:///home/tblain/.vscode-oss/extensions/redhat.java-0.51.0/dist/extension
[2019-10-22 22:54:31.845] [exthost] [info] ExtensionService#_doActivateExtension VisualStudioExptTeam.vscodeintellicode {"startup":false,"extensionId":{"value":"VisualStudioExptTeam.vscodeintellicode","_lower":"visualstudioexptteam.vscodeintellicode"},"activationEvent":"onLanguage:java"}
[2019-10-22 22:54:31.845] [exthost] [info] ExtensionService#loadCommonJSModule file:///home/tblain/.vscode-oss/extensions/visualstudioexptteam.vscodeintellicode-1.2.0/dist/intellicode
[2019-10-22 22:54:32.081] [exthost] [info] ExtensionService#_doActivateExtension vscjava.vscode-java-debug {"startup":false,"extensionId":{"value":"vscjava.vscode-java-test","_lower":"vscjava.vscode-java-test"},"activationEvent":"onLanguage:java"}
[2019-10-22 22:54:32.081] [exthost] [info] ExtensionService#loadCommonJSModule file:///home/tblain/.vscode-oss/extensions/vscjava.vscode-java-debug-0.22.0/dist/extension
[2019-10-22 22:54:32.213] [exthost] [info] ExtensionService#_doActivateExtension vscjava.vscode-java-pack {"startup":false,"extensionId":{"value":"vscjava.vscode-java-pack","_lower":"vscjava.vscode-java-pack"},"activationEvent":"onLanguage:java"}
[2019-10-22 22:54:32.213] [exthost] [info] ExtensionService#loadCommonJSModule file:///home/tblain/.vscode-oss/extensions/vscjava.vscode-java-pack-0.8.0/out/extension
[2019-10-22 22:54:46.010] [exthost] [info] ExtensionService#_doActivateExtension shengchen.vscode-checkstyle {"startup":false,"extensionId":{"value":"shengchen.vscode-checkstyle","_lower":"shengchen.vscode-checkstyle"},"activationEvent":"onLanguage:java"}
[2019-10-22 22:54:46.010] [exthost] [info] ExtensionService#loadCommonJSModule file:///home/tblain/.vscode-oss/extensions/shengchen.vscode-checkstyle-1.3.2/dist/extension
[2019-10-22 22:54:46.167] [exthost] [info] ExtensionService#_doActivateExtension vscjava.vscode-java-dependency {"startup":false,"extensionId":{"value":"vscjava.vscode-java-dependency","_lower":"vscjava.vscode-java-dependency"},"activationEvent":"onLanguage:java"}
[2019-10-22 22:54:46.167] [exthost] [info] ExtensionService#loadCommonJSModule file:///home/tblain/.vscode-oss/extensions/vscjava.vscode-java-dependency-0.6.0/dist/extension
[2019-10-22 22:54:46.243] [exthost] [info] ExtensionService#_doActivateExtension vscjava.vscode-java-test {"startup":false,"extensionId":{"value":"vscjava.vscode-java-test","_lower":"vscjava.vscode-java-test"},"activationEvent":"onLanguage:java"}
[2019-10-22 22:54:46.243] [exthost] [info] ExtensionService#loadCommonJSModule file:///home/tblain/.vscode-oss/extensions/vscjava.vscode-java-test-0.20.0/dist/extension
[2019-10-22 23:13:42.542] [exthost] [info] extension host started
[2019-10-22 23:13:42.624] [exthost] [info] ExtensionService#_doActivateExtension vscode.debug-auto-launch {"startup":true,"extensionId":{"value":"vscode.debug-auto-launch","_lower":"vscode.debug-auto-launch"},"activationEvent":"*"}
[2019-10-22 23:13:42.625] [exthost] [info] ExtensionService#loadCommonJSModule file:///usr/share/vscodium-bin/resources/app/extensions/debug-auto-launch/dist/extension
[2019-10-22 23:13:42.637] [exthost] [info] ExtensionService#_doActivateExtension vscode.emmet {"startup":true,"extensionId":{"value":"vscode.emmet","_lower":"vscode.emmet"},"activationEvent":"*"}
[2019-10-22 23:13:42.638] [exthost] [info] ExtensionService#loadCommonJSModule file:///usr/share/vscodium-bin/resources/app/extensions/emmet/dist/extension
[2019-10-22 23:13:42.675] [exthost] [info] ExtensionService#_doActivateExtension vscode.git {"startup":true,"extensionId":{"value":"vscode.git","_lower":"vscode.git"},"activationEvent":"*"}
[2019-10-22 23:13:42.676] [exthost] [info] ExtensionService#loadCommonJSModule file:///usr/share/vscodium-bin/resources/app/extensions/git/dist/main
[2019-10-22 23:13:42.745] [exthost] [info] ExtensionService#_doActivateExtension vscode.merge-conflict {"startup":true,"extensionId":{"value":"vscode.merge-conflict","_lower":"vscode.merge-conflict"},"activationEvent":"*"}
[2019-10-22 23:13:42.745] [exthost] [info] ExtensionService#loadCommonJSModule file:///usr/share/vscodium-bin/resources/app/extensions/merge-conflict/dist/extension
[2019-10-22 23:13:42.751] [exthost] [info] ExtensionService#_doActivateExtension YouMayCallMeV.vscode-java-saber {"startup":true,"extensionId":{"value":"YouMayCallMeV.vscode-java-saber","_lower":"youmaycallmev.vscode-java-saber"},"activationEvent":"*"}
[2019-10-22 23:13:42.751] [exthost] [info] ExtensionService#loadCommonJSModule file:///home/tblain/.vscode-oss/extensions/youmaycallmev.vscode-java-saber-0.1.0/extension
[2019-10-22 23:13:42.798] [exthost] [info] ExtensionService#_doActivateExtension redhat.java {"startup":true,"extensionId":{"value":"redhat.java","_lower":"redhat.java"},"activationEvent":"workspaceContains:pom.xml"}
[2019-10-22 23:13:42.798] [exthost] [info] ExtensionService#loadCommonJSModule file:///home/tblain/.vscode-oss/extensions/redhat.java-0.51.0/dist/extension
[2019-10-22 23:13:42.905] [exthost] [info] ExtensionService#_doActivateExtension vscjava.vscode-java-pack {"startup":true,"extensionId":{"value":"vscjava.vscode-java-pack","_lower":"vscjava.vscode-java-pack"},"activationEvent":"workspaceContains:pom.xml"}
[2019-10-22 23:13:42.905] [exthost] [info] ExtensionService#loadCommonJSModule file:///home/tblain/.vscode-oss/extensions/vscjava.vscode-java-pack-0.8.0/out/extension
[2019-10-22 23:13:43.043] [exthost] [info] ExtensionService#_doActivateExtension vscjava.vscode-java-debug {"startup":true,"extensionId":{"value":"vscjava.vscode-java-test","_lower":"vscjava.vscode-java-test"},"activationEvent":"workspaceContains:pom.xml"}
[2019-10-22 23:13:43.043] [exthost] [info] ExtensionService#loadCommonJSModule file:///home/tblain/.vscode-oss/extensions/vscjava.vscode-java-debug-0.22.0/dist/extension
[2019-10-22 23:13:43.076] [exthost] [info] ExtensionService#_doActivateExtension vscjava.vscode-maven {"startup":true,"extensionId":{"value":"vscjava.vscode-maven","_lower":"vscjava.vscode-maven"},"activationEvent":"workspaceContains:**/pom.xml"}
[2019-10-22 23:13:43.077] [exthost] [info] ExtensionService#loadCommonJSModule file:///home/tblain/.vscode-oss/extensions/vscjava.vscode-maven-0.19.1/dist/extension
[2019-10-22 23:13:58.667] [exthost] [info] ExtensionService#_doActivateExtension vscode.configuration-editing {"startup":false,"extensionId":{"value":"vscode.configuration-editing","_lower":"vscode.configuration-editing"},"activationEvent":"onLanguage:jsonc"}
[2019-10-22 23:13:58.667] [exthost] [info] ExtensionService#loadCommonJSModule file:///usr/share/vscodium-bin/resources/app/extensions/configuration-editing/dist/extension
[2019-10-22 23:13:58.751] [exthost] [info] ExtensionService#_doActivateExtension vscode.json-language-features {"startup":false,"extensionId":{"value":"vscode.json-language-features","_lower":"vscode.json-language-features"},"activationEvent":"onLanguage:jsonc"}
[2019-10-22 23:13:58.751] [exthost] [info] ExtensionService#loadCommonJSModule file:///usr/share/vscodium-bin/resources/app/extensions/json-language-features/client/dist/jsonMain
[2019-10-22 23:13:59.204] [exthost] [info] ExtensionService#_doActivateExtension vscode.typescript-language-features {"startup":false,"extensionId":{"value":"vscode.typescript-language-features","_lower":"vscode.typescript-language-features"},"activationEvent":"onLanguage:jsonc"}
[2019-10-22 23:13:59.204] [exthost] [info] ExtensionService#loadCommonJSModule file:///usr/share/vscodium-bin/resources/app/extensions/typescript-language-features/dist/extension
[2019-10-22 23:13:59.856] [exthost] [info] ExtensionService#_doActivateExtension vscjava.vscode-java-dependency {"startup":true,"extensionId":{"value":"vscjava.vscode-java-dependency","_lower":"vscjava.vscode-java-dependency"},"activationEvent":"workspaceContains:pom.xml"}
[2019-10-22 23:13:59.856] [exthost] [info] ExtensionService#loadCommonJSModule file:///home/tblain/.vscode-oss/extensions/vscjava.vscode-java-dependency-0.6.0/dist/extension
[2019-10-22 23:14:00.563] [exthost] [info] ExtensionService#_doActivateExtension vscjava.vscode-java-test {"startup":true,"extensionId":{"value":"vscjava.vscode-java-test","_lower":"vscjava.vscode-java-test"},"activationEvent":"workspaceContains:pom.xml"}
[2019-10-22 23:14:00.563] [exthost] [info] ExtensionService#loadCommonJSModule file:///home/tblain/.vscode-oss/extensions/vscjava.vscode-java-test-0.20.0/dist/extension
[2019-10-22 23:14:02.210] [exthost] [info] eager extensions activated
[2019-10-22 23:14:35.259] [exthost] [info] ExtensionService#_doActivateExtension faustinoaq.javac-linter {"startup":false,"extensionId":{"value":"faustinoaq.javac-linter","_lower":"faustinoaq.javac-linter"},"activationEvent":"onLanguage:java"}
[2019-10-22 23:14:35.260] [exthost] [info] ExtensionService#loadCommonJSModule file:///home/tblain/.vscode-oss/extensions/faustinoaq.javac-linter-1.3.1/out/src/Main
[2019-10-22 23:14:35.280] [exthost] [info] ExtensionService#_doActivateExtension shengchen.vscode-checkstyle {"startup":false,"extensionId":{"value":"shengchen.vscode-checkstyle","_lower":"shengchen.vscode-checkstyle"},"activationEvent":"onLanguage:java"}
[2019-10-22 23:14:35.280] [exthost] [info] ExtensionService#loadCommonJSModule file:///home/tblain/.vscode-oss/extensions/shengchen.vscode-checkstyle-1.3.2/dist/extension
[2019-10-22 23:14:35.399] [exthost] [info] ExtensionService#_doActivateExtension VisualStudioExptTeam.vscodeintellicode {"startup":false,"extensionId":{"value":"VisualStudioExptTeam.vscodeintellicode","_lower":"visualstudioexptteam.vscodeintellicode"},"activationEvent":"onLanguage:java"}
[2019-10-22 23:14:35.400] [exthost] [info] ExtensionService#loadCommonJSModule file:///home/tblain/.vscode-oss/extensions/visualstudioexptteam.vscodeintellicode-1.2.0/dist/intellicode
[2019-10-22 23:27:46.591] [exthost] [error] [redhat.java] provider FAILED
[2019-10-22 23:27:46.596] [exthost] [error] Error: The request (id: 243, method: 'textDocument/hover') has been cancelled
	at /home/tblain/.vscode-oss/extensions/redhat.java-0.51.0/dist/extension.js:1:68555
	at /home/tblain/.vscode-oss/extensions/redhat.java-0.51.0/dist/extension.js:1:68849
	at Immediate.G.Y.size.setImmediate (/home/tblain/.vscode-oss/extensions/redhat.java-0.51.0/dist/extension.js:1:69210)
	at runCallback (timers.js:694:18)
	at tryOnImmediate (timers.js:665:5)
	at processImmediate (timers.js:647:5)
