[137141][1573076309743][main][info]["Booting Postman 7.10.0, linux-5.3.8-arch1-1 on x64"]
[137141][1573076309747][main][info]["EventBus~initialize - Success"]
[137141][1573076309757][main][info]["UpdateHandler~init - Success"]
[137141][1573076309763][main][info]["RuntimeExecutionService~initialized: Success"]
[137141][1573076309767][main][info]["LinuxAutoUpdater~Cleanup - Initial cleanup successful"]
[137141][1573076310140][main][info]["Bootstrap-models~bootstrap - Success"]
[137141][1573076310631][main][info]["window-manager~newSharedWindow: Shell loaded"]
[137141][1573076315260][main][info]["Main~AppEvents - Received booted event for process shared"]
[137141][1573076319039][main][info]["UpdateHandler~app-update-events - Received event",{"name":"checkForElectronVersionUpdated","namespace":"appUpdate"}]
[137141][1573076319063][main][info]["Main~AppEvents - Received booted event for process requester"]
[137141][1573076325075][main][error]["Main~handleUncaughtError - Uncaught errors",{"name":"TypeError","message":"Cannot read property '0' of undefined","stack":"TypeError: Cannot read property '0' of undefined\n    at Object.handleMenuAction (/usr/share/postman/app/services/menuManager.js:502:114)\n    at click (/usr/share/postman/app/services/menuManager.js:243:78)\n    at MenuItem.click (/usr/lib/electron4/resources/electron.asar/browser/api/menu-item.js:56:9)\n    at Function.executeCommand (/usr/lib/electron4/resources/electron.asar/browser/api/menu.js:31:13)"}]
[138517][1573076366814][main][info]["Booting Postman 7.10.0, linux-5.3.8-arch1-1 on x64"]
[138517][1573076366818][main][info]["EventBus~initialize - Success"]
[138517][1573076366829][main][info]["UpdateHandler~init - Success"]
[138517][1573076366833][main][info]["RuntimeExecutionService~initialized: Success"]
[138517][1573076366836][main][info]["LinuxAutoUpdater~Cleanup - Initial cleanup successful"]
[138517][1573076367170][main][info]["Bootstrap-models~bootstrap - Success"]
[138517][1573076367634][main][info]["window-manager~newSharedWindow: Shell loaded"]
[138517][1573076371343][main][info]["Main~AppEvents - Received booted event for process shared"]
[138517][1573076375197][main][info]["UpdateHandler~app-update-events - Received event",{"name":"checkForElectronVersionUpdated","namespace":"appUpdate"}]
[138517][1573076375249][main][info]["Main~AppEvents - Received booted event for process requester"]
[138517][1573076375369][main][info]["Main~AppEvents - Received booted event for process runner"]
[138517][1573076437662][main][error]["Main~handleUncaughtError - Uncaught errors",{"name":"TypeError","message":"Cannot read property '0' of undefined","stack":"TypeError: Cannot read property '0' of undefined\n    at Object.handleMenuAction (/usr/share/postman/app/services/menuManager.js:502:114)\n    at click (/usr/share/postman/app/services/menuManager.js:228:78)\n    at MenuItem.click (/usr/lib/electron4/resources/electron.asar/browser/api/menu-item.js:56:9)\n    at Function.executeCommand (/usr/lib/electron4/resources/electron.asar/browser/api/menu.js:31:13)"}]
[139570][1573076448205][main][info]["Booting Postman 7.10.0, linux-5.3.8-arch1-1 on x64"]
[139570][1573076448209][main][info]["EventBus~initialize - Success"]
[139570][1573076448220][main][info]["UpdateHandler~init - Success"]
[139570][1573076448225][main][info]["RuntimeExecutionService~initialized: Success"]
[139570][1573076448228][main][info]["LinuxAutoUpdater~Cleanup - Initial cleanup successful"]
[139570][1573076448595][main][info]["Bootstrap-models~bootstrap - Success"]
[139570][1573076448849][main][info]["window-manager~newSharedWindow: Shell loaded"]
[139570][1573076452760][main][info]["Main~AppEvents - Received booted event for process shared"]
[139570][1573076456567][main][info]["UpdateHandler~app-update-events - Received event",{"name":"checkForElectronVersionUpdated","namespace":"appUpdate"}]
[139570][1573076456595][main][info]["Main~AppEvents - Received booted event for process requester"]
[139570][1573076456789][main][info]["Main~AppEvents - Received booted event for process runner"]
[139570][1573079275656][main][info]["WindowManager~closeHandler - Closed Window (id: 5 )"]
[139570][1573079320371][main][info]["WindowManager~closeHandler - Closed Window (id: 4 )"]
[139570][1573079320554][main][info]["Quitting app"]
[39529][1573212160133][main][info]["Booting Postman 7.10.0, linux-5.3.8-arch1-1 on x64"]
[39529][1573212160139][main][info]["EventBus~initialize - Success"]
[39529][1573212160155][main][info]["UpdateHandler~init - Success"]
[39529][1573212160159][main][info]["RuntimeExecutionService~initialized: Success"]
[39529][1573212160163][main][info]["LinuxAutoUpdater~Cleanup - Initial cleanup successful"]
[39529][1573212160495][main][info]["Bootstrap-models~bootstrap - Success"]
[39529][1573212161154][main][info]["window-manager~newSharedWindow: Shell loaded"]
[39529][1573212163730][main][info]["Main~AppEvents - Received booted event for process shared"]
[39529][1573212168171][main][info]["UpdateHandler~app-update-events - Received event",{"name":"checkForElectronVersionUpdated","namespace":"appUpdate"}]
[39529][1573212168188][main][info]["Main~AppEvents - Received booted event for process requester"]
[39529][1573212178624][main][info]["UpdateHandler~app-update-events - Received event",{"data":{"additionalParamsString":"installationId=7ed9b269-9644-412a-8290-cb4a2f87ab87&userId=9398463&syncEnabled=true&teamPlan=","appId":"7ed9b269-9644-412a-8290-cb4a2f87ab87","arch":"64","channel":"stable","downloadURL":"https://dl.pstmn.io/download/version/7.11.0/linux_64","downloadVersion":"7.11.0","platform":"LINUX","updateServerDomain":"https://dl.pstmn.io/","userAgent":"Mozilla/5.0 (X11; Linux x86_64) AppleWebKit/537.36 (KHTML, like Gecko) Postman/7.10.0 Chrome/69.0.3497.128 Electron/4.2.12 Safari/537.36","userId":"9398463","version":"7.10.0"},"name":"updateElectron","namespace":"appUpdate"}]
[39529][1573212178625][main][info]["LinuxUpdater~downloadUpdate - UpdateInfo received",{"additionalParamsString":"installationId=7ed9b269-9644-412a-8290-cb4a2f87ab87&userId=9398463&syncEnabled=true&teamPlan=","appId":"7ed9b269-9644-412a-8290-cb4a2f87ab87","arch":"64","channel":"stable","downloadURL":"https://dl.pstmn.io/download/version/7.11.0/linux_64","downloadVersion":"7.11.0","platform":"LINUX","updateServerDomain":"https://dl.pstmn.io/","userAgent":"Mozilla/5.0 (X11; Linux x86_64) AppleWebKit/537.36 (KHTML, like Gecko) Postman/7.10.0 Chrome/69.0.3497.128 Electron/4.2.12 Safari/537.36","userId":"9398463","version":"7.10.0"}]
[39529][1573212178713][main][info]["@postman/app-updater: error",{"errno":-13,"code":"EACCES","syscall":"open","path":"/usr/Postman-1573212178626.tar.gz","name":"Error","message":"EACCES: permission denied, open '/usr/Postman-1573212178626.tar.gz'","stack":"Error: EACCES: permission denied, open '/usr/Postman-1573212178626.tar.gz'"},{"packageName":"Postman","eID":"Postman-1573212178626","downloadURL":"https://dl.pstmn.io/download/version/7.11.0/linux_64","downloadDirectory":"/usr","downloadInfo":{"status":"DOWNLOAD_ERROR","error":{"errno":-13,"code":"EACCES","syscall":"open","path":"/usr/Postman-1573212178626.tar.gz"},"downloadDirectory":"/usr"}}]
[39529][1573212178715][main][info]["UpdateHandler~app-update-events - Received event",{"name":"electronAppUpdateError","namespace":"appUpdate","data":{"error":{"errno":-13,"code":"EACCES","syscall":"open","path":"/usr/Postman-1573212178626.tar.gz","name":"Error","message":"EACCES: permission denied, open '/usr/Postman-1573212178626.tar.gz'","stack":"Error: EACCES: permission denied, open '/usr/Postman-1573212178626.tar.gz'"},"updateData":{"packageName":"Postman","eID":"Postman-1573212178626","downloadURL":"https://dl.pstmn.io/download/version/7.11.0/linux_64","downloadDirectory":"/usr","downloadInfo":{"status":"DOWNLOAD_ERROR","error":{"errno":-13,"code":"EACCES","syscall":"open","path":"/usr/Postman-1573212178626.tar.gz"},"downloadDirectory":"/usr"}}}}]
[39529][1573306468765][main][info]["Quitting app"]
[2006][1573306521105][main][info]["Booting Postman 7.11.0, linux-5.3.8-arch1-1 on x64"]
[2006][1573306521109][main][info]["EventBus~initialize - Success"]
[2006][1573306521120][main][info]["UpdateHandler~init - Success"]
[2006][1573306521123][main][info]["RuntimeExecutionService~initialized: Success"]
[2006][1573306521126][main][info]["LinuxAutoUpdater~Cleanup - Initial cleanup successful"]
[2006][1573306521381][main][info]["Bootstrap-models~bootstrap - Success"]
[2006][1573306521777][main][info]["window-manager~newSharedWindow: Shell loaded"]
[2006][1573306523774][main][info]["Main~AppEvents - Received booted event for process shared"]
[2006][1573306525885][main][info]["UpdateHandler~app-update-events - Received event",{"name":"checkForElectronVersionUpdated","namespace":"appUpdate"}]
[2006][1573306525886][main][info]["@postman/app-updater: version Updated","7.10.0","7.11.0"]
[2006][1573306525887][main][info]["UpdateHandler~app-update-events - Received event",{"name":"electronVersionUpdated","namespace":"appUpdate","data":{"lastKnownVersion":"7.10.0","currentVersion":"7.11.0"}}]
[2006][1573306525896][main][info]["Main~AppEvents - Received booted event for process requester"]
[2006][1573337419459][main][info]["Quitting app"]
[6460][1573386230642][main][info]["Booting Postman 7.11.0, linux-5.3.8-arch1-1 on x64"]
[6460][1573386230649][main][info]["EventBus~initialize - Success"]
[6460][1573386230666][main][info]["UpdateHandler~init - Success"]
[6460][1573386230673][main][info]["RuntimeExecutionService~initialized: Success"]
[6460][1573386230676][main][info]["LinuxAutoUpdater~Cleanup - Initial cleanup successful"]
[6460][1573386230954][main][info]["Bootstrap-models~bootstrap - Success"]
[6460][1573386231692][main][info]["window-manager~newSharedWindow: Shell loaded"]
[6460][1573386235088][main][info]["Main~AppEvents - Received booted event for process shared"]
[6460][1573386238955][main][info]["UpdateHandler~app-update-events - Received event",{"name":"checkForElectronVersionUpdated","namespace":"appUpdate"}]
[6460][1573386238975][main][info]["Main~AppEvents - Received booted event for process requester"]
[6460][1573473124873][main][info]["WindowManager~closeHandler - Closed Window (id: 3 )"]
[6460][1573473124951][main][info]["Quitting app"]
[147005][1573491504978][main][info]["Booting Postman 7.11.0, linux-5.3.8-arch1-1 on x64"]
[147005][1573491504984][main][info]["EventBus~initialize - Success"]
[147005][1573491505002][main][info]["UpdateHandler~init - Success"]
[147005][1573491505005][main][info]["RuntimeExecutionService~initialized: Success"]
[147005][1573491505008][main][info]["LinuxAutoUpdater~Cleanup - Initial cleanup successful"]
[147005][1573491505251][main][info]["Bootstrap-models~bootstrap - Success"]
[147005][1573491505706][main][info]["window-manager~newSharedWindow: Shell loaded"]
[147005][1573491510055][main][info]["Main~AppEvents - Received booted event for process shared"]
[147005][1573491514293][main][info]["UpdateHandler~app-update-events - Received event",{"name":"checkForElectronVersionUpdated","namespace":"appUpdate"}]
[147005][1573491514324][main][info]["Main~AppEvents - Received booted event for process requester"]
[147005][1573501763886][main][info]["WindowManager~closeHandler - Closed Window (id: 3 )"]
[147005][1573501763959][main][info]["Quitting app"]
[198314][1573505769455][main][info]["Booting Postman 7.11.0, linux-5.3.8-arch1-1 on x64"]
[198314][1573505769459][main][info]["EventBus~initialize - Success"]
[198314][1573505769470][main][info]["UpdateHandler~init - Success"]
[198314][1573505769473][main][info]["RuntimeExecutionService~initialized: Success"]
[198314][1573505769475][main][info]["LinuxAutoUpdater~Cleanup - Initial cleanup successful"]
[198314][1573505769705][main][info]["Bootstrap-models~bootstrap - Success"]
[198314][1573505770121][main][info]["window-manager~newSharedWindow: Shell loaded"]
[198314][1573505772342][main][info]["Main~AppEvents - Received booted event for process shared"]
[198314][1573505775624][main][info]["UpdateHandler~app-update-events - Received event",{"name":"checkForElectronVersionUpdated","namespace":"appUpdate"}]
[198314][1573505775639][main][info]["Main~AppEvents - Received booted event for process requester"]
[198314][1573505814569][main][info]["WindowManager~closeHandler - Closed Window (id: 3 )"]
[198314][1573505814611][main][info]["Quitting app"]
[218293][1573508527267][main][info]["Booting Postman 7.11.0, linux-5.3.8-arch1-1 on x64"]
[218293][1573508527271][main][info]["EventBus~initialize - Success"]
[218293][1573508527282][main][info]["UpdateHandler~init - Success"]
[218293][1573508527287][main][info]["RuntimeExecutionService~initialized: Success"]
[218293][1573508527290][main][info]["LinuxAutoUpdater~Cleanup - Initial cleanup successful"]
[218293][1573508527547][main][info]["Bootstrap-models~bootstrap - Success"]
[218293][1573508527843][main][info]["window-manager~newSharedWindow: Shell loaded"]
[218293][1573508530174][main][info]["Main~AppEvents - Received booted event for process shared"]
[218293][1573508533484][main][info]["UpdateHandler~app-update-events - Received event",{"name":"checkForElectronVersionUpdated","namespace":"appUpdate"}]
[218293][1573508533507][main][info]["Main~AppEvents - Received booted event for process requester"]
[218293][1573508582294][main][info]["WindowManager~closeHandler - Closed Window (id: 3 )"]
[218293][1573508582376][main][info]["Quitting app"]
[220915][1573508809370][main][info]["Booting Postman 7.11.0, linux-5.3.8-arch1-1 on x64"]
[220915][1573508809373][main][info]["EventBus~initialize - Success"]
[220915][1573508809380][main][info]["UpdateHandler~init - Success"]
[220915][1573508809382][main][info]["RuntimeExecutionService~initialized: Success"]
[220915][1573508809384][main][info]["LinuxAutoUpdater~Cleanup - Initial cleanup successful"]
[220915][1573508809593][main][info]["Bootstrap-models~bootstrap - Success"]
[220915][1573508809986][main][info]["window-manager~newSharedWindow: Shell loaded"]
[220915][1573508813591][main][info]["Main~AppEvents - Received booted event for process shared"]
[220915][1573508817153][main][info]["UpdateHandler~app-update-events - Received event",{"name":"checkForElectronVersionUpdated","namespace":"appUpdate"}]
[220915][1573508817164][main][info]["Main~AppEvents - Received booted event for process requester"]
[220915][1573509068908][main][info]["WindowManager~closeHandler - Closed Window (id: 3 )"]
[220915][1573509069036][main][info]["Quitting app"]
[283538][1573513286150][main][info]["Booting Postman 7.11.0, linux-5.3.8-arch1-1 on x64"]
[283538][1573513286154][main][info]["EventBus~initialize - Success"]
[283538][1573513286164][main][info]["UpdateHandler~init - Success"]
[283538][1573513286167][main][info]["RuntimeExecutionService~initialized: Success"]
[283538][1573513286169][main][info]["LinuxAutoUpdater~Cleanup - Initial cleanup successful"]
[283538][1573513286415][main][info]["Bootstrap-models~bootstrap - Success"]
[283538][1573513289032][main][info]["window-manager~newSharedWindow: Shell loaded"]
[283538][1573513293753][main][info]["Main~AppEvents - Received booted event for process shared"]
[283538][1573513296954][main][info]["UpdateHandler~app-update-events - Received event",{"name":"checkForElectronVersionUpdated","namespace":"appUpdate"}]
[283538][1573513296980][main][info]["Main~AppEvents - Received booted event for process requester"]
[283538][1573514794515][main][info]["WindowManager~closeHandler - Closed Window (id: 3 )"]
[283538][1573514795639][main][info]["Quitting app"]
[367548][1573544270765][main][info]["Booting Postman 7.11.0, linux-5.3.8-arch1-1 on x64"]
[367548][1573544270768][main][info]["EventBus~initialize - Success"]
[367548][1573544270779][main][info]["UpdateHandler~init - Success"]
[367548][1573544270783][main][info]["RuntimeExecutionService~initialized: Success"]
[367548][1573544270786][main][info]["LinuxAutoUpdater~Cleanup - Initial cleanup successful"]
[367548][1573544270963][main][info]["Bootstrap-models~bootstrap - Success"]
[367548][1573544271810][main][info]["window-manager~newSharedWindow: Shell loaded"]
[367548][1573544275267][main][info]["Main~AppEvents - Received booted event for process shared"]
[367548][1573544279207][main][info]["UpdateHandler~app-update-events - Received event",{"name":"checkForElectronVersionUpdated","namespace":"appUpdate"}]
[367548][1573544279245][main][info]["Main~AppEvents - Received booted event for process requester"]
[367548][1573559042267][main][info]["WindowManager~closeHandler - Closed Window (id: 3 )"]
[367548][1573559042332][main][info]["Quitting app"]
[434918][1573560034286][main][info]["Booting Postman 7.11.0, linux-5.3.8-arch1-1 on x64"]
[434918][1573560034293][main][info]["EventBus~initialize - Success"]
[434918][1573560034310][main][info]["UpdateHandler~init - Success"]
[434918][1573560034314][main][info]["RuntimeExecutionService~initialized: Success"]
[434918][1573560034318][main][info]["LinuxAutoUpdater~Cleanup - Initial cleanup successful"]
[434918][1573560034573][main][info]["Bootstrap-models~bootstrap - Success"]
[434918][1573560035376][main][info]["window-manager~newSharedWindow: Shell loaded"]
[434918][1573560039119][main][info]["Main~AppEvents - Received booted event for process shared"]
[434918][1573560043135][main][info]["UpdateHandler~app-update-events - Received event",{"name":"checkForElectronVersionUpdated","namespace":"appUpdate"}]
[434918][1573560043154][main][info]["Main~AppEvents - Received booted event for process requester"]
[434918][1573579997889][main][info]["WindowManager~closeHandler - Closed Window (id: 3 )"]
[434918][1573579997975][main][info]["Quitting app"]
[25937][1573586112034][main][info]["Booting Postman 7.11.0, linux-5.3.8-arch1-1 on x64"]
[25937][1573586112037][main][info]["EventBus~initialize - Success"]
[25937][1573586112045][main][info]["UpdateHandler~init - Success"]
[25937][1573586112049][main][info]["RuntimeExecutionService~initialized: Success"]
[25937][1573586112050][main][info]["LinuxAutoUpdater~Cleanup - Initial cleanup successful"]
[25937][1573586112586][main][info]["Bootstrap-models~bootstrap - Success"]
[25937][1573586113087][main][info]["window-manager~newSharedWindow: Shell loaded"]
[25937][1573586115791][main][info]["Main~AppEvents - Received booted event for process shared"]
[25937][1573586118606][main][info]["UpdateHandler~app-update-events - Received event",{"name":"checkForElectronVersionUpdated","namespace":"appUpdate"}]
[25937][1573586118617][main][info]["Main~AppEvents - Received booted event for process requester"]
[25937][1573597470125][main][info]["WindowManager~closeHandler - Closed Window (id: 3 )"]
[25937][1573597470244][main][info]["Quitting app"]
[57075][1575123570791][main][info]["Booting Postman 7.12.0, linux-5.3.13-arch1-1 on x64"]
[57075][1575123570796][main][info]["EventBus~initialize - Success"]
[57075][1575123570809][main][info]["UpdateHandler~init - Success"]
[57075][1575123570812][main][info]["RuntimeExecutionService~initialized: Success"]
[57075][1575123571477][main][info]["LinuxAutoUpdater~Cleanup - Initial cleanup successful"]
[57075][1575123572442][main][info]["Bootstrap-models~bootstrap - Success"]
[57075][1575123573330][main][info]["window-manager~newSharedWindow: Shell loaded"]
[57075][1575123579242][main][info]["Main~AppEvents - Received booted event for process shared"]
[57075][1575123584189][main][info]["UpdateHandler~app-update-events - Received event",{"name":"checkForElectronVersionUpdated","namespace":"appUpdate"}]
[57075][1575123584194][main][info]["@postman/app-updater: version Updated","7.11.0","7.12.0"]
[57075][1575123584195][main][info]["UpdateHandler~app-update-events - Received event",{"name":"electronVersionUpdated","namespace":"appUpdate","data":{"lastKnownVersion":"7.11.0","currentVersion":"7.12.0"}}]
[57075][1575123584221][main][info]["Main~AppEvents - Received booted event for process requester"]
[57075][1575123612801][main][info]["WindowManager~closeHandler - Closed Window (id: 3 )"]
[57075][1575123612852][main][info]["Quitting app"]
[71483][1577018279664][main][info]["Booting Postman 7.14.0, linux-5.4.5-arch1-1 on x64"]
[71483][1577018279669][main][info]["EventBus~initialize - Success"]
[71483][1577018279684][main][info]["UpdateHandler~init - Success"]
[71483][1577018279690][main][info]["RuntimeExecutionService~initialized: Success"]
[71483][1577018279693][main][info]["LinuxAutoUpdater~Cleanup - Initial cleanup successful"]
[71483][1577018280041][main][info]["Bootstrap-models~bootstrap - Success"]
[71483][1577018280747][main][info]["window-manager~newSharedWindow: Shell loaded"]
[71483][1577018285941][main][info]["Main~AppEvents - Received booted event for process shared"]
[71483][1577018290532][main][info]["UpdateHandler~app-update-events - Received event",{"name":"checkForElectronVersionUpdated","namespace":"appUpdate"}]
[71483][1577018290539][main][info]["@postman/app-updater: version Updated","7.12.0","7.14.0"]
[71483][1577018290540][main][info]["UpdateHandler~app-update-events - Received event",{"name":"electronVersionUpdated","namespace":"appUpdate","data":{"lastKnownVersion":"7.12.0","currentVersion":"7.14.0"}}]
[71483][1577018290563][main][info]["Main~AppEvents - Received booted event for process requester"]
[71483][1577018408471][main][info]["Main~AppEvents - Received booted event for process shared"]
[71483][1577018413796][main][info]["UpdateHandler~app-update-events - Received event",{"name":"checkForElectronVersionUpdated","namespace":"appUpdate"}]
[71483][1577018413808][main][info]["Main~AppEvents - Received booted event for process requester"]
[71483][1577018517262][main][info]["Main~AppEvents - Received booted event for process shared"]
[71483][1577018523117][main][info]["UpdateHandler~app-update-events - Received event",{"name":"checkForElectronVersionUpdated","namespace":"appUpdate"}]
[71483][1577018523134][main][info]["Main~AppEvents - Received booted event for process requester"]
[71483][1577038157537][main][info]["WindowManager~closeHandler - Closed Window (id: 9 )"]
[71483][1577038157791][main][info]["Quitting app"]
