[138517][1573076374808][runner][info]["EventBus~initialize - Success"]
[138517][1573076374815][runner][info]["Messaging~boot - Success"]
[138517][1573076374853][runner][info]["bootCrashReporter~ Success"]
[138517][1573076374856][runner][info]["Telemetry~boot - Success"]
[138517][1573076374857][runner][info]["bootConfigurations~initialize - Success"]
[138517][1573076374861][runner][info]["Settings~boot - Success"]
[138517][1573076375009][runner][info]["bootstrapModels - Success"]
[138517][1573076375010][runner][info]["WLModels~boot - Success"]
[138517][1573076375090][runner][info]["AppModels~boot - Success"]
[138517][1573076375317][runner][info]["Session~boot - Success"]
[138517][1573076375322][runner][info]["ThemeManager~boot - Success"]
[138517][1573076375330][runner][info]["Shortcuts~boot - Success"]
[138517][1573076375332][runner][info]["SyncProxy~boot - Success"]
[138517][1573076375352][runner][info]["NewConsole~boot - Success"]
[138517][1573076375366][runner][info]["Runner~boot - Success"]
[138517][1573076375367][runner][info]["booted - runner"]
[138517][1573076377687][runner][info]["Runner~initialize - Success"]
[139570][1573076456302][runner][info]["EventBus~initialize - Success"]
[139570][1573076456305][runner][info]["Messaging~boot - Success"]
[139570][1573076456344][runner][info]["bootCrashReporter~ Success"]
[139570][1573076456350][runner][info]["Telemetry~boot - Success"]
[139570][1573076456352][runner][info]["bootConfigurations~initialize - Success"]
[139570][1573076456356][runner][info]["Settings~boot - Success"]
[139570][1573076456499][runner][info]["bootstrapModels - Success"]
[139570][1573076456499][runner][info]["WLModels~boot - Success"]
[139570][1573076456543][runner][info]["AppModels~boot - Success"]
[139570][1573076456733][runner][info]["Session~boot - Success"]
[139570][1573076456739][runner][info]["ThemeManager~boot - Success"]
[139570][1573076456742][runner][info]["Shortcuts~boot - Success"]
[139570][1573076456742][runner][info]["SyncProxy~boot - Success"]
[139570][1573076456773][runner][info]["NewConsole~boot - Success"]
[139570][1573076456788][runner][info]["Runner~boot - Success"]
[139570][1573076456788][runner][info]["booted - runner"]
[139570][1573076458583][runner][info]["Runner~initialize - Success"]
[139570][1573076559396][runner][warn]["ActiveViewManager~popActiveView: Cannot pop the last active view"]
