[137141][1573076318667][requester][info]["EventBus~initialize - Success"]
[137141][1573076318671][requester][info]["Messaging~boot - Success"]
[137141][1573076318702][requester][info]["bootCrashReporter~ Success"]
[137141][1573076318703][requester][info]["Telemetry~boot - Success"]
[137141][1573076318705][requester][info]["bootConfigurations~initialize - Success"]
[137141][1573076318707][requester][info]["Settings~boot - Success"]
[137141][1573076318799][requester][info]["bootstrapModels - Success"]
[137141][1573076318800][requester][info]["WLModels~boot - Success"]
[137141][1573076318954][requester][info]["Session~boot - Success"]
[137141][1573076318958][requester][info]["IndependentServices~boot - Success"]
[137141][1573076318989][requester][info]["AppModels~boot - Success"]
[137141][1573076318990][requester][info]["RuntimeListeners~boot- Success"]
[137141][1573076318991][requester][info]["DBWatcher~boot - Success"]
[137141][1573076318996][requester][info]["ThemeManager~boot - Success"]
[137141][1573076318998][requester][info]["InAppMessaging~boot - Success"]
[137141][1573076319000][requester][info]["Store~boot - Success"]
[137141][1573076319003][requester][info]["Shortcuts~boot - Success"]
[137141][1573076319004][requester][info]["SyncProxy~boot - Success"]
[137141][1573076319033][requester][info]["NewConsole~boot - Success"]
[137141][1573076319059][requester][info]["Requester~boot - Success"]
[137141][1573076319061][requester][info]["booted - requester"]
[137141][1573076319951][requester][warn]["Failed to subscribe to workspace for all APIs",{"name":"Error","message":"","stack":"Error\n    at SafeSubscriber.realtimeRequest$.pipe.subscribe.event [as _next] (file:///usr/share/postman/app/js/vendor-shared.js:396542:24)\n    at SafeSubscriber.__tryOrUnsub (file:///usr/share/postman/app/js/vendor-shared.js:42001:16)\n    at SafeSubscriber.next (file:///usr/share/postman/app/js/vendor-shared.js:41939:22)\n    at Subscriber._next (file:///usr/share/postman/app/js/vendor-shared.js:41882:26)\n    at Subscriber.next (file:///usr/share/postman/app/js/vendor-shared.js:41859:18)\n    at FilterSubscriber._next (file:///usr/share/postman/app/js/vendor-shared.js:144476:30)\n    at FilterSubscriber.Subscriber.next (file:///usr/share/postman/app/js/vendor-shared.js:41859:18)\n    at RefCountSubscriber.Subscriber._next (file:///usr/share/postman/app/js/vendor-shared.js:41882:26)\n    at RefCountSubscriber.Subscriber.next (file:///usr/share/postman/app/js/vendor-shared.js:41859:18)\n    at Subject.next (file:///usr/share/postman/app/js/vendor-shared.js:76563:25)\n    at ConnectableSubscriber.Subscriber._next (file:///usr/share/postman/app/js/vendor-shared.js:41882:26)\n    at ConnectableSubscriber.Subscriber.next (file:///usr/share/postman/app/js/vendor-shared.js:41859:18)\n    at EventEmitter.realtimeRequestBus.subscribe.event (file:///usr/share/postman/app/js/vendor-shared.js:396489:14)\n    at EventEmitter.emit (file:///usr/share/postman/app/js/vendor-shared.js:50085:5)\n    at _dispatch (file:///usr/share/postman/app/js/vendor-shared.js:143034:14)\n    at EventEmitter.<anonymous> (file:///usr/share/postman/app/js/vendor-shared.js:143044:9)\n    at EventEmitter.emit (events.js:182:13)"}]
[138517][1573076374748][requester][info]["EventBus~initialize - Success"]
[138517][1573076374754][requester][info]["Messaging~boot - Success"]
[138517][1573076374790][requester][info]["bootCrashReporter~ Success"]
[138517][1573076374793][requester][info]["Telemetry~boot - Success"]
[138517][1573076374797][requester][info]["bootConfigurations~initialize - Success"]
[138517][1573076374801][requester][info]["Settings~boot - Success"]
[138517][1573076374920][requester][info]["bootstrapModels - Success"]
[138517][1573076374921][requester][info]["WLModels~boot - Success"]
[138517][1573076375000][requester][info]["Session~boot - Success"]
[138517][1573076375022][requester][info]["IndependentServices~boot - Success"]
[138517][1573076375094][requester][info]["AppModels~boot - Success"]
[138517][1573076375097][requester][info]["RuntimeListeners~boot- Success"]
[138517][1573076375098][requester][info]["DBWatcher~boot - Success"]
[138517][1573076375103][requester][info]["ThemeManager~boot - Success"]
[138517][1573076375109][requester][info]["InAppMessaging~boot - Success"]
[138517][1573076375110][requester][info]["Store~boot - Success"]
[138517][1573076375118][requester][info]["Shortcuts~boot - Success"]
[138517][1573076375121][requester][info]["SyncProxy~boot - Success"]
[138517][1573076375183][requester][info]["NewConsole~boot - Success"]
[138517][1573076375237][requester][info]["Requester~boot - Success"]
[138517][1573076375237][requester][info]["booted - requester"]
[139570][1573076456191][requester][info]["EventBus~initialize - Success"]
[139570][1573076456199][requester][info]["Messaging~boot - Success"]
[139570][1573076456233][requester][info]["bootCrashReporter~ Success"]
[139570][1573076456238][requester][info]["Telemetry~boot - Success"]
[139570][1573076456239][requester][info]["bootConfigurations~initialize - Success"]
[139570][1573076456242][requester][info]["Settings~boot - Success"]
[139570][1573076456368][requester][info]["bootstrapModels - Success"]
[139570][1573076456369][requester][info]["WLModels~boot - Success"]
[139570][1573076456444][requester][info]["Session~boot - Success"]
[139570][1573076456455][requester][info]["IndependentServices~boot - Success"]
[139570][1573076456494][requester][info]["AppModels~boot - Success"]
[139570][1573076456494][requester][info]["RuntimeListeners~boot- Success"]
[139570][1573076456496][requester][info]["DBWatcher~boot - Success"]
[139570][1573076456501][requester][info]["ThemeManager~boot - Success"]
[139570][1573076456503][requester][info]["InAppMessaging~boot - Success"]
[139570][1573076456504][requester][info]["Store~boot - Success"]
[139570][1573076456509][requester][info]["Shortcuts~boot - Success"]
[139570][1573076456511][requester][info]["SyncProxy~boot - Success"]
[139570][1573076456557][requester][info]["NewConsole~boot - Success"]
[139570][1573076456588][requester][info]["Requester~boot - Success"]
[139570][1573076456589][requester][info]["booted - requester"]
[139570][1573076457845][requester][warn]["Failed to subscribe to workspace for all APIs",{"name":"Error","message":"","stack":"Error\n    at SafeSubscriber.realtimeRequest$.pipe.subscribe.event [as _next] (file:///usr/share/postman/app/js/vendor-shared.js:396542:24)\n    at SafeSubscriber.__tryOrUnsub (file:///usr/share/postman/app/js/vendor-shared.js:42001:16)\n    at SafeSubscriber.next (file:///usr/share/postman/app/js/vendor-shared.js:41939:22)\n    at Subscriber._next (file:///usr/share/postman/app/js/vendor-shared.js:41882:26)\n    at Subscriber.next (file:///usr/share/postman/app/js/vendor-shared.js:41859:18)\n    at FilterSubscriber._next (file:///usr/share/postman/app/js/vendor-shared.js:144476:30)\n    at FilterSubscriber.Subscriber.next (file:///usr/share/postman/app/js/vendor-shared.js:41859:18)\n    at RefCountSubscriber.Subscriber._next (file:///usr/share/postman/app/js/vendor-shared.js:41882:26)\n    at RefCountSubscriber.Subscriber.next (file:///usr/share/postman/app/js/vendor-shared.js:41859:18)\n    at Subject.next (file:///usr/share/postman/app/js/vendor-shared.js:76563:25)\n    at ConnectableSubscriber.Subscriber._next (file:///usr/share/postman/app/js/vendor-shared.js:41882:26)\n    at ConnectableSubscriber.Subscriber.next (file:///usr/share/postman/app/js/vendor-shared.js:41859:18)\n    at EventEmitter.realtimeRequestBus.subscribe.event (file:///usr/share/postman/app/js/vendor-shared.js:396489:14)\n    at EventEmitter.emit (file:///usr/share/postman/app/js/vendor-shared.js:50085:5)\n    at _dispatch (file:///usr/share/postman/app/js/vendor-shared.js:143034:14)\n    at EventEmitter.<anonymous> (file:///usr/share/postman/app/js/vendor-shared.js:143044:9)\n    at EventEmitter.emit (events.js:182:13)"}]
[139570][1573076553301][requester][warn]["Failed to subscribe to workspace for all APIs",{"name":"Error","message":"","stack":"Error\n    at SafeSubscriber.realtimeRequest$.pipe.subscribe.event [as _next] (file:///usr/share/postman/app/js/vendor-shared.js:396542:24)\n    at SafeSubscriber.__tryOrUnsub (file:///usr/share/postman/app/js/vendor-shared.js:42001:16)\n    at SafeSubscriber.next (file:///usr/share/postman/app/js/vendor-shared.js:41939:22)\n    at Subscriber._next (file:///usr/share/postman/app/js/vendor-shared.js:41882:26)\n    at Subscriber.next (file:///usr/share/postman/app/js/vendor-shared.js:41859:18)\n    at FilterSubscriber._next (file:///usr/share/postman/app/js/vendor-shared.js:144476:30)\n    at FilterSubscriber.Subscriber.next (file:///usr/share/postman/app/js/vendor-shared.js:41859:18)\n    at RefCountSubscriber.Subscriber._next (file:///usr/share/postman/app/js/vendor-shared.js:41882:26)\n    at RefCountSubscriber.Subscriber.next (file:///usr/share/postman/app/js/vendor-shared.js:41859:18)\n    at Subject.next (file:///usr/share/postman/app/js/vendor-shared.js:76563:25)\n    at ConnectableSubscriber.Subscriber._next (file:///usr/share/postman/app/js/vendor-shared.js:41882:26)\n    at ConnectableSubscriber.Subscriber.next (file:///usr/share/postman/app/js/vendor-shared.js:41859:18)\n    at EventEmitter.realtimeRequestBus.subscribe.event (file:///usr/share/postman/app/js/vendor-shared.js:396489:14)\n    at EventEmitter.emit (file:///usr/share/postman/app/js/vendor-shared.js:50085:5)\n    at _dispatch (file:///usr/share/postman/app/js/vendor-shared.js:143034:14)\n    at EventEmitter.<anonymous> (file:///usr/share/postman/app/js/vendor-shared.js:143044:9)\n    at EventEmitter.emit (events.js:182:13)"}]
[139570][1573076553372][requester][warn]["APIDevService~getAPIs: Failed to get APIs.",{"error":{"message":"SyncRequestService\\x7erequestListener: Could not fetch from sync. Socket not connected."}}]
[139570][1573076553378][requester][warn]["Failed to refresh API List",{"error":{"message":"SyncRequestService\\x7erequestListener: Could not fetch from sync. Socket not connected."}}]
[39529][1573212167715][requester][info]["EventBus~initialize - Success"]
[39529][1573212167725][requester][info]["Messaging~boot - Success"]
[39529][1573212167778][requester][info]["bootCrashReporter~ Success"]
[39529][1573212167779][requester][info]["Telemetry~boot - Success"]
[39529][1573212167781][requester][info]["bootConfigurations~initialize - Success"]
[39529][1573212167790][requester][info]["Settings~boot - Success"]
[39529][1573212167926][requester][info]["bootstrapModels - Success"]
[39529][1573212167928][requester][info]["WLModels~boot - Success"]
[39529][1573212168042][requester][info]["Session~boot - Success"]
[39529][1573212168049][requester][info]["IndependentServices~boot - Success"]
[39529][1573212168091][requester][info]["AppModels~boot - Success"]
[39529][1573212168092][requester][info]["RuntimeListeners~boot- Success"]
[39529][1573212168093][requester][info]["DBWatcher~boot - Success"]
[39529][1573212168096][requester][info]["ThemeManager~boot - Success"]
[39529][1573212168098][requester][info]["InAppMessaging~boot - Success"]
[39529][1573212168103][requester][info]["Store~boot - Success"]
[39529][1573212168113][requester][info]["Shortcuts~boot - Success"]
[39529][1573212168114][requester][info]["SyncProxy~boot - Success"]
[39529][1573212168166][requester][info]["NewConsole~boot - Success"]
[39529][1573212168185][requester][info]["Requester~boot - Success"]
[39529][1573212168187][requester][info]["booted - requester"]
[39529][1573212178741][requester][error]["Error in update flow: {\"code\":\"EACCES\",\"errno\":-13,\"message\":\"EACCES: permission denied, open '/usr/Postman-1573212178626.tar.gz'\",\"name\":\"Error\",\"path\":\"/usr/Postman-1573212178626.tar.gz\",\"stack\":\"Error: EACCES: permission denied, open '/usr/Postman-1573212178626.tar.gz'\",\"syscall\":\"open\"}"]
[39529][1573212295460][requester][warn]["EntityPermissionHandler: @TODO no target action found for",{"name":"deleteAllInWorkspace","namespace":"history"}]
[2006][1573306525727][requester][info]["EventBus~initialize - Success"]
[2006][1573306525730][requester][info]["Messaging~boot - Success"]
[2006][1573306525753][requester][info]["bootCrashReporter~ Success"]
[2006][1573306525754][requester][info]["Telemetry~boot - Success"]
[2006][1573306525754][requester][info]["bootConfigurations~initialize - Success"]
[2006][1573306525757][requester][info]["Settings~boot - Success"]
[2006][1573306525799][requester][warn]["Error in fetching user information",{"name":"Error","message":"Could not get waterline model for user. ORM not initialized.","stack":"Error: Could not get waterline model for user. ORM not initialized.\n    at Object.getModel (file:///usr/share/postman/app/js/vendor-shared.js:50555:29)\n    at Object.findOne (file:///usr/share/postman/app/js/vendor-shared.js:50617:5)\n    at Object.get (file:///usr/share/postman/app/js/vendor-shared.js:61311:84)\n    at sentry.configureScope.scope (file:///usr/share/postman/app/js/vendor-shared.js:513812:7)\n    at Hub.configureScope (file:///usr/share/postman/app/js/vendor-shared.js:518977:13)\n    at callOnHub (file:///usr/share/postman/app/js/vendor-shared.js:518564:28)\n    at Object.configureScope (file:///usr/share/postman/app/js/vendor-shared.js:518636:5)\n    at Object.setUserScope (file:///usr/share/postman/app/js/vendor-shared.js:513810:17)\n    at Object (file:///usr/share/postman/app/js/vendor-shared.js:513725:134)\n    at processEvent (file:///usr/share/postman/app/js/vendor-shared.js:17392:12)\n    at file:///usr/share/postman/app/js/vendor-shared.js:17402:14\n    at sentryWrapped (file:///usr/share/postman/app/js/vendor-shared.js:517135:27)"}]
[2006][1573306525809][requester][info]["bootstrapModels - Success"]
[2006][1573306525809][requester][info]["WLModels~boot - Success"]
[2006][1573306525843][requester][info]["Session~boot - Success"]
[2006][1573306525846][requester][info]["IndependentServices~boot - Success"]
[2006][1573306525860][requester][info]["AppModels~boot - Success"]
[2006][1573306525860][requester][info]["RuntimeListeners~boot- Success"]
[2006][1573306525861][requester][info]["DBWatcher~boot - Success"]
[2006][1573306525862][requester][info]["ThemeManager~boot - Success"]
[2006][1573306525864][requester][info]["InAppMessaging~boot - Success"]
[2006][1573306525864][requester][info]["Store~boot - Success"]
[2006][1573306525865][requester][info]["Shortcuts~boot - Success"]
[2006][1573306525865][requester][info]["SyncProxy~boot - Success"]
[2006][1573306525882][requester][info]["NewConsole~boot - Success"]
[2006][1573306525895][requester][info]["Requester~boot - Success"]
[2006][1573306525895][requester][info]["booted - requester"]
[6460][1573386238541][requester][info]["EventBus~initialize - Success"]
[6460][1573386238546][requester][info]["Messaging~boot - Success"]
[6460][1573386238598][requester][info]["bootCrashReporter~ Success"]
[6460][1573386238600][requester][info]["Telemetry~boot - Success"]
[6460][1573386238603][requester][info]["bootConfigurations~initialize - Success"]
[6460][1573386238609][requester][info]["Settings~boot - Success"]
[6460][1573386238717][requester][warn]["Error in fetching user information",{"name":"Error","message":"Could not get waterline model for user. ORM not initialized.","stack":"Error: Could not get waterline model for user. ORM not initialized.\n    at Object.getModel (file:///usr/share/postman/app/js/vendor-shared.js:50555:29)\n    at Object.findOne (file:///usr/share/postman/app/js/vendor-shared.js:50617:5)\n    at Object.get (file:///usr/share/postman/app/js/vendor-shared.js:61311:84)\n    at sentry.configureScope.scope (file:///usr/share/postman/app/js/vendor-shared.js:513812:7)\n    at Hub.configureScope (file:///usr/share/postman/app/js/vendor-shared.js:518977:13)\n    at callOnHub (file:///usr/share/postman/app/js/vendor-shared.js:518564:28)\n    at Object.configureScope (file:///usr/share/postman/app/js/vendor-shared.js:518636:5)\n    at Object.setUserScope (file:///usr/share/postman/app/js/vendor-shared.js:513810:17)\n    at Object (file:///usr/share/postman/app/js/vendor-shared.js:513725:134)\n    at processEvent (file:///usr/share/postman/app/js/vendor-shared.js:17392:12)\n    at file:///usr/share/postman/app/js/vendor-shared.js:17402:14\n    at sentryWrapped (file:///usr/share/postman/app/js/vendor-shared.js:517135:27)"}]
[6460][1573386238751][requester][info]["bootstrapModels - Success"]
[6460][1573386238753][requester][info]["WLModels~boot - Success"]
[6460][1573386238833][requester][info]["Session~boot - Success"]
[6460][1573386238842][requester][info]["IndependentServices~boot - Success"]
[6460][1573386238884][requester][info]["AppModels~boot - Success"]
[6460][1573386238884][requester][info]["RuntimeListeners~boot- Success"]
[6460][1573386238884][requester][info]["DBWatcher~boot - Success"]
[6460][1573386238895][requester][info]["ThemeManager~boot - Success"]
[6460][1573386238897][requester][info]["InAppMessaging~boot - Success"]
[6460][1573386238897][requester][info]["Store~boot - Success"]
[6460][1573386238901][requester][info]["Shortcuts~boot - Success"]
[6460][1573386238903][requester][info]["SyncProxy~boot - Success"]
[6460][1573386238950][requester][info]["NewConsole~boot - Success"]
[6460][1573386238973][requester][info]["Requester~boot - Success"]
[6460][1573386238974][requester][info]["booted - requester"]
[147005][1573491513752][requester][info]["EventBus~initialize - Success"]
[147005][1573491513756][requester][info]["Messaging~boot - Success"]
[147005][1573491513821][requester][info]["bootCrashReporter~ Success"]
[147005][1573491513827][requester][info]["Telemetry~boot - Success"]
[147005][1573491513835][requester][info]["bootConfigurations~initialize - Success"]
[147005][1573491513838][requester][info]["Settings~boot - Success"]
[147005][1573491513974][requester][warn]["Error in fetching user information",{"name":"Error","message":"Could not get waterline model for user. ORM not initialized.","stack":"Error: Could not get waterline model for user. ORM not initialized.\n    at Object.getModel (file:///usr/share/postman/app/js/vendor-shared.js:50555:29)\n    at Object.findOne (file:///usr/share/postman/app/js/vendor-shared.js:50617:5)\n    at Object.get (file:///usr/share/postman/app/js/vendor-shared.js:61311:84)\n    at sentry.configureScope.scope (file:///usr/share/postman/app/js/vendor-shared.js:513812:7)\n    at Hub.configureScope (file:///usr/share/postman/app/js/vendor-shared.js:518977:13)\n    at callOnHub (file:///usr/share/postman/app/js/vendor-shared.js:518564:28)\n    at Object.configureScope (file:///usr/share/postman/app/js/vendor-shared.js:518636:5)\n    at Object.setUserScope (file:///usr/share/postman/app/js/vendor-shared.js:513810:17)\n    at Object (file:///usr/share/postman/app/js/vendor-shared.js:513725:134)\n    at processEvent (file:///usr/share/postman/app/js/vendor-shared.js:17392:12)\n    at file:///usr/share/postman/app/js/vendor-shared.js:17402:14\n    at sentryWrapped (file:///usr/share/postman/app/js/vendor-shared.js:517135:27)"}]
[147005][1573491514015][requester][info]["bootstrapModels - Success"]
[147005][1573491514019][requester][info]["WLModels~boot - Success"]
[147005][1573491514133][requester][info]["Session~boot - Success"]
[147005][1573491514141][requester][info]["IndependentServices~boot - Success"]
[147005][1573491514191][requester][info]["AppModels~boot - Success"]
[147005][1573491514193][requester][info]["RuntimeListeners~boot- Success"]
[147005][1573491514196][requester][info]["DBWatcher~boot - Success"]
[147005][1573491514204][requester][info]["ThemeManager~boot - Success"]
[147005][1573491514206][requester][info]["InAppMessaging~boot - Success"]
[147005][1573491514207][requester][info]["Store~boot - Success"]
[147005][1573491514212][requester][info]["Shortcuts~boot - Success"]
[147005][1573491514213][requester][info]["SyncProxy~boot - Success"]
[147005][1573491514286][requester][info]["NewConsole~boot - Success"]
[147005][1573491514322][requester][info]["Requester~boot - Success"]
[147005][1573491514323][requester][info]["booted - requester"]
[198314][1573505775349][requester][info]["EventBus~initialize - Success"]
[198314][1573505775354][requester][info]["Messaging~boot - Success"]
[198314][1573505775385][requester][info]["bootCrashReporter~ Success"]
[198314][1573505775386][requester][info]["Telemetry~boot - Success"]
[198314][1573505775387][requester][info]["bootConfigurations~initialize - Success"]
[198314][1573505775388][requester][info]["Settings~boot - Success"]
[198314][1573505775474][requester][info]["bootstrapModels - Success"]
[198314][1573505775474][requester][info]["WLModels~boot - Success"]
[198314][1573505775543][requester][info]["Session~boot - Success"]
[198314][1573505775554][requester][info]["IndependentServices~boot - Success"]
[198314][1573505775577][requester][info]["AppModels~boot - Success"]
[198314][1573505775579][requester][info]["RuntimeListeners~boot- Success"]
[198314][1573505775581][requester][info]["DBWatcher~boot - Success"]
[198314][1573505775588][requester][info]["ThemeManager~boot - Success"]
[198314][1573505775589][requester][info]["InAppMessaging~boot - Success"]
[198314][1573505775590][requester][info]["Store~boot - Success"]
[198314][1573505775592][requester][info]["Shortcuts~boot - Success"]
[198314][1573505775592][requester][info]["SyncProxy~boot - Success"]
[198314][1573505775621][requester][info]["NewConsole~boot - Success"]
[198314][1573505775638][requester][info]["Requester~boot - Success"]
[198314][1573505775638][requester][info]["booted - requester"]
[218293][1573508532640][requester][info]["EventBus~initialize - Success"]
[218293][1573508532643][requester][info]["Messaging~boot - Success"]
[218293][1573508532665][requester][info]["bootCrashReporter~ Success"]
[218293][1573508532667][requester][info]["Telemetry~boot - Success"]
[218293][1573508532667][requester][info]["bootConfigurations~initialize - Success"]
[218293][1573508532669][requester][info]["Settings~boot - Success"]
[218293][1573508532802][requester][info]["bootstrapModels - Success"]
[218293][1573508532804][requester][info]["WLModels~boot - Success"]
[218293][1573508532894][requester][info]["Session~boot - Success"]
[218293][1573508532897][requester][info]["IndependentServices~boot - Success"]
[218293][1573508532912][requester][info]["AppModels~boot - Success"]
[218293][1573508532912][requester][info]["RuntimeListeners~boot- Success"]
[218293][1573508532912][requester][info]["DBWatcher~boot - Success"]
[218293][1573508532915][requester][info]["ThemeManager~boot - Success"]
[218293][1573508532915][requester][info]["InAppMessaging~boot - Success"]
[218293][1573508532916][requester][info]["Store~boot - Success"]
[218293][1573508532917][requester][info]["Shortcuts~boot - Success"]
[218293][1573508532918][requester][info]["SyncProxy~boot - Success"]
[218293][1573508533473][requester][info]["NewConsole~boot - Success"]
[218293][1573508533503][requester][info]["Requester~boot - Success"]
[218293][1573508533503][requester][info]["booted - requester"]
[220915][1573508816698][requester][info]["EventBus~initialize - Success"]
[220915][1573508816699][requester][info]["Messaging~boot - Success"]
[220915][1573508816724][requester][info]["bootCrashReporter~ Success"]
[220915][1573508816726][requester][info]["Telemetry~boot - Success"]
[220915][1573508816727][requester][info]["bootConfigurations~initialize - Success"]
[220915][1573508816729][requester][info]["Settings~boot - Success"]
[220915][1573508816793][requester][info]["bootstrapModels - Success"]
[220915][1573508816793][requester][info]["WLModels~boot - Success"]
[220915][1573508817056][requester][info]["Session~boot - Success"]
[220915][1573508817074][requester][info]["IndependentServices~boot - Success"]
[220915][1573508817110][requester][info]["AppModels~boot - Success"]
[220915][1573508817111][requester][info]["RuntimeListeners~boot- Success"]
[220915][1573508817111][requester][info]["DBWatcher~boot - Success"]
[220915][1573508817118][requester][info]["ThemeManager~boot - Success"]
[220915][1573508817120][requester][info]["InAppMessaging~boot - Success"]
[220915][1573508817120][requester][info]["Store~boot - Success"]
[220915][1573508817124][requester][info]["Shortcuts~boot - Success"]
[220915][1573508817125][requester][info]["SyncProxy~boot - Success"]
[220915][1573508817150][requester][info]["NewConsole~boot - Success"]
[220915][1573508817163][requester][info]["Requester~boot - Success"]
[220915][1573508817163][requester][info]["booted - requester"]
[283538][1573513296571][requester][info]["EventBus~initialize - Success"]
[283538][1573513296574][requester][info]["Messaging~boot - Success"]
[283538][1573513296595][requester][info]["bootCrashReporter~ Success"]
[283538][1573513296596][requester][info]["Telemetry~boot - Success"]
[283538][1573513296597][requester][info]["bootConfigurations~initialize - Success"]
[283538][1573513296599][requester][info]["Settings~boot - Success"]
[283538][1573513296639][requester][warn]["Error in fetching user information",{"name":"Error","message":"Could not get waterline model for user. ORM not initialized.","stack":"Error: Could not get waterline model for user. ORM not initialized.\n    at Object.getModel (file:///usr/share/postman/app/js/vendor-shared.js:50555:29)\n    at Object.findOne (file:///usr/share/postman/app/js/vendor-shared.js:50617:5)\n    at Object.get (file:///usr/share/postman/app/js/vendor-shared.js:61311:84)\n    at sentry.configureScope.scope (file:///usr/share/postman/app/js/vendor-shared.js:513812:7)\n    at Hub.configureScope (file:///usr/share/postman/app/js/vendor-shared.js:518977:13)\n    at callOnHub (file:///usr/share/postman/app/js/vendor-shared.js:518564:28)\n    at Object.configureScope (file:///usr/share/postman/app/js/vendor-shared.js:518636:5)\n    at Object.setUserScope (file:///usr/share/postman/app/js/vendor-shared.js:513810:17)\n    at Object (file:///usr/share/postman/app/js/vendor-shared.js:513725:134)\n    at processEvent (file:///usr/share/postman/app/js/vendor-shared.js:17392:12)\n    at file:///usr/share/postman/app/js/vendor-shared.js:17402:14\n    at sentryWrapped (file:///usr/share/postman/app/js/vendor-shared.js:517135:27)"}]
[283538][1573513296650][requester][info]["bootstrapModels - Success"]
[283538][1573513296652][requester][info]["WLModels~boot - Success"]
[283538][1573513296886][requester][info]["Session~boot - Success"]
[283538][1573513296891][requester][info]["IndependentServices~boot - Success"]
[283538][1573513296911][requester][info]["AppModels~boot - Success"]
[283538][1573513296912][requester][info]["RuntimeListeners~boot- Success"]
[283538][1573513296912][requester][info]["DBWatcher~boot - Success"]
[283538][1573513296914][requester][info]["ThemeManager~boot - Success"]
[283538][1573513296915][requester][info]["InAppMessaging~boot - Success"]
[283538][1573513296915][requester][info]["Store~boot - Success"]
[283538][1573513296918][requester][info]["Shortcuts~boot - Success"]
[283538][1573513296918][requester][info]["SyncProxy~boot - Success"]
[283538][1573513296951][requester][info]["NewConsole~boot - Success"]
[283538][1573513296970][requester][info]["Requester~boot - Success"]
[283538][1573513296970][requester][info]["booted - requester"]
[367548][1573544278461][requester][info]["EventBus~initialize - Success"]
[367548][1573544278464][requester][info]["Messaging~boot - Success"]
[367548][1573544278490][requester][info]["bootCrashReporter~ Success"]
[367548][1573544278492][requester][info]["Telemetry~boot - Success"]
[367548][1573544278494][requester][info]["bootConfigurations~initialize - Success"]
[367548][1573544278496][requester][info]["Settings~boot - Success"]
[367548][1573544278549][requester][warn]["Error in fetching user information",{"name":"Error","message":"Could not get waterline model for user. ORM not initialized.","stack":"Error: Could not get waterline model for user. ORM not initialized.\n    at Object.getModel (file:///usr/share/postman/app/js/vendor-shared.js:50555:29)\n    at Object.findOne (file:///usr/share/postman/app/js/vendor-shared.js:50617:5)\n    at Object.get (file:///usr/share/postman/app/js/vendor-shared.js:61311:84)\n    at sentry.configureScope.scope (file:///usr/share/postman/app/js/vendor-shared.js:513812:7)\n    at Hub.configureScope (file:///usr/share/postman/app/js/vendor-shared.js:518977:13)\n    at callOnHub (file:///usr/share/postman/app/js/vendor-shared.js:518564:28)\n    at Object.configureScope (file:///usr/share/postman/app/js/vendor-shared.js:518636:5)\n    at Object.setUserScope (file:///usr/share/postman/app/js/vendor-shared.js:513810:17)\n    at Object (file:///usr/share/postman/app/js/vendor-shared.js:513725:134)\n    at processEvent (file:///usr/share/postman/app/js/vendor-shared.js:17392:12)\n    at file:///usr/share/postman/app/js/vendor-shared.js:17402:14\n    at sentryWrapped (file:///usr/share/postman/app/js/vendor-shared.js:517135:27)"}]
[367548][1573544278560][requester][info]["bootstrapModels - Success"]
[367548][1573544278561][requester][info]["WLModels~boot - Success"]
[367548][1573544278781][requester][info]["Session~boot - Success"]
[367548][1573544278795][requester][info]["IndependentServices~boot - Success"]
[367548][1573544278842][requester][info]["AppModels~boot - Success"]
[367548][1573544278844][requester][info]["RuntimeListeners~boot- Success"]
[367548][1573544278847][requester][info]["DBWatcher~boot - Success"]
[367548][1573544278861][requester][info]["ThemeManager~boot - Success"]
[367548][1573544278863][requester][info]["InAppMessaging~boot - Success"]
[367548][1573544278865][requester][info]["Store~boot - Success"]
[367548][1573544278870][requester][info]["Shortcuts~boot - Success"]
[367548][1573544278871][requester][info]["SyncProxy~boot - Success"]
[367548][1573544279196][requester][info]["NewConsole~boot - Success"]
[367548][1573544279242][requester][info]["Requester~boot - Success"]
[367548][1573544279243][requester][info]["booted - requester"]
[434918][1573560042691][requester][info]["EventBus~initialize - Success"]
[434918][1573560042695][requester][info]["Messaging~boot - Success"]
[434918][1573560042744][requester][info]["bootCrashReporter~ Success"]
[434918][1573560042751][requester][info]["Telemetry~boot - Success"]
[434918][1573560042757][requester][info]["bootConfigurations~initialize - Success"]
[434918][1573560042760][requester][info]["Settings~boot - Success"]
[434918][1573560042875][requester][warn]["Error in fetching user information",{"name":"Error","message":"Could not get waterline model for user. ORM not initialized.","stack":"Error: Could not get waterline model for user. ORM not initialized.\n    at Object.getModel (file:///usr/share/postman/app/js/vendor-shared.js:50555:29)\n    at Object.findOne (file:///usr/share/postman/app/js/vendor-shared.js:50617:5)\n    at Object.get (file:///usr/share/postman/app/js/vendor-shared.js:61311:84)\n    at sentry.configureScope.scope (file:///usr/share/postman/app/js/vendor-shared.js:513812:7)\n    at Hub.configureScope (file:///usr/share/postman/app/js/vendor-shared.js:518977:13)\n    at callOnHub (file:///usr/share/postman/app/js/vendor-shared.js:518564:28)\n    at Object.configureScope (file:///usr/share/postman/app/js/vendor-shared.js:518636:5)\n    at Object.setUserScope (file:///usr/share/postman/app/js/vendor-shared.js:513810:17)\n    at Object (file:///usr/share/postman/app/js/vendor-shared.js:513725:134)\n    at processEvent (file:///usr/share/postman/app/js/vendor-shared.js:17392:12)\n    at file:///usr/share/postman/app/js/vendor-shared.js:17402:14\n    at sentryWrapped (file:///usr/share/postman/app/js/vendor-shared.js:517135:27)"}]
[434918][1573560042909][requester][info]["bootstrapModels - Success"]
[434918][1573560042911][requester][info]["WLModels~boot - Success"]
[434918][1573560043010][requester][info]["Session~boot - Success"]
[434918][1573560043020][requester][info]["IndependentServices~boot - Success"]
[434918][1573560043062][requester][info]["AppModels~boot - Success"]
[434918][1573560043062][requester][info]["RuntimeListeners~boot- Success"]
[434918][1573560043062][requester][info]["DBWatcher~boot - Success"]
[434918][1573560043071][requester][info]["ThemeManager~boot - Success"]
[434918][1573560043075][requester][info]["InAppMessaging~boot - Success"]
[434918][1573560043075][requester][info]["Store~boot - Success"]
[434918][1573560043080][requester][info]["Shortcuts~boot - Success"]
[434918][1573560043080][requester][info]["SyncProxy~boot - Success"]
[434918][1573560043129][requester][info]["NewConsole~boot - Success"]
[434918][1573560043151][requester][info]["Requester~boot - Success"]
[434918][1573560043152][requester][info]["booted - requester"]
[25937][1573586118308][requester][info]["EventBus~initialize - Success"]
[25937][1573586118310][requester][info]["Messaging~boot - Success"]
[25937][1573586118349][requester][info]["bootCrashReporter~ Success"]
[25937][1573586118354][requester][info]["Telemetry~boot - Success"]
[25937][1573586118354][requester][info]["bootConfigurations~initialize - Success"]
[25937][1573586118356][requester][info]["Settings~boot - Success"]
[25937][1573586118437][requester][warn]["Error in fetching user information",{"name":"Error","message":"Could not get waterline model for user. ORM not initialized.","stack":"Error: Could not get waterline model for user. ORM not initialized.\n    at Object.getModel (file:///usr/share/postman/app/js/vendor-shared.js:50555:29)\n    at Object.findOne (file:///usr/share/postman/app/js/vendor-shared.js:50617:5)\n    at Object.get (file:///usr/share/postman/app/js/vendor-shared.js:61311:84)\n    at sentry.configureScope.scope (file:///usr/share/postman/app/js/vendor-shared.js:513812:7)\n    at Hub.configureScope (file:///usr/share/postman/app/js/vendor-shared.js:518977:13)\n    at callOnHub (file:///usr/share/postman/app/js/vendor-shared.js:518564:28)\n    at Object.configureScope (file:///usr/share/postman/app/js/vendor-shared.js:518636:5)\n    at Object.setUserScope (file:///usr/share/postman/app/js/vendor-shared.js:513810:17)\n    at Object (file:///usr/share/postman/app/js/vendor-shared.js:513725:134)\n    at processEvent (file:///usr/share/postman/app/js/vendor-shared.js:17392:12)\n    at file:///usr/share/postman/app/js/vendor-shared.js:17402:14\n    at sentryWrapped (file:///usr/share/postman/app/js/vendor-shared.js:517135:27)"}]
[25937][1573586118460][requester][info]["bootstrapModels - Success"]
[25937][1573586118460][requester][info]["WLModels~boot - Success"]
[25937][1573586118526][requester][info]["Session~boot - Success"]
[25937][1573586118532][requester][info]["IndependentServices~boot - Success"]
[25937][1573586118561][requester][info]["AppModels~boot - Success"]
[25937][1573586118561][requester][info]["RuntimeListeners~boot- Success"]
[25937][1573586118561][requester][info]["DBWatcher~boot - Success"]
[25937][1573586118572][requester][info]["ThemeManager~boot - Success"]
[25937][1573586118573][requester][info]["InAppMessaging~boot - Success"]
[25937][1573586118573][requester][info]["Store~boot - Success"]
[25937][1573586118575][requester][info]["Shortcuts~boot - Success"]
[25937][1573586118576][requester][info]["SyncProxy~boot - Success"]
[25937][1573586118604][requester][info]["NewConsole~boot - Success"]
[25937][1573586118616][requester][info]["Requester~boot - Success"]
[25937][1573586118617][requester][info]["booted - requester"]
[57075][1575123583513][requester][info]["EventBus~initialize - Success"]
[57075][1575123583521][requester][info]["Messaging~boot - Success"]
[57075][1575123583596][requester][info]["bootCrashReporter~ Success"]
[57075][1575123583598][requester][info]["Telemetry~boot - Success"]
[57075][1575123583604][requester][info]["bootConfigurations~initialize - Success"]
[57075][1575123583614][requester][info]["Settings~boot - Success"]
[57075][1575123583791][requester][warn]["Error in fetching user information",{"name":"Error","message":"Could not get waterline model for user. ORM not initialized.","stack":"Error: Could not get waterline model for user. ORM not initialized.\n    at Object.getModel (file:///usr/share/postman/app/js/vendor-shared.js:50555:29)\n    at Object.findOne (file:///usr/share/postman/app/js/vendor-shared.js:50617:5)\n    at Object.get (file:///usr/share/postman/app/js/vendor-shared.js:61408:84)\n    at sentry.configureScope.scope (file:///usr/share/postman/app/js/vendor-shared.js:514796:7)\n    at Hub.configureScope (file:///usr/share/postman/app/js/vendor-shared.js:519961:13)\n    at callOnHub (file:///usr/share/postman/app/js/vendor-shared.js:519548:28)\n    at Object.configureScope (file:///usr/share/postman/app/js/vendor-shared.js:519620:5)\n    at Object.setUserScope (file:///usr/share/postman/app/js/vendor-shared.js:514794:17)\n    at Object (file:///usr/share/postman/app/js/vendor-shared.js:514709:134)\n    at processEvent (file:///usr/share/postman/app/js/vendor-shared.js:17392:12)\n    at file:///usr/share/postman/app/js/vendor-shared.js:17402:14\n    at sentryWrapped (file:///usr/share/postman/app/js/vendor-shared.js:518119:27)"}]
[57075][1575123583842][requester][info]["bootstrapModels - Success"]
[57075][1575123583844][requester][info]["WLModels~boot - Success"]
[57075][1575123584016][requester][info]["Session~boot - Success"]
[57075][1575123584031][requester][info]["IndependentServices~boot - Success"]
[57075][1575123584098][requester][info]["AppModels~boot - Success"]
[57075][1575123584099][requester][info]["RuntimeListeners~boot- Success"]
[57075][1575123584099][requester][info]["DBWatcher~boot - Success"]
[57075][1575123584110][requester][info]["ThemeManager~boot - Success"]
[57075][1575123584113][requester][info]["Store~boot - Success"]
[57075][1575123584121][requester][info]["Shortcuts~boot - Success"]
[57075][1575123584124][requester][info]["SyncProxy~boot - Success"]
[57075][1575123584180][requester][info]["NewConsole~boot - Success"]
[57075][1575123584210][requester][info]["Requester~boot - Success"]
[57075][1575123584210][requester][info]["booted - requester"]
[57075][1575123584568][requester][error]["APIDevService~getAllAPIRealtimeEvents: workspaceId not found"]
[71483][1577018290059][requester][info]["EventBus~initialize - Success"]
[71483][1577018290065][requester][info]["Messaging~boot - Success"]
[71483][1577018290107][requester][info]["bootCrashReporter~ Success"]
[71483][1577018290114][requester][info]["Telemetry~boot - Success"]
[71483][1577018290116][requester][info]["bootConfigurations~initialize - Success"]
[71483][1577018290125][requester][info]["Settings~boot - Success"]
[71483][1577018290278][requester][info]["bootstrapModels - Success"]
[71483][1577018290279][requester][info]["WLModels~boot - Success"]
[71483][1577018290386][requester][info]["Session~boot - Success"]
[71483][1577018290394][requester][info]["IndependentServices~boot - Success"]
[71483][1577018290463][requester][info]["AppModels~boot - Success"]
[71483][1577018290464][requester][info]["RuntimeListeners~boot- Success"]
[71483][1577018290465][requester][info]["DBWatcher~boot - Success"]
[71483][1577018290470][requester][info]["ThemeManager~boot - Success"]
[71483][1577018290471][requester][info]["Store~boot - Success"]
[71483][1577018290476][requester][info]["Shortcuts~boot - Success"]
[71483][1577018290477][requester][info]["SyncProxy~boot - Success"]
[71483][1577018290522][requester][info]["NewConsole~boot - Success"]
[71483][1577018290550][requester][info]["Requester~boot - Success"]
[71483][1577018290552][requester][info]["booted - requester"]
[71483][1577018292037][requester][info]["VerifyUserSessionService~verifyUserSession: Locking current session. Forcing user to login again."]
[71483][1577018295947][requester][info]["VerifyUserSessionService~verifyUserSession: Locking current session. Forcing user to login again."]
[71483][1577018413209][requester][info]["EventBus~initialize - Success"]
[71483][1577018413216][requester][info]["Messaging~boot - Success"]
[71483][1577018413286][requester][info]["bootCrashReporter~ Success"]
[71483][1577018413293][requester][info]["Telemetry~boot - Success"]
[71483][1577018413295][requester][info]["bootConfigurations~initialize - Success"]
[71483][1577018413303][requester][info]["Settings~boot - Success"]
[71483][1577018413564][requester][info]["bootstrapModels - Success"]
[71483][1577018413567][requester][info]["WLModels~boot - Success"]
[71483][1577018413680][requester][info]["Session~boot - Success"]
[71483][1577018413692][requester][info]["IndependentServices~boot - Success"]
[71483][1577018413736][requester][info]["AppModels~boot - Success"]
[71483][1577018413740][requester][info]["RuntimeListeners~boot- Success"]
[71483][1577018413740][requester][info]["DBWatcher~boot - Success"]
[71483][1577018413746][requester][info]["ThemeManager~boot - Success"]
[71483][1577018413747][requester][info]["Store~boot - Success"]
[71483][1577018413756][requester][info]["Shortcuts~boot - Success"]
[71483][1577018413756][requester][info]["SyncProxy~boot - Success"]
[71483][1577018413792][requester][info]["NewConsole~boot - Success"]
[71483][1577018413807][requester][info]["Requester~boot - Success"]
[71483][1577018413808][requester][info]["booted - requester"]
[71483][1577018414530][requester][warn]["Failed to subscribe to workspace for all APIs",{"name":"Error","message":"","stack":"Error\n    at SafeSubscriber.realtimeRequest$.pipe.subscribe.event [as _next] (file:///usr/share/postman/app/js/vendor-shared.js:407718:24)\n    at SafeSubscriber.__tryOrUnsub (file:///usr/share/postman/app/js/vendor-shared.js:41937:16)\n    at SafeSubscriber.next (file:///usr/share/postman/app/js/vendor-shared.js:41875:22)\n    at Subscriber._next (file:///usr/share/postman/app/js/vendor-shared.js:41818:26)\n    at Subscriber.next (file:///usr/share/postman/app/js/vendor-shared.js:41795:18)\n    at FilterSubscriber._next (file:///usr/share/postman/app/js/vendor-shared.js:145627:30)\n    at FilterSubscriber.Subscriber.next (file:///usr/share/postman/app/js/vendor-shared.js:41795:18)\n    at RefCountSubscriber.Subscriber._next (file:///usr/share/postman/app/js/vendor-shared.js:41818:26)\n    at RefCountSubscriber.Subscriber.next (file:///usr/share/postman/app/js/vendor-shared.js:41795:18)\n    at Subject.next (file:///usr/share/postman/app/js/vendor-shared.js:75846:25)\n    at ConnectableSubscriber.Subscriber._next (file:///usr/share/postman/app/js/vendor-shared.js:41818:26)\n    at ConnectableSubscriber.Subscriber.next (file:///usr/share/postman/app/js/vendor-shared.js:41795:18)\n    at EventEmitter.realtimeRequestBus.subscribe.event (file:///usr/share/postman/app/js/vendor-shared.js:407665:14)\n    at EventEmitter.emit (file:///usr/share/postman/app/js/vendor-shared.js:48063:5)\n    at _dispatch (file:///usr/share/postman/app/js/vendor-shared.js:144126:14)\n    at EventEmitter.<anonymous> (file:///usr/share/postman/app/js/vendor-shared.js:144136:9)\n    at EventEmitter.emit (events.js:182:13)"}]
[71483][1577018415238][requester][warn]["APIDevService~getAPIs: Failed to get APIs.",{"error":{"message":"SyncRequestService\\x7erequestListener: Could not fetch from sync. Socket not connected."}}]
[71483][1577018415239][requester][warn]["Failed to refresh API List",{"error":{"message":"SyncRequestService\\x7erequestListener: Could not fetch from sync. Socket not connected."}}]
[71483][1577018415994][requester][info]["VerifyUserSessionService~verifyUserSession: Locking current session. Forcing user to login again."]
[71483][1577018522465][requester][info]["EventBus~initialize - Success"]
[71483][1577018522477][requester][info]["Messaging~boot - Success"]
[71483][1577018522558][requester][info]["bootCrashReporter~ Success"]
[71483][1577018522560][requester][info]["Telemetry~boot - Success"]
[71483][1577018522563][requester][info]["bootConfigurations~initialize - Success"]
[71483][1577018522570][requester][info]["Settings~boot - Success"]
[71483][1577018522793][requester][info]["bootstrapModels - Success"]
[71483][1577018522794][requester][info]["WLModels~boot - Success"]
[71483][1577018522921][requester][info]["Session~boot - Success"]
[71483][1577018522943][requester][info]["IndependentServices~boot - Success"]
[71483][1577018523013][requester][info]["AppModels~boot - Success"]
[71483][1577018523013][requester][info]["RuntimeListeners~boot- Success"]
[71483][1577018523013][requester][info]["DBWatcher~boot - Success"]
[71483][1577018523024][requester][info]["ThemeManager~boot - Success"]
[71483][1577018523026][requester][info]["Store~boot - Success"]
[71483][1577018523032][requester][info]["Shortcuts~boot - Success"]
[71483][1577018523037][requester][info]["SyncProxy~boot - Success"]
[71483][1577018523095][requester][info]["NewConsole~boot - Success"]
[71483][1577018523131][requester][info]["Requester~boot - Success"]
[71483][1577018523133][requester][info]["booted - requester"]
[71483][1577018524721][requester][info]["VerifyUserSessionService~verifyUserSession: Locking current session. Forcing user to login again."]
