[137141][1573076311246][auth][info]["EventBus~initialize - Success"]
[137141][1573076313167][auth][info]["Authentication~did-navigate:","https://identity.getpostman.com"]
[138517][1573076369230][auth][info]["EventBus~initialize - Success"]
[138517][1573076370195][auth][info]["Authentication~did-navigate:","https://identity.getpostman.com"]
[138517][1573076400502][auth][info]["Authentication~will-navigate:","https://identity.getpostman.com"]
[138517][1573076400688][auth][info]["Authentication~onBeforeRedirect:","https://accounts.google.com"]
[138517][1573076400969][auth][info]["Authentication~did-navigate:","https://accounts.google.com"]
[138517][1573076401093][auth][info]["Authentication~will-navigate:","https://accounts.google.com"]
[138517][1573076401147][auth][info]["Authentication~onBeforeRedirect:","https://accounts.google.com"]
[138517][1573076401233][auth][info]["Authentication~onBeforeRedirect:","https://accounts.google.com"]
[138517][1573076401552][auth][info]["Authentication~did-navigate:","https://accounts.google.com"]
[138517][1573076419120][auth][info]["Authentication~did-navigate:","https://accounts.google.com"]
[138517][1573076419136][auth][info]["Authentication~did-fail-load: Error with code ",-3,"https://accounts.google.com"]
[138517][1573076419136][auth][warn]["Authentication~did-fail-load: Ignoring error since error code is -3"]
[138517][1573076425293][auth][info]["Authentication~did-navigate:","https://accounts.google.com"]
[138517][1573076425303][auth][info]["Authentication~did-fail-load: Error with code ",-3,"https://accounts.google.com"]
[138517][1573076425304][auth][warn]["Authentication~did-fail-load: Ignoring error since error code is -3"]
[139570][1573076449583][auth][info]["EventBus~initialize - Success"]
[139570][1573076450358][auth][info]["Authentication~did-navigate:","https://identity.getpostman.com"]
[139570][1573076493008][auth][info]["Authentication~will-navigate:","https://identity.getpostman.com"]
[139570][1573076493493][auth][info]["Authentication~did-navigate:","https://identity.getpostman.com"]
[139570][1573076515409][auth][info]["Authentication~will-navigate:","https://identity.getpostman.com"]
[139570][1573076515787][auth][info]["Authentication~did-navigate:","https://identity.getpostman.com"]
[139570][1573076552161][auth][info]["Authentication~will-navigate:","https://identity.getpostman.com"]
[139570][1573076552378][auth][info]["Authentication~onBeforeRedirect:","https://erisedstraehruoytubecafruoytonwohsi.chromiumapp.org"]
[71483][1577018390290][auth][info]["EventBus~initialize - Success"]
[71483][1577018391617][auth][info]["Authentication~did-navigate:","https://identity.getpostman.com"]
[71483][1577018435181][auth][info]["EventBus~initialize - Success"]
[71483][1577018436006][auth][info]["Authentication~did-navigate:","https://identity.getpostman.com"]
[71483][1577018458408][auth][info]["Authentication~will-navigate:","https://identity.getpostman.com"]
[71483][1577018458843][auth][info]["Authentication~did-navigate:","https://identity.getpostman.com"]
[71483][1577018536487][auth][info]["EventBus~initialize - Success"]
[71483][1577018537239][auth][info]["Authentication~did-navigate:","https://identity.getpostman.com"]
[71483][1577018543056][auth][info]["Authentication~will-navigate:","https://identity.getpostman.com"]
[71483][1577018543506][auth][info]["Authentication~did-navigate:","https://identity.getpostman.com"]
[71483][1577018579194][auth][info]["Authentication~will-navigate:","https://erisedstraehruoytubecafruoytonwohsi.chromiumapp.org"]
