[137141][1573076310602][shell][info]["EventBus~initialize - Success"]
[137141][1573076310610][shell][info]["shellController~init: Success"]
[137141][1573076310611][shell][info]["shellMeta~init: Success"]
[137141][1573076310645][shell][info]["init~setViewAttributes - Initializing view with opts:",{"devtools":false,"id":2,"startTime":1573076309879,"type":"shared","partitionId":"default"}]
[137141][1573076310646][shell][info]["init~setViewAttributes - Success"]
[137141][1573076315832][shell][info]["EventBus~initialize - Success"]
[137141][1573076315840][shell][info]["shellController~init: Success"]
[137141][1573076315842][shell][info]["shellMeta~init: Success"]
[137141][1573076315862][shell][info]["init~setViewAttributes - Initializing view with opts:",{"allIds":[4],"devtools":false,"id":4,"primaryId":4,"startTime":1573076315334,"type":"requester","partitionId":"default"}]
[137141][1573076315865][shell][info]["init~setViewAttributes - Success"]
[138517][1573076367599][shell][info]["EventBus~initialize - Success"]
[138517][1573076367613][shell][info]["shellController~init: Success"]
[138517][1573076367614][shell][info]["shellMeta~init: Success"]
[138517][1573076367656][shell][info]["init~setViewAttributes - Initializing view with opts:",{"devtools":false,"id":2,"startTime":1573076366913,"type":"shared","partitionId":"default"}]
[138517][1573076367662][shell][info]["init~setViewAttributes - Success"]
[138517][1573076372168][shell][info]["EventBus~initialize - Success"]
[138517][1573076372176][shell][info]["shellController~init: Success"]
[138517][1573076372179][shell][info]["shellMeta~init: Success"]
[138517][1573076372211][shell][info]["init~setViewAttributes - Initializing view with opts:",{"allIds":[4,5],"devtools":false,"id":4,"primaryId":4,"startTime":1573076371431,"type":"requester","partitionId":"default"}]
[138517][1573076372217][shell][info]["init~setViewAttributes - Success"]
[138517][1573076372183][shell][info]["EventBus~initialize - Success"]
[138517][1573076372192][shell][info]["shellController~init: Success"]
[138517][1573076372195][shell][info]["shellMeta~init: Success"]
[138517][1573076372229][shell][info]["init~setViewAttributes - Initializing view with opts:",{"devtools":false,"id":5,"startTime":1573076371450,"type":"runner","partitionId":"default"}]
[138517][1573076372232][shell][info]["init~setViewAttributes - Success"]
[139570][1573076448829][shell][info]["EventBus~initialize - Success"]
[139570][1573076448837][shell][info]["shellController~init: Success"]
[139570][1573076448837][shell][info]["shellMeta~init: Success"]
[139570][1573076448863][shell][info]["init~setViewAttributes - Initializing view with opts:",{"devtools":false,"id":2,"startTime":1573076448298,"type":"shared","partitionId":"default"}]
[139570][1573076448867][shell][info]["init~setViewAttributes - Success"]
[139570][1573076453629][shell][info]["EventBus~initialize - Success"]
[139570][1573076453637][shell][info]["shellController~init: Success"]
[139570][1573076453638][shell][info]["shellMeta~init: Success"]
[139570][1573076453672][shell][info]["init~setViewAttributes - Initializing view with opts:",{"allIds":[4,5],"devtools":false,"id":4,"primaryId":4,"startTime":1573076452852,"type":"requester","partitionId":"default"}]
[139570][1573076453675][shell][info]["init~setViewAttributes - Success"]
[139570][1573076453646][shell][info]["EventBus~initialize - Success"]
[139570][1573076453658][shell][info]["shellController~init: Success"]
[139570][1573076453659][shell][info]["shellMeta~init: Success"]
[139570][1573076453702][shell][info]["init~setViewAttributes - Initializing view with opts:",{"devtools":false,"id":5,"startTime":1573076452876,"type":"runner","partitionId":"default"}]
[139570][1573076453707][shell][info]["init~setViewAttributes - Success"]
[39529][1573212161118][shell][info]["EventBus~initialize - Success"]
[39529][1573212161127][shell][info]["shellController~init: Success"]
[39529][1573212161128][shell][info]["shellMeta~init: Success"]
[39529][1573212161169][shell][info]["init~setViewAttributes - Initializing view with opts:",{"devtools":false,"id":2,"startTime":1573212160275,"type":"shared","partitionId":"default"}]
[39529][1573212161176][shell][info]["init~setViewAttributes - Success"]
[39529][1573212164353][shell][info]["EventBus~initialize - Success"]
[39529][1573212164360][shell][info]["shellController~init: Success"]
[39529][1573212164360][shell][info]["shellMeta~init: Success"]
[39529][1573212164384][shell][info]["init~setViewAttributes - Initializing view with opts:",{"allIds":[3],"devtools":false,"id":3,"primaryId":3,"startTime":1573212163815,"type":"requester","partitionId":"default"}]
[39529][1573212164387][shell][info]["init~setViewAttributes - Success"]
[2006][1573306521752][shell][info]["EventBus~initialize - Success"]
[2006][1573306521756][shell][info]["shellController~init: Success"]
[2006][1573306521757][shell][info]["shellMeta~init: Success"]
[2006][1573306521791][shell][info]["init~setViewAttributes - Initializing view with opts:",{"devtools":false,"id":2,"startTime":1573306521219,"type":"shared","partitionId":"default"}]
[2006][1573306521794][shell][info]["init~setViewAttributes - Success"]
[2006][1573306524226][shell][info]["EventBus~initialize - Success"]
[2006][1573306524231][shell][info]["shellController~init: Success"]
[2006][1573306524231][shell][info]["shellMeta~init: Success"]
[2006][1573306524254][shell][info]["init~setViewAttributes - Initializing view with opts:",{"allIds":[3],"devtools":false,"id":3,"primaryId":3,"startTime":1573306523828,"type":"requester","partitionId":"default"}]
[2006][1573306524256][shell][info]["init~setViewAttributes - Success"]
[6460][1573386231662][shell][info]["EventBus~initialize - Success"]
[6460][1573386231670][shell][info]["shellController~init: Success"]
[6460][1573386231671][shell][info]["shellMeta~init: Success"]
[6460][1573386231709][shell][info]["init~setViewAttributes - Initializing view with opts:",{"devtools":false,"id":2,"startTime":1573386230801,"type":"shared","partitionId":"default"}]
[6460][1573386231712][shell][info]["init~setViewAttributes - Success"]
[6460][1573386235640][shell][info]["EventBus~initialize - Success"]
[6460][1573386235646][shell][info]["shellController~init: Success"]
[6460][1573386235647][shell][info]["shellMeta~init: Success"]
[6460][1573386235663][shell][info]["init~setViewAttributes - Initializing view with opts:",{"allIds":[3],"devtools":false,"id":3,"primaryId":3,"startTime":1573386235169,"type":"requester","partitionId":"default"}]
[6460][1573386235666][shell][info]["init~setViewAttributes - Success"]
[147005][1573491505668][shell][info]["EventBus~initialize - Success"]
[147005][1573491505679][shell][info]["shellController~init: Success"]
[147005][1573491505679][shell][info]["shellMeta~init: Success"]
[147005][1573491505724][shell][info]["init~setViewAttributes - Initializing view with opts:",{"devtools":false,"id":2,"startTime":1573491505085,"type":"shared","partitionId":"default"}]
[147005][1573491505728][shell][info]["init~setViewAttributes - Success"]
[147005][1573491510659][shell][info]["EventBus~initialize - Success"]
[147005][1573491510664][shell][info]["shellController~init: Success"]
[147005][1573491510665][shell][info]["shellMeta~init: Success"]
[147005][1573491510682][shell][info]["init~setViewAttributes - Initializing view with opts:",{"allIds":[3],"devtools":false,"id":3,"primaryId":3,"startTime":1573491510151,"type":"requester","partitionId":"default"}]
[147005][1573491510684][shell][info]["init~setViewAttributes - Success"]
[198314][1573505770097][shell][info]["EventBus~initialize - Success"]
[198314][1573505770104][shell][info]["shellController~init: Success"]
[198314][1573505770104][shell][info]["shellMeta~init: Success"]
[198314][1573505770139][shell][info]["init~setViewAttributes - Initializing view with opts:",{"devtools":false,"id":2,"startTime":1573505769557,"type":"shared","partitionId":"default"}]
[198314][1573505770141][shell][info]["init~setViewAttributes - Success"]
[198314][1573505773080][shell][info]["EventBus~initialize - Success"]
[198314][1573505773084][shell][info]["shellController~init: Success"]
[198314][1573505773085][shell][info]["shellMeta~init: Success"]
[198314][1573505773099][shell][info]["init~setViewAttributes - Initializing view with opts:",{"allIds":[3],"devtools":false,"id":3,"primaryId":3,"startTime":1573505772387,"type":"requester","partitionId":"default"}]
[198314][1573505773100][shell][info]["init~setViewAttributes - Success"]
[218293][1573508527821][shell][info]["EventBus~initialize - Success"]
[218293][1573508527826][shell][info]["shellController~init: Success"]
[218293][1573508527827][shell][info]["shellMeta~init: Success"]
[218293][1573508527859][shell][info]["init~setViewAttributes - Initializing view with opts:",{"devtools":false,"id":2,"startTime":1573508527372,"type":"shared","partitionId":"default"}]
[218293][1573508527861][shell][info]["init~setViewAttributes - Success"]
[218293][1573508530498][shell][info]["EventBus~initialize - Success"]
[218293][1573508530503][shell][info]["shellController~init: Success"]
[218293][1573508530503][shell][info]["shellMeta~init: Success"]
[218293][1573508530518][shell][info]["init~setViewAttributes - Initializing view with opts:",{"allIds":[3],"devtools":false,"id":3,"primaryId":3,"startTime":1573508530214,"type":"requester","partitionId":"default"}]
[218293][1573508530519][shell][info]["init~setViewAttributes - Success"]
[220915][1573508809974][shell][info]["EventBus~initialize - Success"]
[220915][1573508809979][shell][info]["shellController~init: Success"]
[220915][1573508809979][shell][info]["shellMeta~init: Success"]
[220915][1573508809994][shell][info]["init~setViewAttributes - Initializing view with opts:",{"devtools":false,"id":2,"startTime":1573508809448,"type":"shared","partitionId":"default"}]
[220915][1573508809995][shell][info]["init~setViewAttributes - Success"]
[220915][1573508814806][shell][info]["EventBus~initialize - Success"]
[220915][1573508814811][shell][info]["shellController~init: Success"]
[220915][1573508814812][shell][info]["shellMeta~init: Success"]
[220915][1573508814827][shell][info]["init~setViewAttributes - Initializing view with opts:",{"allIds":[3],"devtools":false,"id":3,"primaryId":3,"startTime":1573508813637,"type":"requester","partitionId":"default"}]
[220915][1573508814828][shell][info]["init~setViewAttributes - Success"]
[283538][1573513288985][shell][info]["EventBus~initialize - Success"]
[283538][1573513288999][shell][info]["shellController~init: Success"]
[283538][1573513289001][shell][info]["shellMeta~init: Success"]
[283538][1573513289053][shell][info]["init~setViewAttributes - Initializing view with opts:",{"devtools":false,"id":2,"startTime":1573513286258,"type":"shared","partitionId":"default"}]
[283538][1573513289056][shell][info]["init~setViewAttributes - Success"]
[283538][1573513294299][shell][info]["EventBus~initialize - Success"]
[283538][1573513294304][shell][info]["shellController~init: Success"]
[283538][1573513294304][shell][info]["shellMeta~init: Success"]
[283538][1573513294325][shell][info]["init~setViewAttributes - Initializing view with opts:",{"allIds":[3],"devtools":false,"id":3,"primaryId":3,"startTime":1573513293802,"type":"requester","partitionId":"default"}]
[283538][1573513294327][shell][info]["init~setViewAttributes - Success"]
[367548][1573544271770][shell][info]["EventBus~initialize - Success"]
[367548][1573544271779][shell][info]["shellController~init: Success"]
[367548][1573544271780][shell][info]["shellMeta~init: Success"]
[367548][1573544271827][shell][info]["init~setViewAttributes - Initializing view with opts:",{"devtools":false,"id":2,"startTime":1573544270867,"type":"shared","partitionId":"default"}]
[367548][1573544271829][shell][info]["init~setViewAttributes - Success"]
[367548][1573544275805][shell][info]["EventBus~initialize - Success"]
[367548][1573544275810][shell][info]["shellController~init: Success"]
[367548][1573544275810][shell][info]["shellMeta~init: Success"]
[367548][1573544275830][shell][info]["init~setViewAttributes - Initializing view with opts:",{"allIds":[3],"devtools":false,"id":3,"primaryId":3,"startTime":1573544275378,"type":"requester","partitionId":"default"}]
[367548][1573544275831][shell][info]["init~setViewAttributes - Success"]
[434918][1573560035341][shell][info]["EventBus~initialize - Success"]
[434918][1573560035351][shell][info]["shellController~init: Success"]
[434918][1573560035352][shell][info]["shellMeta~init: Success"]
[434918][1573560035395][shell][info]["init~setViewAttributes - Initializing view with opts:",{"devtools":false,"id":2,"startTime":1573560034424,"type":"shared","partitionId":"default"}]
[434918][1573560035397][shell][info]["init~setViewAttributes - Success"]
[434918][1573560039741][shell][info]["EventBus~initialize - Success"]
[434918][1573560039746][shell][info]["shellController~init: Success"]
[434918][1573560039747][shell][info]["shellMeta~init: Success"]
[434918][1573560039764][shell][info]["init~setViewAttributes - Initializing view with opts:",{"allIds":[3],"devtools":false,"id":3,"primaryId":3,"startTime":1573560039217,"type":"requester","partitionId":"default"}]
[434918][1573560039765][shell][info]["init~setViewAttributes - Success"]
[25937][1573586113046][shell][info]["EventBus~initialize - Success"]
[25937][1573586113053][shell][info]["shellController~init: Success"]
[25937][1573586113054][shell][info]["shellMeta~init: Success"]
[25937][1573586113110][shell][info]["init~setViewAttributes - Initializing view with opts:",{"devtools":false,"id":2,"startTime":1573586112182,"type":"shared","partitionId":"default"}]
[25937][1573586113112][shell][info]["init~setViewAttributes - Success"]
[25937][1573586116137][shell][info]["EventBus~initialize - Success"]
[25937][1573586116142][shell][info]["shellController~init: Success"]
[25937][1573586116142][shell][info]["shellMeta~init: Success"]
[25937][1573586116157][shell][info]["init~setViewAttributes - Initializing view with opts:",{"allIds":[3],"devtools":false,"id":3,"primaryId":3,"startTime":1573586115843,"type":"requester","partitionId":"default"}]
[25937][1573586116159][shell][info]["init~setViewAttributes - Success"]
[57075][1575123573248][shell][info]["EventBus~initialize - Success"]
[57075][1575123573280][shell][info]["shellController~init: Success"]
[57075][1575123573283][shell][info]["shellMeta~init: Success"]
[57075][1575123573372][shell][info]["init~setViewAttributes - Initializing view with opts:",{"devtools":false,"id":2,"startTime":1575123570922,"type":"shared","partitionId":"default"}]
[57075][1575123573380][shell][info]["init~setViewAttributes - Success"]
[57075][1575123579938][shell][info]["EventBus~initialize - Success"]
[57075][1575123579947][shell][info]["shellController~init: Success"]
[57075][1575123579948][shell][info]["shellMeta~init: Success"]
[57075][1575123579971][shell][info]["init~setViewAttributes - Initializing view with opts:",{"allIds":[3],"devtools":false,"id":3,"primaryId":3,"startTime":1575123579411,"type":"requester","partitionId":"default"}]
[57075][1575123579973][shell][info]["init~setViewAttributes - Success"]
[71483][1577018280679][shell][info]["EventBus~initialize - Success"]
[71483][1577018280717][shell][info]["bootShellCrashReporter~ Success"]
[71483][1577018280725][shell][info]["shellController~init: Success"]
[71483][1577018280725][shell][info]["shellMeta~init: Success"]
[71483][1577018280790][shell][info]["init~setViewAttributes - Initializing view with opts:",{"devtools":false,"id":2,"startTime":1577018279798,"type":"shared","partitionId":"default"}]
[71483][1577018280796][shell][info]["init~setViewAttributes - Success"]
[71483][1577018286968][shell][info]["EventBus~initialize - Success"]
[71483][1577018286984][shell][info]["bootShellCrashReporter~ Success"]
[71483][1577018286988][shell][info]["shellController~init: Success"]
[71483][1577018286988][shell][info]["shellMeta~init: Success"]
[71483][1577018287018][shell][info]["init~setViewAttributes - Initializing view with opts:",{"allIds":[3],"devtools":false,"id":3,"primaryId":3,"startTime":1577018286016,"type":"requester","partitionId":"default"}]
[71483][1577018287021][shell][info]["init~setViewAttributes - Success"]
[71483][1577018403480][shell][info]["init~setViewAttributes - Initializing view with opts:",{"id":2,"partitionId":"default","switchUser":true,"type":"shared"}]
[71483][1577018403482][shell][info]["init~setViewAttributes - Success"]
[71483][1577018409052][shell][info]["EventBus~initialize - Success"]
[71483][1577018409073][shell][info]["bootShellCrashReporter~ Success"]
[71483][1577018409076][shell][info]["shellController~init: Success"]
[71483][1577018409076][shell][info]["shellMeta~init: Success"]
[71483][1577018409110][shell][info]["init~setViewAttributes - Initializing view with opts:",{"allIds":[6],"devtools":false,"id":6,"primaryId":6,"startTime":1577018408512,"type":"requester","partitionId":"default"}]
[71483][1577018409113][shell][info]["init~setViewAttributes - Success"]
[71483][1577018512623][shell][info]["init~setViewAttributes - Initializing view with opts:",{"id":2,"partitionId":"default","switchUser":true,"type":"shared"}]
[71483][1577018512627][shell][info]["init~setViewAttributes - Success"]
[71483][1577018517830][shell][info]["EventBus~initialize - Success"]
[71483][1577018517845][shell][info]["bootShellCrashReporter~ Success"]
[71483][1577018517848][shell][info]["shellController~init: Success"]
[71483][1577018517849][shell][info]["shellMeta~init: Success"]
[71483][1577018517883][shell][info]["init~setViewAttributes - Initializing view with opts:",{"allIds":[9],"devtools":false,"id":9,"primaryId":9,"startTime":1577018517300,"type":"requester","partitionId":"default"}]
[71483][1577018517885][shell][info]["init~setViewAttributes - Success"]
