[2019-10-25 18:07:29.363] [exthost] [info] extension host started
[2019-10-25 18:07:29.458] [exthost] [info] ExtensionService#_doActivateExtension faustinoaq.javac-linter {"startup":false,"extensionId":{"value":"faustinoaq.javac-linter","_lower":"faustinoaq.javac-linter"},"activationEvent":"onLanguage:java"}
[2019-10-25 18:07:29.460] [exthost] [info] ExtensionService#loadCommonJSModule file:///home/tblain/.vscode-oss/extensions/faustinoaq.javac-linter-1.3.1/out/src/Main
[2019-10-25 18:07:29.489] [exthost] [info] ExtensionService#_doActivateExtension redhat.java {"startup":false,"extensionId":{"value":"vscjava.vscode-java-test","_lower":"vscjava.vscode-java-test"},"activationEvent":"onLanguage:java"}
[2019-10-25 18:07:29.489] [exthost] [info] ExtensionService#loadCommonJSModule file:///home/tblain/.vscode-oss/extensions/redhat.java-0.52.0/dist/extension
[2019-10-25 18:07:29.705] [exthost] [info] ExtensionService#_doActivateExtension VisualStudioExptTeam.vscodeintellicode {"startup":false,"extensionId":{"value":"VisualStudioExptTeam.vscodeintellicode","_lower":"visualstudioexptteam.vscodeintellicode"},"activationEvent":"onLanguage:java"}
[2019-10-25 18:07:29.705] [exthost] [info] ExtensionService#loadCommonJSModule file:///home/tblain/.vscode-oss/extensions/visualstudioexptteam.vscodeintellicode-1.2.0/dist/intellicode
[2019-10-25 18:07:29.970] [exthost] [info] ExtensionService#_doActivateExtension vscjava.vscode-java-debug {"startup":false,"extensionId":{"value":"vscjava.vscode-java-test","_lower":"vscjava.vscode-java-test"},"activationEvent":"onLanguage:java"}
[2019-10-25 18:07:29.970] [exthost] [info] ExtensionService#loadCommonJSModule file:///home/tblain/.vscode-oss/extensions/vscjava.vscode-java-debug-0.22.0/dist/extension
[2019-10-25 18:07:30.295] [exthost] [info] ExtensionService#_doActivateExtension vscjava.vscode-java-pack {"startup":false,"extensionId":{"value":"vscjava.vscode-java-pack","_lower":"vscjava.vscode-java-pack"},"activationEvent":"onLanguage:java"}
[2019-10-25 18:07:30.296] [exthost] [info] ExtensionService#loadCommonJSModule file:///home/tblain/.vscode-oss/extensions/vscjava.vscode-java-pack-0.8.0/out/extension
[2019-10-25 18:07:30.537] [exthost] [info] ExtensionService#_doActivateExtension vscode.debug-auto-launch {"startup":true,"extensionId":{"value":"vscode.debug-auto-launch","_lower":"vscode.debug-auto-launch"},"activationEvent":"*"}
[2019-10-25 18:07:30.538] [exthost] [info] ExtensionService#loadCommonJSModule file:///usr/share/vscodium-bin/resources/app/extensions/debug-auto-launch/dist/extension
[2019-10-25 18:07:30.543] [exthost] [info] ExtensionService#_doActivateExtension vscode.emmet {"startup":true,"extensionId":{"value":"vscode.emmet","_lower":"vscode.emmet"},"activationEvent":"*"}
[2019-10-25 18:07:30.543] [exthost] [info] ExtensionService#loadCommonJSModule file:///usr/share/vscodium-bin/resources/app/extensions/emmet/dist/extension
[2019-10-25 18:07:30.594] [exthost] [info] ExtensionService#_doActivateExtension vscode.git {"startup":true,"extensionId":{"value":"vscode.git","_lower":"vscode.git"},"activationEvent":"*"}
[2019-10-25 18:07:30.594] [exthost] [info] ExtensionService#loadCommonJSModule file:///usr/share/vscodium-bin/resources/app/extensions/git/dist/main
[2019-10-25 18:07:30.696] [exthost] [info] ExtensionService#_doActivateExtension vscode.merge-conflict {"startup":true,"extensionId":{"value":"vscode.merge-conflict","_lower":"vscode.merge-conflict"},"activationEvent":"*"}
[2019-10-25 18:07:30.696] [exthost] [info] ExtensionService#loadCommonJSModule file:///usr/share/vscodium-bin/resources/app/extensions/merge-conflict/dist/extension
[2019-10-25 18:07:30.715] [exthost] [info] ExtensionService#_doActivateExtension YouMayCallMeV.vscode-java-saber {"startup":true,"extensionId":{"value":"YouMayCallMeV.vscode-java-saber","_lower":"youmaycallmev.vscode-java-saber"},"activationEvent":"*"}
[2019-10-25 18:07:30.715] [exthost] [info] ExtensionService#loadCommonJSModule file:///home/tblain/.vscode-oss/extensions/youmaycallmev.vscode-java-saber-0.1.0/extension
[2019-10-25 18:07:31.671] [exthost] [info] ExtensionService#_doActivateExtension vscjava.vscode-maven {"startup":true,"extensionId":{"value":"vscjava.vscode-maven","_lower":"vscjava.vscode-maven"},"activationEvent":"workspaceContains:**/pom.xml"}
[2019-10-25 18:07:31.672] [exthost] [info] ExtensionService#loadCommonJSModule file:///home/tblain/.vscode-oss/extensions/vscjava.vscode-maven-0.19.1/dist/extension
[2019-10-25 18:07:40.083] [exthost] [info] ExtensionService#_doActivateExtension vscjava.vscode-java-dependency {"startup":true,"extensionId":{"value":"vscjava.vscode-java-dependency","_lower":"vscjava.vscode-java-dependency"},"activationEvent":"workspaceContains:pom.xml"}
[2019-10-25 18:07:40.084] [exthost] [info] ExtensionService#loadCommonJSModule file:///home/tblain/.vscode-oss/extensions/vscjava.vscode-java-dependency-0.6.0/dist/extension
[2019-10-25 18:07:40.507] [exthost] [info] ExtensionService#_doActivateExtension vscjava.vscode-java-test {"startup":true,"extensionId":{"value":"vscjava.vscode-java-test","_lower":"vscjava.vscode-java-test"},"activationEvent":"workspaceContains:pom.xml"}
[2019-10-25 18:07:40.507] [exthost] [info] ExtensionService#loadCommonJSModule file:///home/tblain/.vscode-oss/extensions/vscjava.vscode-java-test-0.20.0/dist/extension
[2019-10-25 18:07:41.323] [exthost] [info] eager extensions activated
[2019-10-25 18:07:42.468] [exthost] [info] ExtensionService#_doActivateExtension shengchen.vscode-checkstyle {"startup":false,"extensionId":{"value":"shengchen.vscode-checkstyle","_lower":"shengchen.vscode-checkstyle"},"activationEvent":"onLanguage:java"}
[2019-10-25 18:07:42.468] [exthost] [info] ExtensionService#loadCommonJSModule file:///home/tblain/.vscode-oss/extensions/shengchen.vscode-checkstyle-1.3.2/dist/extension
