Looking for git in: git
Using git 2.23.0 from git
> git rev-parse --show-toplevel
> git rev-parse --git-dir
> git config --get commit.template
Open repository: /home/tblain/Document/cours/M1/bd/correction_tp1/correction-tp1
> git status -z -u
> git symbolic-ref --short HEAD
> git rev-parse master
> git rev-parse --symbolic-full-name master@{u}
> git rev-list --left-right master...refs/remotes/origin/master
> git for-each-ref --format %(refname) %(objectname) --sort -committerdate
> git remote --verbose
Failed to watch ref '/home/tblain/Document/cours/M1/bd/correction_tp1/correction-tp1/.git/refs/remotes/origin/master', is most likely packed.
Error: ENOENT: no such file or directory, watch '/home/tblain/Document/cours/M1/bd/correction_tp1/correction-tp1/.git/refs/remotes/origin/master'
	at FSWatcher.start (internal/fs/watchers.js:164:26)
	at Object.watch (fs.js:1232:11)
	at Object.t.watch (/usr/share/vscodium-bin/resources/app/extensions/git/dist/main.js:1:594401)
	at T.updateTransientWatchers (/usr/share/vscodium-bin/resources/app/extensions/git/dist/main.js:1:98291)
	at l.fire (/usr/share/vscodium-bin/resources/app/out/vs/workbench/services/extensions/node/extensionHostProcess.js:50:539)
	at k.updateModelState (/usr/share/vscodium-bin/resources/app/extensions/git/dist/main.js:1:115979)
> git check-ignore -v -z --stdin
> git check-ignore -v -z --stdin
> git check-ignore -v -z --stdin
> git check-ignore -v -z --stdin
> git show :tp1/src/main/java/mif04/gdw/tp1/modele/Billet.java
> git check-ignore -v -z --stdin
> git check-ignore -v -z --stdin
> git show :tp1/src/main/java/mif04/gdw/tp1/dao/BilletDAO.java
> git status -z -u
> git symbolic-ref --short HEAD
> git rev-parse master
> git rev-parse --symbolic-full-name master@{u}
> git rev-list --left-right master...refs/remotes/origin/master
> git for-each-ref --format %(refname) %(objectname) --sort -committerdate
> git remote --verbose
Failed to watch ref '/home/tblain/Document/cours/M1/bd/correction_tp1/correction-tp1/.git/refs/remotes/origin/master', is most likely packed.
Error: ENOENT: no such file or directory, watch '/home/tblain/Document/cours/M1/bd/correction_tp1/correction-tp1/.git/refs/remotes/origin/master'
	at FSWatcher.start (internal/fs/watchers.js:164:26)
	at Object.watch (fs.js:1232:11)
	at Object.t (/home/tblain/.vscode-oss/extensions/shengchen.vscode-checkstyle-1.3.2/dist/extension.js:29:98095)
	at Object.watch (/home/tblain/.vscode-oss/extensions/shengchen.vscode-checkstyle-1.3.2/dist/extension.js:29:98456)
	at Object.t.watch (/usr/share/vscodium-bin/resources/app/extensions/git/dist/main.js:1:594401)
	at T.updateTransientWatchers (/usr/share/vscodium-bin/resources/app/extensions/git/dist/main.js:1:98291)
	at l.fire (/usr/share/vscodium-bin/resources/app/out/vs/workbench/services/extensions/node/extensionHostProcess.js:50:539)
	at k.updateModelState (/usr/share/vscodium-bin/resources/app/extensions/git/dist/main.js:1:115979)
> git status -z -u
> git symbolic-ref --short HEAD
> git rev-parse master
> git rev-parse --symbolic-full-name master@{u}
> git rev-list --left-right master...refs/remotes/origin/master
> git for-each-ref --format %(refname) %(objectname) --sort -committerdate
> git remote --verbose
Failed to watch ref '/home/tblain/Document/cours/M1/bd/correction_tp1/correction-tp1/.git/refs/remotes/origin/master', is most likely packed.
Error: ENOENT: no such file or directory, watch '/home/tblain/Document/cours/M1/bd/correction_tp1/correction-tp1/.git/refs/remotes/origin/master'
	at FSWatcher.start (internal/fs/watchers.js:164:26)
	at Object.watch (fs.js:1232:11)
	at Object.t (/home/tblain/.vscode-oss/extensions/shengchen.vscode-checkstyle-1.3.2/dist/extension.js:29:98095)
	at Object.watch (/home/tblain/.vscode-oss/extensions/shengchen.vscode-checkstyle-1.3.2/dist/extension.js:29:98456)
	at Object.t.watch (/usr/share/vscodium-bin/resources/app/extensions/git/dist/main.js:1:594401)
	at T.updateTransientWatchers (/usr/share/vscodium-bin/resources/app/extensions/git/dist/main.js:1:98291)
	at l.fire (/usr/share/vscodium-bin/resources/app/out/vs/workbench/services/extensions/node/extensionHostProcess.js:50:539)
	at k.updateModelState (/usr/share/vscodium-bin/resources/app/extensions/git/dist/main.js:1:115979)
> git check-ignore -v -z --stdin
