[2019-10-24 16:10:41.319] [renderer1] [error] Language client is not ready yet: Error: Language client is not ready yet
	at t.LanguageClient.sendRequest (/home/tblain/.vscode-oss/extensions/redhat.java-0.52.0/dist/extension.js:1:109565)
	at l.<anonymous> (/home/tblain/.vscode-oss/extensions/redhat.java-0.52.0/dist/extension.js:7:27208)
	at Generator.next (<anonymous>)
	at /home/tblain/.vscode-oss/extensions/redhat.java-0.52.0/dist/extension.js:7:25748
	at new Promise (<anonymous>)
	at r (/home/tblain/.vscode-oss/extensions/redhat.java-0.52.0/dist/extension.js:7:25525)
	at l.provideHover (/home/tblain/.vscode-oss/extensions/redhat.java-0.52.0/dist/extension.js:7:26987)
	at o.asPromise (/usr/share/vscodium-bin/resources/app/out/vs/workbench/services/extensions/node/extensionHostProcess.js:553:169)
	at Promise (/usr/share/vscodium-bin/resources/app/out/vs/workbench/services/extensions/node/extensionHostProcess.js:55:649)
	at new Promise (<anonymous>)
	at Object.t.asPromise (/usr/share/vscodium-bin/resources/app/out/vs/workbench/services/extensions/node/extensionHostProcess.js:55:621)
	at w.provideHover (/usr/share/vscodium-bin/resources/app/out/vs/workbench/services/extensions/node/extensionHostProcess.js:553:140)
	at _withAdapter.e (/usr/share/vscodium-bin/resources/app/out/vs/workbench/services/extensions/node/extensionHostProcess.js:569:653)
	at U._withAdapter (/usr/share/vscodium-bin/resources/app/out/vs/workbench/services/extensions/node/extensionHostProcess.js:566:593)
	at U.$provideHover (/usr/share/vscodium-bin/resources/app/out/vs/workbench/services/extensions/node/extensionHostProcess.js:569:631)
	at p._doInvokeHandler (/usr/share/vscodium-bin/resources/app/out/vs/workbench/services/extensions/node/extensionHostProcess.js:635:275)
	at p._invokeHandler (/usr/share/vscodium-bin/resources/app/out/vs/workbench/services/extensions/node/extensionHostProcess.js:634:971)
	at p._receiveRequest (/usr/share/vscodium-bin/resources/app/out/vs/workbench/services/extensions/node/extensionHostProcess.js:633:588)
	at p._receiveOneMessage (/usr/share/vscodium-bin/resources/app/out/vs/workbench/services/extensions/node/extensionHostProcess.js:632:468)
	at _protocol.onMessage.e (/usr/share/vscodium-bin/resources/app/out/vs/workbench/services/extensions/node/extensionHostProcess.js:630:691)
	at l.fire (/usr/share/vscodium-bin/resources/app/out/vs/workbench/services/extensions/node/extensionHostProcess.js:50:519)
	at _.fire (/usr/share/vscodium-bin/resources/app/out/vs/workbench/services/extensions/node/extensionHostProcess.js:181:274)
	at e.onMessage.e (/usr/share/vscodium-bin/resources/app/out/vs/workbench/services/extensions/node/extensionHostProcess.js:787:104)
	at l.fire (/usr/share/vscodium-bin/resources/app/out/vs/workbench/services/extensions/node/extensionHostProcess.js:50:519)
	at _.fire (/usr/share/vscodium-bin/resources/app/out/vs/workbench/services/extensions/node/extensionHostProcess.js:181:274)
	at t.PersistentProtocol._receiveMessage (/usr/share/vscodium-bin/resources/app/out/vs/workbench/services/extensions/node/extensionHostProcess.js:185:629)
	at _socketDisposables.push._socketReader.onMessage.e (/usr/share/vscodium-bin/resources/app/out/vs/workbench/services/extensions/node/extensionHostProcess.js:182:824)
	at l.fire (/usr/share/vscodium-bin/resources/app/out/vs/workbench/services/extensions/node/extensionHostProcess.js:50:519)
	at p.acceptChunk (/usr/share/vscodium-bin/resources/app/out/vs/workbench/services/extensions/node/extensionHostProcess.js:178:588)
	at _register._socket.onData.e (/usr/share/vscodium-bin/resources/app/out/vs/workbench/services/extensions/node/extensionHostProcess.js:177:958)
	at Socket.t (/usr/share/vscodium-bin/resources/app/out/vs/workbench/services/extensions/node/extensionHostProcess.js:187:68)
	at Socket.emit (events.js:182:13)
	at addChunk (_stream_readable.js:283:12)
	at readableAddChunk (_stream_readable.js:264:11)
	at Socket.Readable.push (_stream_readable.js:219:10)
	at Pipe.onStreamRead [as onread] (internal/stream_base_commons.js:94:17)
[2019-10-24 16:10:41.527] [renderer1] [error] doSave(0) - exit - resulted in a save error: Error: Unable to write file (Error: File Modified Since) {"$mid":1,"fsPath":"/home/tblain/Document/cours/M1/web/conception_web/TP3-MIF03/src/main/java/fr/univlyon1/m1if/m1if03/classes/Groupe.java","external":"file:///home/tblain/Document/cours/M1/web/conception_web/TP3-MIF03/src/main/java/fr/univlyon1/m1if/m1if03/classes/Groupe.java","path":"/home/tblain/Document/cours/M1/web/conception_web/TP3-MIF03/src/main/java/fr/univlyon1/m1if/m1if03/classes/Groupe.java","scheme":"file"}
[2019-10-24 16:10:41.723] [renderer1] [error] doSave(0) - exit - resulted in a save error: Error: Unable to write file (Error: File Modified Since) {"$mid":1,"fsPath":"/home/tblain/Document/cours/M1/web/conception_web/TP3-MIF03/src/main/java/fr/univlyon1/m1if/m1if03/classes/Groupe.java","external":"file:///home/tblain/Document/cours/M1/web/conception_web/TP3-MIF03/src/main/java/fr/univlyon1/m1if/m1if03/classes/Groupe.java","path":"/home/tblain/Document/cours/M1/web/conception_web/TP3-MIF03/src/main/java/fr/univlyon1/m1if/m1if03/classes/Groupe.java","scheme":"file"}
[2019-10-24 16:10:42.690] [renderer1] [error] Language client is not ready yet: Error: Language client is not ready yet
	at t.LanguageClient.sendRequest (/home/tblain/.vscode-oss/extensions/redhat.java-0.52.0/dist/extension.js:1:109565)
	at l.<anonymous> (/home/tblain/.vscode-oss/extensions/redhat.java-0.52.0/dist/extension.js:7:27208)
	at Generator.next (<anonymous>)
	at /home/tblain/.vscode-oss/extensions/redhat.java-0.52.0/dist/extension.js:7:25748
	at new Promise (<anonymous>)
	at r (/home/tblain/.vscode-oss/extensions/redhat.java-0.52.0/dist/extension.js:7:25525)
	at l.provideHover (/home/tblain/.vscode-oss/extensions/redhat.java-0.52.0/dist/extension.js:7:26987)
	at o.asPromise (/usr/share/vscodium-bin/resources/app/out/vs/workbench/services/extensions/node/extensionHostProcess.js:553:169)
	at Promise (/usr/share/vscodium-bin/resources/app/out/vs/workbench/services/extensions/node/extensionHostProcess.js:55:649)
	at new Promise (<anonymous>)
	at Object.t.asPromise (/usr/share/vscodium-bin/resources/app/out/vs/workbench/services/extensions/node/extensionHostProcess.js:55:621)
	at w.provideHover (/usr/share/vscodium-bin/resources/app/out/vs/workbench/services/extensions/node/extensionHostProcess.js:553:140)
	at _withAdapter.e (/usr/share/vscodium-bin/resources/app/out/vs/workbench/services/extensions/node/extensionHostProcess.js:569:653)
	at U._withAdapter (/usr/share/vscodium-bin/resources/app/out/vs/workbench/services/extensions/node/extensionHostProcess.js:566:593)
	at U.$provideHover (/usr/share/vscodium-bin/resources/app/out/vs/workbench/services/extensions/node/extensionHostProcess.js:569:631)
	at p._doInvokeHandler (/usr/share/vscodium-bin/resources/app/out/vs/workbench/services/extensions/node/extensionHostProcess.js:635:275)
	at p._invokeHandler (/usr/share/vscodium-bin/resources/app/out/vs/workbench/services/extensions/node/extensionHostProcess.js:634:971)
	at p._receiveRequest (/usr/share/vscodium-bin/resources/app/out/vs/workbench/services/extensions/node/extensionHostProcess.js:633:588)
	at p._receiveOneMessage (/usr/share/vscodium-bin/resources/app/out/vs/workbench/services/extensions/node/extensionHostProcess.js:632:468)
	at _protocol.onMessage.e (/usr/share/vscodium-bin/resources/app/out/vs/workbench/services/extensions/node/extensionHostProcess.js:630:691)
	at l.fire (/usr/share/vscodium-bin/resources/app/out/vs/workbench/services/extensions/node/extensionHostProcess.js:50:519)
	at _.fire (/usr/share/vscodium-bin/resources/app/out/vs/workbench/services/extensions/node/extensionHostProcess.js:181:274)
	at e.onMessage.e (/usr/share/vscodium-bin/resources/app/out/vs/workbench/services/extensions/node/extensionHostProcess.js:787:104)
	at l.fire (/usr/share/vscodium-bin/resources/app/out/vs/workbench/services/extensions/node/extensionHostProcess.js:50:519)
	at _.fire (/usr/share/vscodium-bin/resources/app/out/vs/workbench/services/extensions/node/extensionHostProcess.js:181:274)
	at t.PersistentProtocol._receiveMessage (/usr/share/vscodium-bin/resources/app/out/vs/workbench/services/extensions/node/extensionHostProcess.js:185:629)
	at _socketDisposables.push._socketReader.onMessage.e (/usr/share/vscodium-bin/resources/app/out/vs/workbench/services/extensions/node/extensionHostProcess.js:182:824)
	at l.fire (/usr/share/vscodium-bin/resources/app/out/vs/workbench/services/extensions/node/extensionHostProcess.js:50:519)
	at p.acceptChunk (/usr/share/vscodium-bin/resources/app/out/vs/workbench/services/extensions/node/extensionHostProcess.js:178:588)
	at _register._socket.onData.e (/usr/share/vscodium-bin/resources/app/out/vs/workbench/services/extensions/node/extensionHostProcess.js:177:958)
	at Socket.t (/usr/share/vscodium-bin/resources/app/out/vs/workbench/services/extensions/node/extensionHostProcess.js:187:68)
	at Socket.emit (events.js:182:13)
	at addChunk (_stream_readable.js:283:12)
	at readableAddChunk (_stream_readable.js:264:11)
	at Socket.Readable.push (_stream_readable.js:219:10)
	at Pipe.onStreamRead [as onread] (internal/stream_base_commons.js:94:17)
[2019-10-24 16:10:53.647] [renderer1] [error] The request (id: 9, method: 'textDocument/hover') has been cancelled: Error: The request (id: 9, method: 'textDocument/hover') has been cancelled
	at /home/tblain/.vscode-oss/extensions/redhat.java-0.52.0/dist/extension.js:1:68555
	at /home/tblain/.vscode-oss/extensions/redhat.java-0.52.0/dist/extension.js:1:68849
	at Immediate.G.Y.size.setImmediate (/home/tblain/.vscode-oss/extensions/redhat.java-0.52.0/dist/extension.js:1:69210)
	at runCallback (timers.js:694:18)
	at tryOnImmediate (timers.js:665:5)
	at processImmediate (timers.js:647:5)
