[2019-10-25 18:05:40.730] [exthost] [info] extension host started
[2019-10-25 18:05:40.956] [exthost] [info] ExtensionService#_doActivateExtension faustinoaq.javac-linter {"startup":false,"extensionId":{"value":"faustinoaq.javac-linter","_lower":"faustinoaq.javac-linter"},"activationEvent":"onLanguage:java"}
[2019-10-25 18:05:40.959] [exthost] [info] ExtensionService#loadCommonJSModule file:///home/tblain/.vscode-oss/extensions/faustinoaq.javac-linter-1.3.1/out/src/Main
[2019-10-25 18:05:41.009] [exthost] [info] ExtensionService#_doActivateExtension redhat.java {"startup":false,"extensionId":{"value":"vscjava.vscode-java-test","_lower":"vscjava.vscode-java-test"},"activationEvent":"onLanguage:java"}
[2019-10-25 18:05:41.010] [exthost] [info] ExtensionService#loadCommonJSModule file:///home/tblain/.vscode-oss/extensions/redhat.java-0.52.0/dist/extension
[2019-10-25 18:05:41.149] [exthost] [info] ExtensionService#_doActivateExtension VisualStudioExptTeam.vscodeintellicode {"startup":false,"extensionId":{"value":"VisualStudioExptTeam.vscodeintellicode","_lower":"visualstudioexptteam.vscodeintellicode"},"activationEvent":"onLanguage:java"}
[2019-10-25 18:05:41.149] [exthost] [info] ExtensionService#loadCommonJSModule file:///home/tblain/.vscode-oss/extensions/visualstudioexptteam.vscodeintellicode-1.2.0/dist/intellicode
[2019-10-25 18:05:41.430] [exthost] [info] ExtensionService#_doActivateExtension vscjava.vscode-java-debug {"startup":false,"extensionId":{"value":"vscjava.vscode-java-test","_lower":"vscjava.vscode-java-test"},"activationEvent":"onLanguage:java"}
[2019-10-25 18:05:41.430] [exthost] [info] ExtensionService#loadCommonJSModule file:///home/tblain/.vscode-oss/extensions/vscjava.vscode-java-debug-0.22.0/dist/extension
[2019-10-25 18:05:41.492] [exthost] [info] ExtensionService#_doActivateExtension vscjava.vscode-java-pack {"startup":false,"extensionId":{"value":"vscjava.vscode-java-pack","_lower":"vscjava.vscode-java-pack"},"activationEvent":"onLanguage:java"}
[2019-10-25 18:05:41.492] [exthost] [info] ExtensionService#loadCommonJSModule file:///home/tblain/.vscode-oss/extensions/vscjava.vscode-java-pack-0.8.0/out/extension
[2019-10-25 18:05:41.761] [exthost] [info] ExtensionService#_doActivateExtension vscode.debug-auto-launch {"startup":true,"extensionId":{"value":"vscode.debug-auto-launch","_lower":"vscode.debug-auto-launch"},"activationEvent":"*"}
[2019-10-25 18:05:41.761] [exthost] [info] ExtensionService#loadCommonJSModule file:///usr/share/vscodium-bin/resources/app/extensions/debug-auto-launch/dist/extension
[2019-10-25 18:05:41.771] [exthost] [info] ExtensionService#_doActivateExtension vscode.emmet {"startup":true,"extensionId":{"value":"vscode.emmet","_lower":"vscode.emmet"},"activationEvent":"*"}
[2019-10-25 18:05:41.771] [exthost] [info] ExtensionService#loadCommonJSModule file:///usr/share/vscodium-bin/resources/app/extensions/emmet/dist/extension
[2019-10-25 18:05:41.840] [exthost] [info] ExtensionService#_doActivateExtension vscode.git {"startup":true,"extensionId":{"value":"vscode.git","_lower":"vscode.git"},"activationEvent":"*"}
[2019-10-25 18:05:41.840] [exthost] [info] ExtensionService#loadCommonJSModule file:///usr/share/vscodium-bin/resources/app/extensions/git/dist/main
[2019-10-25 18:05:41.972] [exthost] [info] ExtensionService#_doActivateExtension vscode.merge-conflict {"startup":true,"extensionId":{"value":"vscode.merge-conflict","_lower":"vscode.merge-conflict"},"activationEvent":"*"}
[2019-10-25 18:05:41.972] [exthost] [info] ExtensionService#loadCommonJSModule file:///usr/share/vscodium-bin/resources/app/extensions/merge-conflict/dist/extension
[2019-10-25 18:05:42.354] [exthost] [info] ExtensionService#_doActivateExtension YouMayCallMeV.vscode-java-saber {"startup":true,"extensionId":{"value":"YouMayCallMeV.vscode-java-saber","_lower":"youmaycallmev.vscode-java-saber"},"activationEvent":"*"}
[2019-10-25 18:05:42.355] [exthost] [info] ExtensionService#loadCommonJSModule file:///home/tblain/.vscode-oss/extensions/youmaycallmev.vscode-java-saber-0.1.0/extension
[2019-10-25 18:05:44.743] [exthost] [info] ExtensionService#_doActivateExtension vscjava.vscode-maven {"startup":true,"extensionId":{"value":"vscjava.vscode-maven","_lower":"vscjava.vscode-maven"},"activationEvent":"workspaceContains:**/pom.xml"}
[2019-10-25 18:05:44.743] [exthost] [info] ExtensionService#loadCommonJSModule file:///home/tblain/.vscode-oss/extensions/vscjava.vscode-maven-0.19.1/dist/extension
