[Info  - 1:21:52 PM] Registered 'java.actionsOnPaste.organizeImports' command.
[Error - 5:28:26 PM] Oct 23, 2019, 5:28:26 PM Offset > length: 1248 > 929
Offset > length: 1248 > 929
org.eclipse.jface.text.BadLocationException: Offset > length: 1248 > 929
	at org.eclipse.jface.text.ListLineTracker.getLineNumberOfOffset(ListLineTracker.java:141)
	at org.eclipse.jface.text.AbstractLineTracker.getLineNumberOfOffset(AbstractLineTracker.java:155)
	at org.eclipse.jface.text.AbstractDocument.getLineOfOffset(AbstractDocument.java:871)
	at org.eclipse.core.internal.filebuffers.SynchronizableDocument.getLineOfOffset(SynchronizableDocument.java:334)
	at org.eclipse.jdt.ls.core.internal.handlers.JsonRpcHelpers.toLine(JsonRpcHelpers.java:83)
	at org.eclipse.jdt.ls.core.internal.handlers.JsonRpcHelpers.toLine(JsonRpcHelpers.java:71)
	at org.eclipse.jdt.ls.core.internal.JDTUtils.toRange(JDTUtils.java:563)
	at org.eclipse.jdt.ls.core.internal.TextEditConverter.visit(TextEditConverter.java:137)
	at org.eclipse.text.edits.MultiTextEdit.accept0(MultiTextEdit.java:146)
	at org.eclipse.text.edits.TextEdit.accept(TextEdit.java:641)
	at org.eclipse.jdt.ls.core.internal.TextEditConverter.convert(TextEditConverter.java:61)
	at org.eclipse.jdt.ls.core.internal.text.correction.SourceAssistProcessor.convertToWorkspaceEdit(SourceAssistProcessor.java:381)
	at org.eclipse.jdt.ls.core.internal.text.correction.SourceAssistProcessor.convertToWorkspaceEditAction(SourceAssistProcessor.java:346)
	at org.eclipse.jdt.ls.core.internal.text.correction.SourceAssistProcessor.getGetterSetterAction(SourceAssistProcessor.java:216)
	at org.eclipse.jdt.ls.core.internal.text.correction.SourceAssistProcessor.getSourceActionCommands(SourceAssistProcessor.java:112)
	at org.eclipse.jdt.ls.core.internal.handlers.CodeActionHandler.getCodeActionCommands(CodeActionHandler.java:137)
	at org.eclipse.jdt.ls.core.internal.handlers.JDTLanguageServer.lambda$14(JDTLanguageServer.java:605)
	at org.eclipse.jdt.ls.core.internal.handlers.JDTLanguageServer.lambda$45(JDTLanguageServer.java:936)
	at java.base/java.util.concurrent.CompletableFuture$UniApply.tryFire(CompletableFuture.java:642)
	at java.base/java.util.concurrent.CompletableFuture$Completion.exec(CompletableFuture.java:479)
	at java.base/java.util.concurrent.ForkJoinTask.doExec(ForkJoinTask.java:290)
	at java.base/java.util.concurrent.ForkJoinPool$WorkQueue.topLevelExec(ForkJoinPool.java:1020)
	at java.base/java.util.concurrent.ForkJoinPool.scan(ForkJoinPool.java:1656)
	at java.base/java.util.concurrent.ForkJoinPool.runWorker(ForkJoinPool.java:1594)
	at java.base/java.util.concurrent.ForkJoinWorkerThread.run(ForkJoinWorkerThread.java:177)

[Error - 5:28:26 PM] Oct 23, 2019, 5:28:26 PM Offset > length: 1248 > 929
Offset > length: 1248 > 929
org.eclipse.jface.text.BadLocationException: Offset > length: 1248 > 929
	at org.eclipse.jface.text.ListLineTracker.getLineNumberOfOffset(ListLineTracker.java:141)
	at org.eclipse.jface.text.AbstractLineTracker.getLineNumberOfOffset(AbstractLineTracker.java:155)
	at org.eclipse.jface.text.AbstractDocument.getLineOfOffset(AbstractDocument.java:871)
	at org.eclipse.core.internal.filebuffers.SynchronizableDocument.getLineOfOffset(SynchronizableDocument.java:334)
	at org.eclipse.jdt.ls.core.internal.handlers.JsonRpcHelpers.toLine(JsonRpcHelpers.java:83)
	at org.eclipse.jdt.ls.core.internal.handlers.JsonRpcHelpers.toLine(JsonRpcHelpers.java:71)
	at org.eclipse.jdt.ls.core.internal.JDTUtils.toRange(JDTUtils.java:564)
	at org.eclipse.jdt.ls.core.internal.TextEditConverter.visit(TextEditConverter.java:137)
	at org.eclipse.text.edits.MultiTextEdit.accept0(MultiTextEdit.java:146)
	at org.eclipse.text.edits.TextEdit.accept(TextEdit.java:641)
	at org.eclipse.jdt.ls.core.internal.TextEditConverter.convert(TextEditConverter.java:61)
	at org.eclipse.jdt.ls.core.internal.text.correction.SourceAssistProcessor.convertToWorkspaceEdit(SourceAssistProcessor.java:381)
	at org.eclipse.jdt.ls.core.internal.text.correction.SourceAssistProcessor.convertToWorkspaceEditAction(SourceAssistProcessor.java:346)
	at org.eclipse.jdt.ls.core.internal.text.correction.SourceAssistProcessor.getGetterSetterAction(SourceAssistProcessor.java:216)
	at org.eclipse.jdt.ls.core.internal.text.correction.SourceAssistProcessor.getSourceActionCommands(SourceAssistProcessor.java:112)
	at org.eclipse.jdt.ls.core.internal.handlers.CodeActionHandler.getCodeActionCommands(CodeActionHandler.java:137)
	at org.eclipse.jdt.ls.core.internal.handlers.JDTLanguageServer.lambda$14(JDTLanguageServer.java:605)
	at org.eclipse.jdt.ls.core.internal.handlers.JDTLanguageServer.lambda$45(JDTLanguageServer.java:936)
	at java.base/java.util.concurrent.CompletableFuture$UniApply.tryFire(CompletableFuture.java:642)
	at java.base/java.util.concurrent.CompletableFuture$Completion.exec(CompletableFuture.java:479)
	at java.base/java.util.concurrent.ForkJoinTask.doExec(ForkJoinTask.java:290)
	at java.base/java.util.concurrent.ForkJoinPool$WorkQueue.topLevelExec(ForkJoinPool.java:1020)
	at java.base/java.util.concurrent.ForkJoinPool.scan(ForkJoinPool.java:1656)
	at java.base/java.util.concurrent.ForkJoinPool.runWorker(ForkJoinPool.java:1594)
	at java.base/java.util.concurrent.ForkJoinWorkerThread.run(ForkJoinWorkerThread.java:177)

[Error - 5:28:26 PM] Oct 23, 2019, 5:28:26 PM Error converting TextEdits
End position lies outside document range
org.eclipse.text.edits.MalformedTreeException: End position lies outside document range
	at org.eclipse.text.edits.TextEditProcessor.checkIntegrityDo(TextEditProcessor.java:180)
	at org.eclipse.text.edits.TextEdit.dispatchCheckIntegrity(TextEdit.java:746)
	at org.eclipse.text.edits.TextEditProcessor.performEdits(TextEditProcessor.java:153)
	at org.eclipse.text.edits.TextEdit.apply(TextEdit.java:714)
	at org.eclipse.jdt.ls.core.internal.TextEditConverter.visit(TextEditConverter.java:139)
	at org.eclipse.text.edits.MultiTextEdit.accept0(MultiTextEdit.java:146)
	at org.eclipse.text.edits.TextEdit.accept(TextEdit.java:641)
	at org.eclipse.jdt.ls.core.internal.TextEditConverter.convert(TextEditConverter.java:61)
	at org.eclipse.jdt.ls.core.internal.text.correction.SourceAssistProcessor.convertToWorkspaceEdit(SourceAssistProcessor.java:381)
	at org.eclipse.jdt.ls.core.internal.text.correction.SourceAssistProcessor.convertToWorkspaceEditAction(SourceAssistProcessor.java:346)
	at org.eclipse.jdt.ls.core.internal.text.correction.SourceAssistProcessor.getGetterSetterAction(SourceAssistProcessor.java:216)
	at org.eclipse.jdt.ls.core.internal.text.correction.SourceAssistProcessor.getSourceActionCommands(SourceAssistProcessor.java:112)
	at org.eclipse.jdt.ls.core.internal.handlers.CodeActionHandler.getCodeActionCommands(CodeActionHandler.java:137)
	at org.eclipse.jdt.ls.core.internal.handlers.JDTLanguageServer.lambda$14(JDTLanguageServer.java:605)
	at org.eclipse.jdt.ls.core.internal.handlers.JDTLanguageServer.lambda$45(JDTLanguageServer.java:936)
	at java.base/java.util.concurrent.CompletableFuture$UniApply.tryFire(CompletableFuture.java:642)
	at java.base/java.util.concurrent.CompletableFuture$Completion.exec(CompletableFuture.java:479)
	at java.base/java.util.concurrent.ForkJoinTask.doExec(ForkJoinTask.java:290)
	at java.base/java.util.concurrent.ForkJoinPool$WorkQueue.topLevelExec(ForkJoinPool.java:1020)
	at java.base/java.util.concurrent.ForkJoinPool.scan(ForkJoinPool.java:1656)
	at java.base/java.util.concurrent.ForkJoinPool.runWorker(ForkJoinPool.java:1594)
	at java.base/java.util.concurrent.ForkJoinWorkerThread.run(ForkJoinWorkerThread.java:177)

[Error - 6:12:44 PM] Oct 23, 2019, 6:12:44 PM JavaBuilder handling CoreException
File not found: /home/tblain/Document/cours/M1/multimif/m1if10/webapp/target/classes/univ/m1if10/classes/Metier/Reponse.class.
org.eclipse.core.internal.resources.ResourceException(/webapp/target/classes/univ/m1if10/classes/Metier/Reponse.class)[368]: java.lang.Exception: File not found: /home/tblain/Document/cours/M1/multimif/m1if10/webapp/target/classes/univ/m1if10/classes/Metier/Reponse.class.
	at org.eclipse.core.internal.resources.ResourceException.provideStackTrace(ResourceException.java:42)
	at org.eclipse.core.internal.resources.ResourceException.<init>(ResourceException.java:38)
	at org.eclipse.core.internal.localstore.FileSystemResourceManager.read(FileSystemResourceManager.java:834)
	at org.eclipse.core.internal.resources.File.getContents(File.java:275)
	at org.eclipse.jdt.internal.core.util.Util.getResourceContentsAsByteArray(Util.java:1146)
	at org.eclipse.jdt.internal.core.builder.IncrementalImageBuilder.writeClassFileCheck(IncrementalImageBuilder.java:942)
	at org.eclipse.jdt.internal.core.builder.IncrementalImageBuilder.writeClassFileContents(IncrementalImageBuilder.java:884)
	at org.eclipse.jdt.internal.core.builder.AbstractImageBuilder.writeClassFile(AbstractImageBuilder.java:879)
	at org.eclipse.jdt.internal.core.builder.AbstractImageBuilder.acceptResult(AbstractImageBuilder.java:203)
	at org.eclipse.jdt.internal.compiler.Compiler.processCompiledUnits(Compiler.java:615)
	at org.eclipse.jdt.internal.compiler.Compiler.compile(Compiler.java:475)
	at org.eclipse.jdt.internal.compiler.Compiler.compile(Compiler.java:426)
	at org.eclipse.jdt.internal.core.builder.AbstractImageBuilder.compile(AbstractImageBuilder.java:386)
	at org.eclipse.jdt.internal.core.builder.IncrementalImageBuilder.compile(IncrementalImageBuilder.java:371)
	at org.eclipse.jdt.internal.core.builder.AbstractImageBuilder.compile(AbstractImageBuilder.java:318)
	at org.eclipse.jdt.internal.core.builder.IncrementalImageBuilder.incrementalBuildLoop(IncrementalImageBuilder.java:186)
	at org.eclipse.jdt.internal.core.builder.IncrementalImageBuilder.build(IncrementalImageBuilder.java:143)
	at org.eclipse.jdt.internal.core.builder.JavaBuilder.buildDeltas(JavaBuilder.java:292)
	at org.eclipse.jdt.internal.core.builder.JavaBuilder.build(JavaBuilder.java:212)
	at org.eclipse.core.internal.events.BuildManager$2.run(BuildManager.java:833)
	at org.eclipse.core.runtime.SafeRunner.run(SafeRunner.java:45)
	at org.eclipse.core.internal.events.BuildManager.basicBuild(BuildManager.java:220)
	at org.eclipse.core.internal.events.BuildManager.basicBuild(BuildManager.java:263)
	at org.eclipse.core.internal.events.BuildManager$1.run(BuildManager.java:316)
	at org.eclipse.core.runtime.SafeRunner.run(SafeRunner.java:45)
	at org.eclipse.core.internal.events.BuildManager.basicBuild(BuildManager.java:319)
	at org.eclipse.core.internal.events.BuildManager.basicBuildLoop(BuildManager.java:371)
	at org.eclipse.core.internal.events.BuildManager.build(BuildManager.java:392)
	at org.eclipse.core.internal.events.AutoBuildJob.doBuild(AutoBuildJob.java:154)
	at org.eclipse.core.internal.events.AutoBuildJob.run(AutoBuildJob.java:244)
	at org.eclipse.core.internal.jobs.Worker.run(Worker.java:63)

[Error - 6:12:47 PM] Oct 23, 2019, 6:12:47 PM Error while handling document save. URI: file:///home/tblain/Document/cours/M1/multimif/m1if10/webapp/src/main/java/univ/m1if10/classes/Metier/Choix.java
[Working copy] Choix.java [in univ.m1if10.classes.Metier [in src/main/java [in webapp]]] does not exist
Java Model Exception: Java Model Status [[Working copy] Choix.java [in univ.m1if10.classes.Metier [in src/main/java [in webapp]]] does not exist]
	at org.eclipse.jdt.internal.core.JavaElement.newNotPresentException(JavaElement.java:573)
	at org.eclipse.jdt.internal.core.Openable.getUnderlyingResource(Openable.java:360)
	at org.eclipse.jdt.internal.core.CompilationUnit.getUnderlyingResource(CompilationUnit.java:976)
	at org.eclipse.jdt.ls.core.internal.handlers.DocumentLifeCycleHandler.handleSaved(DocumentLifeCycleHandler.java:483)
	at org.eclipse.jdt.ls.core.internal.handlers.DocumentLifeCycleHandler$7.run(DocumentLifeCycleHandler.java:292)
	at org.eclipse.core.internal.resources.Workspace.run(Workspace.java:2291)
	at org.eclipse.core.internal.resources.Workspace.run(Workspace.java:2311)
	at org.eclipse.jdt.ls.core.internal.handlers.DocumentLifeCycleHandler.didSave(DocumentLifeCycleHandler.java:289)
	at org.eclipse.jdt.ls.core.internal.handlers.JDTLanguageServer.didSave(JDTLanguageServer.java:729)
	at jdk.internal.reflect.GeneratedMethodAccessor27.invoke(Unknown Source)
	at java.base/jdk.internal.reflect.DelegatingMethodAccessorImpl.invoke(DelegatingMethodAccessorImpl.java:43)
	at java.base/java.lang.reflect.Method.invoke(Method.java:566)
	at org.eclipse.lsp4j.jsonrpc.services.GenericEndpoint.lambda$null$0(GenericEndpoint.java:65)
	at org.eclipse.lsp4j.jsonrpc.services.GenericEndpoint.notify(GenericEndpoint.java:152)
	at org.eclipse.lsp4j.jsonrpc.RemoteEndpoint.handleNotification(RemoteEndpoint.java:220)
	at org.eclipse.lsp4j.jsonrpc.RemoteEndpoint.consume(RemoteEndpoint.java:187)
	at org.eclipse.jdt.ls.core.internal.ParentProcessWatcher.lambda$0(ParentProcessWatcher.java:121)
	at org.eclipse.lsp4j.jsonrpc.json.StreamMessageProducer.handleMessage(StreamMessageProducer.java:194)
	at org.eclipse.lsp4j.jsonrpc.json.StreamMessageProducer.listen(StreamMessageProducer.java:94)
	at org.eclipse.lsp4j.jsonrpc.json.ConcurrentMessageProcessor.run(ConcurrentMessageProcessor.java:113)
	at java.base/java.util.concurrent.Executors$RunnableAdapter.call(Executors.java:515)
	at java.base/java.util.concurrent.FutureTask.run(FutureTask.java:264)
	at java.base/java.util.concurrent.ThreadPoolExecutor.runWorker(ThreadPoolExecutor.java:1128)
	at java.base/java.util.concurrent.ThreadPoolExecutor$Worker.run(ThreadPoolExecutor.java:628)
	at java.base/java.lang.Thread.run(Thread.java:834)

[Error - 6:12:49 PM] Oct 23, 2019, 6:12:49 PM Error while handling document save. URI: file:///home/tblain/Document/cours/M1/multimif/m1if10/webapp/src/main/java/univ/m1if10/classes/Metier/Question.java
[Working copy] Question.java [in univ.m1if10.classes.Metier [in src/main/java [in webapp]]] does not exist
Java Model Exception: Java Model Status [[Working copy] Question.java [in univ.m1if10.classes.Metier [in src/main/java [in webapp]]] does not exist]
	at org.eclipse.jdt.internal.core.JavaElement.newNotPresentException(JavaElement.java:573)
	at org.eclipse.jdt.internal.core.Openable.getUnderlyingResource(Openable.java:360)
	at org.eclipse.jdt.internal.core.CompilationUnit.getUnderlyingResource(CompilationUnit.java:976)
	at org.eclipse.jdt.ls.core.internal.handlers.DocumentLifeCycleHandler.handleSaved(DocumentLifeCycleHandler.java:483)
	at org.eclipse.jdt.ls.core.internal.handlers.DocumentLifeCycleHandler$7.run(DocumentLifeCycleHandler.java:292)
	at org.eclipse.core.internal.resources.Workspace.run(Workspace.java:2291)
	at org.eclipse.core.internal.resources.Workspace.run(Workspace.java:2311)
	at org.eclipse.jdt.ls.core.internal.handlers.DocumentLifeCycleHandler.didSave(DocumentLifeCycleHandler.java:289)
	at org.eclipse.jdt.ls.core.internal.handlers.JDTLanguageServer.didSave(JDTLanguageServer.java:729)
	at jdk.internal.reflect.GeneratedMethodAccessor27.invoke(Unknown Source)
	at java.base/jdk.internal.reflect.DelegatingMethodAccessorImpl.invoke(DelegatingMethodAccessorImpl.java:43)
	at java.base/java.lang.reflect.Method.invoke(Method.java:566)
	at org.eclipse.lsp4j.jsonrpc.services.GenericEndpoint.lambda$null$0(GenericEndpoint.java:65)
	at org.eclipse.lsp4j.jsonrpc.services.GenericEndpoint.notify(GenericEndpoint.java:152)
	at org.eclipse.lsp4j.jsonrpc.RemoteEndpoint.handleNotification(RemoteEndpoint.java:220)
	at org.eclipse.lsp4j.jsonrpc.RemoteEndpoint.consume(RemoteEndpoint.java:187)
	at org.eclipse.jdt.ls.core.internal.ParentProcessWatcher.lambda$0(ParentProcessWatcher.java:121)
	at org.eclipse.lsp4j.jsonrpc.json.StreamMessageProducer.handleMessage(StreamMessageProducer.java:194)
	at org.eclipse.lsp4j.jsonrpc.json.StreamMessageProducer.listen(StreamMessageProducer.java:94)
	at org.eclipse.lsp4j.jsonrpc.json.ConcurrentMessageProcessor.run(ConcurrentMessageProcessor.java:113)
	at java.base/java.util.concurrent.Executors$RunnableAdapter.call(Executors.java:515)
	at java.base/java.util.concurrent.FutureTask.run(FutureTask.java:264)
	at java.base/java.util.concurrent.ThreadPoolExecutor.runWorker(ThreadPoolExecutor.java:1128)
	at java.base/java.util.concurrent.ThreadPoolExecutor$Worker.run(ThreadPoolExecutor.java:628)
	at java.base/java.lang.Thread.run(Thread.java:834)

[Error - 6:12:50 PM] Oct 23, 2019, 6:12:50 PM Error while handling document save. URI: file:///home/tblain/Document/cours/M1/multimif/m1if10/webapp/src/main/java/univ/m1if10/classes/Metier/Questionnaire.java
[Working copy] Questionnaire.java [in univ.m1if10.classes.Metier [in src/main/java [in webapp]]] does not exist
Java Model Exception: Java Model Status [[Working copy] Questionnaire.java [in univ.m1if10.classes.Metier [in src/main/java [in webapp]]] does not exist]
	at org.eclipse.jdt.internal.core.JavaElement.newNotPresentException(JavaElement.java:573)
	at org.eclipse.jdt.internal.core.Openable.getUnderlyingResource(Openable.java:360)
	at org.eclipse.jdt.internal.core.CompilationUnit.getUnderlyingResource(CompilationUnit.java:976)
	at org.eclipse.jdt.ls.core.internal.handlers.DocumentLifeCycleHandler.handleSaved(DocumentLifeCycleHandler.java:483)
	at org.eclipse.jdt.ls.core.internal.handlers.DocumentLifeCycleHandler$7.run(DocumentLifeCycleHandler.java:292)
	at org.eclipse.core.internal.resources.Workspace.run(Workspace.java:2291)
	at org.eclipse.core.internal.resources.Workspace.run(Workspace.java:2311)
	at org.eclipse.jdt.ls.core.internal.handlers.DocumentLifeCycleHandler.didSave(DocumentLifeCycleHandler.java:289)
	at org.eclipse.jdt.ls.core.internal.handlers.JDTLanguageServer.didSave(JDTLanguageServer.java:729)
	at jdk.internal.reflect.GeneratedMethodAccessor27.invoke(Unknown Source)
	at java.base/jdk.internal.reflect.DelegatingMethodAccessorImpl.invoke(DelegatingMethodAccessorImpl.java:43)
	at java.base/java.lang.reflect.Method.invoke(Method.java:566)
	at org.eclipse.lsp4j.jsonrpc.services.GenericEndpoint.lambda$null$0(GenericEndpoint.java:65)
	at org.eclipse.lsp4j.jsonrpc.services.GenericEndpoint.notify(GenericEndpoint.java:152)
	at org.eclipse.lsp4j.jsonrpc.RemoteEndpoint.handleNotification(RemoteEndpoint.java:220)
	at org.eclipse.lsp4j.jsonrpc.RemoteEndpoint.consume(RemoteEndpoint.java:187)
	at org.eclipse.jdt.ls.core.internal.ParentProcessWatcher.lambda$0(ParentProcessWatcher.java:121)
	at org.eclipse.lsp4j.jsonrpc.json.StreamMessageProducer.handleMessage(StreamMessageProducer.java:194)
	at org.eclipse.lsp4j.jsonrpc.json.StreamMessageProducer.listen(StreamMessageProducer.java:94)
	at org.eclipse.lsp4j.jsonrpc.json.ConcurrentMessageProcessor.run(ConcurrentMessageProcessor.java:113)
	at java.base/java.util.concurrent.Executors$RunnableAdapter.call(Executors.java:515)
	at java.base/java.util.concurrent.FutureTask.run(FutureTask.java:264)
	at java.base/java.util.concurrent.ThreadPoolExecutor.runWorker(ThreadPoolExecutor.java:1128)
	at java.base/java.util.concurrent.ThreadPoolExecutor$Worker.run(ThreadPoolExecutor.java:628)
	at java.base/java.lang.Thread.run(Thread.java:834)

[Error - 6:12:50 PM] Oct 23, 2019, 6:12:50 PM Error while handling document save. URI: file:///home/tblain/Document/cours/M1/multimif/m1if10/webapp/src/main/java/univ/m1if10/classes/Metier/Questionnaire.java
[Working copy] Questionnaire.java [in univ.m1if10.classes.Metier [in src/main/java [in webapp]]] does not exist
Java Model Exception: Java Model Status [[Working copy] Questionnaire.java [in univ.m1if10.classes.Metier [in src/main/java [in webapp]]] does not exist]
	at org.eclipse.jdt.internal.core.JavaElement.newNotPresentException(JavaElement.java:573)
	at org.eclipse.jdt.internal.core.Openable.getUnderlyingResource(Openable.java:360)
	at org.eclipse.jdt.internal.core.CompilationUnit.getUnderlyingResource(CompilationUnit.java:976)
	at org.eclipse.jdt.ls.core.internal.handlers.DocumentLifeCycleHandler.handleSaved(DocumentLifeCycleHandler.java:483)
	at org.eclipse.jdt.ls.core.internal.handlers.DocumentLifeCycleHandler$7.run(DocumentLifeCycleHandler.java:292)
	at org.eclipse.core.internal.resources.Workspace.run(Workspace.java:2291)
	at org.eclipse.core.internal.resources.Workspace.run(Workspace.java:2311)
	at org.eclipse.jdt.ls.core.internal.handlers.DocumentLifeCycleHandler.didSave(DocumentLifeCycleHandler.java:289)
	at org.eclipse.jdt.ls.core.internal.handlers.JDTLanguageServer.didSave(JDTLanguageServer.java:729)
	at jdk.internal.reflect.GeneratedMethodAccessor27.invoke(Unknown Source)
	at java.base/jdk.internal.reflect.DelegatingMethodAccessorImpl.invoke(DelegatingMethodAccessorImpl.java:43)
	at java.base/java.lang.reflect.Method.invoke(Method.java:566)
	at org.eclipse.lsp4j.jsonrpc.services.GenericEndpoint.lambda$null$0(GenericEndpoint.java:65)
	at org.eclipse.lsp4j.jsonrpc.services.GenericEndpoint.notify(GenericEndpoint.java:152)
	at org.eclipse.lsp4j.jsonrpc.RemoteEndpoint.handleNotification(RemoteEndpoint.java:220)
	at org.eclipse.lsp4j.jsonrpc.RemoteEndpoint.consume(RemoteEndpoint.java:187)
	at org.eclipse.jdt.ls.core.internal.ParentProcessWatcher.lambda$0(ParentProcessWatcher.java:121)
	at org.eclipse.lsp4j.jsonrpc.json.StreamMessageProducer.handleMessage(StreamMessageProducer.java:194)
	at org.eclipse.lsp4j.jsonrpc.json.StreamMessageProducer.listen(StreamMessageProducer.java:94)
	at org.eclipse.lsp4j.jsonrpc.json.ConcurrentMessageProcessor.run(ConcurrentMessageProcessor.java:113)
	at java.base/java.util.concurrent.Executors$RunnableAdapter.call(Executors.java:515)
	at java.base/java.util.concurrent.FutureTask.run(FutureTask.java:264)
	at java.base/java.util.concurrent.ThreadPoolExecutor.runWorker(ThreadPoolExecutor.java:1128)
	at java.base/java.util.concurrent.ThreadPoolExecutor$Worker.run(ThreadPoolExecutor.java:628)
	at java.base/java.lang.Thread.run(Thread.java:834)

[Error - 6:12:51 PM] Oct 23, 2019, 6:12:51 PM 
null
org.eclipse.jface.text.BadLocationException
	at org.eclipse.jface.text.TreeLineTracker.fail(TreeLineTracker.java:1054)
	at org.eclipse.jface.text.TreeLineTracker.lineByOffset(TreeLineTracker.java:268)
	at org.eclipse.jface.text.TreeLineTracker.getLineNumberOfOffset(TreeLineTracker.java:1122)
	at org.eclipse.jface.text.AbstractLineTracker.getLineNumberOfOffset(AbstractLineTracker.java:155)
	at org.eclipse.jface.text.AbstractDocument.getLineOfOffset(AbstractDocument.java:871)
	at org.eclipse.core.internal.filebuffers.SynchronizableDocument.getLineOfOffset(SynchronizableDocument.java:334)
	at org.eclipse.jdt.ls.core.internal.handlers.JsonRpcHelpers.toLine(JsonRpcHelpers.java:83)
	at org.eclipse.jdt.ls.core.internal.handlers.JsonRpcHelpers.toLine(JsonRpcHelpers.java:71)
	at org.eclipse.jdt.ls.core.internal.JDTUtils.toRange(JDTUtils.java:563)
	at org.eclipse.jdt.ls.core.internal.TextEditConverter.visit(TextEditConverter.java:137)
	at org.eclipse.text.edits.MultiTextEdit.accept0(MultiTextEdit.java:146)
	at org.eclipse.text.edits.TextEdit.accept(TextEdit.java:641)
	at org.eclipse.jdt.ls.core.internal.TextEditConverter.convert(TextEditConverter.java:61)
	at org.eclipse.jdt.ls.core.internal.text.correction.SourceAssistProcessor.convertToWorkspaceEdit(SourceAssistProcessor.java:381)
	at org.eclipse.jdt.ls.core.internal.text.correction.SourceAssistProcessor.convertToWorkspaceEditAction(SourceAssistProcessor.java:346)
	at org.eclipse.jdt.ls.core.internal.text.correction.SourceAssistProcessor.getGetterSetterAction(SourceAssistProcessor.java:216)
	at org.eclipse.jdt.ls.core.internal.text.correction.SourceAssistProcessor.getSourceActionCommands(SourceAssistProcessor.java:112)
	at org.eclipse.jdt.ls.core.internal.handlers.CodeActionHandler.getCodeActionCommands(CodeActionHandler.java:137)
	at org.eclipse.jdt.ls.core.internal.handlers.JDTLanguageServer.lambda$14(JDTLanguageServer.java:605)
	at org.eclipse.jdt.ls.core.internal.handlers.JDTLanguageServer.lambda$45(JDTLanguageServer.java:936)
	at java.base/java.util.concurrent.CompletableFuture$UniApply.tryFire(CompletableFuture.java:642)
	at java.base/java.util.concurrent.CompletableFuture$Completion.exec(CompletableFuture.java:479)
	at java.base/java.util.concurrent.ForkJoinTask.doExec(ForkJoinTask.java:290)
	at java.base/java.util.concurrent.ForkJoinPool$WorkQueue.topLevelExec(ForkJoinPool.java:1020)
	at java.base/java.util.concurrent.ForkJoinPool.scan(ForkJoinPool.java:1656)
	at java.base/java.util.concurrent.ForkJoinPool.runWorker(ForkJoinPool.java:1594)
	at java.base/java.util.concurrent.ForkJoinWorkerThread.run(ForkJoinWorkerThread.java:177)

[Error - 6:12:51 PM] Oct 23, 2019, 6:12:51 PM 
null
org.eclipse.jface.text.BadLocationException
	at org.eclipse.jface.text.TreeLineTracker.fail(TreeLineTracker.java:1054)
	at org.eclipse.jface.text.TreeLineTracker.lineByOffset(TreeLineTracker.java:268)
	at org.eclipse.jface.text.TreeLineTracker.getLineNumberOfOffset(TreeLineTracker.java:1122)
	at org.eclipse.jface.text.AbstractLineTracker.getLineNumberOfOffset(AbstractLineTracker.java:155)
	at org.eclipse.jface.text.AbstractDocument.getLineOfOffset(AbstractDocument.java:871)
	at org.eclipse.core.internal.filebuffers.SynchronizableDocument.getLineOfOffset(SynchronizableDocument.java:334)
	at org.eclipse.jdt.ls.core.internal.handlers.JsonRpcHelpers.toLine(JsonRpcHelpers.java:83)
	at org.eclipse.jdt.ls.core.internal.handlers.JsonRpcHelpers.toLine(JsonRpcHelpers.java:71)
	at org.eclipse.jdt.ls.core.internal.JDTUtils.toRange(JDTUtils.java:564)
	at org.eclipse.jdt.ls.core.internal.TextEditConverter.visit(TextEditConverter.java:137)
	at org.eclipse.text.edits.MultiTextEdit.accept0(MultiTextEdit.java:146)
	at org.eclipse.text.edits.TextEdit.accept(TextEdit.java:641)
	at org.eclipse.jdt.ls.core.internal.TextEditConverter.convert(TextEditConverter.java:61)
	at org.eclipse.jdt.ls.core.internal.text.correction.SourceAssistProcessor.convertToWorkspaceEdit(SourceAssistProcessor.java:381)
	at org.eclipse.jdt.ls.core.internal.text.correction.SourceAssistProcessor.convertToWorkspaceEditAction(SourceAssistProcessor.java:346)
	at org.eclipse.jdt.ls.core.internal.text.correction.SourceAssistProcessor.getGetterSetterAction(SourceAssistProcessor.java:216)
	at org.eclipse.jdt.ls.core.internal.text.correction.SourceAssistProcessor.getSourceActionCommands(SourceAssistProcessor.java:112)
	at org.eclipse.jdt.ls.core.internal.handlers.CodeActionHandler.getCodeActionCommands(CodeActionHandler.java:137)
	at org.eclipse.jdt.ls.core.internal.handlers.JDTLanguageServer.lambda$14(JDTLanguageServer.java:605)
	at org.eclipse.jdt.ls.core.internal.handlers.JDTLanguageServer.lambda$45(JDTLanguageServer.java:936)
	at java.base/java.util.concurrent.CompletableFuture$UniApply.tryFire(CompletableFuture.java:642)
	at java.base/java.util.concurrent.CompletableFuture$Completion.exec(CompletableFuture.java:479)
	at java.base/java.util.concurrent.ForkJoinTask.doExec(ForkJoinTask.java:290)
	at java.base/java.util.concurrent.ForkJoinPool$WorkQueue.topLevelExec(ForkJoinPool.java:1020)
	at java.base/java.util.concurrent.ForkJoinPool.scan(ForkJoinPool.java:1656)
	at java.base/java.util.concurrent.ForkJoinPool.runWorker(ForkJoinPool.java:1594)
	at java.base/java.util.concurrent.ForkJoinWorkerThread.run(ForkJoinWorkerThread.java:177)

[Error - 6:12:51 PM] Oct 23, 2019, 6:12:51 PM Error converting TextEdits
End position lies outside document range
org.eclipse.text.edits.MalformedTreeException: End position lies outside document range
	at org.eclipse.text.edits.TextEditProcessor.checkIntegrityDo(TextEditProcessor.java:180)
	at org.eclipse.text.edits.TextEdit.dispatchCheckIntegrity(TextEdit.java:746)
	at org.eclipse.text.edits.TextEditProcessor.performEdits(TextEditProcessor.java:153)
	at org.eclipse.text.edits.TextEdit.apply(TextEdit.java:714)
	at org.eclipse.jdt.ls.core.internal.TextEditConverter.visit(TextEditConverter.java:139)
	at org.eclipse.text.edits.MultiTextEdit.accept0(MultiTextEdit.java:146)
	at org.eclipse.text.edits.TextEdit.accept(TextEdit.java:641)
	at org.eclipse.jdt.ls.core.internal.TextEditConverter.convert(TextEditConverter.java:61)
	at org.eclipse.jdt.ls.core.internal.text.correction.SourceAssistProcessor.convertToWorkspaceEdit(SourceAssistProcessor.java:381)
	at org.eclipse.jdt.ls.core.internal.text.correction.SourceAssistProcessor.convertToWorkspaceEditAction(SourceAssistProcessor.java:346)
	at org.eclipse.jdt.ls.core.internal.text.correction.SourceAssistProcessor.getGetterSetterAction(SourceAssistProcessor.java:216)
	at org.eclipse.jdt.ls.core.internal.text.correction.SourceAssistProcessor.getSourceActionCommands(SourceAssistProcessor.java:112)
	at org.eclipse.jdt.ls.core.internal.handlers.CodeActionHandler.getCodeActionCommands(CodeActionHandler.java:137)
	at org.eclipse.jdt.ls.core.internal.handlers.JDTLanguageServer.lambda$14(JDTLanguageServer.java:605)
	at org.eclipse.jdt.ls.core.internal.handlers.JDTLanguageServer.lambda$45(JDTLanguageServer.java:936)
	at java.base/java.util.concurrent.CompletableFuture$UniApply.tryFire(CompletableFuture.java:642)
	at java.base/java.util.concurrent.CompletableFuture$Completion.exec(CompletableFuture.java:479)
	at java.base/java.util.concurrent.ForkJoinTask.doExec(ForkJoinTask.java:290)
	at java.base/java.util.concurrent.ForkJoinPool$WorkQueue.topLevelExec(ForkJoinPool.java:1020)
	at java.base/java.util.concurrent.ForkJoinPool.scan(ForkJoinPool.java:1656)
	at java.base/java.util.concurrent.ForkJoinPool.runWorker(ForkJoinPool.java:1594)
	at java.base/java.util.concurrent.ForkJoinWorkerThread.run(ForkJoinWorkerThread.java:177)

[Error - 6:12:57 PM] Oct 23, 2019, 6:12:57 PM Error while handling document save. URI: file:///home/tblain/Document/cours/M1/multimif/m1if10/webapp/src/main/java/univ/m1if10/classes/Metier/Choix.java
[Working copy] Choix.java [in univ.m1if10.classes.Metier [in src/main/java [in webapp]]] does not exist
Java Model Exception: Java Model Status [[Working copy] Choix.java [in univ.m1if10.classes.Metier [in src/main/java [in webapp]]] does not exist]
	at org.eclipse.jdt.internal.core.JavaElement.newNotPresentException(JavaElement.java:573)
	at org.eclipse.jdt.internal.core.Openable.getUnderlyingResource(Openable.java:360)
	at org.eclipse.jdt.internal.core.CompilationUnit.getUnderlyingResource(CompilationUnit.java:976)
	at org.eclipse.jdt.ls.core.internal.handlers.DocumentLifeCycleHandler.handleSaved(DocumentLifeCycleHandler.java:483)
	at org.eclipse.jdt.ls.core.internal.handlers.DocumentLifeCycleHandler$7.run(DocumentLifeCycleHandler.java:292)
	at org.eclipse.core.internal.resources.Workspace.run(Workspace.java:2291)
	at org.eclipse.core.internal.resources.Workspace.run(Workspace.java:2311)
	at org.eclipse.jdt.ls.core.internal.handlers.DocumentLifeCycleHandler.didSave(DocumentLifeCycleHandler.java:289)
	at org.eclipse.jdt.ls.core.internal.handlers.JDTLanguageServer.didSave(JDTLanguageServer.java:729)
	at jdk.internal.reflect.GeneratedMethodAccessor27.invoke(Unknown Source)
	at java.base/jdk.internal.reflect.DelegatingMethodAccessorImpl.invoke(DelegatingMethodAccessorImpl.java:43)
	at java.base/java.lang.reflect.Method.invoke(Method.java:566)
	at org.eclipse.lsp4j.jsonrpc.services.GenericEndpoint.lambda$null$0(GenericEndpoint.java:65)
	at org.eclipse.lsp4j.jsonrpc.services.GenericEndpoint.notify(GenericEndpoint.java:152)
	at org.eclipse.lsp4j.jsonrpc.RemoteEndpoint.handleNotification(RemoteEndpoint.java:220)
	at org.eclipse.lsp4j.jsonrpc.RemoteEndpoint.consume(RemoteEndpoint.java:187)
	at org.eclipse.jdt.ls.core.internal.ParentProcessWatcher.lambda$0(ParentProcessWatcher.java:121)
	at org.eclipse.lsp4j.jsonrpc.json.StreamMessageProducer.handleMessage(StreamMessageProducer.java:194)
	at org.eclipse.lsp4j.jsonrpc.json.StreamMessageProducer.listen(StreamMessageProducer.java:94)
	at org.eclipse.lsp4j.jsonrpc.json.ConcurrentMessageProcessor.run(ConcurrentMessageProcessor.java:113)
	at java.base/java.util.concurrent.Executors$RunnableAdapter.call(Executors.java:515)
	at java.base/java.util.concurrent.FutureTask.run(FutureTask.java:264)
	at java.base/java.util.concurrent.ThreadPoolExecutor.runWorker(ThreadPoolExecutor.java:1128)
	at java.base/java.util.concurrent.ThreadPoolExecutor$Worker.run(ThreadPoolExecutor.java:628)
	at java.base/java.lang.Thread.run(Thread.java:834)

[Error - 6:12:57 PM] Oct 23, 2019, 6:12:57 PM Error while handling document save. URI: file:///home/tblain/Document/cours/M1/multimif/m1if10/webapp/src/main/java/univ/m1if10/classes/Metier/Choix.java
[Working copy] Choix.java [in univ.m1if10.classes.Metier [in src/main/java [in webapp]]] does not exist
Java Model Exception: Java Model Status [[Working copy] Choix.java [in univ.m1if10.classes.Metier [in src/main/java [in webapp]]] does not exist]
	at org.eclipse.jdt.internal.core.JavaElement.newNotPresentException(JavaElement.java:573)
	at org.eclipse.jdt.internal.core.Openable.getUnderlyingResource(Openable.java:360)
	at org.eclipse.jdt.internal.core.CompilationUnit.getUnderlyingResource(CompilationUnit.java:976)
	at org.eclipse.jdt.ls.core.internal.handlers.DocumentLifeCycleHandler.handleSaved(DocumentLifeCycleHandler.java:483)
	at org.eclipse.jdt.ls.core.internal.handlers.DocumentLifeCycleHandler$7.run(DocumentLifeCycleHandler.java:292)
	at org.eclipse.core.internal.resources.Workspace.run(Workspace.java:2291)
	at org.eclipse.core.internal.resources.Workspace.run(Workspace.java:2311)
	at org.eclipse.jdt.ls.core.internal.handlers.DocumentLifeCycleHandler.didSave(DocumentLifeCycleHandler.java:289)
	at org.eclipse.jdt.ls.core.internal.handlers.JDTLanguageServer.didSave(JDTLanguageServer.java:729)
	at jdk.internal.reflect.GeneratedMethodAccessor27.invoke(Unknown Source)
	at java.base/jdk.internal.reflect.DelegatingMethodAccessorImpl.invoke(DelegatingMethodAccessorImpl.java:43)
	at java.base/java.lang.reflect.Method.invoke(Method.java:566)
	at org.eclipse.lsp4j.jsonrpc.services.GenericEndpoint.lambda$null$0(GenericEndpoint.java:65)
	at org.eclipse.lsp4j.jsonrpc.services.GenericEndpoint.notify(GenericEndpoint.java:152)
	at org.eclipse.lsp4j.jsonrpc.RemoteEndpoint.handleNotification(RemoteEndpoint.java:220)
	at org.eclipse.lsp4j.jsonrpc.RemoteEndpoint.consume(RemoteEndpoint.java:187)
	at org.eclipse.jdt.ls.core.internal.ParentProcessWatcher.lambda$0(ParentProcessWatcher.java:121)
	at org.eclipse.lsp4j.jsonrpc.json.StreamMessageProducer.handleMessage(StreamMessageProducer.java:194)
	at org.eclipse.lsp4j.jsonrpc.json.StreamMessageProducer.listen(StreamMessageProducer.java:94)
	at org.eclipse.lsp4j.jsonrpc.json.ConcurrentMessageProcessor.run(ConcurrentMessageProcessor.java:113)
	at java.base/java.util.concurrent.Executors$RunnableAdapter.call(Executors.java:515)
	at java.base/java.util.concurrent.FutureTask.run(FutureTask.java:264)
	at java.base/java.util.concurrent.ThreadPoolExecutor.runWorker(ThreadPoolExecutor.java:1128)
	at java.base/java.util.concurrent.ThreadPoolExecutor$Worker.run(ThreadPoolExecutor.java:628)
	at java.base/java.lang.Thread.run(Thread.java:834)

[Error - 6:12:59 PM] Oct 23, 2019, 6:12:59 PM Error while handling document save. URI: file:///home/tblain/Document/cours/M1/multimif/m1if10/webapp/src/main/java/univ/m1if10/classes/Metier/Question.java
[Working copy] Question.java [in univ.m1if10.classes.Metier [in src/main/java [in webapp]]] does not exist
Java Model Exception: Java Model Status [[Working copy] Question.java [in univ.m1if10.classes.Metier [in src/main/java [in webapp]]] does not exist]
	at org.eclipse.jdt.internal.core.JavaElement.newNotPresentException(JavaElement.java:573)
	at org.eclipse.jdt.internal.core.Openable.getUnderlyingResource(Openable.java:360)
	at org.eclipse.jdt.internal.core.CompilationUnit.getUnderlyingResource(CompilationUnit.java:976)
	at org.eclipse.jdt.ls.core.internal.handlers.DocumentLifeCycleHandler.handleSaved(DocumentLifeCycleHandler.java:483)
	at org.eclipse.jdt.ls.core.internal.handlers.DocumentLifeCycleHandler$7.run(DocumentLifeCycleHandler.java:292)
	at org.eclipse.core.internal.resources.Workspace.run(Workspace.java:2291)
	at org.eclipse.core.internal.resources.Workspace.run(Workspace.java:2311)
	at org.eclipse.jdt.ls.core.internal.handlers.DocumentLifeCycleHandler.didSave(DocumentLifeCycleHandler.java:289)
	at org.eclipse.jdt.ls.core.internal.handlers.JDTLanguageServer.didSave(JDTLanguageServer.java:729)
	at jdk.internal.reflect.GeneratedMethodAccessor27.invoke(Unknown Source)
	at java.base/jdk.internal.reflect.DelegatingMethodAccessorImpl.invoke(DelegatingMethodAccessorImpl.java:43)
	at java.base/java.lang.reflect.Method.invoke(Method.java:566)
	at org.eclipse.lsp4j.jsonrpc.services.GenericEndpoint.lambda$null$0(GenericEndpoint.java:65)
	at org.eclipse.lsp4j.jsonrpc.services.GenericEndpoint.notify(GenericEndpoint.java:152)
	at org.eclipse.lsp4j.jsonrpc.RemoteEndpoint.handleNotification(RemoteEndpoint.java:220)
	at org.eclipse.lsp4j.jsonrpc.RemoteEndpoint.consume(RemoteEndpoint.java:187)
	at org.eclipse.jdt.ls.core.internal.ParentProcessWatcher.lambda$0(ParentProcessWatcher.java:121)
	at org.eclipse.lsp4j.jsonrpc.json.StreamMessageProducer.handleMessage(StreamMessageProducer.java:194)
	at org.eclipse.lsp4j.jsonrpc.json.StreamMessageProducer.listen(StreamMessageProducer.java:94)
	at org.eclipse.lsp4j.jsonrpc.json.ConcurrentMessageProcessor.run(ConcurrentMessageProcessor.java:113)
	at java.base/java.util.concurrent.Executors$RunnableAdapter.call(Executors.java:515)
	at java.base/java.util.concurrent.FutureTask.run(FutureTask.java:264)
	at java.base/java.util.concurrent.ThreadPoolExecutor.runWorker(ThreadPoolExecutor.java:1128)
	at java.base/java.util.concurrent.ThreadPoolExecutor$Worker.run(ThreadPoolExecutor.java:628)
	at java.base/java.lang.Thread.run(Thread.java:834)

[Error - 6:13:00 PM] Oct 23, 2019, 6:13:00 PM Error while handling document save. URI: file:///home/tblain/Document/cours/M1/multimif/m1if10/webapp/src/main/java/univ/m1if10/classes/Metier/Questionnaire.java
[Working copy] Questionnaire.java [in univ.m1if10.classes.Metier [in src/main/java [in webapp]]] does not exist
Java Model Exception: Java Model Status [[Working copy] Questionnaire.java [in univ.m1if10.classes.Metier [in src/main/java [in webapp]]] does not exist]
	at org.eclipse.jdt.internal.core.JavaElement.newNotPresentException(JavaElement.java:573)
	at org.eclipse.jdt.internal.core.Openable.getUnderlyingResource(Openable.java:360)
	at org.eclipse.jdt.internal.core.CompilationUnit.getUnderlyingResource(CompilationUnit.java:976)
	at org.eclipse.jdt.ls.core.internal.handlers.DocumentLifeCycleHandler.handleSaved(DocumentLifeCycleHandler.java:483)
	at org.eclipse.jdt.ls.core.internal.handlers.DocumentLifeCycleHandler$7.run(DocumentLifeCycleHandler.java:292)
	at org.eclipse.core.internal.resources.Workspace.run(Workspace.java:2291)
	at org.eclipse.core.internal.resources.Workspace.run(Workspace.java:2311)
	at org.eclipse.jdt.ls.core.internal.handlers.DocumentLifeCycleHandler.didSave(DocumentLifeCycleHandler.java:289)
	at org.eclipse.jdt.ls.core.internal.handlers.JDTLanguageServer.didSave(JDTLanguageServer.java:729)
	at jdk.internal.reflect.GeneratedMethodAccessor27.invoke(Unknown Source)
	at java.base/jdk.internal.reflect.DelegatingMethodAccessorImpl.invoke(DelegatingMethodAccessorImpl.java:43)
	at java.base/java.lang.reflect.Method.invoke(Method.java:566)
	at org.eclipse.lsp4j.jsonrpc.services.GenericEndpoint.lambda$null$0(GenericEndpoint.java:65)
	at org.eclipse.lsp4j.jsonrpc.services.GenericEndpoint.notify(GenericEndpoint.java:152)
	at org.eclipse.lsp4j.jsonrpc.RemoteEndpoint.handleNotification(RemoteEndpoint.java:220)
	at org.eclipse.lsp4j.jsonrpc.RemoteEndpoint.consume(RemoteEndpoint.java:187)
	at org.eclipse.jdt.ls.core.internal.ParentProcessWatcher.lambda$0(ParentProcessWatcher.java:121)
	at org.eclipse.lsp4j.jsonrpc.json.StreamMessageProducer.handleMessage(StreamMessageProducer.java:194)
	at org.eclipse.lsp4j.jsonrpc.json.StreamMessageProducer.listen(StreamMessageProducer.java:94)
	at org.eclipse.lsp4j.jsonrpc.json.ConcurrentMessageProcessor.run(ConcurrentMessageProcessor.java:113)
	at java.base/java.util.concurrent.Executors$RunnableAdapter.call(Executors.java:515)
	at java.base/java.util.concurrent.FutureTask.run(FutureTask.java:264)
	at java.base/java.util.concurrent.ThreadPoolExecutor.runWorker(ThreadPoolExecutor.java:1128)
	at java.base/java.util.concurrent.ThreadPoolExecutor$Worker.run(ThreadPoolExecutor.java:628)
	at java.base/java.lang.Thread.run(Thread.java:834)

[Error - 6:13:00 PM] Oct 23, 2019, 6:13:00 PM Error while handling document save. URI: file:///home/tblain/Document/cours/M1/multimif/m1if10/webapp/src/main/java/univ/m1if10/classes/Metier/Questionnaire.java
[Working copy] Questionnaire.java [in univ.m1if10.classes.Metier [in src/main/java [in webapp]]] does not exist
Java Model Exception: Java Model Status [[Working copy] Questionnaire.java [in univ.m1if10.classes.Metier [in src/main/java [in webapp]]] does not exist]
	at org.eclipse.jdt.internal.core.JavaElement.newNotPresentException(JavaElement.java:573)
	at org.eclipse.jdt.internal.core.Openable.getUnderlyingResource(Openable.java:360)
	at org.eclipse.jdt.internal.core.CompilationUnit.getUnderlyingResource(CompilationUnit.java:976)
	at org.eclipse.jdt.ls.core.internal.handlers.DocumentLifeCycleHandler.handleSaved(DocumentLifeCycleHandler.java:483)
	at org.eclipse.jdt.ls.core.internal.handlers.DocumentLifeCycleHandler$7.run(DocumentLifeCycleHandler.java:292)
	at org.eclipse.core.internal.resources.Workspace.run(Workspace.java:2291)
	at org.eclipse.core.internal.resources.Workspace.run(Workspace.java:2311)
	at org.eclipse.jdt.ls.core.internal.handlers.DocumentLifeCycleHandler.didSave(DocumentLifeCycleHandler.java:289)
	at org.eclipse.jdt.ls.core.internal.handlers.JDTLanguageServer.didSave(JDTLanguageServer.java:729)
	at jdk.internal.reflect.GeneratedMethodAccessor27.invoke(Unknown Source)
	at java.base/jdk.internal.reflect.DelegatingMethodAccessorImpl.invoke(DelegatingMethodAccessorImpl.java:43)
	at java.base/java.lang.reflect.Method.invoke(Method.java:566)
	at org.eclipse.lsp4j.jsonrpc.services.GenericEndpoint.lambda$null$0(GenericEndpoint.java:65)
	at org.eclipse.lsp4j.jsonrpc.services.GenericEndpoint.notify(GenericEndpoint.java:152)
	at org.eclipse.lsp4j.jsonrpc.RemoteEndpoint.handleNotification(RemoteEndpoint.java:220)
	at org.eclipse.lsp4j.jsonrpc.RemoteEndpoint.consume(RemoteEndpoint.java:187)
	at org.eclipse.jdt.ls.core.internal.ParentProcessWatcher.lambda$0(ParentProcessWatcher.java:121)
	at org.eclipse.lsp4j.jsonrpc.json.StreamMessageProducer.handleMessage(StreamMessageProducer.java:194)
	at org.eclipse.lsp4j.jsonrpc.json.StreamMessageProducer.listen(StreamMessageProducer.java:94)
	at org.eclipse.lsp4j.jsonrpc.json.ConcurrentMessageProcessor.run(ConcurrentMessageProcessor.java:113)
	at java.base/java.util.concurrent.Executors$RunnableAdapter.call(Executors.java:515)
	at java.base/java.util.concurrent.FutureTask.run(FutureTask.java:264)
	at java.base/java.util.concurrent.ThreadPoolExecutor.runWorker(ThreadPoolExecutor.java:1128)
	at java.base/java.util.concurrent.ThreadPoolExecutor$Worker.run(ThreadPoolExecutor.java:628)
	at java.base/java.lang.Thread.run(Thread.java:834)

[Error - 6:13:03 PM] Oct 23, 2019, 6:13:03 PM Error while handling document save. URI: file:///home/tblain/Document/cours/M1/multimif/m1if10/webapp/src/main/java/univ/m1if10/classes/Metier/Questionnaire.java
[Working copy] Questionnaire.java [in univ.m1if10.classes.Metier [in src/main/java [in webapp]]] does not exist
Java Model Exception: Java Model Status [[Working copy] Questionnaire.java [in univ.m1if10.classes.Metier [in src/main/java [in webapp]]] does not exist]
	at org.eclipse.jdt.internal.core.JavaElement.newNotPresentException(JavaElement.java:573)
	at org.eclipse.jdt.internal.core.Openable.getUnderlyingResource(Openable.java:360)
	at org.eclipse.jdt.internal.core.CompilationUnit.getUnderlyingResource(CompilationUnit.java:976)
	at org.eclipse.jdt.ls.core.internal.handlers.DocumentLifeCycleHandler.handleSaved(DocumentLifeCycleHandler.java:483)
	at org.eclipse.jdt.ls.core.internal.handlers.DocumentLifeCycleHandler$7.run(DocumentLifeCycleHandler.java:292)
	at org.eclipse.core.internal.resources.Workspace.run(Workspace.java:2291)
	at org.eclipse.core.internal.resources.Workspace.run(Workspace.java:2311)
	at org.eclipse.jdt.ls.core.internal.handlers.DocumentLifeCycleHandler.didSave(DocumentLifeCycleHandler.java:289)
	at org.eclipse.jdt.ls.core.internal.handlers.JDTLanguageServer.didSave(JDTLanguageServer.java:729)
	at jdk.internal.reflect.GeneratedMethodAccessor27.invoke(Unknown Source)
	at java.base/jdk.internal.reflect.DelegatingMethodAccessorImpl.invoke(DelegatingMethodAccessorImpl.java:43)
	at java.base/java.lang.reflect.Method.invoke(Method.java:566)
	at org.eclipse.lsp4j.jsonrpc.services.GenericEndpoint.lambda$null$0(GenericEndpoint.java:65)
	at org.eclipse.lsp4j.jsonrpc.services.GenericEndpoint.notify(GenericEndpoint.java:152)
	at org.eclipse.lsp4j.jsonrpc.RemoteEndpoint.handleNotification(RemoteEndpoint.java:220)
	at org.eclipse.lsp4j.jsonrpc.RemoteEndpoint.consume(RemoteEndpoint.java:187)
	at org.eclipse.jdt.ls.core.internal.ParentProcessWatcher.lambda$0(ParentProcessWatcher.java:121)
	at org.eclipse.lsp4j.jsonrpc.json.StreamMessageProducer.handleMessage(StreamMessageProducer.java:194)
	at org.eclipse.lsp4j.jsonrpc.json.StreamMessageProducer.listen(StreamMessageProducer.java:94)
	at org.eclipse.lsp4j.jsonrpc.json.ConcurrentMessageProcessor.run(ConcurrentMessageProcessor.java:113)
	at java.base/java.util.concurrent.Executors$RunnableAdapter.call(Executors.java:515)
	at java.base/java.util.concurrent.FutureTask.run(FutureTask.java:264)
	at java.base/java.util.concurrent.ThreadPoolExecutor.runWorker(ThreadPoolExecutor.java:1128)
	at java.base/java.util.concurrent.ThreadPoolExecutor$Worker.run(ThreadPoolExecutor.java:628)
	at java.base/java.lang.Thread.run(Thread.java:834)

[Error - 6:13:03 PM] Oct 23, 2019, 6:13:03 PM Error while handling document save. URI: file:///home/tblain/Document/cours/M1/multimif/m1if10/webapp/src/main/java/univ/m1if10/classes/Metier/Questionnaire.java
[Working copy] Questionnaire.java [in univ.m1if10.classes.Metier [in src/main/java [in webapp]]] does not exist
Java Model Exception: Java Model Status [[Working copy] Questionnaire.java [in univ.m1if10.classes.Metier [in src/main/java [in webapp]]] does not exist]
	at org.eclipse.jdt.internal.core.JavaElement.newNotPresentException(JavaElement.java:573)
	at org.eclipse.jdt.internal.core.Openable.getUnderlyingResource(Openable.java:360)
	at org.eclipse.jdt.internal.core.CompilationUnit.getUnderlyingResource(CompilationUnit.java:976)
	at org.eclipse.jdt.ls.core.internal.handlers.DocumentLifeCycleHandler.handleSaved(DocumentLifeCycleHandler.java:483)
	at org.eclipse.jdt.ls.core.internal.handlers.DocumentLifeCycleHandler$7.run(DocumentLifeCycleHandler.java:292)
	at org.eclipse.core.internal.resources.Workspace.run(Workspace.java:2291)
	at org.eclipse.core.internal.resources.Workspace.run(Workspace.java:2311)
	at org.eclipse.jdt.ls.core.internal.handlers.DocumentLifeCycleHandler.didSave(DocumentLifeCycleHandler.java:289)
	at org.eclipse.jdt.ls.core.internal.handlers.JDTLanguageServer.didSave(JDTLanguageServer.java:729)
	at jdk.internal.reflect.GeneratedMethodAccessor27.invoke(Unknown Source)
	at java.base/jdk.internal.reflect.DelegatingMethodAccessorImpl.invoke(DelegatingMethodAccessorImpl.java:43)
	at java.base/java.lang.reflect.Method.invoke(Method.java:566)
	at org.eclipse.lsp4j.jsonrpc.services.GenericEndpoint.lambda$null$0(GenericEndpoint.java:65)
	at org.eclipse.lsp4j.jsonrpc.services.GenericEndpoint.notify(GenericEndpoint.java:152)
	at org.eclipse.lsp4j.jsonrpc.RemoteEndpoint.handleNotification(RemoteEndpoint.java:220)
	at org.eclipse.lsp4j.jsonrpc.RemoteEndpoint.consume(RemoteEndpoint.java:187)
	at org.eclipse.jdt.ls.core.internal.ParentProcessWatcher.lambda$0(ParentProcessWatcher.java:121)
	at org.eclipse.lsp4j.jsonrpc.json.StreamMessageProducer.handleMessage(StreamMessageProducer.java:194)
	at org.eclipse.lsp4j.jsonrpc.json.StreamMessageProducer.listen(StreamMessageProducer.java:94)
	at org.eclipse.lsp4j.jsonrpc.json.ConcurrentMessageProcessor.run(ConcurrentMessageProcessor.java:113)
	at java.base/java.util.concurrent.Executors$RunnableAdapter.call(Executors.java:515)
	at java.base/java.util.concurrent.FutureTask.run(FutureTask.java:264)
	at java.base/java.util.concurrent.ThreadPoolExecutor.runWorker(ThreadPoolExecutor.java:1128)
	at java.base/java.util.concurrent.ThreadPoolExecutor$Worker.run(ThreadPoolExecutor.java:628)
	at java.base/java.lang.Thread.run(Thread.java:834)

[Error - 6:13:49 PM] Oct 23, 2019, 6:13:49 PM Error while handling document save. URI: file:///home/tblain/Document/cours/M1/multimif/m1if10/webapp/src/main/java/univ/m1if10/classes/Metier/Questionnaire.java
[Working copy] Questionnaire.java [in univ.m1if10.classes.Metier [in src/main/java [in webapp]]] does not exist
Java Model Exception: Java Model Status [[Working copy] Questionnaire.java [in univ.m1if10.classes.Metier [in src/main/java [in webapp]]] does not exist]
	at org.eclipse.jdt.internal.core.JavaElement.newNotPresentException(JavaElement.java:573)
	at org.eclipse.jdt.internal.core.Openable.getUnderlyingResource(Openable.java:360)
	at org.eclipse.jdt.internal.core.CompilationUnit.getUnderlyingResource(CompilationUnit.java:976)
	at org.eclipse.jdt.ls.core.internal.handlers.DocumentLifeCycleHandler.handleSaved(DocumentLifeCycleHandler.java:483)
	at org.eclipse.jdt.ls.core.internal.handlers.DocumentLifeCycleHandler$7.run(DocumentLifeCycleHandler.java:292)
	at org.eclipse.core.internal.resources.Workspace.run(Workspace.java:2291)
	at org.eclipse.core.internal.resources.Workspace.run(Workspace.java:2311)
	at org.eclipse.jdt.ls.core.internal.handlers.DocumentLifeCycleHandler.didSave(DocumentLifeCycleHandler.java:289)
	at org.eclipse.jdt.ls.core.internal.handlers.JDTLanguageServer.didSave(JDTLanguageServer.java:729)
	at jdk.internal.reflect.GeneratedMethodAccessor27.invoke(Unknown Source)
	at java.base/jdk.internal.reflect.DelegatingMethodAccessorImpl.invoke(DelegatingMethodAccessorImpl.java:43)
	at java.base/java.lang.reflect.Method.invoke(Method.java:566)
	at org.eclipse.lsp4j.jsonrpc.services.GenericEndpoint.lambda$null$0(GenericEndpoint.java:65)
	at org.eclipse.lsp4j.jsonrpc.services.GenericEndpoint.notify(GenericEndpoint.java:152)
	at org.eclipse.lsp4j.jsonrpc.RemoteEndpoint.handleNotification(RemoteEndpoint.java:220)
	at org.eclipse.lsp4j.jsonrpc.RemoteEndpoint.consume(RemoteEndpoint.java:187)
	at org.eclipse.jdt.ls.core.internal.ParentProcessWatcher.lambda$0(ParentProcessWatcher.java:121)
	at org.eclipse.lsp4j.jsonrpc.json.StreamMessageProducer.handleMessage(StreamMessageProducer.java:194)
	at org.eclipse.lsp4j.jsonrpc.json.StreamMessageProducer.listen(StreamMessageProducer.java:94)
	at org.eclipse.lsp4j.jsonrpc.json.ConcurrentMessageProcessor.run(ConcurrentMessageProcessor.java:113)
	at java.base/java.util.concurrent.Executors$RunnableAdapter.call(Executors.java:515)
	at java.base/java.util.concurrent.FutureTask.run(FutureTask.java:264)
	at java.base/java.util.concurrent.ThreadPoolExecutor.runWorker(ThreadPoolExecutor.java:1128)
	at java.base/java.util.concurrent.ThreadPoolExecutor$Worker.run(ThreadPoolExecutor.java:628)
	at java.base/java.lang.Thread.run(Thread.java:834)

[Error - 6:13:49 PM] Oct 23, 2019, 6:13:49 PM Error while handling document save. URI: file:///home/tblain/Document/cours/M1/multimif/m1if10/webapp/src/main/java/univ/m1if10/classes/Metier/Questionnaire.java
[Working copy] Questionnaire.java [in univ.m1if10.classes.Metier [in src/main/java [in webapp]]] does not exist
Java Model Exception: Java Model Status [[Working copy] Questionnaire.java [in univ.m1if10.classes.Metier [in src/main/java [in webapp]]] does not exist]
	at org.eclipse.jdt.internal.core.JavaElement.newNotPresentException(JavaElement.java:573)
	at org.eclipse.jdt.internal.core.Openable.getUnderlyingResource(Openable.java:360)
	at org.eclipse.jdt.internal.core.CompilationUnit.getUnderlyingResource(CompilationUnit.java:976)
	at org.eclipse.jdt.ls.core.internal.handlers.DocumentLifeCycleHandler.handleSaved(DocumentLifeCycleHandler.java:483)
	at org.eclipse.jdt.ls.core.internal.handlers.DocumentLifeCycleHandler$7.run(DocumentLifeCycleHandler.java:292)
	at org.eclipse.core.internal.resources.Workspace.run(Workspace.java:2291)
	at org.eclipse.core.internal.resources.Workspace.run(Workspace.java:2311)
	at org.eclipse.jdt.ls.core.internal.handlers.DocumentLifeCycleHandler.didSave(DocumentLifeCycleHandler.java:289)
	at org.eclipse.jdt.ls.core.internal.handlers.JDTLanguageServer.didSave(JDTLanguageServer.java:729)
	at jdk.internal.reflect.GeneratedMethodAccessor27.invoke(Unknown Source)
	at java.base/jdk.internal.reflect.DelegatingMethodAccessorImpl.invoke(DelegatingMethodAccessorImpl.java:43)
	at java.base/java.lang.reflect.Method.invoke(Method.java:566)
	at org.eclipse.lsp4j.jsonrpc.services.GenericEndpoint.lambda$null$0(GenericEndpoint.java:65)
	at org.eclipse.lsp4j.jsonrpc.services.GenericEndpoint.notify(GenericEndpoint.java:152)
	at org.eclipse.lsp4j.jsonrpc.RemoteEndpoint.handleNotification(RemoteEndpoint.java:220)
	at org.eclipse.lsp4j.jsonrpc.RemoteEndpoint.consume(RemoteEndpoint.java:187)
	at org.eclipse.jdt.ls.core.internal.ParentProcessWatcher.lambda$0(ParentProcessWatcher.java:121)
	at org.eclipse.lsp4j.jsonrpc.json.StreamMessageProducer.handleMessage(StreamMessageProducer.java:194)
	at org.eclipse.lsp4j.jsonrpc.json.StreamMessageProducer.listen(StreamMessageProducer.java:94)
	at org.eclipse.lsp4j.jsonrpc.json.ConcurrentMessageProcessor.run(ConcurrentMessageProcessor.java:113)
	at java.base/java.util.concurrent.Executors$RunnableAdapter.call(Executors.java:515)
	at java.base/java.util.concurrent.FutureTask.run(FutureTask.java:264)
	at java.base/java.util.concurrent.ThreadPoolExecutor.runWorker(ThreadPoolExecutor.java:1128)
	at java.base/java.util.concurrent.ThreadPoolExecutor$Worker.run(ThreadPoolExecutor.java:628)
	at java.base/java.lang.Thread.run(Thread.java:834)

[Error - 6:13:49 PM] Oct 23, 2019, 6:13:49 PM Error while handling document save. URI: file:///home/tblain/Document/cours/M1/multimif/m1if10/webapp/src/main/java/univ/m1if10/classes/Metier/Questionnaire.java
[Working copy] Questionnaire.java [in univ.m1if10.classes.Metier [in src/main/java [in webapp]]] does not exist
Java Model Exception: Java Model Status [[Working copy] Questionnaire.java [in univ.m1if10.classes.Metier [in src/main/java [in webapp]]] does not exist]
	at org.eclipse.jdt.internal.core.JavaElement.newNotPresentException(JavaElement.java:573)
	at org.eclipse.jdt.internal.core.Openable.getUnderlyingResource(Openable.java:360)
	at org.eclipse.jdt.internal.core.CompilationUnit.getUnderlyingResource(CompilationUnit.java:976)
	at org.eclipse.jdt.ls.core.internal.handlers.DocumentLifeCycleHandler.handleSaved(DocumentLifeCycleHandler.java:483)
	at org.eclipse.jdt.ls.core.internal.handlers.DocumentLifeCycleHandler$7.run(DocumentLifeCycleHandler.java:292)
	at org.eclipse.core.internal.resources.Workspace.run(Workspace.java:2291)
	at org.eclipse.core.internal.resources.Workspace.run(Workspace.java:2311)
	at org.eclipse.jdt.ls.core.internal.handlers.DocumentLifeCycleHandler.didSave(DocumentLifeCycleHandler.java:289)
	at org.eclipse.jdt.ls.core.internal.handlers.JDTLanguageServer.didSave(JDTLanguageServer.java:729)
	at jdk.internal.reflect.GeneratedMethodAccessor27.invoke(Unknown Source)
	at java.base/jdk.internal.reflect.DelegatingMethodAccessorImpl.invoke(DelegatingMethodAccessorImpl.java:43)
	at java.base/java.lang.reflect.Method.invoke(Method.java:566)
	at org.eclipse.lsp4j.jsonrpc.services.GenericEndpoint.lambda$null$0(GenericEndpoint.java:65)
	at org.eclipse.lsp4j.jsonrpc.services.GenericEndpoint.notify(GenericEndpoint.java:152)
	at org.eclipse.lsp4j.jsonrpc.RemoteEndpoint.handleNotification(RemoteEndpoint.java:220)
	at org.eclipse.lsp4j.jsonrpc.RemoteEndpoint.consume(RemoteEndpoint.java:187)
	at org.eclipse.jdt.ls.core.internal.ParentProcessWatcher.lambda$0(ParentProcessWatcher.java:121)
	at org.eclipse.lsp4j.jsonrpc.json.StreamMessageProducer.handleMessage(StreamMessageProducer.java:194)
	at org.eclipse.lsp4j.jsonrpc.json.StreamMessageProducer.listen(StreamMessageProducer.java:94)
	at org.eclipse.lsp4j.jsonrpc.json.ConcurrentMessageProcessor.run(ConcurrentMessageProcessor.java:113)
	at java.base/java.util.concurrent.Executors$RunnableAdapter.call(Executors.java:515)
	at java.base/java.util.concurrent.FutureTask.run(FutureTask.java:264)
	at java.base/java.util.concurrent.ThreadPoolExecutor.runWorker(ThreadPoolExecutor.java:1128)
	at java.base/java.util.concurrent.ThreadPoolExecutor$Worker.run(ThreadPoolExecutor.java:628)
	at java.base/java.lang.Thread.run(Thread.java:834)

[Error - 6:13:52 PM] Oct 23, 2019, 6:13:52 PM Error while handling document save. URI: file:///home/tblain/Document/cours/M1/multimif/m1if10/webapp/src/main/java/univ/m1if10/classes/Metier/Questionnaire.java
[Working copy] Questionnaire.java [in univ.m1if10.classes.Metier [in src/main/java [in webapp]]] does not exist
Java Model Exception: Java Model Status [[Working copy] Questionnaire.java [in univ.m1if10.classes.Metier [in src/main/java [in webapp]]] does not exist]
	at org.eclipse.jdt.internal.core.JavaElement.newNotPresentException(JavaElement.java:573)
	at org.eclipse.jdt.internal.core.Openable.getUnderlyingResource(Openable.java:360)
	at org.eclipse.jdt.internal.core.CompilationUnit.getUnderlyingResource(CompilationUnit.java:976)
	at org.eclipse.jdt.ls.core.internal.handlers.DocumentLifeCycleHandler.handleSaved(DocumentLifeCycleHandler.java:483)
	at org.eclipse.jdt.ls.core.internal.handlers.DocumentLifeCycleHandler$7.run(DocumentLifeCycleHandler.java:292)
	at org.eclipse.core.internal.resources.Workspace.run(Workspace.java:2291)
	at org.eclipse.core.internal.resources.Workspace.run(Workspace.java:2311)
	at org.eclipse.jdt.ls.core.internal.handlers.DocumentLifeCycleHandler.didSave(DocumentLifeCycleHandler.java:289)
	at org.eclipse.jdt.ls.core.internal.handlers.JDTLanguageServer.didSave(JDTLanguageServer.java:729)
	at jdk.internal.reflect.GeneratedMethodAccessor27.invoke(Unknown Source)
	at java.base/jdk.internal.reflect.DelegatingMethodAccessorImpl.invoke(DelegatingMethodAccessorImpl.java:43)
	at java.base/java.lang.reflect.Method.invoke(Method.java:566)
	at org.eclipse.lsp4j.jsonrpc.services.GenericEndpoint.lambda$null$0(GenericEndpoint.java:65)
	at org.eclipse.lsp4j.jsonrpc.services.GenericEndpoint.notify(GenericEndpoint.java:152)
	at org.eclipse.lsp4j.jsonrpc.RemoteEndpoint.handleNotification(RemoteEndpoint.java:220)
	at org.eclipse.lsp4j.jsonrpc.RemoteEndpoint.consume(RemoteEndpoint.java:187)
	at org.eclipse.jdt.ls.core.internal.ParentProcessWatcher.lambda$0(ParentProcessWatcher.java:121)
	at org.eclipse.lsp4j.jsonrpc.json.StreamMessageProducer.handleMessage(StreamMessageProducer.java:194)
	at org.eclipse.lsp4j.jsonrpc.json.StreamMessageProducer.listen(StreamMessageProducer.java:94)
	at org.eclipse.lsp4j.jsonrpc.json.ConcurrentMessageProcessor.run(ConcurrentMessageProcessor.java:113)
	at java.base/java.util.concurrent.Executors$RunnableAdapter.call(Executors.java:515)
	at java.base/java.util.concurrent.FutureTask.run(FutureTask.java:264)
	at java.base/java.util.concurrent.ThreadPoolExecutor.runWorker(ThreadPoolExecutor.java:1128)
	at java.base/java.util.concurrent.ThreadPoolExecutor$Worker.run(ThreadPoolExecutor.java:628)
	at java.base/java.lang.Thread.run(Thread.java:834)

[Warn  - 6:14:06 PM] Oct 23, 2019, 6:14:06 PM Save operation warnings.
[Error - 6:14:27 PM] Oct 23, 2019, 6:14:27 PM Error while handling document save. URI: file:///home/tblain/Document/cours/M1/multimif/m1if10/webapp/src/main/java/univ/m1if10/classes/Metier/Utilisateur.java
[Working copy] Utilisateur.java [in univ.m1if10.classes.Metier [in src/main/java [in webapp]]] does not exist
Java Model Exception: Java Model Status [[Working copy] Utilisateur.java [in univ.m1if10.classes.Metier [in src/main/java [in webapp]]] does not exist]
	at org.eclipse.jdt.internal.core.JavaElement.newNotPresentException(JavaElement.java:573)
	at org.eclipse.jdt.internal.core.Openable.getUnderlyingResource(Openable.java:360)
	at org.eclipse.jdt.internal.core.CompilationUnit.getUnderlyingResource(CompilationUnit.java:976)
	at org.eclipse.jdt.ls.core.internal.handlers.DocumentLifeCycleHandler.handleSaved(DocumentLifeCycleHandler.java:483)
	at org.eclipse.jdt.ls.core.internal.handlers.DocumentLifeCycleHandler$7.run(DocumentLifeCycleHandler.java:292)
	at org.eclipse.core.internal.resources.Workspace.run(Workspace.java:2291)
	at org.eclipse.core.internal.resources.Workspace.run(Workspace.java:2311)
	at org.eclipse.jdt.ls.core.internal.handlers.DocumentLifeCycleHandler.didSave(DocumentLifeCycleHandler.java:289)
	at org.eclipse.jdt.ls.core.internal.handlers.JDTLanguageServer.didSave(JDTLanguageServer.java:729)
	at jdk.internal.reflect.GeneratedMethodAccessor27.invoke(Unknown Source)
	at java.base/jdk.internal.reflect.DelegatingMethodAccessorImpl.invoke(DelegatingMethodAccessorImpl.java:43)
	at java.base/java.lang.reflect.Method.invoke(Method.java:566)
	at org.eclipse.lsp4j.jsonrpc.services.GenericEndpoint.lambda$null$0(GenericEndpoint.java:65)
	at org.eclipse.lsp4j.jsonrpc.services.GenericEndpoint.notify(GenericEndpoint.java:152)
	at org.eclipse.lsp4j.jsonrpc.RemoteEndpoint.handleNotification(RemoteEndpoint.java:220)
	at org.eclipse.lsp4j.jsonrpc.RemoteEndpoint.consume(RemoteEndpoint.java:187)
	at org.eclipse.jdt.ls.core.internal.ParentProcessWatcher.lambda$0(ParentProcessWatcher.java:121)
	at org.eclipse.lsp4j.jsonrpc.json.StreamMessageProducer.handleMessage(StreamMessageProducer.java:194)
	at org.eclipse.lsp4j.jsonrpc.json.StreamMessageProducer.listen(StreamMessageProducer.java:94)
	at org.eclipse.lsp4j.jsonrpc.json.ConcurrentMessageProcessor.run(ConcurrentMessageProcessor.java:113)
	at java.base/java.util.concurrent.Executors$RunnableAdapter.call(Executors.java:515)
	at java.base/java.util.concurrent.FutureTask.run(FutureTask.java:264)
	at java.base/java.util.concurrent.ThreadPoolExecutor.runWorker(ThreadPoolExecutor.java:1128)
	at java.base/java.util.concurrent.ThreadPoolExecutor$Worker.run(ThreadPoolExecutor.java:628)
	at java.base/java.lang.Thread.run(Thread.java:834)

[Error - 6:14:27 PM] Oct 23, 2019, 6:14:27 PM Error while handling document save. URI: file:///home/tblain/Document/cours/M1/multimif/m1if10/webapp/src/main/java/univ/m1if10/classes/Metier/Utilisateur.java
[Working copy] Utilisateur.java [in univ.m1if10.classes.Metier [in src/main/java [in webapp]]] does not exist
Java Model Exception: Java Model Status [[Working copy] Utilisateur.java [in univ.m1if10.classes.Metier [in src/main/java [in webapp]]] does not exist]
	at org.eclipse.jdt.internal.core.JavaElement.newNotPresentException(JavaElement.java:573)
	at org.eclipse.jdt.internal.core.Openable.getUnderlyingResource(Openable.java:360)
	at org.eclipse.jdt.internal.core.CompilationUnit.getUnderlyingResource(CompilationUnit.java:976)
	at org.eclipse.jdt.ls.core.internal.handlers.DocumentLifeCycleHandler.handleSaved(DocumentLifeCycleHandler.java:483)
	at org.eclipse.jdt.ls.core.internal.handlers.DocumentLifeCycleHandler$7.run(DocumentLifeCycleHandler.java:292)
	at org.eclipse.core.internal.resources.Workspace.run(Workspace.java:2291)
	at org.eclipse.core.internal.resources.Workspace.run(Workspace.java:2311)
	at org.eclipse.jdt.ls.core.internal.handlers.DocumentLifeCycleHandler.didSave(DocumentLifeCycleHandler.java:289)
	at org.eclipse.jdt.ls.core.internal.handlers.JDTLanguageServer.didSave(JDTLanguageServer.java:729)
	at jdk.internal.reflect.GeneratedMethodAccessor27.invoke(Unknown Source)
	at java.base/jdk.internal.reflect.DelegatingMethodAccessorImpl.invoke(DelegatingMethodAccessorImpl.java:43)
	at java.base/java.lang.reflect.Method.invoke(Method.java:566)
	at org.eclipse.lsp4j.jsonrpc.services.GenericEndpoint.lambda$null$0(GenericEndpoint.java:65)
	at org.eclipse.lsp4j.jsonrpc.services.GenericEndpoint.notify(GenericEndpoint.java:152)
	at org.eclipse.lsp4j.jsonrpc.RemoteEndpoint.handleNotification(RemoteEndpoint.java:220)
	at org.eclipse.lsp4j.jsonrpc.RemoteEndpoint.consume(RemoteEndpoint.java:187)
	at org.eclipse.jdt.ls.core.internal.ParentProcessWatcher.lambda$0(ParentProcessWatcher.java:121)
	at org.eclipse.lsp4j.jsonrpc.json.StreamMessageProducer.handleMessage(StreamMessageProducer.java:194)
	at org.eclipse.lsp4j.jsonrpc.json.StreamMessageProducer.listen(StreamMessageProducer.java:94)
	at org.eclipse.lsp4j.jsonrpc.json.ConcurrentMessageProcessor.run(ConcurrentMessageProcessor.java:113)
	at java.base/java.util.concurrent.Executors$RunnableAdapter.call(Executors.java:515)
	at java.base/java.util.concurrent.FutureTask.run(FutureTask.java:264)
	at java.base/java.util.concurrent.ThreadPoolExecutor.runWorker(ThreadPoolExecutor.java:1128)
	at java.base/java.util.concurrent.ThreadPoolExecutor$Worker.run(ThreadPoolExecutor.java:628)
	at java.base/java.lang.Thread.run(Thread.java:834)

